This file contains any messages produced by compilers while
running configure, to aid debugging if configure makes a mistake.

It was created by tndhmc configure 0.01, which was
generated by GNU Autoconf 2.69.  Invocation command line was

  $ ./configure 

## --------- ##
## Platform. ##
## --------- ##

hostname = b78
uname -m = x86_64
uname -r = 5.11.22
uname -s = Linux
uname -v = #18 SMP Thu Feb 24 18:28:14 CST 2022

/usr/bin/uname -p = x86_64
/bin/uname -X     = unknown

/bin/arch              = x86_64
/usr/bin/arch -k       = unknown
/usr/convex/getsysinfo = unknown
/usr/bin/hostinfo      = unknown
/bin/machine           = unknown
/usr/bin/oslevel       = unknown
/bin/universe          = unknown

PATH: /usr/local/anaconda3/bin
PATH: /usr/local/bin
PATH: /usr/bin
PATH: /bin
PATH: /usr/lib/jvm/java-1.11.0-openjdk-amd64
PATH: /usr/local/sbin
PATH: /usr/local/bin
PATH: /usr/sbin
PATH: /usr/bin
PATH: /sbin
PATH: /bin
PATH: /usr/games
PATH: /usr/local/games
PATH: /snap/bin


## ----------- ##
## Core tests. ##
## ----------- ##

configure:2184: checking for a BSD-compatible install
configure:2252: result: /usr/bin/install -c
configure:2263: checking whether build environment is sane
configure:2318: result: yes
configure:2467: checking for a thread-safe mkdir -p
configure:2506: result: /usr/bin/mkdir -p
configure:2513: checking for gawk
configure:2543: result: no
configure:2513: checking for mawk
configure:2529: found /usr/bin/mawk
configure:2540: result: mawk
configure:2551: checking whether make sets $(MAKE)
configure:2573: result: yes
configure:2602: checking whether make supports nested variables
configure:2619: result: yes
configure:2797: checking for gcc
configure:2813: found /usr/bin/gcc
configure:2824: result: gcc
configure:3053: checking for C compiler version
configure:3062: gcc --version >&5
gcc (Ubuntu 9.4.0-1ubuntu1~20.04.2) 9.4.0
Copyright (C) 2019 Free Software Foundation, Inc.
This is free software; see the source for copying conditions.  There is NO
warranty; not even for MERCHANTABILITY or FITNESS FOR A PARTICULAR PURPOSE.

configure:3073: $? = 0
configure:3062: gcc -v >&5
Using built-in specs.
COLLECT_GCC=gcc
COLLECT_LTO_WRAPPER=/usr/lib/gcc/x86_64-linux-gnu/9/lto-wrapper
OFFLOAD_TARGET_NAMES=nvptx-none:hsa
OFFLOAD_TARGET_DEFAULT=1
Target: x86_64-linux-gnu
Configured with: ../src/configure -v --with-pkgversion='Ubuntu 9.4.0-1ubuntu1~20.04.2' --with-bugurl=file:///usr/share/doc/gcc-9/README.Bugs --enable-languages=c,ada,c++,go,brig,d,fortran,objc,obj-c++,gm2 --prefix=/usr --with-gcc-major-version-only --program-suffix=-9 --program-prefix=x86_64-linux-gnu- --enable-shared --enable-linker-build-id --libexecdir=/usr/lib --without-included-gettext --enable-threads=posix --libdir=/usr/lib --enable-nls --enable-clocale=gnu --enable-libstdcxx-debug --enable-libstdcxx-time=yes --with-default-libstdcxx-abi=new --enable-gnu-unique-object --disable-vtable-verify --enable-plugin --enable-default-pie --with-system-zlib --with-target-system-zlib=auto --enable-objc-gc=auto --enable-multiarch --disable-werror --with-arch-32=i686 --with-abi=m64 --with-multilib-list=m32,m64,mx32 --enable-multilib --with-tune=generic --enable-offload-targets=nvptx-none=/build/gcc-9-9QDOt0/gcc-9-9.4.0/debian/tmp-nvptx/usr,hsa --without-cuda-driver --enable-checking=release --build=x86_64-linux-gnu --host=x86_64-linux-gnu --target=x86_64-linux-gnu
Thread model: posix
gcc version 9.4.0 (Ubuntu 9.4.0-1ubuntu1~20.04.2) 
configure:3073: $? = 0
configure:3062: gcc -V >&5
gcc: error: unrecognized command line option '-V'
gcc: fatal error: no input files
compilation terminated.
configure:3073: $? = 1
configure:3062: gcc -qversion >&5
gcc: error: unrecognized command line option '-qversion'; did you mean '--version'?
gcc: fatal error: no input files
compilation terminated.
configure:3073: $? = 1
configure:3093: checking whether the C compiler works
configure:3115: gcc    conftest.c  >&5
configure:3119: $? = 0
configure:3167: result: yes
configure:3170: checking for C compiler default output file name
configure:3172: result: a.out
configure:3178: checking for suffix of executables
configure:3185: gcc -o conftest    conftest.c  >&5
configure:3189: $? = 0
configure:3211: result: 
configure:3233: checking whether we are cross compiling
configure:3241: gcc -o conftest    conftest.c  >&5
configure:3245: $? = 0
configure:3252: ./conftest
configure:3256: $? = 0
configure:3244: result: no
configure:3249: checking for suffix of object files
configure:3271: gcc -c   conftest.c >&5
configure:3275: $? = 0
configure:3296: result: o
configure:3300: checking whether we are using the GNU C compiler
configure:3319: gcc -c   conftest.c >&5
configure:3319: $? = 0
configure:3328: result: yes
configure:3337: checking whether gcc accepts -g
configure:3357: gcc -c -g  conftest.c >&5
configure:3357: $? = 0
configure:3398: result: yes
configure:3415: checking for gcc option to accept ISO C89
configure:3478: gcc  -c -g -O2  conftest.c >&5
configure:3478: $? = 0
configure:3491: result: none needed
configure:3516: checking whether gcc understands -c and -o together
configure:3538: gcc -c conftest.c -o conftest2.o
configure:3541: $? = 0
configure:3538: gcc -c conftest.c -o conftest2.o
configure:3541: $? = 0
configure:3553: result: yes
configure:3581: checking for style of include used by make
configure:3609: result: GNU
configure:3635: checking dependency style of gcc
configure:3746: result: gcc3
configure:3766: checking for library containing gethostbyname
configure:3797: gcc -o conftest -g -O2   conftest.c  >&5
configure:3797: $? = 0
configure:3814: result: none required
configure:3822: checking for library containing socket
configure:3853: gcc -o conftest -g -O2   conftest.c  >&5
configure:3853: $? = 0
configure:3870: result: none required
configure:3930: checking how to run the C preprocessor
configure:3961: gcc -E  conftest.c
configure:3961: $? = 0
configure:3975: gcc -E  conftest.c
conftest.c:11:10: fatal error: ac_nonexistent.h: No such file or directory
   11 | #include <ac_nonexistent.h>
      |          ^~~~~~~~~~~~~~~~~~
compilation terminated.
configure:3975: $? = 1
configure: failed program was:
| /* confdefs.h */
| #define PACKAGE_NAME "tndhmc"
| #define PACKAGE_TARNAME "tndhmc"
| #define PACKAGE_VERSION "0.01"
| #define PACKAGE_STRING "tndhmc 0.01"
| #define PACKAGE_BUGREPORT "daihinmin@inf.uec.ac.jp"
| #define PACKAGE_URL ""
| #define PACKAGE "tndhmc"
| #define VERSION "0.01"
| /* end confdefs.h.  */
| #include <ac_nonexistent.h>
configure:4000: result: gcc -E
configure:4020: gcc -E  conftest.c
configure:4020: $? = 0
configure:4034: gcc -E  conftest.c
conftest.c:11:10: fatal error: ac_nonexistent.h: No such file or directory
   11 | #include <ac_nonexistent.h>
      |          ^~~~~~~~~~~~~~~~~~
compilation terminated.
configure:4034: $? = 1
configure: failed program was:
| /* confdefs.h */
| #define PACKAGE_NAME "tndhmc"
| #define PACKAGE_TARNAME "tndhmc"
| #define PACKAGE_VERSION "0.01"
| #define PACKAGE_STRING "tndhmc 0.01"
| #define PACKAGE_BUGREPORT "daihinmin@inf.uec.ac.jp"
| #define PACKAGE_URL ""
| #define PACKAGE "tndhmc"
| #define VERSION "0.01"
| /* end confdefs.h.  */
| #include <ac_nonexistent.h>
configure:4063: checking for grep that handles long lines and -e
configure:4121: result: /usr/bin/grep
configure:4126: checking for egrep
configure:4188: result: /usr/bin/grep -E
configure:4193: checking for ANSI C header files
configure:4213: gcc -c -g -O2  conftest.c >&5
configure:4213: $? = 0
configure:4286: gcc -o conftest -g -O2   conftest.c  >&5
configure:4286: $? = 0
configure:4286: ./conftest
configure:4286: $? = 0
configure:4297: result: yes
configure:4310: checking for sys/types.h
configure:4310: gcc -c -g -O2  conftest.c >&5
configure:4310: $? = 0
configure:4310: result: yes
configure:4310: checking for sys/stat.h
configure:4310: gcc -c -g -O2  conftest.c >&5
configure:4310: $? = 0
configure:4310: result: yes
configure:4310: checking for stdlib.h
configure:4310: gcc -c -g -O2  conftest.c >&5
configure:4310: $? = 0
configure:4310: result: yes
configure:4310: checking for string.h
configure:4310: gcc -c -g -O2  conftest.c >&5
configure:4310: $? = 0
configure:4310: result: yes
configure:4310: checking for memory.h
configure:4310: gcc -c -g -O2  conftest.c >&5
configure:4310: $? = 0
configure:4310: result: yes
configure:4310: checking for strings.h
configure:4310: gcc -c -g -O2  conftest.c >&5
configure:4310: $? = 0
configure:4310: result: yes
configure:4310: checking for inttypes.h
configure:4310: gcc -c -g -O2  conftest.c >&5
configure:4310: $? = 0
configure:4310: result: yes
configure:4310: checking for stdint.h
configure:4310: gcc -c -g -O2  conftest.c >&5
configure:4310: $? = 0
configure:4310: result: yes
configure:4310: checking for unistd.h
configure:4310: gcc -c -g -O2  conftest.c >&5
configure:4310: $? = 0
configure:4310: result: yes
configure:4325: checking arpa/inet.h usability
configure:4325: gcc -c -g -O2  conftest.c >&5
configure:4325: $? = 0
configure:4325: result: yes
configure:4325: checking arpa/inet.h presence
configure:4325: gcc -E  conftest.c
configure:4325: $? = 0
configure:4325: result: yes
configure:4325: checking for arpa/inet.h
configure:4325: result: yes
configure:4325: checking for inttypes.h
configure:4325: result: yes
configure:4325: checking netdb.h usability
configure:4325: gcc -c -g -O2  conftest.c >&5
configure:4325: $? = 0
configure:4325: result: yes
configure:4325: checking netdb.h presence
configure:4325: gcc -E  conftest.c
configure:4325: $? = 0
configure:4325: result: yes
configure:4325: checking for netdb.h
configure:4325: result: yes
configure:4325: checking netinet/in.h usability
configure:4325: gcc -c -g -O2  conftest.c >&5
configure:4325: $? = 0
configure:4325: result: yes
configure:4325: checking netinet/in.h presence
configure:4325: gcc -E  conftest.c
configure:4325: $? = 0
configure:4325: result: yes
configure:4325: checking for netinet/in.h
configure:4325: result: yes
configure:4325: checking for stdlib.h
configure:4325: result: yes
configure:4325: checking for string.h
configure:4325: result: yes
configure:4325: checking for strings.h
configure:4325: result: yes
configure:4325: checking sys/param.h usability
configure:4325: gcc -c -g -O2  conftest.c >&5
configure:4325: $? = 0
configure:4325: result: yes
configure:4325: checking sys/param.h presence
configure:4325: gcc -E  conftest.c
configure:4325: $? = 0
configure:4325: result: yes
configure:4325: checking for sys/param.h
configure:4325: result: yes
configure:4325: checking sys/socket.h usability
configure:4325: gcc -c -g -O2  conftest.c >&5
configure:4325: $? = 0
configure:4325: result: yes
configure:4325: checking sys/socket.h presence
configure:4325: gcc -E  conftest.c
configure:4325: $? = 0
configure:4325: result: yes
configure:4325: checking for sys/socket.h
configure:4325: result: yes
configure:4325: checking for unistd.h
configure:4325: result: yes
configure:4343: checking for bzero
configure:4343: gcc -o conftest -g -O2   conftest.c  >&5
conftest.c:54:6: warning: conflicting types for built-in function 'bzero'; expected 'void(void *, long unsigned int)' [-Wbuiltin-declaration-mismatch]
   54 | char bzero ();
      |      ^~~~~
configure:4343: $? = 0
configure:4343: result: yes
configure:4343: checking for inet_ntoa
configure:4343: gcc -o conftest -g -O2   conftest.c  >&5
configure:4343: $? = 0
configure:4343: result: yes
configure:4343: checking for memset
configure:4343: gcc -o conftest -g -O2   conftest.c  >&5
conftest.c:56:6: warning: conflicting types for built-in function 'memset'; expected 'void *(void *, int,  long unsigned int)' [-Wbuiltin-declaration-mismatch]
   56 | char memset ();
      |      ^~~~~~
conftest.c:44:1: note: 'memset' is declared in header '<string.h>'
   43 | # include <limits.h>
   44 | #else
configure:4343: $? = 0
configure:4343: result: yes
configure:4343: checking for socket
configure:4343: gcc -o conftest -g -O2   conftest.c  >&5
configure:4343: $? = 0
configure:4343: result: yes
configure:4458: checking that generated files are newer than configure
configure:4464: result: done
configure:4487: creating ./config.status

## ---------------------- ##
## Running config.status. ##
## ---------------------- ##

This file was extended by tndhmc config.status 0.01, which was
generated by GNU Autoconf 2.69.  Invocation command line was

  CONFIG_FILES    = 
  CONFIG_HEADERS  = 
  CONFIG_LINKS    = 
  CONFIG_COMMANDS = 
  $ ./config.status 

on b78

config.status:863: creating Makefile
config.status:863: creating src/Makefile
config.status:863: creating src/config.h
config.status:1092: executing depfiles commands

## ---------------- ##
## Cache variables. ##
## ---------------- ##

ac_cv_c_compiler_gnu=yes
ac_cv_env_CC_set=
ac_cv_env_CC_value=
ac_cv_env_CFLAGS_set=
ac_cv_env_CFLAGS_value=
ac_cv_env_CPPFLAGS_set=
ac_cv_env_CPPFLAGS_value=
ac_cv_env_CPP_set=
ac_cv_env_CPP_value=
ac_cv_env_LDFLAGS_set=
ac_cv_env_LDFLAGS_value=
ac_cv_env_LIBS_set=
ac_cv_env_LIBS_value=
ac_cv_env_build_alias_set=
ac_cv_env_build_alias_value=
ac_cv_env_host_alias_set=
ac_cv_env_host_alias_value=
ac_cv_env_target_alias_set=
ac_cv_env_target_alias_value=
ac_cv_func_bzero=yes
ac_cv_func_inet_ntoa=yes
ac_cv_func_memset=yes
ac_cv_func_socket=yes
ac_cv_header_arpa_inet_h=yes
ac_cv_header_inttypes_h=yes
ac_cv_header_memory_h=yes
ac_cv_header_netdb_h=yes
ac_cv_header_netinet_in_h=yes
ac_cv_header_stdc=yes
ac_cv_header_stdint_h=yes
ac_cv_header_stdlib_h=yes
ac_cv_header_string_h=yes
ac_cv_header_strings_h=yes
ac_cv_header_sys_param_h=yes
ac_cv_header_sys_socket_h=yes
ac_cv_header_sys_stat_h=yes
ac_cv_header_sys_types_h=yes
ac_cv_header_unistd_h=yes
ac_cv_objext=o
ac_cv_path_EGREP='/usr/bin/grep -E'
ac_cv_path_GREP=/usr/bin/grep
ac_cv_path_install='/usr/bin/install -c'
ac_cv_path_mkdir=/usr/bin/mkdir
ac_cv_prog_AWK=mawk
ac_cv_prog_CPP='gcc -E'
ac_cv_prog_ac_ct_CC=gcc
ac_cv_prog_cc_c89=
ac_cv_prog_cc_g=yes
ac_cv_prog_make_make_set=yes
ac_cv_search_gethostbyname='none required'
ac_cv_search_socket='none required'
am_cv_CC_dependencies_compiler_type=gcc3
am_cv_make_support_nested_variables=yes
am_cv_prog_cc_c_o=yes

## ----------------- ##
## Output variables. ##
## ----------------- ##

ACLOCAL='${SHELL} /home1/y2021/f2110548/uecda/tndhmc-0.03/missing aclocal-1.14'
AMDEPBACKSLASH='\'
AMDEP_FALSE='#'
AMDEP_TRUE=''
AMTAR='$${TAR-tar}'
AM_BACKSLASH='\'
AM_DEFAULT_V='$(AM_DEFAULT_VERBOSITY)'
AM_DEFAULT_VERBOSITY='1'
AM_V='$(V)'
AUTOCONF='${SHELL} /home1/y2021/f2110548/uecda/tndhmc-0.03/missing autoconf'
AUTOHEADER='${SHELL} /home1/y2021/f2110548/uecda/tndhmc-0.03/missing autoheader'
AUTOMAKE='${SHELL} /home1/y2021/f2110548/uecda/tndhmc-0.03/missing automake-1.14'
AWK='mawk'
CC='gcc'
CCDEPMODE='depmode=gcc3'
CFLAGS='-g -O2'
CPP='gcc -E'
CPPFLAGS=''
CYGPATH_W='echo'
DEFS='-DHAVE_CONFIG_H'
DEPDIR='.deps'
ECHO_C=''
ECHO_N='-n'
ECHO_T=''
EGREP='/usr/bin/grep -E'
EXEEXT=''
GREP='/usr/bin/grep'
INSTALL_DATA='${INSTALL} -m 644'
INSTALL_PROGRAM='${INSTALL}'
INSTALL_SCRIPT='${INSTALL}'
INSTALL_STRIP_PROGRAM='$(install_sh) -c -s'
LDFLAGS=''
LIBOBJS=''
LIBS=''
LTLIBOBJS=''
MAKEINFO='${SHELL} /home1/y2021/f2110548/uecda/tndhmc-0.03/missing makeinfo'
MKDIR_P='/usr/bin/mkdir -p'
OBJEXT='o'
PACKAGE='tndhmc'
PACKAGE_BUGREPORT='daihinmin@inf.uec.ac.jp'
PACKAGE_NAME='tndhmc'
PACKAGE_STRING='tndhmc 0.01'
PACKAGE_TARNAME='tndhmc'
PACKAGE_URL=''
PACKAGE_VERSION='0.01'
PATH_SEPARATOR=':'
SET_MAKE=''
SHELL='/bin/bash'
STRIP=''
VERSION='0.01'
ac_ct_CC='gcc'
am__EXEEXT_FALSE=''
am__EXEEXT_TRUE='#'
am__fastdepCC_FALSE='#'
am__fastdepCC_TRUE=''
am__include='include'
am__isrc=''
am__leading_dot='.'
am__nodep='_no'
am__quote=''
am__tar='$${TAR-tar} chof - "$$tardir"'
am__untar='$${TAR-tar} xf -'
bindir='${exec_prefix}/bin'
build_alias=''
datadir='${datarootdir}'
datarootdir='${prefix}/share'
docdir='${datarootdir}/doc/${PACKAGE_TARNAME}'
dvidir='${docdir}'
exec_prefix='${prefix}'
host_alias=''
htmldir='${docdir}'
includedir='${prefix}/include'
infodir='${datarootdir}/info'
install_sh='${SHELL} /home1/y2021/f2110548/uecda/tndhmc-0.03/install-sh'
libdir='${exec_prefix}/lib'
libexecdir='${exec_prefix}/libexec'
localedir='${datarootdir}/locale'
localstatedir='${prefix}/var'
mandir='${datarootdir}/man'
mkdir_p='$(MKDIR_P)'
oldincludedir='/usr/include'
pdfdir='${docdir}'
prefix='/usr/local'
program_transform_name='s,x,x,'
psdir='${docdir}'
sbindir='${exec_prefix}/sbin'
sharedstatedir='${prefix}/com'
sysconfdir='${prefix}/etc'
target_alias=''

## ----------- ##
## confdefs.h. ##
## ----------- ##

/* confdefs.h */
#define PACKAGE_NAME "tndhmc"
#define PACKAGE_TARNAME "tndhmc"
#define PACKAGE_VERSION "0.01"
#define PACKAGE_STRING "tndhmc 0.01"
#define PACKAGE_BUGREPORT "daihinmin@inf.uec.ac.jp"
#define PACKAGE_URL ""
#define PACKAGE "tndhmc"
#define VERSION "0.01"
#define STDC_HEADERS 1
#define HAVE_SYS_TYPES_H 1
#define HAVE_SYS_STAT_H 1
#define HAVE_STDLIB_H 1
#define HAVE_STRING_H 1
#define HAVE_MEMORY_H 1
#define HAVE_STRINGS_H 1
#define HAVE_INTTYPES_H 1
#define HAVE_STDINT_H 1
#define HAVE_UNISTD_H 1
#define HAVE_ARPA_INET_H 1
#define HAVE_INTTYPES_H 1
#define HAVE_NETDB_H 1
#define HAVE_NETINET_IN_H 1
#define HAVE_STDLIB_H 1
#define HAVE_STRING_H 1
#define HAVE_STRINGS_H 1
#define HAVE_SYS_PARAM_H 1
#define HAVE_SYS_SOCKET_H 1
#define HAVE_UNISTD_H 1
#define HAVE_BZERO 1
#define HAVE_INET_NTOA 1
#define HAVE_MEMSET 1
#define HAVE_SOCKET 1

configure: exit 0
