%-----%hostname% b78
%-----%TIME_START% 2024/04/22 11:53:52
%-----%palyer_name% Normal Normal Normal Normal Normal
%-----%WINDOW_TYPE% ALICE
%-----%GRAPH_WINDOW% YES
%-----%RAND_TYPE% 1
%-----%RULE_KAKUMEI% YES
%-----%RULE_SHIBARI% YES
%-----%RULE_KINSOKU% NO
%-----%RULE_KAIDAN% YES
%-----%RULE_CHANGE% YES
%-----%RULE_5TOBI% NO
%-----%RULE_6REVERS% NO
%-----%RULE_8GIRI% YES
%-----%RULE_11BACK% NO
%-----%RULE_SEKIGAE% YES
%-----%RULE_SEKIGAE_NUM% 3
%-----%GAME_NUMBER% 200
%-----%FLASH_MIBUN_NUMBER% 100
%-----%GAME_PORT% 51548
%-----%RANDOM_SEED% 1713754417
%00000%mibun% 22222
%00000%seat% 12403
%00000%palyer_cards% S8STSKH3D4D2C4CTCAJ3 S4S6SJSAH5H9DJDKC9CJCK S3S2H4H7HTHAD6D7DTDAC5 S9SQH6HJHKD8C3C6C7CQC2 S5S7H8HQH2D3D5D9DQC8 
%00000%change_cards% NULL
%00000%play%  4S5D5EE 0EE 3EE 1EE 2EE 4EE 4H8C8EE 4HQDQEE 0EE 3EE 1EE 2EE 4EE 4D3EE 0D4EE 3D8EE 3H6C6EE 1EE 2EE 4EE 0EE 3EE 3SQCQEE 1EE 2EE 4EE 0EE 3EE 3C3EE 1S4EE 2C5EE 4S7EE 0S8EE 0STCTEE 3EE 1EE 2EE 4EE 0EE 0H3EE 3C7EE 1H9EE 2HTEE 4H2EE 0KxEE 3KxEE 1KxEE 2KxEE 4KxEE 0KxEE 0C4EE 3S9EE 1SJEE 2S2EE 4KxEE 0KxEE 3KxEE 1KxEE 2KxEE 2H7D7EE 4EE 0EE 3EE 1EE 2EE 2HADAEE 4EE 0EE 3EE 1EE 2EE 2S3EE 4D9EE 0SKEE 3C2EE 1KxEE 2KxEE 0KxEE 3KxEE 3HJEE 1DKEE 2KxEE 0CAEE 3KxEE 1KxEE 0D2EE 3HKEE 1SAEE 2KxEE 1KxEE 1DJCJEE 2EE 1EE 1H5EE 2D6EE 1C9EE 2DTEE 1CKEE 2KxEE 1KxEE 1S6EE
%00000%result% 40312
%00000%points% 4 2 1 3 5
%00001%mibun% 13420
%00001%seat% 12403
%00001%palyer_cards% S4S5S6SAHKD5D7D9DQC2J3 S3STS2H4H5H9HJDAC4C5 S9HAH2D6D8DJD2C3C8C9 S7S8SJSKH3H6H8D4DKCJCA SQH7HTHQD3DTC6C7CTCQCK 
%00001%change_cards%  24H2D2EE 10S2EE 42D3C6EE 01S4EE
%00001%play%  2D3C3EE 4EE 0EE 3EE 1EE 2EE 2D6C6EE 4EE 0EE 3EE 1EE 2EE 2D8C8EE 2S9C9EE 4EE 0EE 3EE 1EE 2EE 2DJEE 4SQEE 0HKEE 3CAEE 1KxEE 2KxEE 4H2EE 0KxEE 3KxEE 4KxEE 0KxEE 0S5D5EE 3EE 1EE 2EE 4EE 0EE 0S2C2EE 3EE 1EE 2EE 4EE 0EE 0S6EE 3S7EE 1STEE 2KxEE 4KxEE 0SAEE 3KxEE 1KxEE 0KxEE 0D7EE 3S8EE 3SJCJEE 1EE 2EE 4EE 0EE 3EE 3SKDKEE 1EE 2EE 4EE 0EE 3EE 3H3EE 1S4EE 2HAEE 4D2EE 0KxEE 3KxEE 1KxEE 4KxEE 4H7C7EE 0EE 3EE 1EE 4EE 4HTDTCTEE 0EE 3EE 1EE 4EE 4HQCQEE 0EE 3EE 1EE 4EE 4CKEE 0KxEE 3KxEE 1DAEE 1KxEE 1H4C4EE 0EE 3EE 1EE 1H5C5EE 0EE 3EE 1EE 1S3EE 0D9EE 3KxEE 1HJEE 0DQEE 1KxEE 3D4EE 1H9EE
%00001%result% 24013
%00001%points% 7 4 6 4 9
%00002%mibun% 23041
%00002%seat% 12403
%00002%palyer_cards% S4SKH8HTHJD5DQDKD2C9CQ S5H3H6HADTDJC3CJCAC2 S3S9STS2H9H2D3D7C4C7J3 S7SQSAH7HQD4D6D9C5CT S6S8SJH4H5HKD8DAC6C8CK 
%00002%change_cards%  32SQSAEE 14C2EE 23S3D3EE 41H4EE
%00002%play%  3S3D3EE 1EE 2EE 4EE 0EE 3EE 3S7H7EE 1EE 2EE 4EE 0EE 3EE 3D4EE 1S5EE 2D7EE 4S8EE 4S6C6EE 0EE 3EE 1EE 2EE 4EE 4D8C8EE 4HKCKEE 0EE 3EE 1EE 2EE 4EE 4H5EE 0H8EE 0DQCQEE 3EE 1EE 2EE 4EE 0EE 0SKDKEE 3EE 1EE 2EE 4EE 0EE 0S4EE 3C5EE 1H6EE 2C7EE 4SJEE 0D2EE 3KxEE 1KxEE 2KxEE 4KxEE 0KxEE 2KxEE 2S9H9EE 4EE 0EE 3EE 1EE 2EE 2S2H2EE 4EE 0EE 3EE 1EE 2EE 2C4EE 4DAEE 0KxEE 3KxEE 1KxEE 2KxEE 4C2EE 0D5EE 3D6EE 1DTEE 2KxEE 0KxEE 3KxEE 1DJEE 1KxEE 1H3C3EE 2EE 0EE 3EE 1EE 1HACAEE 2EE 0EE 3EE 1EE 1H4EE 2STEE 0HJEE 3HQEE 1KxEE 2KxEE 0KxEE 3KxEE 3D9EE 1CJEE 2SQEE 0KxEE 3KxEE 2SAEE 0C9EE 3CTEE
%00002%result% 41230
%00002%points% 8 8 9 6 14
%00003%mibun% 41230
%00003%seat% 42301
%00003%palyer_cards% S5S9SJH2C5C8C9CTCAJ3 SKHJHQD4D7DTDKC6C7CJ S6SQSAH4H5HADJDAC3CKC2 S3S4S7S8S2H8HTHKD3D6DQ STH3H6H7H9D5D8D9D2C4CQ 
%00003%change_cards%  04H2J3EE 31S2EE 40H3C4EE 13D4EE
%00003%play%  3S3D3EE 0EE 1EE 4EE 2EE 3EE 3S4D4EE 0EE 1EE 4EE 2EE 3EE 3S8H8EE 3D6EE 0C8EE 0S5C5EE 1EE 4EE 2EE 3EE 0EE 0S9C9EE 1EE 4EE 2EE 3EE 0EE 0H3EE 1C6EE 4H7EE 2DJEE 3DQEE 0KxEE 1DKEE 4D2EE 2KxEE 3KxEE 1KxEE 4KxEE 4KxEE 4H9D9EE 2EE 3EE 0EE 1EE 4EE 4D5EE 2S6EE 3S7EE 0SJEE 1SKEE 4KxEE 2SAEE 3KxEE 0KxEE 1S2EE 2KxEE 1KxEE 1D7C7EE 4EE 2EE 3EE 0EE 1EE 1HJCJEE 4EE 2EE 3EE 0EE 1EE 1DTEE 4CQEE 2CKEE 3KxEE 0CAEE 1KxEE 4KxEE 2C2EE 0KxEE 2KxEE 2HADAEE 3EE 0EE 1EE 4EE 2EE 2C3EE 3HTEE 0KxEE 1HQEE 4H2EE 2KxEE 3KxEE 4KxEE 4H6EE 2SQEE 3HKEE 0KxEE 4KxEE 2KxEE 0C4EE 4D8EE 4STEE 2KxEE 0KxEE 2H4EE 0CTEE
%00003%result% 13402
%00003%points% 10 13 10 10 17
%00004%mibun% 30412
%00004%seat% 42301
%00004%palyer_cards% S3S8SKH7H9DJDQC6CJJ3 S5H3H4HJHQD3D8C4C5C8CK S4S6S7STH8HTHKHAD5C7C9 S9SQH5H2D7DAD2C3CTCQ SJSAS2H6D4D6D9DTDKCAC2 
%00004%change_cards%  21HKHAEE 03J3EE 12H3D3EE 30C3EE
%00004%play%  2H3D3EE 3EE 0EE 1EE 4EE 2EE 2S7C7EE 3EE 0EE 1EE 4EE 2EE 2STHTEE 3EE 0EE 1EE 4EE 2EE 2S4EE 3H5EE 0C6EE 1D8EE 1H4C4EE 4EE 2EE 3EE 0EE 1EE 1S5C5EE 4EE 2EE 3EE 0EE 1EE 1HKCKEE 4EE 2EE 3EE 0EE 1EE 1C8EE 1HJEE 4DKEE 2KxEE 3DAEE 0KxEE 1KxEE 4KxEE 3D2EE 3KxEE 3KxEE 3SQCQEE 0EE 1EE 4EE 2EE 3EE 3D7EE 0S8EE 0S3C3EE 1EE 4EE 2EE 3EE 0EE 0DJCJEE 1EE 4EE 2EE 3EE 0EE 0H7EE 1HQEE 4KxEE 2KxEE 3H2EE 0KxEE 1KxEE 3KxEE 3S9EE 0DQEE 1HAEE 4S2EE 2KxEE 3KxEE 0KxEE 4KxEE 4H6D6EE 2EE 3EE 0EE 4EE 4SACAEE 2EE 3EE 0EE 4EE 4D4EE 2D5EE 3KxEE 0KxEE 4D9EE 2KxEE 4DTEE 4KxEE 4SJEE 2KxEE 3KxEE 0SKEE 4KxEE 0KxEE 0H9EE 4C2EE 2KxEE 3KxEE 2S6EE 3CTEE
%00004%result% 10432
%00004%points% 14 18 11 12 20
%00005%mibun% 10432
%00005%seat% 42301
%00005%palyer_cards% STSQH4HTHAD4DTDKC6C7 S4S5S6S8SKH6HKDAC5C8CT S3H3H5H7HQD5D9DJC4CQCA S7SJSAH8D6D8DQC3CKJ3 S9S2H9HJH2D3D7D2C9CJC2 
%00005%change_cards%  21HQCAEE 30J3EE 12S4S5EE 03H4EE
%00005%play%  4S9H9C9EE 2EE 3EE 0EE 1EE 4EE 4HJCJEE 2EE 3EE 0EE 1EE 4EE 4S2H2D2C2EE 2EE 3EE 0EE 1EE 4EE 4EE 2EE 3EE 0EE 1EE 4EE 2EE 3EE 0EE 1EE 4EE 2EE 3EE 0EE 1EE
%00005%result% 01342
%00005%points% 19 22 12 15 22
%00006%mibun% 01423
%00006%seat% 10324
%00006%palyer_cards% S6H4H8HTH2D7D9C3C4C5CK SAHKD3D8DTDJDKD2C7CT S3S5S9SQH5HQDQC9CJCQJ3 S4SJH6H9HJHAD4D5D6DACA S7S8STSKS2H3H7C6C8C2 
%00006%change_cards%  20SQJ3EE 41S2EE 02H4C3EE 14D3EE
%00006%play%  4H3D3EE 1EE 0EE 3EE 2EE 4EE 4S7H7EE 1EE 0EE 3EE 2EE 4EE 4S8C8EE 4C6EE 1C7EE 0CKEE 3CAEE 2KxEE 4C2EE 1KxEE 0KxEE 3KxEE 4KxEE 0KxEE 0C4EE 3D5EE 2S9EE 4STEE 1SAEE 0KxEE 3KxEE 2KxEE 4KxEE 1S2EE 1KxEE 1DTCTEE 0EE 3EE 2EE 4EE 1EE 1HKDKEE 0EE 3EE 2EE 4EE 1EE 1D8EE 1DJEE 0SQEE 3HAEE 2KxEE 4KxEE 1D2EE 0KxEE 3KxEE 0C5EE 3H6EE 2C9EE 4SKEE 0H2EE 3KxEE 2KxEE 0KxEE 0S6EE 3H9EE 2CJEE 0KxEE 3DAEE 2KxEE 3KxEE 3S4D4EE 2EE 0EE 3EE 3SJHJEE 2EE 0EE 3EE 3D6EE 2HQEE 0KxEE 2KxEE 2S3C3EE 0EE 2EE 2S5H5EE 0EE 2EE 2DQCQEE 0EE 2EE 2H4EE
%00006%result% 14320
%00006%points% 20 27 14 18 26
%00007%mibun% 40321
%00007%seat% 10324
%00007%palyer_cards% S5H3HQHKD7D9DJC7CTCQCK S4S9SKH4H9HAD6DQDKC9CJ S3S7STH5H6D4D8DTD2CA SJSQS2H8HTD5DAC5C6C8C2 S6S8SAH7HJH2D3C3C4J3 
%00007%change_cards%  01HKCKEE 24D2EE 10S4H4EE 42D3EE
%00007%play%  2S3D3EE 4EE 1EE 0EE 3EE 2EE 2STDTEE 4EE 1EE 0EE 3EE 2EE 2D4EE 4S6EE 1S9EE 0KxEE 3SJEE 2KxEE 4SAEE 1KxEE 3S2EE 4KxEE 3KxEE 4KxEE 4H2D2EE 1EE 0EE 3EE 2EE 4EE 4C3EE 1D6EE 0D7EE 3DAEE 2KxEE 4KxEE 1KxEE 0KxEE 3KxEE 3D5C5EE 2EE 4EE 1EE 0EE 3EE 3H8C8EE 3C6EE 2S7EE 4S8EE 4C4EE 1H9EE 0CTEE 3SQEE 2CAEE 4KxEE 1KxEE 0KxEE 3C2EE 2KxEE 3KxEE 3HTEE 2KxEE 4HJEE 1HKEE 0KxEE 4KxEE 1HAEE 1KxEE 1SKDKCKEE 0EE 2EE 4EE 1EE 1C9EE 0DJEE 2KxEE 4KxEE 1DQEE 0KxEE 1KxEE 1CJEE 0HQEE 2KxEE 4KxEE 0KxEE 0S4H4EE 2EE 4EE 0EE 0H3EE 2H5EE 4H7EE 0KxEE 2KxEE 0S5EE 2H6EE 0C7EE 2D8EE
%00007%result% 31420
%00007%points% 21 31 16 23 29
%00008%mibun% 41302
%00008%seat% 10324
%00008%palyer_cards% S5S6H6H7H9HKD4D6C9C2 SJSQSAS2HTHJD3D7D8DK S4S8S9H8D5D9DQCTCJCQCK SKH4H5HQH2D2C3C5C7C8CA S3S7STH3HADTDJDAC4C6J3 
%00008%change_cards%  03HKC2EE 21CKEE 30H4C3EE 12D3EE
%00008%play%  2S8H8EE 2S9D9EE 4EE 1EE 0EE 3EE 2EE 2DQCQEE 4EE 1EE 0EE 3EE 2EE 2D3EE 4C4EE 1D7EE 0H9EE 3HQEE 2KxEE 4HAEE 1KxEE 0KxEE 3H2EE 4KxEE 3KxEE 4KxEE 4S3H3EE 1EE 0EE 3EE 2EE 4EE 4STDTEE 1EE 0EE 3EE 2EE 4EE 4C6EE 1D8EE 1SJHJEE 0EE 3EE 2EE 4EE 1EE 1DKCKEE 0EE 3EE 2EE 4EE 1EE 1HTEE 0KxEE 3SKEE 2KxEE 4DAEE 1S2EE 3KxEE 4KxEE 1KxEE 1SQEE 0KxEE 3HKEE 2KxEE 4KxEE 1SAEE 3D2EE 3KxEE 3H5C5EE 2EE 4EE 0EE 3EE 3C7EE 2CTEE 4KxEE 0KxEE 3CAEE 2KxEE 3C2EE 3KxEE 3C8EE 2S4EE 4S7EE 0KxEE 2KxEE 4KxEE 4DJEE 0KxEE 2KxEE 0H4D4EE 2EE 0EE 0S6H6D6EE 2EE 0EE 0C3EE 2D5EE 0H7EE 2CJEE
%00008%result% 13420
%00008%points% 22 36 18 27 32
%00009%mibun% 40312
%00009%seat% 13204
%00009%palyer_cards% S9HKHAD4D9D2C6C8CTCQ SJH4H5H7H8HJD3D5DQDKC4 S5SQH3H6HQD6D8DAC5C9J3 S3S8STS2HTH2D7DTDJC3C2 S4S6S7SKSAH9C7CJCKCA 
%00009%change_cards%  01HAD2EE 23J3EE 10H4D3EE 32S3EE
%00009%play%  0H4D4EE 4EE 1EE 3EE 2EE 0EE 0S9D9EE 4EE 1EE 3EE 2EE 0EE 0D3EE 4S4EE 1H5EE 3D7EE 2D8EE 2S3H3EE 0EE 4EE 1EE 3EE 2EE 2S5C5EE 0EE 4EE 1EE 3EE 2EE 2H6D6EE 0EE 4EE 1EE 3EE 2EE 2SQHQEE 0EE 4EE 1EE 3EE 2EE 2C9EE 0CTEE 4CJEE 1KxEE 3C2EE 2KxEE 0KxEE 4KxEE 3KxEE 3KxEE 3STHTDTEE 2EE 0EE 4EE 1EE 3EE 3S2H2EE 2EE 0EE 4EE 1EE 3EE 3C3EE 2DAEE 0KxEE 4KxEE 1D2EE 3KxEE 1KxEE 1SJHJEE 3EE 0EE 4EE 1EE 1C4EE 3S8EE 3DJEE 0CQEE 4SKEE 1HAEE 0KxEE 4KxEE 1KxEE 1D5EE 0C6EE 4S7EE 1H8EE 1H7EE 0C8EE 0HKEE 4SAEE 1KxEE 4KxEE 4S6EE 1DQEE 4CKEE 1KxEE 4CAEE 4KxEE 4C7EE 1DKEE
%00009%result% 23014
%00009%points% 25 38 23 31 33
%00010%mibun% 23014
%00010%seat% 13204
%00010%palyer_cards% S5SAH2D7D8D9DKDAC5C9CJ S3STSJSKS2H4H6H9HAC7 S6S8S9H5D4D6DTDQD2C3CA S4S7H3HJHQD3DJC4C2J3 SQH7H8HTHKD5C6C8CTCQCK 
%00010%change_cards%  42HKCKEE 13S2EE 24D4C3EE 31H3EE
%00010%play%  3S4C4EE 2EE 0EE 4EE 1EE 3EE 3HJDJEE 2EE 0EE 4EE 1EE 3EE 3S2C2EE 2EE 0EE 4EE 1EE 3EE 3D3EE 2H5EE 0D7EE 4H8EE 4HTCTEE 1EE 3EE 2EE 0EE 4EE 4SQCQEE 1EE 3EE 2EE 0EE 4EE 4C3EE 1H4EE 3S7EE 2S8EE 2S6D6EE 0EE 4EE 1EE 3EE 2EE 2HKCKEE 0EE 4EE 1EE 3EE 2EE 2S9EE 0CJEE 4KxEE 1SKEE 3KxEE 2KxEE 0KxEE 1KxEE 3KxEE 3HQEE 2CAEE 0H2EE 4KxEE 1KxEE 2KxEE 0KxEE 0S5C5EE 4EE 1EE 2EE 0EE 0D9C9EE 4EE 1EE 2EE 0EE 0SADAEE 4EE 1EE 2EE 0EE 0D8EE 0DKEE 4KxEE 1HAEE 2D2EE 1KxEE 2KxEE 2DTEE 4KxEE 1SJEE 2DQEE 1KxEE 4D4EE 1H6EE 4H7EE 1H9EE 4KxEE 1KxEE 1S3H3EE 4EE 1EE 1C7EE 4C8EE 4D5EE 1STEE
%00010%result% 30214
%00010%points% 29 40 26 36 34
%00011%mibun% 13204
%00011%seat% 13204
%00011%palyer_cards% STSKH6H7D6D9DKC5C6C9CT SJH5H9HTHJHQD8DAC3C7 S7S2H3H4HKHAD7DJDQCJC2 S4S5S8S9SQH8D4DTD2C4CQ S3S6SAH2D3D5C8CKCAJ3 
%00011%change_cards%  43H2J3EE 10DAEE 34S4D4EE 01C5EE
%00011%play%  4S3D3EE 1EE 3EE 2EE 0EE 4EE 4S4D4EE 1EE 3EE 2EE 0EE 4EE 4SACAEE 1EE 3EE 2EE 0EE 4EE 4D5EE 1C7EE 3S8EE 3SQCQEE 2EE 0EE 4EE 1EE 3EE 3H2D2EE 2EE 0EE 4EE 1EE 3EE 3C4EE 2S7EE 0D9EE 4CKEE 1KxEE 3KxEE 2KxEE 0KxEE 4KxEE 3KxEE 3S5EE 2D7EE 0C9EE 4KxEE 1HTEE 3KxEE 2DJEE 0SKEE 1KxEE 2HAEE 0KxEE 2S2EE 2KxEE 2H3EE 0H6EE 4KxEE 1H9EE 3KxEE 2HKEE 0KxEE 1KxEE 2KxEE 2H4EE 0D6EE 4C8EE 4S6EE 1D8EE 1H5C5EE 3EE 2EE 0EE 1EE 1SJHJEE 3EE 2EE 0EE 1EE 1C3EE 3H8EE 3S9EE 2CJEE 0DKEE 1KxEE 3KxEE 2C2EE 0KxEE 2KxEE 2DQEE 0DAEE 1KxEE 3KxEE 0KxEE 0STCTEE 1EE 3EE 0EE 0C6EE 1HQEE 3KxEE 0KxEE 3DTEE
%00011%result% 42130
%00011%points% 30 43 30 38 39
%00012%mibun% 42130
%00012%seat% 03214
%00012%palyer_cards% SQSKH5H6D7DKD2C7C8CJCA S4S6S9STD4DJDQC3C5C6 S5S8HTD3D5DTC9CQCKJ3 S3S7SJSAH4HQHKHAD6D8C2 S2H3H7H8H9HJH2D9DAC4CT 
%00012%change_cards%  04D2CAEE 32C2EE 40H3C4EE 23D3EE
%00012%play%  3S3D3EE 2EE 1EE 4EE 0EE 3EE 3SAHAEE 2EE 1EE 4EE 0EE 3EE 3H4EE 2S5EE 1S6EE 4S2EE 0KxEE 3KxEE 2KxEE 1KxEE 4KxEE 2KxEE 2HTDTEE 1EE 4EE 0EE 3EE 2EE 2D5EE 1C6EE 4H7EE 0C8EE 0D7C7EE 3EE 2EE 1EE 4EE 0EE 0SKDKEE 3EE 2EE 1EE 4EE 0EE 0H3EE 3D6EE 2S8EE 2C9EE 1STEE 4HJEE 0SQEE 3HKEE 2C2EE 1KxEE 4KxEE 0KxEE 3KxEE 2KxEE 2CQEE 1KxEE 4DAEE 0KxEE 3KxEE 2KxEE 4H2EE 4KxEE 4H9D9EE 0EE 3EE 2EE 1EE 4EE 4H8EE 4CTEE 0CJEE 3KxEE 2CKEE 1KxEE 4CAEE 0KxEE 4KxEE 4D2EE 0KxEE 3KxEE 1KxEE 0C4EE 3S7EE 1S9EE 0KxEE 3SJEE 1KxEE 3KxEE 3D8EE 3HQEE 1KxEE 0KxEE 1S4D4EE 0EE 1EE 1C3EE 0H5EE 1DJEE 0KxEE 1DQEE 1KxEE 1C5EE
%00012%result% 24310
%00012%points% 31 45 35 41 43
%00013%mibun% 43021
%00013%seat% 03214
%00013%palyer_cards% S8S9D9D2C3C4C6C7CTCJ S4SQSKS2H4HKDTDKDAC5C8 SAH3H7H8H9HQHAC9CAC2J3 S3S5S6S7H5H2D3D8DJCQ STSJH6HTHJD4D5D6D7DQCK 
%00013%change_cards%  02D2CJEE 14S2EE 20H3H7EE 41D4EE
%00013%play%  3S3D3EE 2EE 1EE 4EE 0EE 3EE 3S5H5EE 2EE 1EE 4EE 0EE 3EE 3S6EE 2H8EE 2H9C9EE 1EE 4EE 0EE 3EE 2EE 2SAHACAEE 1EE 4EE 0EE 3EE 2EE 2D2C2EE 1EE 4EE 0EE 3EE 2EE 2CJEE 1SQEE 4CKEE 0KxEE 3H2EE 2KxEE 1KxEE 4KxEE 3KxEE 2KxEE 2HQEE 1SKEE 4S2EE 0KxEE 3KxEE 1KxEE 4KxEE 4H6D6EE 0EE 3EE 1EE 4EE 4STHTEE 0EE 3EE 1EE 4EE 4SJHJEE 0EE 3EE 1EE 4EE 4D5EE 0C6EE 3S7EE 1C8EE 1S4H4D4EE 4EE 0EE 3EE 1EE 1HKDKEE 4EE 0EE 3EE 1EE 1C5EE 4D7EE 0S8EE 0H3C3EE 3EE 1EE 4EE 0EE 0H7C7EE 3EE 1EE 4EE 0EE 0S9D9EE 3EE 1EE 4EE 0EE 0C4EE 3D8EE 3DJEE 1DAEE 4KxEE 0KxEE 3KxEE 1KxEE 1DTEE 4DQEE 0KxEE 3KxEE 0CTEE
%00013%result% 21403
%00013%points% 33 49 40 42 46
%00014%mibun% 31042
%00014%seat% 03214
%00014%palyer_cards% S4S2H3H4H7HJD5D8DKC2 S3S7S9SKHQD9DTD2C6CQCA S5H8H9HTHKD4DQDAC9CTCJ SJSQSAH5D3D7C5C7C8J3 S6S8STH6HAH2D6DJC3C4CK 
%00014%change_cards%  32SAJ3EE 01S2EE 23S5D4EE 10S3EE
%00014%play%  3S5H5C5EE 2EE 1EE 4EE 0EE 3EE 3D7C7EE 2EE 1EE 4EE 0EE 3EE 3D3EE 2H8EE 2H9C9EE 1EE 4EE 0EE 3EE 2EE 2HTCTEE 1EE 4EE 0EE 3EE 2EE 2SADAEE 1EE 4EE 0EE 3EE 2EE 2CJEE 1HQEE 4CKEE 0C2EE 3KxEE 2KxEE 1KxEE 4KxEE 0KxEE 2KxEE 2DQEE 1SKEE 4HAEE 0KxEE 3KxEE 2KxEE 1S2EE 4KxEE 1KxEE 1S9D9EE 4EE 0EE 3EE 2EE 1EE 1C6EE 4S8EE 4S6H6D6EE 0EE 3EE 2EE 1EE 4EE 4C3EE 0S4EE 3C8EE 3D4EE 2HKEE 1CAEE 4H2EE 0KxEE 3KxEE 1KxEE 4KxEE 4C4EE 0D5EE 3SJEE 1CQEE 4KxEE 0DKEE 3KxEE 1D2EE 0KxEE 1KxEE 1S7EE 4STEE 0KxEE 3SQEE 1KxEE 4KxEE 1DTEE 4DJEE
%00014%result% 23140
%00014%points% 34 52 45 46 48
%00015%mibun% 42013
%00015%seat% 32410
%00015%palyer_cards% S7H3H5H6HTHJHQC5CQC2 S6SQSKSAHKDTDJDAC3C4CJ S3S5H7H9HAD5D6D7DKCKCA S4S8S9SJS2D4D8D2C6CT STH4H8H2D3D9DQC7C8C9J3 
%00015%change_cards%  02HQC2EE 43J3EE 20S3S5EE 34S4EE
%00015%play%  4S4H4EE 1EE 0EE 3EE 2EE 4EE 4H8C8EE 4D9C9EE 1EE 0EE 3EE 2EE 4EE 4D3EE 1C4EE 0S5EE 3C6EE 2H7EE 4STEE 1DJEE 0CQEE 3S2EE 2KxEE 4KxEE 1KxEE 0KxEE 3KxEE 3KxEE 3S8D8EE 3D4EE 2D5EE 4DQEE 1DAEE 0KxEE 3D2EE 2KxEE 4KxEE 1KxEE 3KxEE 3S9EE 2HQEE 4H2EE 1KxEE 0KxEE 3KxEE 2KxEE 4KxEE 4C7EE 1DTEE 0HJEE 3KxEE 2DKEE 1SAEE 0KxEE 2C2EE 1KxEE 2KxEE 2HACAEE 1EE 0EE 3EE 2EE 2D6EE 1CJEE 0KxEE 3KxEE 2CKEE 1KxEE 2KxEE 2D7EE 1SQEE 0KxEE 3KxEE 2KxEE 1SKEE 1KxEE 1C3EE 0H5EE 3CTEE 2KxEE 1HKEE 0KxEE 3KxEE 1KxEE 1S6EE 0S7EE 3SJEE 2KxEE 0KxEE 2H9EE
%00015%result% 41320
%00015%points% 35 56 47 49 53
%00016%mibun% 41320
%00016%seat% 32410
%00016%palyer_cards% S3SJS2H4H5H7H9D3D8DJC6 S7S9SQH8D4D7DTDKDAC3C9 S5S6HJHQH2D6D2C7C8CJ S4SKSAHTD5D9DQC4C5CT S8STH3H6HKHACQCKCAC2J3 
%00016%change_cards%  04SJS2EE 21H2EE 40H3H6EE 12C3EE
%00016%play%  0S3H3D3EE 3EE 2EE 4EE 1EE 0EE 0H6C6EE 3EE 2EE 4EE 1EE 0EE 0H4EE 3D5EE 2S6EE 4S8EE 4HKCKEE 1EE 0EE 3EE 2EE 4EE 4HACAEE 1EE 0EE 3EE 2EE 4EE 4S2C2EE 1EE 0EE 3EE 2EE 4EE 4STEE 1SQEE 0KxEE 3SKEE 2KxEE 4KxEE 1KxEE 3KxEE 4KxEE 4SJEE 1DKEE 0KxEE 3SAEE 2D2EE 4KxEE 1KxEE 3KxEE 2KxEE 2HJCJEE 4EE 1EE 0EE 3EE 2EE 2C3EE 4CQEE 1KxEE 0KxEE 3KxEE 2KxEE 1S7D7EE 0EE 3EE 2EE 1EE 1S9C9EE 0EE 3EE 2EE 1EE 1D4EE 0H5EE 3D9EE 2HQEE 1DAEE 0KxEE 3KxEE 2KxEE 1H2EE 1KxEE 1H8EE 1DTEE 0DJEE 3DQEE 2KxEE 0KxEE 3KxEE 3S4C4EE 2EE 0EE 3EE 3HTCTEE 2EE 0EE 3EE 3C5EE 2D6EE 0H7EE 2C8EE 2S5EE 0D8EE 0H9EE
%00016%result% 41302
%00016%points% 37 60 48 52 58
%00017%mibun% 31420
%00017%seat% 32410
%00017%palyer_cards% SKH3H7HTHJHQHKD4D7DQCA S3S6H9D3D8DJDAC3C5C6C9 S5SQH5H6H2D5D9C7C8CT S4S7S8STSJSAD6DKC4CK S9S2H4H8HADTD2CJCQC2J3 
%00017%change_cards%  24SQH2EE 01CAEE 42H4H8EE 10S3EE
%00017%play%  1D3C3EE 0EE 3EE 2EE 4EE 1EE 1S6C6EE 0EE 3EE 2EE 4EE 1EE 1H9C9EE 0EE 3EE 2EE 4EE 1EE 1DACAEE 0EE 3EE 2EE 4EE 1EE 1C5EE 0H7EE 3S8EE 3S4C4EE 2EE 4EE 1EE 0EE 3EE 3DKCKEE 2EE 4EE 1EE 0EE 3EE 3D6EE 2C7EE 4S9EE 1DJEE 0HQEE 3SAEE 2KxEE 4S2EE 1KxEE 0KxEE 3KxEE 4KxEE 4KxEE 4SQCQEE 1EE 0EE 3EE 2EE 4EE 4H2D2C2EE 1EE 0EE 3EE 2EE 4EE 4DTEE 1KxEE 0HJEE 3KxEE 2KxEE 4HAEE 0KxEE 4KxEE 4CJEE 1KxEE 0DQEE 3KxEE 2KxEE 0SKEE 0KxEE 0S3H3EE 3EE 2EE 1EE 0EE 0D4EE 3S7EE 2H8EE 2S5H5D5EE 1EE 0EE 3EE 2EE 2H4EE 1D8EE 0D7EE 3STEE 2KxEE 0HKEE 3KxEE 0KxEE 0HTEE 3SJEE
%00017%result% 41032
%00017%points% 40 64 49 54 63
%00018%mibun% 21430
%00018%seat% 43021
%00018%palyer_cards% S3S6SJH5HTHJH2D4D7DQCQ S4S8H6HKD3DTDAC6C8CT S5STH3H7H8HAD6C3CJCK S9SKSAS2HQD5D2C4C5C9CA S7SQH4H9D8D9DJDKC7C2J3 
%00018%change_cards%  24HACKEE 31S2EE 42S7H4EE 13D3EE
%00018%play%  3D5C5EE 0EE 2EE 1EE 4EE 3EE 3S9C9EE 0EE 2EE 1EE 4EE 3EE 3SACAEE 0EE 2EE 1EE 4EE 3EE 3D3EE 0D4EE 2D6EE 1DTEE 4DJEE 3D2EE 0KxEE 2KxEE 1KxEE 4KxEE 3KxEE 4KxEE 4H9D9EE 3EE 0EE 2EE 1EE 4EE 4DKCKEE 3EE 0EE 2EE 1EE 4EE 4C7EE 3HQEE 0H2EE 2KxEE 1KxEE 4KxEE 3KxEE 0KxEE 0SJHJEE 2EE 1EE 4EE 3EE 0EE 0DQCQEE 2EE 1EE 4EE 3EE 0EE 0S3EE 2H4EE 1H6EE 4HAEE 3KxEE 0KxEE 2KxEE 1KxEE 4KxEE 4D8EE 4SQEE 3SKEE 0KxEE 2KxEE 1S2EE 4KxEE 3KxEE 1KxEE 1S8C8EE 1S4EE 4C2EE 3KxEE 0KxEE 2KxEE 1KxEE 3C4EE 0H5EE 2S7EE 1CTEE 0KxEE 2CJEE 1KxEE 2KxEE 2H3C3EE 1EE 0EE 2EE 2S5EE 1C6EE 0D7EE 2H8EE 2H7EE 1HKEE 0KxEE 2KxEE 1KxEE 1DAEE 0KxEE 2KxEE 0S6EE 2STEE
%00018%result% 43120
%00018%points% 41 67 51 58 68
%00019%mibun% 42310
%00019%seat% 43021
%00019%palyer_cards% S3H6HAD3D4DQCJCKCAC2J3 SKS2H4HKD6D9DKDAC8C9 S5SJSAH3H5H9HTD5C4C5 S4S6S8SQH7HQD2C3C6C7CQ S7S9STH8HJH2D7D8DTDJCT 
%00019%change_cards%  04C2J3EE 23SAEE 40S7D7EE 32C3EE
%00019%play%  0S3D3EE 2EE 1EE 4EE 3EE 0EE 0S7D7EE 2EE 1EE 4EE 3EE 0EE 0HACAEE 2EE 1EE 4EE 3EE 0EE 0D4EE 2S5EE 1D6EE 4H8EE 4STDTCTEE 3EE 0EE 2EE 1EE 4EE 4HJDJEE 3EE 0EE 2EE 1EE 4EE 4H2C2EE 3EE 0EE 2EE 1EE 4EE 4D8EE 4S9EE 3SQEE 0KxEE 2KxEE 1SKEE 4KxEE 3KxEE 1KxEE 3S6C6EE 0EE 2EE 1EE 3EE 3H7C7EE 0EE 2EE 1EE 3EE 3HQCQEE 0EE 2EE 1EE 3EE 3S4EE 0H6EE 2H9EE 1HKEE 3KxEE 0KxEE 2KxEE 1KxEE 1D9C9EE 3EE 0EE 2EE 1EE 1H4EE 3S8EE 3SAEE 0KxEE 2KxEE 1S2EE 3KxEE 1KxEE 1C8EE 1DKEE 3D2EE 0KxEE 2KxEE 1KxEE 0CJEE 2KxEE 1DAEE 0KxEE 0DQEE 2KxEE 0CKEE
%00019%result% 43102
%00019%points% 43 70 52 62 73
%00020%mibun% 32410
%00020%seat% 43021
%00020%palyer_cards% S4SAH3H9D4DJC5C8CQCKCA S6STHJD3D6DQD2C3C4CJ S3S8H4H5H2D8D9DTDAC9 S5S9SQSKH8HKHAD5C6C7CT S7SJS2H6H7HTHQD7DKC2J3 
%00020%change_cards%  24H2DAEE 03SAEE 42S7H6EE 30S5EE
%00020%play%  1D3C3EE 4EE 3EE 0EE 2EE 1EE 1S6D6EE 4EE 3EE 0EE 2EE 1EE 1HJCJEE 4EE 3EE 0EE 2EE 1EE 1C4EE 4H7EE 3H8EE 3SKHKEE 0EE 2EE 1EE 4EE 3EE 3SAHAEE 0EE 2EE 1EE 4EE 3EE 3D5EE 0C8EE 0S4D4EE 2EE 1EE 4EE 3EE 0EE 0S5C5EE 2EE 1EE 4EE 3EE 0EE 0H3EE 2H4EE 1KxEE 4HTEE 3KxEE 0KxEE 2KxEE 4HQEE 4H2EE 4KxEE 4KxEE 4S2C2EE 3EE 0EE 2EE 1EE 4EE 4D7EE 3S9EE 0DJEE 2KxEE 1DQEE 4DKEE 3KxEE 0KxEE 1D2EE 4KxEE 1KxEE 1STEE 4SJEE 3SQEE 0KxEE 2KxEE 4KxEE 3KxEE 3C6EE 0H9EE 2DTEE 4DAEE 3KxEE 0KxEE 2KxEE 3C7EE 0CQEE 2KxEE 3KxEE 0CKEE 0CAEE 2S8D8EE 2D9C9EE 3EE 2EE 2S3EE 3CTEE
%00020%result% 14032
%00020%points% 46 75 53 64 77
%00021%mibun% 20431
%00021%seat% 32014
%00021%palyer_cards% S2H7HKD3DTDJDKC3C2J3 S4S6H6H9D4D8C5C6CTCJCQ STSAH4H5D7D2C7C8C9CK S7SQSKH3HTHQH2D5D6DQCA S3S5S8S9SJH8HJHAD9DAC4 
%00021%change_cards%  21SAD2EE 34H2EE 12S4D4EE 43S3EE
%00021%play%  0D3C3EE 1EE 4EE 3EE 2EE 0EE 0HKDKEE 1EE 4EE 3EE 2EE 0EE 0S2C2EE 1EE 4EE 3EE 2EE 0EE 0H7EE 1D8EE 1S6H6C6EE 4EE 3EE 2EE 0EE 1EE 1C5EE 4S8EE 4S9D9EE 3EE 2EE 0EE 1EE 4EE 4SJHJEE 3EE 2EE 0EE 1EE 4EE 4HADAEE 3EE 2EE 0EE 1EE 4EE 4C4EE 3D5EE 2D7EE 0DTEE 1D2EE 4KxEE 3KxEE 2KxEE 0KxEE 1KxEE 0KxEE 0DJEE 1CQEE 4H2EE 3KxEE 2KxEE 1KxEE 4KxEE 4S5EE 3D6EE 2C7EE 1H9EE 4KxEE 3HTEE 2KxEE 1KxEE 3HQEE 3KxEE 3S3H3EE 2EE 1EE 4EE 3EE 3SQDQEE 2EE 1EE 4EE 3EE 3S7EE 2C8EE 2S4H4D4EE 1EE 4EE 3EE 2EE 2H5EE 1CTEE 4KxEE 3SKEE 2KxEE 1SAEE 3KxEE 1KxEE 1CJEE 4KxEE 3CAEE 2KxEE 2C9EE 4KxEE 2STEE 2CKEE
%00021%result% 01324
%00021%points% 51 79 55 67 78
%00022%mibun% 01324
%00022%seat% 32014
%00022%palyer_cards% SJH6H7HAD5D9DQD2C5C6CJ S3S5S6S9H4H5H2DKC7CTJ3 SQSKH8HKD3DAC3C4CKC2 S7S8HTD6D7D8DTDJC8CQ S4STSAS2H3H9HJHQD4C9CA 
%00022%change_cards%  40SAS2EE 21C2EE 04D5C5EE 12S3EE
%00022%play%  2S3D3C3EE 0EE 1EE 4EE 3EE 2EE 2SKHKCKEE 0EE 1EE 4EE 3EE 2EE 2C4EE 0H6EE 1C7EE 4H9EE 3HTEE 2KxEE 0HAEE 1H2EE 4KxEE 3KxEE 0KxEE 1KxEE 1KxEE 1S5H5EE 4EE 3EE 2EE 0EE 1EE 1H4EE 4D5EE 3D6EE 2DAEE 0D2EE 1KxEE 4KxEE 3KxEE 2KxEE 0KxEE 0SJCJEE 1EE 4EE 3EE 2EE 0EE 0C6EE 1S9EE 4STEE 3KxEE 2SQEE 0SAEE 1KxEE 4KxEE 2KxEE 0S2EE 0KxEE 0H7EE 1CTEE 4HJEE 3CQEE 2KxEE 0KxEE 1DKEE 4CAEE 3KxEE 1C2EE 4KxEE 1KxEE 1S6EE 4C9EE 3DTEE 2KxEE 0DQEE 4KxEE 3KxEE 0KxEE 0D9EE 4HQEE 3KxEE 2KxEE 4KxEE 4S4D4EE 3EE 2EE 4EE 4H3EE 3S7EE 2H8EE 4C5EE
%00022%result% 10243
%00022%points% 55 84 58 68 80
%00023%mibun% 10243
%00023%seat% 32014
%00023%palyer_cards% S4S6H7HJHAD5C7CTCQCK S7S9STSJSKS2H8C3C5C6C8 S5SAH4H6H9HQDAC4CJCA SQH5HTH2D7D8D9DTDJDQC9 S3S8H3HKD3D4D6DKD2C2J3 
%00023%change_cards%  31SQH2EE 40J3EE 13C3C5EE 04S4EE
%00023%play%  4S3H3D3EE 3EE 2EE 0EE 1EE 4EE 4S4D4EE 3EE 2EE 0EE 1EE 4EE 4HKDKEE 3EE 2EE 0EE 1EE 4EE 4D2C2EE 3EE 2EE 0EE 1EE 4EE 4D6EE 3D7EE 2DAEE 0KxEE 1KxEE 4KxEE 3KxEE 2KxEE 0KxEE 0H7C7EE 1EE 4EE 3EE 2EE 0EE 0D5EE 1C6EE 4S8EE 3H5C5EE 2EE 0EE 1EE 3EE 3D9C9EE 2EE 0EE 1EE 3EE 3HTDTEE 2EE 0EE 1EE 3EE 3C3EE 2H4EE 0S6EE 1S7EE 3KxEE 2SAEE 0KxEE 1S2EE 2KxEE 1KxEE 1H8C8EE 1S9EE 3DJEE 2HQEE 0CKEE 1H2EE 3KxEE 2KxEE 0KxEE 1KxEE 1STEE 3DQEE 2CAEE 0KxEE 1KxEE 3KxEE 2KxEE 2C4EE 0CTEE 1KxEE 3KxEE 2CJEE 0CQEE 2KxEE 0KxEE 0HJEE 1SQEE 3KxEE 2KxEE 0HAEE 1KxEE 1SJEE 3KxEE 2KxEE 1SKEE 3D8EE
%00023%result% 40132
%00023%points% 59 87 59 70 85
%00024%mibun% 12430
%00024%seat% 24301
%00024%palyer_cards% S3STSJH9HQHAD4C3C6CTJ3 SAS2H4H6HKDTDKD2C9C2 S4S5S6S7SKHTH2C5CJCQ H3H5H7H8HJD3D5D8DQC4CK S8S9SQD6D7D9DJDAC7C8CA 
%00024%change_cards%  24SKH2EE 30CKEE 42D6D7EE 03S3EE
%00024%play%  3S3H3D3EE 0EE 1EE 2EE 4EE 3EE 3H5D5EE 0EE 1EE 2EE 4EE 3EE 3H8D8EE 3C4EE 0C6EE 1C9EE 2CJEE 4CAEE 3KxEE 0KxEE 1KxEE 2KxEE 4KxEE 0KxEE 0STCTEE 1EE 2EE 4EE 3EE 0EE 0C3EE 1H4EE 2S5EE 4C7EE 3HJEE 0HQEE 1HKEE 2KxEE 4H2EE 3KxEE 0KxEE 1KxEE 4KxEE 4S8C8EE 4S9D9EE 3EE 0EE 1EE 2EE 4EE 4DJEE 3DQEE 0KxEE 1DKEE 2KxEE 4DAEE 3KxEE 1D2EE 4KxEE 1KxEE 1S2C2EE 2EE 4EE 3EE 0EE 1EE 1H6EE 2S7EE 4SQEE 3KxEE 0KxEE 1SAEE 2KxEE 4KxEE 1KxEE 1DTEE 2CQEE 4SKEE 3KxEE 0HAEE 2KxEE 0KxEE 0D4EE 2C5EE 3H7EE 0H9EE 2HTEE 0KxEE 2KxEE 2S6D6EE 0EE 2EE 2S4EE 0SJEE 2KxEE 0KxEE 0CKEE
%00024%result% 14302
%00024%points% 61 92 60 73 89
%00025%mibun% 30421
%00025%seat% 24301
%00025%palyer_cards% SAH6H9HJH2D7DJDKCKC2 S6S8S9STS2HAD4D5D8D9C4 S4S5H5H7H8DTDAD2C3C6CT S7SQSKH4D3DQC9CJCAJ3 S3SJH3HTHQHKD6C5C7C8CQ 
%00025%change_cards%  21DAD2EE 04H2EE 12D4C4EE 40S3EE
%00025%play%  3SQDQEE 0EE 1EE 2EE 4EE 3EE 3D3EE 0H6EE 1S8EE 1S9D9EE 2EE 4EE 3EE 0EE 1EE 1HADAEE 2EE 4EE 3EE 0EE 1EE 1S2D2EE 2EE 4EE 3EE 0EE 1EE 1D5EE 2C6EE 4C7EE 3C9EE 0CKEE 1KxEE 2KxEE 4KxEE 3CAEE 0C2EE 3KxEE 0KxEE 3KxEE 3H4EE 0D7EE 1D8EE 1S6EE 2H7EE 4C8EE 4HQCQEE 3EE 0EE 1EE 2EE 4EE 4H3EE 3S7EE 0H9EE 1STEE 2KxEE 4SJEE 3SKEE 0SAEE 4KxEE 3KxEE 0KxEE 0HJDJEE 2EE 4EE 3EE 0EE 0S3EE 2S4EE 4KxEE 3KxEE 0KxEE 2S5EE 2KxEE 2D4C4EE 4EE 3EE 0EE 2EE 2DTCTEE 4EE 3EE 0EE 2EE 2C3EE 4C5EE 3CJEE 0KxEE 2KxEE 4KxEE 0DKEE 2KxEE 4H2EE 4KxEE 4D6EE 2H8EE 2H5EE
%00025%result% 13024
%00025%points% 64 97 62 77 90
%00026%mibun% 20314
%00026%seat% 24301
%00026%palyer_cards% S3S9SQH5H6D3D4DTCJJ3 S4S5S6STH4H9D7D9DJDQC5 S7SJSKSAS2H7H8C3C6C9C2 S8H3HAH2D5D6D8D2C4CT HTHJHQHKDKDAC7C8CQCKCA 
%00026%change_cards%  41DACAEE 23S2EE 14S4H4EE 32H3EE
%00026%play%  0S3D3EE 1EE 2EE 4EE 3EE 0EE 0D4EE 1S5EE 2C6EE 4C7EE 3CTEE 0CJEE 1CAEE 2C2EE 4KxEE 3KxEE 0KxEE 1KxEE 2KxEE 0KxEE 0H5EE 1S6EE 2S7EE 4KxEE 3S8EE 3S2H2D2EE 0EE 1EE 2EE 4EE 3EE 3C4EE 0H6EE 1D7EE 2H8EE 2H3C3EE 4EE 3EE 0EE 1EE 2EE 2H7EE 4C8EE 4S4H4EE 3EE 0EE 1EE 2EE 4EE 4HQCQEE 3EE 0EE 1EE 2EE 4EE 4HKDKCKEE 3EE 0EE 1EE 2EE 4EE 4HTEE 3HAEE 0KxEE 1KxEE 2KxEE 4KxEE 3KxEE 3D5EE 0S9EE 1STEE 2SJEE 4KxEE 3KxEE 0SQEE 1KxEE 2SKEE 0KxEE 2SAEE 2KxEE 2C9EE 4HJEE 3KxEE 0KxEE 1DQEE 1DAEE 1KxEE 1H9D9EE 3EE 0EE 1EE 1C5EE 3D6EE 0DTEE 1DJEE
%00026%result% 24013
%00026%points% 67 99 67 78 94
%00027%mibun% 23041
%00027%seat% 43012
%00027%palyer_cards% S4S6STS2HTD3D4DQCTJ3 SAH4H7H9HQHKD7DKC6C2 S8SJSKH3H2D8D9DJC8CQCK S3S5SQH8HJHAD6DTD2CJCA S7S9H5H6D5DAC3C4C5C7C9 
%00027%change_cards%  32HAD2EE 14C2EE 23S8H3EE 41C3EE
%00027%play%  0S4D4EE 1EE 2EE 4EE 3EE 0EE 0STHTCTEE 1EE 2EE 4EE 3EE 0EE 0D3EE 1H4EE 2D8EE 2SJDJEE 4EE 3EE 0EE 1EE 2EE 2SKCKEE 4EE 3EE 0EE 1EE 2EE 2H2D2EE 4EE 3EE 0EE 1EE 2EE 2C8EE 2D9EE 4DAEE 3KxEE 0KxEE 1KxEE 2KxEE 4KxEE 0KxEE 0S6EE 1H7EE 2CQEE 4C2EE 3KxEE 0KxEE 1KxEE 2KxEE 4KxEE 4H5D5C5EE 3EE 0EE 1EE 2EE 4EE 4S7C7EE 3EE 0EE 1EE 2EE 4EE 4S9C9EE 3EE 0EE 1EE 2EE 4EE 4C4EE 3S5EE 0DQEE 1HKEE 2HAEE 4KxEE 3KxEE 0KxEE 1KxEE 4H6EE 3S8EE 3S3H3EE 0EE 1EE 3EE 3HJCJEE 0EE 1EE 3EE 3D6EE 0S2EE 1KxEE 3KxEE 1C3EE 3H8EE 3DTEE 1HQEE 3CAEE 1KxEE 3KxEE 3SQEE
%00027%result% 24031
%00027%points% 70 100 72 80 98
%00028%mibun% 24031
%00028%seat% 43012
%00028%palyer_cards% S5SJH3H2D6DJDAD2C9CT S3S6S7S8H5HQHKC6C8CQ S4STSAH4H9HTD4D5D9DKCK SQSKS2H8HJD8C3C4C5C2J3 S9H6H7HAD3D7DTDQC7CJCA 
%00028%change_cards%  12HQHKEE 34J3EE 21S4H4EE 43D3EE
%00028%play%  3D3C3EE 0EE 1EE 2EE 4EE 3EE 3H8D8EE 3S2C2EE 0EE 1EE 2EE 4EE 3EE 3C4EE 0S5EE 1S6EE 2STEE 4KxEE 3KxEE 0KxEE 1KxEE 2KxEE 4KxEE 4H7D7C7EE 3EE 0EE 1EE 2EE 4EE 4HACAEE 3EE 0EE 1EE 2EE 4EE 4H6EE 3HJEE 0H2EE 1KxEE 2KxEE 4KxEE 3KxEE 0KxEE 0SJDJEE 1EE 2EE 4EE 3EE 0EE 0H3EE 1S4EE 2D5EE 4S9EE 3SQEE 0KxEE 1KxEE 2SAEE 4KxEE 3KxEE 2KxEE 2H9D9EE 4EE 3EE 0EE 1EE 2EE 2HKDKCKEE 4EE 3EE 0EE 1EE 2EE 2D4EE 4DTEE 3KxEE 0DAEE 1KxEE 2KxEE 4KxEE 0D2EE 0KxEE 0D6EE 1S7EE 2HTEE 4CJEE 3SKEE 0KxEE 1KxEE 2KxEE 4KxEE 3KxEE 3C5EE 0C9EE 1CQEE 2KxEE 4KxEE 0KxEE 1KxEE 1S8C8EE 1S3EE 2HQEE 4KxEE 0KxEE 1KxEE 4DQEE 0KxEE 1KxEE 0CTEE
%00028%result% 32401
%00028%points% 72 101 76 85 101
%00029%mibun% 34102
%00029%seat% 43012
%00029%palyer_cards% SQH6H8HAD4D8D9DKC5CTCJ S3S6S9H9HTHJHKH2D7DTC3 S7S8SJSAH5HQDJC4CKC2 S4STH4H7D3D6DQD2C9CQJ3 S5SKS2H3D5DAC6C7C8CA 
%00029%change_cards%  13HKH2EE 02HAEE 31S4D3EE 20C4EE
%00029%play%  1S3D3C3EE 2EE 4EE 3EE 0EE 1EE 1S9H9EE 2EE 4EE 3EE 0EE 1EE 1HTDTEE 2EE 4EE 3EE 0EE 1EE 1S4EE 2H5EE 4C6EE 3H7EE 0H8EE 0D4C4EE 1EE 2EE 4EE 3EE 0EE 0C5EE 1S6EE 2S7EE 4SKEE 3KxEE 0KxEE 1KxEE 2KxEE 4KxEE 3KxEE 3DQCQEE 0EE 1EE 2EE 4EE 3EE 3H2D2EE 0EE 1EE 2EE 4EE 3EE 3H4EE 0H6EE 1HJEE 2HQEE 4KxEE 3HKEE 0KxEE 1KxEE 2HAEE 3KxEE 2KxEE 2SJDJEE 4EE 3EE 0EE 1EE 2EE 2S8EE 2CKEE 4DAEE 3KxEE 0KxEE 1KxEE 2C2EE 4KxEE 2KxEE 2SAEE 4S2EE 3KxEE 0KxEE 1KxEE 4KxEE 4S5D5EE 3EE 0EE 1EE 4EE 4H3EE 3D6EE 0D8EE 0D9EE 1KxEE 4CAEE 3KxEE 0KxEE 4KxEE 4C7EE 3C9EE 0CTEE 1KxEE 4KxEE 3KxEE 0CJEE 0KxEE 0SQEE 1KxEE 4KxEE 3KxEE 0DKEE 1D7EE 4C8EE
%00029%result% 20143
%00029%points% 76 104 81 86 103
%00030%mibun% 12043
%00030%seat% 43120
%00030%palyer_cards% SJSQSKS2HAD3DKC6C7CKCA S6S9HQH2DQD2C9CTCQJ3 S3S4S5S7S8STH5HJD6DTC4 SAH3H4HTD4D5D9C3C5C8 H6H7H8H9HKD7D8DJDACJC2 
%00030%change_cards%  32SAHTEE 40C2EE 23S3S4EE 04D3EE
%00030%play%  4H7D7EE 3EE 1EE 2EE 0EE 4EE 4H8D8EE 4DJCJEE 3EE 1EE 2EE 0EE 4EE 4D3EE 3S4EE 1S6EE 2S7EE 0SJEE 4KxEE 3KxEE 1KxEE 2KxEE 0KxEE 1KxEE 1S9C9EE 2EE 0EE 4EE 3EE 1EE 1HQDQCQEE 2EE 0EE 4EE 3EE 1EE 1H2D2EE 2EE 0EE 4EE 3EE 1EE 1CTEE 2HJEE 0SQEE 4HKEE 3KxEE 2SAEE 0S2EE 4KxEE 2KxEE 0KxEE 0SKDKCKEE 4EE 3EE 2EE 0EE 0HACAEE 4EE 3EE 2EE 0EE 0C6EE 4H9EE 3KxEE 2STEE 0C2EE 4KxEE 2KxEE 0KxEE 0C7EE 4DAEE 3KxEE 2KxEE 4KxEE 4H6EE 3C8EE 3S3H3C3EE 2EE 3EE 3H4D4EE 2EE 3EE 3D5C5EE 2EE 3EE 3D9EE
%00030%result% 10432
%00030%points% 80 109 82 88 106
%00031%mibun% 10432
%00031%seat% 43120
%00031%palyer_cards% S3S5S9STSJH3H6H2DTDQC9 H7H9D3D5D8D9D2C4C7CJCA S7SKH5HKDKC3C5C6C8C2J3 S4SQS2H4HTHJHAD4DJCQ S6S8SAH8HQD6D7DACTCK 
%00031%change_cards%  21C2J3EE 30S2EE 12D3C4EE 03S3EE
%00031%play%  2D3C3EE 0EE 4EE 3EE 1EE 2EE 2H5C5EE 0EE 4EE 3EE 1EE 2EE 2SKHKDKEE 0EE 4EE 3EE 1EE 2EE 2C4EE 0S5EE 4S6EE 3SQEE 1KxEE 2KxEE 0KxEE 4KxEE 3KxEE 1KxEE 1H7C7EE 2EE 0EE 4EE 3EE 1EE 1H9D9EE 2EE 0EE 4EE 3EE 1EE 1D2C2EE 2EE 0EE 4EE 3EE 1EE 1D5EE 2C6EE 0S9EE 4CTEE 3HJEE 1CAEE 2KxEE 0S2EE 4KxEE 3KxEE 1KxEE 0KxEE 0STDTEE 4EE 3EE 1EE 2EE 0EE 0H3EE 4D6EE 3HTEE 1CJEE 2KxEE 0DQEE 4CKEE 3HAEE 1KxEE 0H2EE 4KxEE 3KxEE 0KxEE 0H6EE 4D7EE 3DJEE 1KxEE 2KxEE 0KxEE 4DAEE 3KxEE 4KxEE 4S8H8EE 4HQEE 3KxEE 1KxEE 2KxEE 0KxEE 4SAEE 3S4H4D4EE 1EE 2EE 0EE 3EE 3S3EE 1D8EE 2S7EE 0C9EE 3CQEE 2KxEE 0KxEE 2C8EE
%00031%result% 41320
%00031%points% 81 113 84 91 111
%00032%mibun% 41320
%00032%seat% 43120
%00032%palyer_cards% SQSAH3H4HQHADKC3CTJ3 H6H9HTH2D6DJDAC5C6C7C8 S4S5S6S7SJSKH7D3D5DT S8STS2H8HJHKD4D9DQC9CJ S3S9H5D7D8D2C4CQCKCAC2 
%00032%change_cards%  04SAJ3EE 21SKEE 40S3C4EE 12C5EE
%00032%play%  2S5D5C5EE 0EE 4EE 3EE 1EE 2EE 2S7H7EE 0EE 4EE 3EE 1EE 2EE 2D3EE 0H4EE 4H5EE 3H8EE 3D9C9EE 1EE 2EE 0EE 4EE 3EE 3HJCJEE 1EE 2EE 0EE 4EE 3EE 3D4EE 1H6EE 2DTEE 0SQEE 4CKEE 3S2EE 1KxEE 2KxEE 0KxEE 4KxEE 3KxEE 4KxEE 4SACAEE 3EE 1EE 2EE 0EE 4EE 4D2C2EE 3EE 1EE 2EE 0EE 4EE 4D7EE 3S8EE 3STEE 1DJEE 2KxEE 0HQEE 4KxEE 3HKEE 1H2EE 0KxEE 3KxEE 1KxEE 1D6C6EE 2EE 0EE 4EE 3EE 1EE 1C7EE 2SJEE 0DKEE 4KxEE 3KxEE 1DAEE 2KxEE 0KxEE 1KxEE 1C8EE 1H9EE 2KxEE 0CTEE 4CQEE 3KxEE 1KxEE 0KxEE 4KxEE 4D8EE 4S9EE 3DQEE 1SKEE 2KxEE 0HAEE 1KxEE 0KxEE 0S3H3C3EE 1EE 2EE 0EE 0C4EE 1HTEE
%00032%result% 43012
%00032%points% 84 115 85 95 116
%00033%mibun% 23410
%00033%seat% 13420
%00033%palyer_cards% S3S7H6H8HTHJDQC8CKCAC2 S4S6STSJS2H3D8D2C3CQ S5S9SKH5H7D5D6D7DTC6CJ S8SAHQHAH2DKDAC5C7CT SQH4H9HKD3D4D9DJC4C9J3 
%00033%change_cards%  24SKCJEE 13S2EE 42H4D3EE 31C5EE
%00033%play%  2S5H5D5EE 0EE 1EE 3EE 4EE 2EE 2D6C6EE 0EE 1EE 3EE 4EE 2EE 2H7D7EE 0EE 1EE 3EE 4EE 2EE 2D3EE 0H6EE 1D8EE 1H3C3EE 3EE 4EE 2EE 0EE 1EE 1S4EE 3C7EE 4H9EE 2DTEE 0HJEE 1CQEE 3DKEE 4KxEE 2KxEE 0KxEE 1KxEE 3KxEE 4KxEE 4D4C4EE 2EE 0EE 1EE 3EE 4EE 4D9C9EE 2EE 0EE 1EE 3EE 4EE 4DJCJEE 2EE 0EE 1EE 3EE 4EE 4SKHKEE 2EE 0EE 1EE 3EE 4EE 4SQEE 2KxEE 0CKEE 1D2EE 3KxEE 0KxEE 1KxEE 1C5EE 3S8EE 3SAHADAEE 2EE 0EE 1EE 3EE 3S2H2EE 2EE 0EE 1EE 3EE 3CTEE 2KxEE 0DQEE 1KxEE 3KxEE 0CAEE 0C2EE 0KxEE 0H8C8EE 0S3EE 1S6EE 3KxEE 2S9EE 0KxEE 1STEE 2KxEE 1SJEE 3HQEE 2KxEE 0KxEE 2H4EE
%00033%result% 41320
%00033%points% 85 119 87 98 121
%00034%mibun% 41320
%00034%seat% 13420
%00034%palyer_cards% S4S6S7STS2H6H9D3C3C6CA S9SQH4D4DJDQC7C8CTJ3 H3H8HJHAD5D7D8DTDKC5C9 S3S8SJH5HQD6D2C4CJCK S5SKSAH7HTHKH2D9DACQC2 
%00034%change_cards%  04S2CAEE 21HAEE 40S5H7EE 12H4EE
%00034%play%  0D3C3EE 1EE 3EE 4EE 2EE 0EE 0S6H6C6EE 1EE 3EE 4EE 2EE 0EE 0S7H7EE 1EE 3EE 4EE 2EE 0EE 0S4EE 1C7EE 3S8EE 3SJCJEE 4EE 2EE 0EE 1EE 3EE 3S3EE 4D9EE 2DTEE 0KxEE 1DJEE 3D2EE 4KxEE 2KxEE 1KxEE 3KxEE 1KxEE 1SQDQEE 3EE 4EE 2EE 0EE 1EE 1D4EE 3H5EE 4HTEE 2HJEE 0KxEE 1HAEE 3KxEE 4H2EE 2KxEE 1KxEE 4KxEE 4SKHKEE 2EE 0EE 1EE 3EE 4EE 4SADACAEE 2EE 0EE 1EE 3EE 4EE 4S2C2EE 2EE 0EE 1EE 3EE 4EE 4CQEE 2DKEE 0KxEE 1KxEE 3KxEE 2KxEE 2D5C5EE 0EE 1EE 3EE 2EE 2H8D8EE 2H3EE 0S5EE 1C8EE 1S9EE 3HQEE 2KxEE 0KxEE 1KxEE 3CKEE 3KxEE 3C4EE 2D7EE 0H9EE 1CTEE 3KxEE 2KxEE 0KxEE 3D6EE 2C9EE 0STEE
%00034%result% 41302
%00034%points% 87 123 88 101 126
%00035%mibun% 31420
%00035%seat% 13420
%00035%palyer_cards% S4S8S2H5HTD5DKD2C3C9CA S3SKSAH3H6HKDAC5CKJ3 STSJH8D7D9DJC4C6C8CTC2 H4H9HJHQHAH2D4D6D8CJ S5S6S7S9SQH7D3DTDQC7CQ 
%00035%change_cards%  24SJC2EE 01S2EE 42S5D3EE 10S3EE
%00035%play%  2H8C8EE 2STCTEE 0EE 1EE 3EE 4EE 2EE 2D3EE 0S4EE 1C5EE 3D6EE 4S7EE 2D9EE 0HTEE 1SKEE 3HAEE 4C2EE 2KxEE 0KxEE 1KxEE 3KxEE 4KxEE 1KxEE 1HKCKEE 3EE 4EE 2EE 0EE 1EE 1SADAEE 3EE 4EE 2EE 0EE 1EE 1H3EE 3H4EE 4H7EE 2KxEE 0KxEE 1KxEE 3H9EE 4KxEE 3HJEE 3HQEE 3H2EE 3KxEE 3D4EE 4S6EE 2D7EE 0S8EE 0S3C3EE 1EE 3EE 4EE 2EE 0EE 0H5D5EE 1EE 3EE 4EE 2EE 0EE 0C9EE 1S2EE 3KxEE 4KxEE 2KxEE 0KxEE 1KxEE 1H6EE 3D8EE 3CJEE 4SQEE 2KxEE 0DKEE 4KxEE 0CAEE 0D2EE 4DQCQEE 2EE 4EE 4C7EE 2DJEE 4KxEE 2KxEE 2C4EE 4S9EE 2KxEE 4DTEE 4SJEE
%00035%result% 13042
%00035%points% 90 128 89 105 128
%00036%mibun% 20413
%00036%seat% 04213
%00036%palyer_cards% S9H6H7H8HJD4D9DAC7CTC2 S3S5S8SKSAHTDTDJC9CJCQ S4SQH3D3D5D6D8D2C3CA S7STSJH9HQHKC4C5C6C8J3 S6S2H4H5HAH2D7DQDKCK 
%00036%change_cards%  21D2CAEE 43S2EE 12S3S5EE 34C4EE
%00036%play%  2S3H3D3C3EE 1EE 3EE 0EE 4EE 2EE 2EE 1EE 3EE 0EE 4EE 2EE 1EE 3EE 0EE 4EE 2EE 1EE 3EE 0EE 4EE
%00036%result% 13042
%00036%points% 93 133 90 109 130
%00037%mibun% 20413
%00037%seat% 04213
%00037%palyer_cards% S8SJSAH3H5H7HQD6DQCQJ3 S5S6SQS2H4H6H2D8C6C7C2 S3S9D4D5D7DTDKDAC5C8 S4S7SKH8H9HKD9C9CJCKCA STHTHJHAD3DJD2C3C4CT 
%00037%change_cards%  21DKDAEE 43D2EE 12S5H4EE 34S4EE
%00037%play%  4D3C3EE 2EE 1EE 3EE 0EE 4EE 4S4C4EE 2EE 1EE 3EE 0EE 4EE 4STHTCTEE 2EE 1EE 3EE 0EE 4EE 4HJDJEE 2EE 1EE 3EE 0EE 4EE 4HAEE 2KxEE 1S2EE 3KxEE 0KxEE 1KxEE 0KxEE 0HQDQCQEE 2EE 1EE 3EE 0EE 0H3EE 2H4EE 1H6EE 3H8EE 3H9D9C9EE 0EE 2EE 1EE 3EE 3SKHKCKEE 0EE 2EE 1EE 3EE 3S7EE 0S8EE 0H5EE 2D7EE 1D8EE 1S6C6EE 3EE 0EE 2EE 1EE 1H2C2EE 3EE 0EE 2EE 1EE 1C7EE 3CJEE 0KxEE 2KxEE 1KxEE 3CAEE 3KxEE 3D2EE 0KxEE 2KxEE 1KxEE 0D6EE 2C8EE 2S5D5C5EE 1EE 0EE 2EE 2S3EE 1SQEE 0SAEE 2KxEE 1KxEE 0KxEE 0H7EE 2S9EE 1DKEE 0KxEE 2KxEE 1DAEE 0SJEE
%00037%result% 43102
%00037%points% 95 136 91 113 135
%00038%mibun% 32410
%00038%seat% 04213
%00038%palyer_cards% SQH4H8HQHKH2D9DQC6CK S3S4S8SJSAH7H9D6D7DKJ3 S7S9H5HTHJDTDJC3C7C8CT S6STSKD3D4D5DAD2C5CA S5S2H3H6HAD8C4C9CJCQC2 
%00038%change_cards%  24HJDJEE 03H2EE 42H3C4EE 30D3EE
%00038%play%  0SQHQDQEE 4EE 2EE 1EE 3EE 0EE 0HKCKEE 4EE 2EE 1EE 3EE 0EE 0D3EE 4S5EE 2S7EE 1S8EE 1H7D7EE 3EE 0EE 4EE 2EE 1EE 1S3EE 3D4EE 0C6EE 4D8EE 4HJDJCJEE 2EE 1EE 3EE 0EE 4EE 4S2C2EE 2EE 1EE 3EE 0EE 4EE 4H6EE 2C7EE 1H9EE 3STEE 0KxEE 4CQEE 2KxEE 1DKEE 3DAEE 4KxEE 1KxEE 3KxEE 1KxEE 1S4EE 3D5EE 0H8EE 0H4EE 4C9EE 2HTEE 1SJEE 3SKEE 0KxEE 4KxEE 2KxEE 1SAEE 3KxEE 1KxEE 1D6EE 3CAEE 0KxEE 4KxEE 2KxEE 3H2EE 3KxEE 3C5EE 0D9EE 4HAEE 2KxEE 3D2EE 3KxEE 3S6EE
%00038%result% 10432
%00038%points% 99 141 92 115 138
%00039%mibun% 10432
%00039%seat% 20134
%00039%palyer_cards% S3S9SKH3H5HTHAC8CKCA S5S2H6H9HQHKD8DJC3C5CJ S4S7STH4H7D5D6C4C2J3 S8SQD3D4D9DTDQD2C6C9CT S6SJSAH8HJH2D7DKDAC7CQ 
%00039%change_cards%  21C2J3EE 30D2EE 12S5C3EE 03S3EE
%00039%play%  3S3D3EE 4EE 2EE 0EE 1EE 3EE 3D9C9EE 4EE 2EE 0