%-----%hostname% b78
%-----%TIME_START% 2024/04/22 11:10:54
%-----%palyer_name% Normal Normal Normal Normal Normal
%-----%WINDOW_TYPE% ALICE
%-----%GRAPH_WINDOW% YES
%-----%RAND_TYPE% 1
%-----%RULE_KAKUMEI% YES
%-----%RULE_SHIBARI% YES
%-----%RULE_KINSOKU% NO
%-----%RULE_KAIDAN% YES
%-----%RULE_CHANGE% YES
%-----%RULE_5TOBI% NO
%-----%RULE_6REVERS% NO
%-----%RULE_8GIRI% YES
%-----%RULE_11BACK% NO
%-----%RULE_SEKIGAE% YES
%-----%RULE_SEKIGAE_NUM% 3
%-----%GAME_NUMBER% 10
%-----%FLASH_MIBUN_NUMBER% 100
%-----%GAME_PORT% 51548
%-----%RANDOM_SEED% 1713751847
%00000%mibun% 22222
%00000%seat% 40123
%00000%palyer_cards% S6H5H7HTHKD6C4C7C8CJJ3 S4S5S9H8HAD7DTDJC9CTC2 STSJS2H3H9HQD3D4C5C6 SQSKSAH4H6H2D9DQDKD2 S3S7S8HJD5D8DAC3CQCKCA 
%00000%change_cards% NULL
%00000%play%  2H3EE 3H4EE 4HJEE 0HKEE 1HAEE 2KxEE 3H2EE 4KxEE 0KxEE 1KxEE 3KxEE 0KxEE 0C4EE 1S5EE 2C6EE 3D9EE 4CQEE 0KxEE 1C2EE 2KxEE 3KxEE 4KxEE 1KxEE 1S4EE 2C5EE 3H6EE 4S7EE 0C8EE 0H5EE 1D7EE 2H9EE 3SQEE 4CKEE 0KxEE 1KxEE 2S2EE 3KxEE 4KxEE 2KxEE 2D3EE 3DQEE 4DAEE 0KxEE 1KxEE 2KxEE 3D2EE 4KxEE 3KxEE 3SKEE 4CAEE 0KxEE 1KxEE 2KxEE 3KxEE 4KxEE 4S3EE 0S6EE 1S9EE 2STEE 3SAEE 4KxEE 0KxEE 1KxEE 2KxEE 3KxEE 3DKEE 4KxEE 0KxEE 1KxEE 2KxEE 4C3EE 0D6EE 1H8EE 1C9EE 2SJEE 4KxEE 0KxEE 1KxEE 2HQEE 2KxEE 2D4EE 4D5EE 0KxEE 1DTEE 4KxEE 1DJEE 1KxEE 1CTEE 4KxEE 0CJEE 0KxEE 0H7EE 4S8EE 4D8EE
%00000%result% 32140
%00000%points% 1 3 4 5 2
%00001%mibun% 42103
%00001%seat% 40123
%00001%palyer_cards% S6S9SQH5D4D7DJC6CAC2J3 S8STSAD3D6D9DKC3C7CQ S5S7H6HJHKD5DTC5CTCK SKS2H7H9HTH2DQD2C4C8C9 S3S4SJH3H4H8HQHAD8DACJ 
%00001%change_cards%  03C2J3EE 42HAEE 30H7C4EE 24S5EE
%00001%play%  1D3EE 2D5EE 3DQEE 4DAEE 0KxEE 1KxEE 2KxEE 3D2EE 4KxEE 3KxEE 3KxEE 3C8EE 3H9EE 4SJEE 0SQEE 1SAEE 2KxEE 3S2EE 4KxEE 0KxEE 1KxEE 3KxEE 3C9EE 4CJEE 0CAEE 1KxEE 2KxEE 3C2EE 4KxEE 0KxEE 3KxEE 3HTEE 4HQEE 0KxEE 1KxEE 2HKEE 3H2EE 4KxEE 2KxEE 3KxEE 3SKEE 4KxEE 0KxEE 1KxEE 2HAEE 2KxEE 2C5EE 4H8EE 4S3EE 0D4EE 1D6EE 2DTEE 4KxEE 0DJEE 1DKEE 2KxEE 0KxEE 1KxEE 1C3EE 2H6EE 4D8EE 4H3EE 0C4EE 1C7EE 2CTEE 4KxEE 0KxEE 1CQEE 2CKEE 1KxEE 2KxEE 2S7EE 4KxEE 0S9EE 1STEE 2KxEE 0KxEE 1KxEE 1S8EE 1D9EE 2HJEE 4KxEE 0KxEE 4S4EE 0H5EE 4KxEE 0S6EE 0H7EE 0KxEE 0C6EE 4KxEE 0D7EE
%00001%result% 31204
%00001%points% 3 7 7 10 3
%00002%mibun% 31204
%00002%seat% 40123
%00002%palyer_cards% HQHKD5D6DJC5C8CTCJCQCA SKSAH5H7H2D7DKDACKJ3 S4STSQS2H4HJD3DQD2C4 S6S7S8H6H8HTHAD4D8D9C9 S3S5S9SJH3H9DTC3C6C7C2 
%00002%change_cards%  43SJC2EE 01CAEE 34S6D4EE 10H5EE
%00002%play%  2D3EE 3H6EE 4C7EE 0C8EE 0H5EE 1H7EE 2HJEE 3HAEE 4KxEE 0KxEE 1H2EE 2KxEE 3KxEE 1KxEE 1KxEE 1D7EE 2STEE 3SJEE 4KxEE 0KxEE 1SKEE 2S2EE 3KxEE 1KxEE 2KxEE 2S4EE 3S7EE 4S9EE 0KxEE 1SAEE 2KxEE 3KxEE 4KxEE 1KxEE 1DKEE 2D2EE 3KxEE 4KxEE 0KxEE 1KxEE 2KxEE 2H4EE 3S8EE 3H8EE 3D8EE 3D9EE 4DTEE 0DJEE 1DAEE 2KxEE 3KxEE 4KxEE 0KxEE 1KxEE 1CKEE 2KxEE 3C2EE 4KxEE 0KxEE 1KxEE 3KxEE 3C9EE 4KxEE 0CTEE 1CAEE 2KxEE 3KxEE 0KxEE 2C4EE 3HTEE 4KxEE 0CJEE 2SQEE 0HKEE 2KxEE 0KxEE 0D5EE 2DQEE 4KxEE 0KxEE 4S3EE 0C5EE 4S6EE 0HQEE 4KxEE 0KxEE 0D6EE 4H9EE 0CQEE
%00002%result% 13204
%00002%points% 5 12 10 14 4
%00003%mibun% 30214
%00003%seat% 10423
%00003%palyer_cards% S9H9HAH2D6D7D9DAD2C7CT STSKSAH3H4H8HQC8C9CQCK S4S6S8H7DTDKC6CJCAJ3 S5SQH6HJD5D8DQC3C4C2 S3S7SJS2H5HTHKD3D4DJC5 
%00003%change_cards%  41S2HKEE 03H2EE 14H3H4EE 30C3EE
%00003%play%  4S3EE 2S4EE 3S5EE 1STEE 0KxEE 4SJEE 2KxEE 3KxEE 1KxEE 4KxEE 2KxEE 2S6EE 3D8EE 3C4EE 1H8EE 1C8EE 1C9EE 0CTEE 4KxEE 2CJEE 3C2EE 1KxEE 0KxEE 2KxEE 3KxEE 3D5EE 1HQEE 0HAEE 4KxEE 2KxEE 3H2EE 1KxEE 0KxEE 3KxEE 3H6EE 1CQEE 0DAEE 4KxEE 2KxEE 3KxEE 1S2EE 0KxEE 1KxEE 1SKEE 0D2EE 4KxEE 2KxEE 3KxEE 1KxEE 0KxEE 0C3EE 4H4EE 2C6EE 3HJEE 1HKEE 0KxEE 4KxEE 2KxEE 3KxEE 1KxEE 1CKEE 0KxEE 4KxEE 2CAEE 3KxEE 1KxEE 2KxEE 2H7EE 3SQEE 1SAEE 0KxEE 4KxEE 2KxEE 3KxEE 0D6EE 4S7EE 2S8EE 2DTEE 3DQEE 0KxEE 4KxEE 2DKEE 0D7EE 4HTEE 0KxEE 4DJEE 4KxEE 4H3EE 0C7EE 4KxEE 0S9EE 0KxEE 0H9EE 4KxEE 0KxEE 0D9EE
%00003%result% 13204
%00003%points% 7 17 13 18 5
%00004%mibun% 30214
%00004%seat% 10423
%00004%palyer_cards% S9SJHTHQD5D6DQC3C6C9CA SQSKH7H8H2D4DTD2C8C2J3 S3S5SAH3H6HAD8D9CTCQ S8S2H5H9HJHKD3DJC7CJ S4S6S7STH4D7DKDAC4C5CK 
%00004%change_cards%  41DKDAEE 03CAEE 14H7D4EE 30D3EE
%00004%play%  0D3EE 4S4EE 2S5EE 3S8EE 3H5EE 1H8EE 1C8EE 1DTEE 0SJEE 4CKEE 2SAEE 3S2EE 1KxEE 0KxEE 4KxEE 2KxEE 3KxEE 1KxEE 1SQEE 0KxEE 4KxEE 2HAEE 3KxEE 1H2EE 2KxEE 1KxEE 1SKEE 0KxEE 4KxEE 2KxEE 3CAEE 1D2EE 3KxEE 1KxEE 1DKEE 0KxEE 4KxEE 2KxEE 3KxEE 1DAEE 1KxEE 1C2EE 0KxEE 4KxEE 2KxEE 3KxEE 0C3EE 4H4EE 2H6EE 3H9EE 0HTEE 4KxEE 2KxEE 3HJEE 0HQEE 3HKEE 0KxEE 3KxEE 3C7EE 0S9EE 4STEE 2KxEE 3KxEE 0KxEE 4KxEE 4D4EE 2D8EE 2S3EE 3DJEE 0DQEE 4KxEE 2KxEE 3KxEE 0KxEE 0D5EE 4S6EE 2D9EE 3CJEE 0KxEE 4KxEE 2CQEE 2KxEE 2H3EE 0D6EE 4S7EE 2CTEE 0KxEE 4KxEE 0C6EE 4H7EE 0C9EE
%00004%result% 13204
%00004%points% 9 22 16 22 6
%00005%mibun% 30214
%00005%seat% 10423
%00005%palyer_cards% S3S4S7SQH9D9C3C6C9CQCA S9SJSKH7H2D3DKDAD2C7C8 S8S2H3H4H5H8HKD7DJJ3 S5STH6HTHQHAD5C5CKC2 S6SAHJD4D6D8DTDQC4CTCJ 
%00005%change_cards%  41SADQEE 03CAEE 14H7D3EE 30S5EE
%00005%play%  4D3EE 2H4EE 3D5EE 1C7EE 0H9EE 4DTEE 2DJEE 3KxEE 1DQEE 0KxEE 4KxEE 2KxEE 1KxEE 2KxEE 2H3EE 3C5EE 1C8EE 1S9EE 0SQEE 4KxEE 2S2EE 3KxEE 1KxEE 0KxEE 2KxEE 2H5EE 3H6EE 1H2EE 0KxEE 4KxEE 2KxEE 3KxEE 1KxEE 1SJEE 0CQEE 4KxEE 2HKEE 3HAEE 1KxEE 0KxEE 2KxEE 3KxEE 3STEE 1SKEE 0KxEE 4KxEE 2KxEE 3KxEE 1SAEE 1KxEE 1DKEE 0KxEE 4KxEE 2KxEE 3CAEE 1D2EE 3KxEE 1KxEE 1DAEE 0KxEE 4KxEE 2KxEE 3C2EE 3KxEE 3HTEE 0KxEE 4HJEE 2KxEE 3HQEE 4KxEE 3KxEE 3CKEE 0KxEE 4KxEE 2KxEE 0S3EE 4D4EE 2D7EE 0D9EE 4KxEE 2KxEE 0KxEE 0C3EE 4C4EE 2KxEE 0C6EE 4CTEE 0KxEE 4CJEE 4KxEE 4S6EE 2S8EE 2H8EE 0S4EE 4D6EE 0S7EE 4D8EE 4H7EE
%00005%result% 13240
%00005%points% 10 27 19 26 8
%00006%mibun% 40213
%00006%seat% 32410
%00006%palyer_cards% SQH7HAH2D6D7DKDAD2CTC2 S6S7S2H6HQD4D5DJDQC6C7 S3S5SKSAHTD8D9DTC4CQ S4S8H3H5HKD3C5C8CJCKJ3 S9STSJH4H8H9HJC3C9CA 
%00006%change_cards%  01H2D2EE 43CAEE 10D4D5EE 34H3EE
%00006%play%  3D3EE 2C4EE 4H8EE 4H3EE 1S6EE 0H7EE 3S8EE 3S4EE 2S5EE 4S9EE 1S2EE 0KxEE 3KxEE 2KxEE 4KxEE 1KxEE 3KxEE 3H5EE 2D8EE 2S3EE 4H4EE 1H6EE 0HAEE 3KxEE 2KxEE 4KxEE 1H2EE 0KxEE 1KxEE 1C6EE 0D7EE 3C8EE 3C5EE 2D9EE 4STEE 1DJEE 0SQEE 3HKEE 2SAEE 4KxEE 1D2EE 0KxEE 3KxEE 2KxEE 1KxEE 1S7EE 0CTEE 3CJEE 2CQEE 4KxEE 1KxEE 0C2EE 3KxEE 2KxEE 0KxEE 0D4EE 3CKEE 2KxEE 4KxEE 1KxEE 0DAEE 3KxEE 0KxEE 0D5EE 3CAEE 2KxEE 4KxEE 1KxEE 0KxEE 2HTEE 4SJEE 1HQEE 0DKEE 2KxEE 4KxEE 1KxEE 0KxEE 0D6EE 2DTEE 4KxEE 1DQEE 2KxEE 1KxEE 1C7EE 2SKEE
%00006%result% 30124
%00006%points% 14 30 21 31 9
%00007%mibun% 12304
%00007%seat% 32410
%00007%palyer_cards% S4STSKH3H2D7D9DQD2CJ S7SQH4H6H8HKC4C6C9C2 S6S8S2H9HQHAD8C3C8CTJ3 S3S5SJSAH7D3D4D5D6DTDJ S9H5HTHJDKDAC5C7CQCKCA 
%00007%change_cards%  43DACAEE 20J3EE 34S3D3EE 02H3EE
%00007%play%  4S3EE 1H4EE 0D7EE 3DTEE 2KxEE 4DKEE 1KxEE 0D2EE 3KxEE 4KxEE 0KxEE 0KxEE 0S4EE 3S5EE 2S6EE 4S9EE 1SQEE 0SKEE 3SAEE 2S2EE 4KxEE 1KxEE 0KxEE 3KxEE 2KxEE 2H3EE 4H5EE 1H6EE 0H2EE 3KxEE 2KxEE 4KxEE 1KxEE 0KxEE 0D9EE 3SJEE 2HQEE 4CKEE 1C2EE 0KxEE 3KxEE 2KxEE 4KxEE 1KxEE 1C4EE 0STEE 3DJEE 2HAEE 4KxEE 1KxEE 0KxEE 3KxEE 2KxEE 2C3EE 4C5EE 1C6EE 0CJEE 3CAEE 2KxEE 4KxEE 1KxEE 0KxEE 3KxEE 3D4EE 2S8EE 2D8EE 2C8EE 2H9EE 4HTEE 1HKEE 0KxEE 3KxEE 2KxEE 4KxEE 1KxEE 1S7EE 0DQEE 3DAEE 2KxEE 4KxEE 1KxEE 3KxEE 3D5EE 2CTEE 4HJEE 1KxEE 3KxEE 4CQEE 4KxEE 4D3EE 1H8EE 1C9EE 3KxEE 4KxEE 3D6EE 4C7EE
%00007%result% 02143
%00007%points% 19 33 25 32 11
%00008%mibun% 02143
%00008%seat% 32410
%00008%palyer_cards% S6S7S8H6H8HTH2C5C6CAJ3 SJSKH3H4HQD8DQDACTCK SQSAHJHKD3D4D6D9C3C4C7 S3S2H7D5D7DKD2C9CJCQC2 S4S5S9STH5H9HADTDJC8 
%00008%change_cards%  30S2D2EE 42HAEE 03S6C5EE 24D3EE
%00008%play%  4D3EE 1H4EE 0H6EE 3H7EE 2HJEE 4KxEE 1HQEE 0H2EE 3KxEE 2KxEE 1KxEE 0KxEE 0KxEE 0C6EE 3D7EE 2D9EE 4DTEE 1DQEE 0D2EE 3KxEE 2KxEE 4KxEE 1KxEE 0KxEE 0S7EE 3C9EE 2SQEE 4KxEE 1SKEE 0S2EE 3KxEE 2KxEE 1KxEE 0KxEE 0S8EE 0H8EE 0HTEE 3CJEE 2HKEE 4KxEE 1DAEE 0KxEE 3C2EE 2KxEE 1KxEE 3KxEE 3S3EE 2D4EE 4S5EE 1D8EE 1H3EE 0CAEE 3KxEE 2KxEE 4KxEE 1KxEE 3D5EE 2D6EE 4DJEE 1KxEE 3DKEE 2KxEE 4KxEE 3KxEE 3C5EE 2C7EE 4C8EE 4S4EE 1CTEE 3CQEE 2KxEE 4KxEE 1CKEE 3KxEE 1KxEE 1SJEE 3KxEE 2SAEE 4KxEE 2KxEE 2C3EE 4H5EE 3S6EE 2HAEE 4KxEE 2KxEE 2C4EE
%00008%result% 01324
%00008%points% 24 37 27 35 12
%00009%mibun% 01324
%00009%seat% 34021
%00009%palyer_cards% S7STSQH7H9HKH2DAC5CQJ3 S9H3HAD4D7DTDJD2C4C9CA S4S8SJD3D6D9DQC7C8CTCJ S3S6SKS2H4HQD8DKC6C2 S5SAH5H6H8HTHJD5C3CK 
%00009%change_cards%  40SACKEE 21DQEE 04S7C5EE 12H3EE
%00009%play%  2H3EE 1D4EE 3S6EE 4S7EE 0STEE 2SJEE 1KxEE 3SKEE 4KxEE 0SAEE 2KxEE 3S2EE 0KxEE 3KxEE 0KxEE 0H7EE 2S8EE 2D3EE 1C4EE 3C6EE 4KxEE 0CQEE 2KxEE 1CAEE 3C2EE 0KxEE 1KxEE 3KxEE 3S3EE 4S5EE 0SQEE 2KxEE 1KxEE 3KxEE 4KxEE 0KxEE 0H9EE 2CTEE 1DJEE 3HQEE 4KxEE 0HKEE 2KxEE 1HAEE 3KxEE 0H2EE 1KxEE 0KxEE 0CKEE 2KxEE 1D2EE 3KxEE 4KxEE 0KxEE 1KxEE 1D7EE 3D8EE 3H4EE 4H5EE 0KxEE 2KxEE 1KxEE 3KxEE 4H6EE 4H8EE 4C3EE 0DAEE 2KxEE 1KxEE 3KxEE 4KxEE 2S4EE 1S9EE 3KxEE 4KxEE 2KxEE 1KxEE 1C9EE 3DKEE 4KxEE 2KxEE 1KxEE 4D5EE 2D6EE 1DTEE 4KxEE 2KxEE 1DQEE 4C5EE 2C7EE 4KxEE 2C8EE 2D9EE 4HTEE 2CJEE
%00009%result% 03124
%00009%points% 29 40 29 39 13
