%-----%hostname% b78
%-----%TIME_START% 2024/04/22 11:51:58
%-----%palyer_name% Normal Normal Normal Normal Normal
%-----%WINDOW_TYPE% ALICE
%-----%GRAPH_WINDOW% YES
%-----%RAND_TYPE% 1
%-----%RULE_KAKUMEI% YES
%-----%RULE_SHIBARI% YES
%-----%RULE_KINSOKU% NO
%-----%RULE_KAIDAN% YES
%-----%RULE_CHANGE% YES
%-----%RULE_5TOBI% NO
%-----%RULE_6REVERS% NO
%-----%RULE_8GIRI% YES
%-----%RULE_11BACK% NO
%-----%RULE_SEKIGAE% YES
%-----%RULE_SEKIGAE_NUM% 3
%-----%GAME_NUMBER% 200
%-----%FLASH_MIBUN_NUMBER% 100
%-----%GAME_PORT% 51548
%-----%RANDOM_SEED% 1713754307
%00000%mibun% 22222
%00000%seat% 10234
%00000%palyer_cards% S7S8STSAH9HTD7DTDJC2 S9SJSKD5D6DQD2C6C8CJCA S3H5H8H2D9DAC3C7C9CQ S4S5H3HJHQHAD8DKC4CTJ3 S6SQS2H4H6H7HKD3D4C5CK 
%00000%change_cards% NULL
%00000%play%  4D3EE 1D5EE 0D7EE 2D9EE 3DKEE 4KxEE 1D2EE 0KxEE 2KxEE 3KxEE 1KxEE 3KxEE 3H3EE 4H4EE 1KxEE 0H9EE 2H2EE 3KxEE 4KxEE 0KxEE 2KxEE 2S3EE 3S4EE 4S6EE 1S9EE 0STEE 2KxEE 3KxEE 4SQEE 1SKEE 0SAEE 4S2EE 1KxEE 0KxEE 4KxEE 4D4EE 1D6EE 0DTEE 2DAEE 3KxEE 4KxEE 1KxEE 0KxEE 2KxEE 2C3EE 3C4EE 4C5EE 1C6EE 0C2EE 2KxEE 3KxEE 4KxEE 1KxEE 0KxEE 0S7EE 2H8EE 2H5EE 3D8EE 3S5EE 4H6EE 1C8EE 1SJEE 0KxEE 2CQEE 3HAEE 4KxEE 1KxEE 2KxEE 3KxEE 3CTEE 4HKEE 1CAEE 0KxEE 2KxEE 3KxEE 4KxEE 1KxEE 1CJEE 0KxEE 2KxEE 3HQEE 4CKEE 1KxEE 3KxEE 4KxEE 4H7EE 1DQEE 0KxEE 2KxEE 3KxEE 0S8EE 0HTEE 2KxEE 3HJEE 0KxEE 0DJEE
%00000%result% 41302
%00000%points% 2 4 1 3 5
%00001%mibun% 31420
%00001%seat% 10234
%00001%palyer_cards% STS2H5H6H8D5D9DTC4C2J3 S9SJSKH4HJHKD4DQDKDAC3 H3H7D6D8C5C7C8C9CTCK S4S5S6S7H9HQHAD2C6CQ S3S8SQSAHTH2D3D7DJCJCA 
%00001%change_cards%  24CTCKEE 01J3EE 42S3D3EE 10C3EE
%00001%play%  2S3EE 3S4EE 4S8EE 4D7EE 1S9EE 0STEE 2KxEE 3KxEE 4SQEE 1SKEE 0S2EE 4KxEE 1KxEE 0KxEE 1KxEE 1H4EE 0H5EE 2H7EE 3H9EE 4HTEE 1HJEE 0KxEE 2KxEE 3HQEE 4H2EE 1KxEE 3KxEE 4KxEE 4CTEE 1SJEE 0C2EE 2KxEE 3KxEE 4KxEE 1KxEE 0KxEE 0C3EE 2C5EE 3C6EE 4CJEE 1KxEE 0KxEE 2KxEE 3CQEE 4CKEE 3KxEE 4CAEE 4KxEE 4DJEE 1DQEE 0KxEE 2KxEE 3D2EE 4KxEE 1KxEE 3KxEE 3S5EE 4SAEE 1KxEE 0KxEE 2KxEE 3KxEE 1D4EE 0D5EE 2D6EE 3KxEE 1DKEE 0KxEE 2KxEE 1DAEE 1KxEE 1HKEE 0KxEE 2KxEE 3HAEE 3KxEE 3S6EE 0H8EE 0C4EE 2C7EE 3KxEE 0KxEE 2C8EE 2H3EE 3S7EE 0D9EE 2KxEE 0DTEE 0KxEE 0H6EE
%00001%result% 41302
%00001%points% 4 8 2 6 10
%00002%mibun% 31420
%00002%seat% 10234
%00002%palyer_cards% S4S5STSQSKSAH4H5H9DQC6 S6HTHQHAD3D5D9C7CTCJCA S3S9H6H7HJD4DAC4C8CK SJS2H8H2D6D7DTDKC5CQ S7S8H3HKD8DJD2C3C9C2J3 
%00002%change_cards%  24DACKEE 01SAEE 42H3C3EE 10D3EE
%00002%play%  0D3EE 2D4EE 3D6EE 4D8EE 4S7EE 1D9EE 0STEE 2HJEE 3CQEE 4HKEE 1SAEE 0KxEE 2KxEE 3S2EE 4KxEE 1KxEE 3KxEE 4KxEE 4S8EE 4C9EE 1HTEE 0SQEE 2KxEE 3DKEE 4DAEE 1KxEE 0KxEE 3KxEE 4D2EE 4KxEE 4DJEE 1HQEE 0SKEE 2KxEE 3H2EE 4KxEE 1KxEE 0KxEE 3KxEE 3C5EE 4CKEE 1CAEE 0KxEE 2KxEE 3KxEE 4C2EE 1KxEE 1D5EE 0C6EE 2H7EE 3H8EE 3D7EE 1CTEE 0DQEE 2KxEE 3KxEE 1HAEE 0KxEE 1KxEE 1S6EE 0H9EE 2KxEE 3DTEE 1CJEE 0KxEE 3KxEE 1KxEE 1C7EE 0KxEE 2C8EE 2S3EE 3SJEE 0KxEE 2KxEE 0S4EE 2H6EE 0KxEE 2S9EE 2KxEE 2H3EE 0H4EE 2KxEE 0H5EE 0KxEE 0S5EE
%00002%result% 41302
%00002%points% 6 12 3 9 15
%00003%mibun% 31420
%00003%seat% 02314
%00003%palyer_cards% S5S7SAH6D3D5DTDJC6CTCQ S4S9STH4H8H2D6D7D8CJ SJSQH3HKHADAC5C9CKCAJ3 S6S8H7HTHJDQDKC3C7C2 S3SKS2H5H9HQD4D9D2C4C8 
%00003%change_cards%  24HAJ3EE 01SAEE 42S3D4EE 10S4EE
%00003%play%  0D3EE 2D4EE 3DQEE 1KxEE 4D2EE 0KxEE 2KxEE 3KxEE 4KxEE 4KxEE 4C4EE 0S5EE 2C9EE 3HTEE 1CJEE 4HQEE 0KxEE 2HKEE 3KxEE 1H2EE 4KxEE 2KxEE 1KxEE 1H4EE 4H5EE 0H6EE 2KxEE 3H7EE 1H8EE 1D6EE 4C8EE 4H9EE 0DTEE 2SJEE 3DKEE 1SAEE 4S2EE 0KxEE 2KxEE 3KxEE 1KxEE 4KxEE 4D9EE 0CTEE 2SQEE 3C2EE 1KxEE 4KxEE 0KxEE 2KxEE 3KxEE 3C3EE 1D7EE 4SKEE 0KxEE 2DAEE 3KxEE 1KxEE 4KxEE 2KxEE 2S3EE 3S6EE 1S9EE 4KxEE 0KxEE 2KxEE 3KxEE 1STEE 1KxEE 1D8EE 4HAEE 0KxEE 2KxEE 3KxEE 0S4EE 2C5EE 3C7EE 0CQEE 2CKEE 3KxEE 0KxEE 2CAEE 2KxEE 2H3EE 3S8EE 3HJEE
%00003%result% 14230
%00003%points% 7 17 6 11 19
%00004%mibun% 40231
%00004%seat% 02314
%00004%palyer_cards% S5S6S8SJSQDTDQDAC5CTCJ S7SKH7HJD9DKC3C6C8CKCA SAS2H5HKH2D6D7D8DJC4 S4S9STH4H6H8D3D5C7CQ S3H3H9HTHQHAD4D2C9C2J3 
%00004%change_cards%  01SQDAEE 34CQEE 10C3C6EE 43S3EE
%00004%play%  3S3EE 1S7EE 4KxEE 0KxEE 2KxEE 3KxEE 1KxEE 4KxEE 4H3EE 0S5EE 2D6EE 3C7EE 1C8EE 1H7EE 4H9EE 0KxEE 2HKEE 3KxEE 1KxEE 4HAEE 2H2EE 4KxEE 2KxEE 2C4EE 3D5EE 1D9EE 4D2EE 0KxEE 2KxEE 3KxEE 1KxEE 4KxEE 4D4EE 0C5EE 2D7EE 3H8EE 3D3EE 1HJEE 4HQEE 0KxEE 2KxEE 3KxEE 1KxEE 4KxEE 4C9EE 0DTEE 2DJEE 3KxEE 1DKEE 4KxEE 0KxEE 2KxEE 1DAEE 1KxEE 1SQEE 4C2EE 0KxEE 2KxEE 3KxEE 1KxEE 4KxEE 4HTEE 0SJEE 2SAEE 3KxEE 1KxEE 4KxEE 0KxEE 2S2EE 2KxEE 2H5EE 3H6EE 1KxEE 4KxEE 0KxEE 2KxEE 3KxEE 3S4EE 1SKEE 4KxEE 0KxEE 2KxEE 3KxEE 1KxEE 1CKEE 4KxEE 0KxEE 2KxEE 3KxEE 1CAEE 4CQEE 0KxEE 2KxEE 3KxEE 0C3EE 2D8EE 3H4EE 0S6EE 3S9EE 0KxEE 3STEE
%00004%result% 14230
%00004%points% 8 22 9 13 23
%00005%mibun% 40231
%00005%seat% 02314
%00005%palyer_cards% S5S6STH8D3D5DTDJC3CKCA S9SKH4H7HTHJHKD8D9C6CQ S8SQH5H6H9HQHADQDAC9 S2D4D6D7D2C4C8CTCJC2 S3S4S7SJSAH3H2DKC5C7J3 
%00005%change_cards%  01CKCAEE 34S2EE 10H4C6EE 43S3EE
%00005%play%  0D3EE 2H5EE 3D6EE 1H7EE 4SJEE 0KxEE 2SQEE 3KxEE 1SKEE 4SAEE 2KxEE 1KxEE 4S2EE 4KxEE 4KxEE 4H3EE 0H4EE 2H6EE 3KxEE 1HTEE 4H2EE 0KxEE 2KxEE 1KxEE 4KxEE 4S4EE 0S5EE 2S8EE 2H9EE 3CTEE 1HJEE 4DKEE 0KxEE 2HAEE 3D2EE 1KxEE 4KxEE 2KxEE 3KxEE 3S3EE 1D8EE 1S9EE 4KxEE 0STEE 2KxEE 3KxEE 1KxEE 0KxEE 0C3EE 2C9EE 3CJEE 1CQEE 4KxEE 0KxEE 2KxEE 3C2EE 1KxEE 3KxEE 3D4EE 1D9EE 4KxEE 0DTEE 2DQEE 3KxEE 1KxEE 0KxEE 2DAEE 2KxEE 2HQEE 3KxEE 1HKEE 4KxEE 0KxEE 1KxEE 1CKEE 4KxEE 0KxEE 3KxEE 1CAEE 4C5EE 0S6EE 3D7EE 4KxEE 0H8EE 0D5EE 3C8EE 3C4EE 4S7EE 0DJEE 4KxEE 0KxEE 0C6EE
%00005%result% 21304
%00005%points% 10 26 14 16 24
%00006%mibun% 31024
%00006%seat% 03412
%00006%palyer_cards% S3S5S6H6HTD6DTDJDAC4J3 S8S9SQH8D3D5D7D2C3C5 STSAH4H9HQD9DQC7C8CTC2 S4S7SKS2H7HKHAD8DKC6CJ SJH3H5HJH2D4C9CQCKCA 
%00006%change_cards%  42H2CAEE 01J3EE 24H4C7EE 10D3EE
%00006%play%  0S3EE 3S4EE 4SJEE 1SQEE 2SAEE 0KxEE 3S2EE 4KxEE 1KxEE 2KxEE 3KxEE 1KxEE 1C3EE 2C8EE 2H9EE 0HTEE 3HKEE 4KxEE 1KxEE 2H2EE 0KxEE 3KxEE 2KxEE 2D9EE 0DTEE 3DKEE 4KxEE 1D2EE 2KxEE 0KxEE 3KxEE 1KxEE 1D5EE 2STEE 0DJEE 3SKEE 4KxEE 1KxEE 2CAEE 0KxEE 3KxEE 2C2EE 2KxEE 2CTEE 0DAEE 3KxEE 4KxEE 1KxEE 2KxEE 0KxEE 0D3EE 3C6EE 4C7EE 1KxEE 2KxEE 0KxEE 3CJEE 4CQEE 3KxEE 4CKEE 4KxEE 4H3EE 1C5EE 2HQEE 0KxEE 3HAEE 4KxEE 1KxEE 2KxEE 3KxEE 3S7EE 4C9EE 1KxEE 2DQEE 0KxEE 3KxEE 4KxEE 0C4EE 3H7EE 4HJEE 1KxEE 0KxEE 3KxEE 4KxEE 4H4EE 1D7EE 0KxEE 3D8EE 4D4EE 1S8EE 1H8EE 1S9EE 0KxEE 4KxEE 0S5EE 4KxEE 0S6EE 0KxEE 0H6EE 4KxEE 0KxEE 0D6EE
%00006%result% 23104
%00006%points% 12 29 19 20 25
%00007%mibun% 32014
%00007%seat% 03412
%00007%palyer_cards% S3SQD5D6C3C5C7C9CJCAC2 S7S8S2H3H4D4D8DAC6CT S4S9H6H7H9HJHQD3D7DKD2 SJSAH8HAH2DJDQC4C8CQCK S5S6STSKH5HTHKD9DTJ3 
%00007%change_cards%  42SKJ3EE 03C2EE 24S4D3EE 30C4EE
%00007%play%  4D3EE 1H4EE 2H6EE 0KxEE 3H8EE 3C8EE 3SJEE 4HKEE 1DAEE 2D2EE 0KxEE 3KxEE 4KxEE 1KxEE 2KxEE 2KxEE 2H7EE 0C9EE 3DJEE 4KxEE 1S2EE 2KxEE 0KxEE 3KxEE 1KxEE 1H3EE 2D7EE 0CJEE 3DQEE 4KxEE 1KxEE 2SKEE 0CAEE 3H2EE 2KxEE 0KxEE 3KxEE 3CQEE 4KxEE 1KxEE 2DKEE 0KxEE 3SAEE 2KxEE 3C2EE 3KxEE 3CKEE 4KxEE 1KxEE 2KxEE 0KxEE 3HAEE 4S4EE 1C6EE 2S9EE 0SQEE 4KxEE 1KxEE 2KxEE 0KxEE 0S3EE 4S5EE 1S7EE 2KxEE 0KxEE 4STEE 1KxEE 4KxEE 4H5EE 1S8EE 1D4EE 2H9EE 0KxEE 4HTEE 1KxEE 2HJEE 4KxEE 2HQEE 0C3EE 4S6EE 1D8EE 1CTEE 0KxEE 4KxEE 0C4EE 4D9EE 0KxEE 4DTEE
%00007%result% 32140
%00007%points% 13 32 23 25 27
%00008%mibun% 42103
%00008%seat% 03412
%00008%palyer_cards% S7STSKH6D9C3C4C6CAJ3 S5S9SJS2H8HQDJD2C8CTCK S8SQH3H5HJHKD4DTDKC5 S4S6SAH9DQDAC7C9CJCQC2 S3H4H7HTHAH2D3D5D6D7D8 
%00008%change_cards%  03CAJ3EE 42H2EE 30S4S6EE 24H3EE
%00008%play%  4S3EE 1S5EE 2S8EE 2D4EE 0S6EE 3C7EE 4D8EE 4H3EE 1H8EE 1C8EE 1S9EE 2DTEE 0SKEE 3SAEE 4KxEE 1S2EE 2KxEE 0KxEE 3KxEE 1KxEE 3KxEE 3H9EE 4HTEE 1HQEE 2HKEE 0KxEE 3KxEE 4HAEE 1KxEE 2H2EE 4KxEE 2KxEE 2H5EE 0H6EE 3KxEE 4H7EE 1KxEE 2HJEE 0KxEE 4KxEE 2KxEE 2C5EE 0C6EE 3C9EE 4KxEE 1CTEE 2KxEE 0KxEE 3CJEE 1CKEE 3CAEE 1KxEE 3C2EE 3KxEE 3DQEE 4KxEE 1D2EE 2KxEE 0KxEE 3KxEE 1KxEE 1SJEE 2SQEE 0KxEE 3KxEE 4KxEE 1KxEE 2KxEE 2DKEE 0KxEE 3DAEE 4KxEE 1KxEE 3KxEE 3CQEE 4KxEE 1KxEE 0KxEE 4D3EE 1DJEE 0KxEE 4KxEE 0C3EE 4H4EE 0S7EE 4KxEE 0D9EE 0STEE 0KxEE 0S4EE 4D5EE 0KxEE 4D6EE 4D7EE
%00008%result% 23140
%00008%points% 14 35 28 29 29
%00009%mibun% 42013
%00009%seat% 20314
%00009%palyer_cards% S7S9SAH7HTD8DTDJC5CTJ3 S3S4H6HKD4DQC3C8CKC2 S6S8SQH4H9HJHAD3DAC6CQ SJH8H2D5D7D9D2C7C9CJCA S5STSKS2H3H5HQD6DKC4 
%00009%change_cards%  02SAJ3EE 43S2EE 20H4D3EE 34D5EE
%00009%play%  0D3EE 3D7EE 1DQEE 4DKEE 2DAEE 0KxEE 3D2EE 1KxEE 4KxEE 2KxEE 3KxEE 2KxEE 2S6EE 0S7EE 3SJEE 1KxEE 4SKEE 2SAEE 0KxEE 3S2EE 4KxEE 2KxEE 3KxEE 3C7EE 1C8EE 1S3EE 4C4EE 2C6EE 0CTEE 3CJEE 1CKEE 4KxEE 2KxEE 0KxEE 3CAEE 1C2EE 3KxEE 1KxEE 1C3EE 4S5EE 2S8EE 2H9EE 0HTEE 3H2EE 1KxEE 4KxEE 2KxEE 0KxEE 3KxEE 3H8EE 3D9EE 1HKEE 4KxEE 2HAEE 0KxEE 3KxEE 1KxEE 2KxEE 2HJEE 0KxEE 3KxEE 1KxEE 4HQEE 2KxEE 4KxEE 4H3EE 2SQEE 0KxEE 3KxEE 1KxEE 4KxEE 2KxEE 2CQEE 0KxEE 3KxEE 1KxEE 4KxEE 0H4EE 3C9EE 1KxEE 4STEE 0DJEE 4KxEE 0KxEE 0C5EE 1H6EE 4KxEE 0H7EE 1KxEE 0KxEE 0D8EE 0S9EE 1KxEE 4KxEE 0DTEE 1S4EE 4H5EE 1KxEE 4D6EE 4KxEE 4D5EE
%00009%result% 23041
%00009%points% 17 36 33 33 31
%00010%mibun% 24013
%00010%seat% 20314
%00010%palyer_cards% S3S8STH9HKH2DTDAC4C5CT S9S2H5HAD3D8C7C9CQCK S5SQSKH3H8HQD6D9DJDKC6 S4SJSAH4H7HJD4DQC3C8C2 S6S7H6HTD5D7D2CJCAJ3 
%00010%change_cards%  12S2HAEE 43J3EE 21S5H3EE 34C3EE
%00010%play%  1H3EE 4D5EE 2D6EE 0DTEE 3DQEE 1KxEE 4D2EE 2KxEE 0KxEE 3KxEE 4KxEE 3KxEE 3S4EE 1S5EE 4S6EE 2SQEE 0KxEE 3SAEE 1KxEE 4KxEE 2S2EE 3KxEE 2KxEE 2C6EE 0S8EE 0S3EE 3H4EE 1H5EE 4H6EE 2H8EE 2D9EE 0STEE 3SJEE 1KxEE 4KxEE 2SKEE 0KxEE 3KxEE 2KxEE 2DJEE 0HKEE 3C2EE 1KxEE 4KxEE 2KxEE 0KxEE 3KxEE 3D4EE 1C7EE 4HTEE 2HQEE 0H2EE 3KxEE 1KxEE 4KxEE 2KxEE 0KxEE 0C4EE 3H7EE 1D8EE 1D3EE 4S7EE 2DKEE 0DAEE 3KxEE 1KxEE 4KxEE 2KxEE 0KxEE 0C5EE 3C8EE 3HJEE 1CQEE 4CAEE 2KxEE 0KxEE 1KxEE 4KxEE 4C3EE 2HAEE 0KxEE 1KxEE 4KxEE 0H9EE 1CKEE 4KxEE 0KxEE 1KxEE 1S9EE 4CJEE 0KxEE 1KxEE 4KxEE 4D7EE 0CTEE
%00010%result% 32401
%00010%points% 19 37 37 38 34
%00011%mibun% 34102
%00011%seat% 20314
%00011%palyer_cards% S6SKH7HQD7D8C6C7CKCA S9SAH5HTHJHAD3D4D6C4C5 S3SQH3H6H8D9DAC3CQJ3 S5S8HKH2DTDJDKD2C8C9CT S4S7STSJS2H4H9D5DQCJC2 
%00011%change_cards%  13SAHAEE 02CAEE 31S5S8EE 20S3EE
%00011%play%  1D3EE 4S4EE 2H6EE 0H7EE 3HKEE 1KxEE 4KxEE 2KxEE 0KxEE 3KxEE 2KxEE 2H3EE 0S6EE 3C8EE 3C9EE 1HTEE 4SJEE 2SQEE 0SKEE 3SAEE 1KxEE 4S2EE 2KxEE 0KxEE 3KxEE 4KxEE 4H4EE 2H8EE 2C3EE 0C6EE 3CTEE 1KxEE 4CJEE 2CQEE 0CKEE 3KxEE 4C2EE 2KxEE 0KxEE 4KxEE 4D5EE 2D9EE 0KxEE 3DTEE 1KxEE 4DQEE 2DAEE 3D2EE 4KxEE 2KxEE 3KxEE 3DJEE 1KxEE 4KxEE 2CAEE 0KxEE 3H2EE 3KxEE 3DKEE 1KxEE 4KxEE 0KxEE 3HAEE 1D4EE 4S7EE 0D8EE 0S3EE 1C4EE 4H9EE 0HQEE 1KxEE 4KxEE 0KxEE 0D7EE 1S8EE 1S5EE 4STEE 0KxEE 1KxEE 0C7EE
%00011%result% 23401
%00011%points% 21 38 42 42 37
%00012%mibun% 34012
%00012%seat% 43021
%00012%palyer_cards% S3S9H5H6H8HJD2C5C6CQ S6S8S2H7H9HKH2DQC9CTCK STSKSAHAD5D7D8DJC4CJJ3 S4S5H4HQD3DTDKC3C7C2 S7SJSQH3HTD4D6D9DAC8CA 
%00012%change_cards%  12S2H2EE 03D2EE 21D5C4EE 30D3EE
%00012%play%  0S3EE 2D7EE 1S8EE 1C4EE 4D6EE 3C7EE 0H8EE 0D3EE 2D8EE 2STEE 1DQEE 4DAEE 3D2EE 0KxEE 2KxEE 1KxEE 4KxEE 3KxEE 2KxEE 2DJEE 1HKEE 4CAEE 3C2EE 0KxEE 2KxEE 1KxEE 4KxEE 3KxEE 3C3EE 0H5EE 2CJEE 1CKEE 4KxEE 3KxEE 0KxEE 2KxEE 1KxEE 1D5EE 4S7EE 3DTEE 0HJEE 2SKEE 1KxEE 4KxEE 3KxEE 0KxEE 2SAEE 2S2EE 2KxEE 2HAEE 1KxEE 4KxEE 3KxEE 0KxEE 2H2EE 1S6EE 4C8EE 4H3EE 3S4EE 0C5EE 1H7EE 4D9EE 3HQEE 0KxEE 1KxEE 4KxEE 3DKEE 3KxEE 3H4EE 0H6EE 1H9EE 4HTEE 3KxEE 0KxEE 1KxEE 4KxEE 4D4EE 3S5EE 0C6EE 1C9EE 4KxEE 0CQEE 1KxEE 0KxEE 0S9EE 1CTEE
%00012%result% 23014
%00012%points% 24 40 47 46 38
%00013%mibun% 23014
%00013%seat% 43021
%00013%palyer_cards% SJSAH2D8DJD2C3C4CKJ3 S3S4S7H6HKD9C5C7CJCAC2 S5S6S9SQH5D4D5D6DAC9CQ S8S2H3H7HJDTDQDKC6C8 STSKH4H8H9HTHQHAD3D7CT 
%00013%change_cards%  42SKHAEE 13C2EE 24S5D4EE 31H3EE
%00013%play%  4D3EE 3C6EE 0D8EE 0C3EE 2H5EE 1H6EE 4H8EE 4H4EE 3H7EE 0H2EE 2KxEE 1KxEE 4KxEE 3KxEE 0KxEE 0KxEE 0C4EE 2D5EE 1S7EE 4H9EE 3DTEE 0SJEE 2SQEE 1KxEE 4KxEE 3S2EE 0KxEE 2KxEE 3KxEE 3S8EE 3C8EE 3HJEE 0CKEE 2HAEE 1KxEE 4KxEE 3C2EE 0KxEE 2KxEE 3KxEE 3DQEE 0SAEE 2KxEE 1KxEE 4KxEE 3KxEE 0D2EE 0KxEE 0DJEE 2CQEE 1HKEE 4KxEE 3KxEE 2DAEE 1KxEE 2KxEE 2S6EE 1C7EE 4STEE 3DKEE 2KxEE 1CAEE 4KxEE 1KxEE 1S3EE 4D4EE 2D6EE 1D9EE 4KxEE 2KxEE 1KxEE 1H3EE 4S5EE 2S9EE 1KxEE 4KxEE 2SKEE 2KxEE 2C9EE 1CJEE 4KxEE 1KxEE 1S4EE 4D7EE 1KxEE 4HTEE 4HQEE 4KxEE 4CTEE
%00013%result% 03241
%00013%points% 29 41 50 50 40
%00014%mibun% 04213
%00014%seat% 43021
%00014%palyer_cards% S5S8STH7HTHAD9DJC3C7CK S7H4H8HQH2D5D7DQDAC4C2 S3SAH3H5H6HJD4DTDKD2J3 SKH9HKD3D6C5C6C8CTCJ S4S6S9SJSQS2D8C9CQCA 
%00014%change_cards%  10H2C2EE 43S2EE 01S5C3EE 34D3EE
%00014%play%  4D3EE 3C5EE 0H7EE 2DTEE 1HQEE 4CAEE 3S2EE 0KxEE 2KxEE 1KxEE 4KxEE 3KxEE 2KxEE 2S3EE 1H4EE 4S6EE 3C8EE 3D6EE 0C7EE 2HJEE 1DQEE 4KxEE 3SKEE 0HAEE 2D2EE 1KxEE 3KxEE 0KxEE 2KxEE 2H3EE 1C4EE 4D8EE 4S4EE 3C6EE 0S8EE 0D9EE 2DKEE 1DAEE 4KxEE 3KxEE 0KxEE 2KxEE 1KxEE 1C3EE 4S9EE 3CTEE 0DJEE 2SAEE 1KxEE 4KxEE 3KxEE 0H2EE 2KxEE 0KxEE 0STEE 2KxEE 1KxEE 4SJEE 3KxEE 0KxEE 4SQEE 4KxEE 4C9EE 3CJEE 0CKEE 2KxEE 1KxEE 4KxEE 3KxEE 0C2EE 0KxEE 0HTEE 2KxEE 1KxEE 4CQEE 3HKEE 3KxEE 3H9EE 2KxEE 1KxEE 2D4EE 1S5EE 2H6EE 1S7EE 2KxEE 1H8EE 1D5EE 2KxEE 1D7EE
%00014%result% 04312
%00014%points% 34 43 51 53 44
%00015%mibun% 03421
%00015%seat% 24103
%00015%palyer_cards% SAH5H7HAD4D6D9C6C7CTCJ S3S5S7H4H6HKD3D7DKC8 S4S8SJH9HJH2D5DTDJD2J3 S6S9STSQH8HQD8C9CQCAC2 SKS2H3HTDQDAC3C4C5CK 
%00015%change_cards%  20H2J3EE 14HKEE 02H5D4EE 41H3EE
%00015%play%  1S3EE 0D6EE 3H8EE 3S6EE 2S8EE 2S4EE 4C5EE 1H6EE 0H7EE 3HQEE 2KxEE 4HKEE 1KxEE 0HAEE 3KxEE 4KxEE 0H2EE 0KxEE 0KxEE 0C6EE 3D8EE 3S9EE 2DTEE 4DQEE 1DKEE 0KxEE 3KxEE 2D2EE 4KxEE 1KxEE 2KxEE 2D4EE 4HTEE 1KxEE 0CJEE 3SQEE 2KxEE 4SKEE 0SAEE 3KxEE 4S2EE 0KxEE 4KxEE 4C3EE 1H4EE 0C7EE 3C9EE 2KxEE 4CKEE 1KxEE 0KxEE 3CAEE 4KxEE 3C2EE 3KxEE 3STEE 2SJEE 4KxEE 1KxEE 0KxEE 3KxEE 2KxEE 2H5EE 4DAEE 1KxEE 0KxEE 3KxEE 2KxEE 4KxEE 4C4EE 1S5EE 0D9EE 3CQEE 2KxEE 1KxEE 0KxEE 2D5EE 1S7EE 0CTEE 2HJEE 1KxEE 2KxEE 2H9EE 1KxEE 2DJEE
%00015%result% 43021
%00015%points% 37 44 53 57 49
%00016%mibun% 24310
%00016%seat% 24103
%00016%palyer_cards% S4S7SJH5HQH2D8DKC4C8CQ S5S8S2H6H8DTDQC3C6CJC2 SQH4D3D4D5D9DJDAC7CK S3STSAH3H7HTHKD6D7C5 S6S9SKH9HJHAD2C9CTCAJ3 
%00016%change_cards%  14S2C2EE 23DAEE 41S6S9EE 32S3EE
%00016%play%  2S3EE 4H9EE 1DTEE 0SJEE 3HKEE 2KxEE 4HAEE 1KxEE 0H2EE 3KxEE 4KxEE 0KxEE 4KxEE 4C9EE 1CJEE 0CQEE 3KxEE 2CKEE 4CAEE 1KxEE 0KxEE 2KxEE 4C2EE 4KxEE 4CTEE 1DQEE 0DKEE 3DAEE 2KxEE 4D2EE 1KxEE 0KxEE 3KxEE 4KxEE 4HJEE 1KxEE 0HQEE 3KxEE 2KxEE 4KxEE 0KxEE 0S4EE 3C5EE 2C7EE 4KxEE 1KxEE 0C8EE 0C4EE 3D6EE 2D9EE 4KxEE 1KxEE 0KxEE 3KxEE 2DJEE 2KxEE 2D3EE 4SKEE 1KxEE 0KxEE 3SAEE 2KxEE 4S2EE 3KxEE 1C3EE 0H5EE 3H7EE 2KxEE 1H8EE 1S5EE 0S7EE 3STEE 2SQEE 1KxEE 0KxEE 3KxEE 2KxEE 2H4EE 1S6EE 0D8EE 3H3EE 2D4EE 1H6EE 3D7EE 2KxEE 1S8EE 1C6EE 3HTEE 2KxEE 1KxEE 2D5EE
%00016%result% 40321
%00016%points% 41 45 55 60 54
%00017%mibun% 14320
%00017%seat% 24103
%00017%palyer_cards% S9STHJHQD3D5D6C5C9CJCK S6S7SJSQSAH6H8HAD7C6CT S8SKS2H5H2DTD2C3CQCA H4H7H9HTHKD9DJDKC7C8 S3S4S5H3D4D8DQDAC4C2J3 
%00017%change_cards%  14SAHAEE 20S2EE 41S3H3EE 02D3EE
%00017%play%  2D3EE 4S4EE 1S6EE 0S9EE 3KxEE 2SKEE 4SAEE 1KxEE 0S2EE 2KxEE 4KxEE 0KxEE 4KxEE 4D4EE 1H6EE 0C9EE 3HTEE 2CQEE 4HAEE 1KxEE 0KxEE 3KxEE 2H2EE 4KxEE 2KxEE 2C3EE 4C4EE 1C6EE 0CJEE 3KxEE 2CAEE 4C2EE 1KxEE 0KxEE 2KxEE 4KxEE 4S5EE 1S7EE 0STEE 3KxEE 2KxEE 4KxEE 1SJEE 0KxEE 1SQEE 1KxEE 1S3EE 0D5EE 3H7EE 2S8EE 2H5EE 4D8EE 4DQEE 1KxEE 0CKEE 3KxEE 2D2EE 4KxEE 0KxEE 2KxEE 2DTEE 4DAEE 1KxEE 0KxEE 3KxEE 1H3EE 0C5EE 3C7EE 1CTEE 0KxEE 3KxEE 1KxEE 1D7EE 0HJEE 3HKEE 1KxEE 0KxEE 3KxEE 3H4EE 1H8EE 0D6EE 3C8EE 3H9EE 0HQEE
%00017%result% 24103
%00017%points% 43 48 60 61 58
%00018%mibun% 32041
%00018%seat% 24310
%00018%palyer_cards% S6S9H3H5HTHJHQD3D4C2 H7HKH2D9DQDAC8C9CTCA S3S4SQH8HAD5D6C3CJCQJ3 S5S8STSAH4H6DKC5C6C7CK S7SJSKS2H9D7D8DTDJD2C4 
%00018%change_cards%  32SADKEE 04C2EE 23S3C3EE 40C4EE
%00018%play%  0H3EE 2S4EE 4S7EE 3S8EE 3S3EE 1H7EE 0S9EE 2CJEE 4SKEE 3KxEE 1DAEE 0KxEE 2KxEE 4KxEE 1KxEE 2KxEE 2D5EE 4D7EE 3KxEE 1D9EE 0KxEE 2DKEE 4D2EE 1KxEE 2KxEE 4KxEE 4D8EE 4H9EE 3STEE 1DQEE 0KxEE 2SAEE 4S2EE 3KxEE 1KxEE 2KxEE 4KxEE 4DTEE 3CKEE 1CAEE 0KxEE 2KxEE 4C2EE 3KxEE 1KxEE 4KxEE 4SJEE 3KxEE 1HKEE 0KxEE 2HAEE 4KxEE 1H2EE 2KxEE 1KxEE 1C8EE 1C9EE 0HTEE 2SQEE 4KxEE 3KxEE 1KxEE 0KxEE 2KxEE 2D6EE 4DJEE 3KxEE 1KxEE 0KxEE 2KxEE 3C3EE 1CTEE 0KxEE 2CQEE 3KxEE 2KxEE 2H8EE 3H4EE 0H5EE 3H6EE 0HJEE 3KxEE 0HQEE 0KxEE 0D3EE 3S5EE 0S6EE 3KxEE 0KxEE 0D4EE 3C5EE 0KxEE 3C6EE 3C7EE
%00018%result% 41230
%00018%points% 44 52 63 63 63
%00019%mibun% 41230
%00019%seat% 24310
%00019%palyer_cards% S3S5S9SJH5H2D5DQD2CK SQSKS2H7H8HQD6DTDJC6C7 S6S7STHTHAD4D7D9DAC8 S4S8H3H6H9DKC4C9CTCQCA SAH4HJHKD3D8C3C5CJC2J3 
%00019%change_cards%  04H2D2EE 31CAEE 40D3C3EE 13D6EE
%00019%play%  0S3EE 2D4EE 4C5EE 3H6EE 1H7EE 0KxEE 2HTEE 4HJEE 3KxEE 1HQEE 2HAEE 4H2EE 1KxEE 2KxEE 4KxEE 4KxEE 4H4EE 3D6EE 1C7EE 0S9EE 2STEE 4SAEE 3KxEE 1S2EE 0KxEE 2KxEE 4KxEE 1KxEE 1C6EE 0SJEE 2DAEE 4D2EE 3KxEE 1KxEE 0KxEE 2KxEE 4KxEE 4D8EE 4CJEE 3CQEE 1CAEE 0KxEE 2KxEE 4C2EE 3KxEE 1KxEE 4KxEE 4HKEE 3KxEE 1KxEE 0KxEE 2KxEE 3H3EE 1H8EE 1DTEE 0DQEE 2KxEE 3DKEE 1KxEE 0KxEE 3KxEE 3S4EE 1DJEE 0CKEE 2KxEE 3KxEE 1KxEE 0KxEE 0D3EE 2S6EE 3S8EE 3C4EE 1SQEE 0KxEE 2KxEE 3KxEE 1SKEE 0C3EE 2S7EE 3H9EE 0KxEE 2KxEE 3CTEE 3KxEE 3C9EE 0KxEE 2KxEE 0S5EE 2D7EE 0KxEE 2C8EE 2D9EE
%00019%result% 41320
%00019%points% 45 56 65 66 68
%00020%mibun% 41320
%00020%seat% 24310
%00020%palyer_cards% SJSAH4H8HKD4D5DJDKD2 S4S5H6H7H2D7D8DTC5CTCK S3SQS2H9HQD3D9DAC6J3 S7STSKH5HTHJDQC4C9CJC2 S6S8S9H3HAD6C3C7C8CQCA 
%00020%change_cards%  04SAD2EE 21J3EE 40H3C3EE 12S4EE
%00020%play%  2S3EE 4S6EE 3S7EE 1KxEE 0KxEE 2KxEE 4KxEE 3KxEE 1KxEE 1S5EE 0H8EE 0H3EE 2S4EE 4D6EE 3C9EE 1DTEE 0SJEE 2SQEE 4SAEE 3KxEE 1KxEE 0KxEE 2S2EE 4KxEE 2KxEE 2D3EE 4C7EE 3STEE 1CKEE 0KxEE 2DAEE 4D2EE 3KxEE 1KxEE 2KxEE 4KxEE 4S8EE 4C8EE 4S9EE 3HTEE 1H2EE 0KxEE 2KxEE 4KxEE 3KxEE 1KxEE 1C5EE 0DJEE 2HQEE 4HAEE 3KxEE 1KxEE 0KxEE 2KxEE 4KxEE 4CQEE 3SKEE 1KxEE 0KxEE 2KxEE 4CAEE 3C2EE 3KxEE 3C4EE 1H6EE 0HKEE 2KxEE 3KxEE 1KxEE 0KxEE 0C3EE 2C6EE 3CJEE 1KxEE 0KxEE 2KxEE 3KxEE 3H5EE 1H7EE 0KxEE 2H9EE 3HJEE 1KxEE 2KxEE 3KxEE 3DQEE 1KxEE 0DKEE 2KxEE 0KxEE 0H4EE 2D9EE 1CTEE 0KxEE 1KxEE 1D7EE 0KxEE 1D8EE
%00020%result% 43210
%00020%points% 46 58 68 70 73
%00021%mibun% 43210
%00021%seat% 01234
%00021%palyer_cards% S3H6H9HQD5D6D7D8DQDKC8 S7STS2H4H7HJHAD9DJC5C6 S6S9SAH5HTH2DTC3C4C7 S4S8H8D3D4DAD2CKC2J3 S5SJSQSKH3HKC9CTCJCQCA 
%00021%change_cards%  04HQDKEE 13S2EE 40S5H3EE 31D3EE
%00021%play%  1D3EE 2C4EE 3S8EE 3S4EE 4C9EE 0DQEE 1HAEE 2H2EE 3KxEE 4KxEE 0KxEE 1KxEE 2KxEE 3KxEE 3D4EE 4CTEE 0KxEE 1HJEE 2SAEE 3S2EE 4KxEE 1KxEE 2KxEE 3KxEE 3H8EE 3CKEE 4CAEE 0KxEE 1KxEE 2KxEE 3C2EE 4KxEE 3KxEE 3DAEE 4KxEE 0KxEE 1KxEE 2KxEE 3D2EE 4SJEE 0KxEE 1KxEE 2KxEE 4SQEE 4SKEE 4KxEE 4CJEE 0KxEE 1KxEE 2KxEE 4HQEE 4HKEE 4KxEE 4CQEE 0KxEE 1KxEE 2KxEE 4DKEE 0S3EE 1H4EE 2H5EE 0H6EE 1H7EE 2HTEE 0KxEE 1KxEE 2KxEE 2C3EE 0S5EE 1C6EE 2C7EE 0C8EE 0H3EE 1C5EE 2S6EE 0D7EE 1D9EE 2DTEE 0KxEE 1DJEE 2KxEE 1KxEE 1S7EE 2S9EE 0KxEE 1STEE
%00021%result% 34210
%00021%points% 47 60 71 75 77
%00022%mibun% 43201
%00022%seat% 01234
%00022%palyer_cards% S9SKS2H3HJHQHKH2C6CQC2 S4S7H7H9HTD9DQDKC5CJ SJH5H6HAD6D8DTDAC4J3 S5S6STD3D4D5D2C3C8C9CK S3S8SQSAH4H8D7DJC7CTCA 
%00022%change_cards%  03S2H2EE 14DKEE 30D3C3EE 41S3EE
%00022%play%  0H3EE 1S4EE 2H5EE 3S6EE 4D7EE 0S9EE 1HTEE 2SJEE 3CKEE 4SAEE 0C2EE 1KxEE 2KxEE 3KxEE 4KxEE 0KxEE 2KxEE 2C4EE 3S5EE 4C7EE 0HJEE 1DQEE 2HAEE 3S2EE 4KxEE 0KxEE 1KxEE 2KxEE 3KxEE 3D4EE 4S8EE 4H4EE 0C6EE 1S7EE 2D8EE 2H6EE 3C8EE 3D5EE 4H8EE 4CTEE 0HQEE 1KxEE 2DAEE 3H2EE 4KxEE 0KxEE 2KxEE 3KxEE 3C9EE 4DJEE 0CQEE 1KxEE 2KxEE 3D2EE 4KxEE 0KxEE 3KxEE 3STEE 4SQEE 0SKEE 1KxEE 2KxEE 4KxEE 0KxEE 0D3EE 1C5EE 2D6EE 4DKEE 0KxEE 1KxEE 2KxEE 4KxEE 4CAEE 0KxEE 1KxEE 2KxEE 0C3EE 1H7EE 2DTEE 0HKEE
%00022%result% 34201
%00022%points% 49 61 74 80 81
%00023%mibun% 34201
%00023%seat% 01234
%00023%palyer_cards% S3S8S9STSJSAH5D6DKD2C3 S7H4H9HKD7DQC4CKCAC2 S4S5SKH8H2D3DJC5C6CJ SQH3HTHQHAD5D8DAC7CTJ3 S6S2H6H7HJD4D9DTC8C9CQ 
%00023%change_cards%  13CAC2EE 04D2EE 31H3D5EE 40D4EE
%00023%play%  2D3EE 3C7EE 4C8EE 4S6EE 0S8EE 0S3EE 1H4EE 2S5EE 3D8EE 3HTEE 4HJEE 0KxEE 1HKEE 2H2EE 3KxEE 4KxEE 1KxEE 2KxEE 3KxEE 3CTEE 4CQEE 0KxEE 1CKEE 2KxEE 3CAEE 4KxEE 1KxEE 3C2EE 3KxEE 3SQEE 4S2EE 0KxEE 1KxEE 2KxEE 3KxEE 4KxEE 4H6EE 0S9EE 1DQEE 2SKEE 3HAEE 4D2EE 0KxEE 1KxEE 2KxEE 3KxEE 4KxEE 4H7EE 0STEE 1KxEE 2DJEE 3HQEE 4KxEE 0DKEE 2KxEE 3DAEE 0KxEE 4D9EE 0SJEE 1KxEE 2KxEE 4KxEE 0SAEE 0KxEE 0C3EE 1C4EE 2C5EE 4C9EE 0KxEE 1KxEE 2CJEE 4KxEE 2KxEE 2S4EE 4DTEE 0KxEE 1KxEE 2KxEE 0D4EE 1D5EE 2KxEE 0D6EE 1D7EE 0KxEE 1KxEE 1H3EE 2C6EE 0KxEE 1S7EE 2H8EE 0H5EE
%00023%result% 34201
%00023%points% 51 62 77 85 85
%00024%mibun% 34201
%00024%seat% 43120
%00024%palyer_cards% S8S9SQH5H6D3D6DQD2C6 STSKS2D4D7DTDAC3C9CTCK S7SAH3H4HTHQHKCQCAC2J3 S4S6SJH8HAD8D9DJC4C7CJ S3S5H7H9HJH2D5DKC5C8 
%00024%change_cards%  13S2DAEE 04D2EE 31S4C4EE 40S3EE
%00024%play%  0S3EE 4S5EE 3S6EE 1STEE 2SAEE 0KxEE 4KxEE 3S2EE 1KxEE 2KxEE 3KxEE 2KxEE 2H3EE 0H5EE 4H7EE 3H8EE 3C7EE 1C9EE 2CQEE 0KxEE 4KxEE 3KxEE 1CKEE 2CAEE 1KxEE 2C2EE 2KxEE 2H4EE 0H6EE 4H9EE 3HAEE 1KxEE 2KxEE 0KxEE 4H2EE 3KxEE 4KxEE 4D5EE 3D8EE 3D9EE 1DTEE 2KxEE 0DQEE 4DKEE 3DAEE 1KxEE 0KxEE 4D2EE 3KxEE 4KxEE 4C5EE 3SJEE 1SKEE 2KxEE 0KxEE 4KxEE 3KxEE 1KxEE 1C3EE 2S7EE 0S8EE 0D3EE 4C8EE 4HJEE 3KxEE 1KxEE 2HQEE 0KxEE 2HKEE 2KxEE 2HTEE 0SQEE 3KxEE 1KxEE 0KxEE 0D6EE 3DJEE 1KxEE 0KxEE 3KxEE 3CJEE 1KxEE 0KxEE 1S4EE 0C6EE 1D7EE 0S9EE
%00024%result% 42301
%00024%points% 53 63 81 88 90
%00025%mibun% 34120
%00025%seat% 43120
%00025%palyer_cards% STS2H3HTD7D8C3C4CQCK S5S6H6HKD6D2C6C7C9CTCA S9SJSQSKSAH4H5HJD9DQ S4S7S8H8HQHAH2DTDJCJJ3 S3H7H9D3D4D5DKDAC5C8C2 
%00025%change_cards%  14D2CAEE 02S2EE 41S3D3EE 20H4EE
%00025%play%  1S3EE 2H5EE 0D7EE 4C8EE 4D4EE 3S7EE 1C9EE 2SJEE 0CQEE 4DKEE 3HAEE 1KxEE 2S2EE 0KxEE 4KxEE 3KxEE 2KxEE 3KxEE 3S4EE 1S5EE 2S9EE 0STEE 4KxEE 3KxEE 1KxEE 2SQEE 0KxEE 2SKEE 2SAEE 2KxEE 2D9EE 0HTEE 4DAEE 3H2EE 1KxEE 2KxEE 0KxEE 4KxEE 3KxEE 3S8EE 3H8EE 3DTEE 1HKEE 2KxEE 0KxEE 4CAEE 3KxEE 1KxEE 4D2EE 4KxEE 4D5EE 3DJEE 1KxEE 2DQEE 0KxEE 4KxEE 3KxEE 2KxEE 2HJEE 0CKEE 4C2EE 3KxEE 1KxEE 0KxEE 4KxEE 4C5EE 3CJEE 1KxEE 0KxEE 4KxEE 3KxEE 3HQEE 1KxEE 0KxEE 4KxEE 1D3EE 0H4EE 4H7EE 1KxEE 0KxEE 4H9EE 1S6EE 0D8EE 0H3EE 1H6EE 0KxEE 1KxEE 1D6EE 0KxEE 1C7EE 1CTEE 1KxEE 1C6EE
%00025%result% 23410
%00025%points% 54 65 86 92 93
%00026%mibun% 43012
%00026%seat% 43120
%00026%palyer_cards% S3S4S8H4H5D4D9DKC4C8CK SJSAH6H9HAD6DTD2CAJ3 STS2HJHQHKD5D7DJC6CTCJ SQSKH7H8HTDAC3C7CQC2 S5S6S7S9H3H2D3D8DQC5C9 
%00026%change_cards%  02DKCKEE 13J3EE 20D5C6EE 31C3EE
%00026%play%  4H3EE 3H7EE 1H9EE 2HJEE 0KxEE 4H2EE 3KxEE 1KxEE 2KxEE 4KxEE 3KxEE 3C7EE 1DTEE 2DJEE 0KxEE 4DQEE 3DAEE 1D2EE 2KxEE 4KxEE 3KxEE 1KxEE 1C3EE 2D7EE 0S8EE 0S3EE 4S5EE 3SQEE 1SAEE 2S2EE 0KxEE 4KxEE 3KxEE 1KxEE 2KxEE 2STEE 0KxEE 4KxEE 3CQEE 1HAEE 2KxEE 3C2EE 1KxEE 3KxEE 3H8EE 3HTEE 1SJEE 2HQEE 0KxEE 4KxEE 3SKEE 1CAEE 2KxEE 1KxEE 1H6EE 2CTEE 0KxEE 4KxEE 1KxEE 2CJEE 2CKEE 2KxEE 2HKEE 0KxEE 4KxEE 1KxEE 2KxEE 2DKEE 0KxEE 4KxEE 1KxEE 0S4EE 4C5EE 1D6EE 0C8EE 0H4EE 4S6EE 0D9EE 4KxEE 0KxEE 0D4EE 4S7EE 0KxEE 4D8EE 4D3EE 0C4EE 4S9EE 0KxEE 4KxEE 4C9EE
%00026%result% 32140
%00026%points% 55 68 90 97 95
%00027%mibun% 42103
%00027%seat% 31402
%00027%palyer_cards% S5S6SJS2H2D3D8C4C8J3 S4S8HTHKHAD9DTDKDAC3C9 S7SAH4H5H8D7D2C5C7CA S3S9STSKH6H7HJD5DQCJCK SQH3H9HQD4D6DJC6CTCQC2 
%00027%change_cards%  03S2J3EE 42C2EE 30S3D5EE 24H4EE
%00027%play%  0S3EE 2H5EE 3H6EE 1HTEE 4HQEE 0H2EE 2KxEE 3KxEE 1KxEE 4KxEE 0KxEE 3KxEE 3H7EE 1S8EE 1C3EE 4H4EE 0S5EE 2S7EE 3S9EE 1KxEE 4SQEE 0KxEE 2SAEE 3S2EE 4KxEE 2KxEE 3KxEE 3STEE 1HKEE 4KxEE 0KxEE 2CAEE 3KxEE 1KxEE 2D2EE 2KxEE 2C5EE 3HJEE 1DKEE 4KxEE 0KxEE 2C2EE 3KxEE 1KxEE 2KxEE 2D7EE 3CJEE 1HAEE 4KxEE 0KxEE 2KxEE 3KxEE 1KxEE 1S4EE 4D6EE 0D8EE 0D3EE 2C7EE 3DQEE 1DAEE 4KxEE 0KxEE 2KxEE 3KxEE 1KxEE 1D9EE 4CTEE 0SJEE 2KxEE 3SKEE 1KxEE 4KxEE 0KxEE 3KxEE 3CKEE 1KxEE 4KxEE 0KxEE 2KxEE 1C9EE 4DJEE 0KxEE 2KxEE 1KxEE 4CQEE 4KxEE 4H3EE 0C4EE 2H8EE 1DTEE 4KxEE 0KxEE 4D4EE 0D5EE 4KxEE 0KxEE 0S6EE 4H9EE 0KxEE 4KxEE 4C6EE
%00027%result% 32140
%00027%points% 56 71 94 102 97
%00028%mibun% 42103
%00028%seat% 31402
%00028%palyer_cards% S9STH7H2D5D7DTDQDAC3 S3SQHQHKHAD3D6D9C9CAJ3 S4S5S7SJH4H8D4D2C4CT S6SAH3H5H9DJDKC5C7C8CQ S8SKS2H6HTHJD8C6CJCKC2 
%00028%change_cards%  03H2DAEE 42S2EE 30H3H5EE 24S4EE
%00028%play%  1S3EE 4S4EE 0S9EE 2SJEE 3SAEE 1KxEE 4KxEE 0KxEE 2KxEE 3KxEE 1KxEE 1D3EE 4H6EE 0H7EE 2H8EE 2H4EE 3C5EE 1D6EE 4S8EE 4C6EE 0D7EE 2CTEE 3DJEE 1SQEE 4SKEE 0KxEE 2S2EE 3KxEE 1KxEE 4KxEE 2KxEE 2D4EE 3S6EE 1D9EE 4HTEE 0DQEE 2D2EE 3KxEE 1KxEE 4KxEE 0KxEE 2KxEE 2C4EE 3C7EE 1C9EE 4CJEE 0KxEE 2KxEE 3CQEE 1CAEE 4C2EE 3KxEE 1KxEE 4KxEE 4D8EE 4HJEE 0KxEE 2KxEE 3DKEE 1HAEE 4KxEE 3H2EE 1KxEE 3KxEE 3C8EE 3H9EE 1HQEE 4KxEE 0KxEE 2KxEE 3KxEE 1HKEE 4CKEE 0KxEE 2KxEE 3DAEE 0H3EE 2S5EE 0STEE 2KxEE 0KxEE 0C3EE 2S7EE
%00028%result% 14320
%00028%points% 57 76 96 105 101
%00029%mibun% 40321
%00029%seat% 31402
%00029%palyer_cards% S4SJSQSKHTHJHKHADJC6CT S8STH5H7H8D6DTDKC8C9CA S3S9H4H9HQD8C5CKC2J3 S6S2H6D4D7DAD2C4C7CJ S5S7SAH3H2D3D5D9DQC3CQ 
%00029%change_cards%  01SKHAEE 24J3EE 10H5D6EE 42H3EE
%00029%play%  4D3EE 0S4EE 2C5EE 3S6EE 1H7EE 4D9EE 0HTEE 2HQEE 3KxEE 1HAEE 4H2EE 0KxEE 2KxEE 1KxEE 4KxEE 4KxEE 4C3EE 0H5EE 2D8EE 2S3EE 3D4EE 1S8EE 1H8EE 1C8EE 1C9EE 4DQEE 0HKEE 2C2EE 3KxEE 1KxEE 4KxEE 0KxEE 2KxEE 2H3EE 3C4EE 1STEE 4CQEE 0KxEE 2CKEE 3KxEE 1CAEE 4KxEE 2KxEE 1KxEE 1DTEE 4SAEE 0KxEE 2KxEE 3S2EE 1KxEE 4KxEE 3KxEE 3H6EE 1SKEE 4KxEE 0KxEE 2KxEE 3DAEE 1KxEE 3D2EE 3KxEE 3D7EE 1DKEE 4KxEE 0KxEE 2KxEE 3KxEE 4S5EE 0D6EE 2S9EE 3CJEE 4KxEE 0SQEE 2KxEE 3KxEE 0KxEE 0C6EE 2H9EE 3KxEE 4KxEE 0CTEE 2KxEE 0SJEE 0KxEE 0HJEE 2KxEE 3KxEE 4KxEE 0KxEE 0DJEE 2KxEE 3KxEE 4KxEE 2H4EE 3C7EE
%00029%result% 10234
%00029%points% 61 81 99 107 102
%00030%mibun% 10234
%00030%seat% 24031
%00030%palyer_cards% S5H4H6H8HJHAH2D6DJCJ S7SKS2D3D7D8D9C3CTCQCK S4S6SAH3H7HQD4D5DKCAJ3 S8STH9HKDQDAD2C5C6C7 S3S9SJSQH5HTDTC4C8C9C2 
%00030%change_cards%  41SQC2EE 30D2EE 14D3C3EE 03H4EE
%00030%play%  4S3EE 0S5EE 3S8EE 3H4EE 1S7EE 2HQEE 4KxEE 0HAEE 3KxEE 1KxEE 2KxEE 0KxEE 2KxEE 2H3EE 4C4EE 0H6EE 3C7EE 1D8EE 1D7EE 2DKEE 4KxEE 0D2EE 3KxEE 1KxEE 2KxEE 0KxEE 0D6EE 3H9EE 1CTEE 2SAEE 4KxEE 0H2EE 3KxEE 1KxEE 2KxEE 0KxEE 0H8EE 0HJEE 3DQEE 1SKEE 2CAEE 4KxEE 0KxEE 3KxEE 1S2EE 2KxEE 1KxEE 1D9EE 2KxEE 4HTEE 0DJEE 3HKEE 1C2EE 4KxEE 0KxEE 3KxEE 1KxEE 1SQEE 2KxEE 4KxEE 0KxEE 3DAEE 1KxEE 3KxEE 3C5EE 1CQEE 2KxEE 4KxEE 0KxEE 3KxEE 1CKEE 2S4EE 4H5EE 0CJEE 3KxEE 2KxEE 4KxEE 3C6EE 2H7EE 4C8EE 4D3EE 3STEE 2KxEE 4SJEE 4KxEE 4C3EE 2D4EE 4S9EE 2KxEE 4DTEE 4KxEE 4C9EE
%00030%result% 10342
%00030%points% 65 86 100 110 104
%00031%mibun% 10423
%00031%seat% 24031
%00031%palyer_cards% S4S5S6SAH4H8HTD8C6C8 S3SQH9HQHKD5D6D9DJDACT SKS2H5H6H7H2DTC5C7CKCA S8SJH3D3D7C3CJCQC2J3 S7S9STHJHAD4DQDKD2C4C9 
%00031%change_cards%  21S2H2EE 40D2EE 12S3D5EE 04S4EE
%00031%play%  3H3EE 1D6EE 2H7EE 4S9EE 0HTEE 3SJEE 1SQEE 2SKEE 4KxEE 0SAEE 3KxEE 1KxEE 2KxEE 0KxEE 3KxEE 3D3EE 1H9EE 2DTEE 4HJEE 0D2EE 3KxEE 1KxEE 2KxEE 4KxEE 0KxEE 0H4EE 3D7EE 1D9EE 2KxEE 4DQEE 0KxEE 3KxEE 1DAEE 4KxEE 1KxEE 1CTEE 2CKEE 4KxEE 0KxEE 3C2EE 1KxEE 2KxEE 3KxEE 3C3EE 1DJEE 2CAEE 4KxEE 0KxEE 3KxEE 1S2EE 2KxEE 1KxEE 1HQEE 2KxEE 4DKEE 0KxEE 3KxEE 1H2EE 4KxEE 1KxEE 1HKEE 2KxEE 4HAEE 0KxEE 3KxEE 4KxEE 4S4EE 0S5EE 3S8EE 3CJEE 2KxEE 4KxEE 0KxEE 3CQEE 2S3EE 4D4EE 0S6EE 2C7EE 4C9EE 0KxEE 2KxEE 4KxEE 4C4EE 0C6EE 2KxEE 4KxEE 0C8EE 0H8EE 0D8EE 2H5EE 4S7EE 2KxEE 4STEE
%00031%result% 13042
%00031%points% 68 91 101 114 106
%00032%mibun% 20413
%00032%seat% 24031
%00032%palyer_cards% S4S9SJS2H5HADQC4CTCA S3S5HJHKD3D5D9DKD2C9C2 S7S8SQH4H2D7DTDJC7C8J3 SAH3H6H7HQD4C3C5C6CK S6STSKH8H9HTD6D8DACJCQ 
%00032%change_cards%  21H2J3EE 43DAEE 12S3D3EE 34H3EE
%00032%play%  2S3EE 4S6EE 0S9EE 3SAEE 1KxEE 2KxEE 4KxEE 0KxEE 3KxEE 1KxEE 1S5EE 2S7EE 4STEE 0SJEE 3KxEE 1KxEE 2SQEE 4SKEE 0S2EE 2KxEE 4KxEE 0KxEE 0S4EE 3C5EE 1D9EE 2DTEE 4KxEE 0DQEE 3DAEE 1D2EE 2KxEE 0KxEE 3KxEE 1KxEE 1D5EE 2D7EE 4D8EE 4H3EE 0C4EE 3H6EE 1C9EE 2DJEE 4CQEE 0HAEE 3KxEE 1H2EE 2KxEE 4KxEE 0KxEE 1KxEE 1HJEE 2KxEE 4KxEE 0CAEE 3KxEE 1C2EE 0KxEE 1KxEE 1HKEE 2KxEE 4KxEE 0KxEE 3KxEE 1KxEE 1DKEE 2KxEE 4KxEE 0KxEE 3KxEE 2D3EE 4D6EE 0KxEE 3KxEE 2KxEE 4KxEE 4H8EE 4H9EE 0CTEE 3HQEE 2KxEE 4KxEE 0KxEE 3CKEE 3KxEE 3C3EE 2H4EE 4HTEE 0KxEE 3KxEE 2KxEE 4KxEE 4CJEE 0KxEE 3KxEE 2KxEE 0H5EE 3C6EE 2C7EE 3KxEE 2C8EE 2S8EE
%00032%result% 14023
%00032%points% 71 96 103 115 110
%00033%mibun% 20341
%00033%seat% 12304
%00033%palyer_cards% STSQH3H5HJD5DKD2C6CT SAH6H7H9HKH2D9C7C9C2J3 S6H8D3D4D6D8DTDJDQC4CA S3S4S7S8S9SJSKD7C3C8CQ S5S2H4HTHQHADAC5CJCK 
%00033%change_cards%  31SKCQEE 24CAEE 13H6H7EE 42H4EE
%00033%play%  2D3EE 3S4EE 0H5EE 4HTEE 1HKEE 2KxEE 3KxEE 0KxEE 4HAEE 1H2EE 4KxEE 1KxEE 1KxEE 1C7EE 2H8EE 2H4EE 3H6EE 0HJEE 4HQEE 1KxEE 2KxEE 3KxEE 0KxEE 4KxEE 4S5EE 1H9EE 2DTEE 3SJEE 0SQEE 4S2EE 1KxEE 2KxEE 3KxEE 0KxEE 4KxEE 4C5EE 1D9EE 2DJEE 3KxEE 0DKEE 4DAEE 1KxEE 2KxEE 0D2EE 4KxEE 0KxEE 0H3EE 4CJEE 1CQEE 2KxEE 3KxEE 0KxEE 4CKEE 1C2EE 4KxEE 1KxEE 1C9EE 2DQEE 3KxEE 0KxEE 4CAEE 1KxEE 2KxEE 1SKEE 2KxEE 3KxEE 0KxEE 1SAEE 2D4EE 3S7EE 0STEE 2KxEE 3KxEE 0KxEE 0D5EE 2S6EE 3H7EE 0CTEE 2KxEE 3KxEE 0KxEE 0C6EE 2D8EE 2C4EE 3D7EE 2KxEE 3S8EE 3S3EE 2D6EE
%00033%result% 41023
%00033%points% 74 100 105 116 115
%00034%mibun% 21340
%00034%seat% 12304
%00034%palyer_cards% H5H6H9D4D5D8D2C4C6J3 S4S5S6S2HQHAD3D9C5C9CJ S7S9STSKH3HKD6DTDQCKC2 SJSQSAH7H8H2D7DAC3CA S3S8H4HTHJDJDKC7C8CTCQ 
%00034%change_cards%  34SAH2EE 21C2EE 43S3H4EE 12D3EE
%00034%play%  2H3EE 3H4EE 0H5EE 4HTEE 1HQEE 2HKEE 3KxEE 0KxEE 4KxEE 1KxEE 2KxEE 0KxEE 0D4EE 4C7EE 1D9EE 2STEE 3SJEE 0KxEE 4SAEE 1S2EE 2KxEE 3KxEE 4KxEE 1KxEE 1S4EE 2D6EE 3H7EE 0D8EE 0C4EE 4S8EE 4C8EE 4CTEE 1CJEE 2CKEE 3CAEE 0KxEE 4KxEE 1C2EE 2KxEE 3KxEE 1KxEE 1S5EE 2S7EE 3SQEE 0KxEE 4KxEE 1KxEE 2SKEE 3KxEE 2KxEE 2D3EE 3D7EE 0D2EE 4KxEE 1KxEE 2KxEE 3KxEE 0KxEE 0D5EE 4HJEE 1HAEE 2KxEE 3KxEE 0KxEE 4H2EE 1KxEE 4KxEE 4DJEE 1KxEE 2DQEE 3DAEE 0KxEE 4KxEE 2KxEE 3KxEE 3S3EE 0H6EE 4CQEE 1KxEE 2KxEE 3KxEE 0KxEE 4DKEE 1C5EE 2S9EE 3KxEE 0KxEE 1KxEE 2DTEE 3C3EE 0C6EE 1C9EE 3KxEE 0KxEE 1KxEE 1S6EE 3H8EE
%00034%result% 42130
%00034%points% 75 103 109 118 120
%00035%mibun% 42130
%00035%seat% 12304
%00035%palyer_cards% S3STSAH9HJD4D7C9CTCK S5S6S9SQH5H8D6D8D2C7C2 S4S8H4HKD3D5D9DAC3C4J3 SJSKS2H7HTH2DJDQDKC8 S7H3H6HQHADTC5C6CJCQCA 
%00035%change_cards%  04SACKEE 32S2EE 40H3C5EE 23D3EE
%00035%play%  3D3EE 0D4EE 4DTEE 1D2EE 2KxEE 3KxEE 0KxEE 4KxEE 1KxEE 2KxEE 2C3EE 3H7EE 0H9EE 4HQEE 1KxEE 2HKEE 3H2EE 0KxEE 4KxEE 2KxEE 3KxEE 3C8EE 3HTEE 0HJEE 4HAEE 1KxEE 2KxEE 3KxEE 0KxEE 4KxEE 4H6EE 1C7EE 2S8EE 2S4EE 3SJEE 0KxEE 4SAEE 1KxEE 2S2EE 3KxEE 4KxEE 2KxEE 2H4EE 3DJEE 0KxEE 4CQEE 1C2EE 2KxEE 3KxEE 4KxEE 1KxEE 1S5EE 2D9EE 3DQEE 0KxEE 4KxEE 1KxEE 2DAEE 3KxEE 2KxEE 2C4EE 3SKEE 0KxEE 4CAEE 1KxEE 2KxEE 3KxEE 4KxEE 4C6EE 1H8EE 1H5EE 2KxEE 3DKEE 0KxEE 4KxEE 1KxEE 0S3EE 4S7EE 1S9EE 2KxEE 0STEE 4KxEE 1SQEE 0KxEE 1KxEE 1S6EE 2KxEE 0D7EE 4CJEE 1KxEE 0KxEE 4CKEE 1D6EE 2KxEE 0C9EE 1KxEE 0CTEE 0KxEE 0H3EE 1D8EE 2D5EE
%00035%result% 34120
%00035%points% 76 106 111 123 124
%00036%mibun% 42301
%00036%seat% 24310
%00036%palyer_cards% SJSAS2H3H9HKH2D4DTC5CA S5SQH4HAD8DAD2CTCJCQCK S3S6S7SKD3D7C3C6C7C8 S8S9H7H8HTHJHQD9DJC4C2 S4STH5H6D5D6DQDKC9J3 
%00036%change_cards%  03S2H2EE 24SKEE 30H7C4EE 42S4EE
%00036%play%  2S3EE 4H5EE 3S8EE 3H8EE 3S9EE 1CTEE 0SJEE 2KxEE 4DQEE 3S2EE 1KxEE 0KxEE 4KxEE 3KxEE 4KxEE 4D5EE 3D9EE 1DAEE 0KxEE 2KxEE 4KxEE 3KxEE 1D2EE 1KxEE 1H4EE 0C5EE 2S6EE 4C9EE 3HTEE 1CJEE 0HKEE 2KxEE 4KxEE 3H2EE 1KxEE 0KxEE 3KxEE 3HJEE 1SQEE 0SAEE 2KxEE 4KxEE 3KxEE 1KxEE 0KxEE 0H3EE 2S4EE 4H6EE 3DJEE 1CQEE 0CAEE 2KxEE 4KxEE 3C2EE 1KxEE 0KxEE 3KxEE 3HQEE 1CKEE 0KxEE 2KxEE 4KxEE 1HAEE 1KxEE 1S5EE 0H7EE 2C8EE 2D3EE 4D6EE 1D8EE 0D4EE 2C6EE 4STEE 0KxEE 2KxEE 4SKEE 4KxEE 4DKEE 0KxEE 2KxEE 0C4EE 2S7EE 0H9EE 2KxEE 0DTEE
%00036%result% 31402
%00036%points% 78 110 112 128 127
%00037%mibun% 31402
%00037%seat% 24310
%00037%palyer_cards% S6S8S9H5H8HQHAD5D8C5CT S4SJSQSKS2D3D6D7DKDAC3 S7H3H7H9HTDQC9CJCKC2 S3STHKD9DTD2C4C6C8CQCA S5SAH4H6HJH2D4DJC7J3 
%00037%change_cards%  23CKC2EE 01HAEE 32S3C4EE 10D3EE
%00037%play%  0D3EE 2C4EE 4S5EE 3C6EE 1D7EE 0S8EE 0H5EE 2S7EE 4HJEE 3CQEE 1SKEE 0KxEE 2KxEE 4SAEE 3KxEE 1S2EE 4KxEE 1KxEE 4KxEE 4H4EE 3C8EE 3D9EE 1SJEE 0HQEE 2KxEE 4H2EE 3KxEE 1KxEE 0KxEE 4KxEE 4D4EE 3STEE 1SQEE 0KxEE 2KxEE 4KxEE 3KxEE 1KxEE 1C3EE 0D5EE 2H7EE 4DJEE 3HKEE 1HAEE 0KxEE 2KxEE 4KxEE 3KxEE 1KxEE 1S4EE 0C5EE 2H9EE 4KxEE 3DTEE 1DKEE 0KxEE 2KxEE 3D2EE 1KxEE 3KxEE 3CKEE 1DAEE 0KxEE 2KxEE 4KxEE 3C2EE 1KxEE 3KxEE 3CAEE 1KxEE 0KxEE 2KxEE 4KxEE 1D6EE 0H8EE 0S6EE 2C9EE 4KxEE 0CTEE 2CJEE 0KxEE 2KxEE 2S3EE 4H6EE 0D8EE 0S9EE 2HTEE 4KxEE 2DQEE 2KxEE 2H3EE
%00037%result% 31024
%00037%points% 81 114 114 133 128
%00038%mibun% 21304
%00038%seat% 24310
%00038%palyer_cards% S9SAS2H5H7HJHQD8DJC4C7 S6S8SJSKH8H9HADQDAC8C9 S7HTH2D5D6DKC5C6CKJ3 S4S5STSQH6HKD3D9D2CQCA S3H3H4D4D7DTC3CTCJC2 
%00038%change_cards%  43CJC2EE 21J3EE 34S4D3EE 12S6EE
%00038%play%  4S3EE 3S5EE 1S8EE 1H8EE 1C8EE 1H9EE 0HJEE 2H2EE 4KxEE 3KxEE 1KxEE 0KxEE 2KxEE 1KxEE 1C9EE 0DJEE 2DKEE 4KxEE 3D2EE 1KxEE 0KxEE 2KxEE 3KxEE 3H6EE 1SJEE 0HQEE 2CKEE 4KxEE 3CAEE 1KxEE 0KxEE 2KxEE 3C2EE 3KxEE 3D9EE 1DQEE 0KxEE 2KxEE 4KxEE 3KxEE 1DAEE 1KxEE 1SKEE 0SAEE 2KxEE 4KxEE 3KxEE 1KxEE 0S2EE 0KxEE 0C4EE 2D5EE 4D7EE 3KxEE 1KxEE 0D8EE 0H5EE 2S6EE 4DTEE 3CJEE 1HAEE 0KxEE 2KxEE 4KxEE 3KxEE 0H7EE 2HTEE 4KxEE 3HKEE 0KxEE 2KxEE 3KxEE 3STEE 0KxEE 2KxEE 4KxEE 3SQEE 3KxEE 3CQEE 0KxEE 2KxEE 4KxEE 0C7EE 2KxEE 4CTEE 0KxEE 4KxEE 4H3EE 0S9EE 2KxEE 4KxEE 2C5EE 4KxEE 2D6EE 2S7EE 2KxEE 2C6EE
%00038%result% 13024
%00038%points% 84 119 116 137 129
%00039%mibun% 20314
%00039%seat% 04312
%00039%palyer_cards% S5SJSKS2H2D9D2C4C9CJC2 S9HKD3D4D5D7D8DTC3C7CT S6H4H6H8H9HADJC6CKCAJ3 S4S7S8SQH5HQDQDKDAC8 S3STSAH3H7HTHJD6C5CQ 
%00039%change_cards%  41SACQEE 23J3EE 14D3C3EE 32S4EE
%00039%play%  4S3EE 3H5EE 1D7EE 2H8EE 2S4EE 0S5EE 4STEE 3SQEE 1SAEE 2KxEE 0S2EE 4KxEE 3KxEE 1KxEE 0KxEE 3KxEE 3S7EE 1D8EE 1D4EE 2S6EE 0D9EE 4HTEE 3HQEE 1HKEE 2HAEE 0H2EE 4KxEE 3KxEE 1KxEE 2KxEE 0KxEE 0C4EE 4C5EE 3C8EE 3S8EE 3DQEE 1KxEE 2CKEE 0D2EE 4KxEE 3KxEE 2KxEE 0KxEE 0C9EE 4HJEE 3DKEE 1KxEE 2CAEE 0C2EE 4KxEE 3KxEE 2KxEE 0KxEE 0SJEE 4KxEE 3DAEE 1KxEE 2KxEE 0KxEE 1D5EE 2H6EE 0CJEE 4KxEE 1CQEE 2KxEE 0KxEE 1KxEE 1C7EE 2H9EE 0SKEE 4KxEE 1KxEE 2KxEE 4H3EE 1S9EE 2DJEE 4KxEE 1KxEE 2KxEE 2H4EE 4D6EE 1DTEE 2KxEE 4KxEE 1KxEE 1CTEE 2KxEE 4KxEE 2C6EE
%00039%result% 30124
%00039%points% 88 122 118 142 130
%00040%mibun% 12304
%00040%seat% 04312
%00040%palyer_cards% S5SAH8HAD3D6DJDQDAC5 S3S4S2H4H5H9HTDKC6C7J3 SQSKH7HJHQHKD7D8C8C9CK S8SJH6H2D9D2C4CTCJCAC2 S6S7S9STH3D4D5DTC3CQ 
%00040%change_cards%  43STCQEE 20SKEE 34H6C4EE 02D3EE
%00040%play%  2D3EE 0S5EE 4S6EE 3S8EE 3D9EE 1HTEE 2HJEE 0HAEE 4KxEE 3H2EE 1KxEE 2KxEE 0KxEE 3KxEE 1KxEE 1S3EE 2H7EE 0H8EE 0C5EE 4H6EE 3STEE 1DKEE 2KxEE 0SAEE 4KxEE 3D2EE 1KxEE 0KxEE 3KxEE 3CTEE 1S2EE 2KxEE 0KxEE 4KxEE 3KxEE 1KxEE 1S4EE 2D7EE 0DJEE 4KxEE 3KxEE 1KxEE 2KxEE 0DQEE 0DAEE 0KxEE 0D6EE 4S7EE 3SJEE 1KxEE 2SQEE 0SKEE 4KxEE 3KxEE 2KxEE 4H3EE 3CJEE 1KxEE 2HQEE 4KxEE 3CAEE 2KxEE 3C2EE 3KxEE 3CQEE 1KxEE 2HKEE 4KxEE 2KxEE 2D8EE 2C8EE 2C9EE 4DTEE 1KxEE 2CKEE 4KxEE 4C3EE 1H4EE 4D5EE 1C6EE 4S9EE 1KxEE 4KxEE 4D4EE 1H5EE 4KxEE 1C7EE 1H9EE
%00040%result% 03214
%00040%points% 93 124 121 146 131
%00041%mibun% 03214
%00041%seat% 04312
%00041%palyer_cards% SAH4HKD5D2C3C4C7C8CTCA S5S9HTHQD3D4D7D9C9J3 S8SQH6H9H2DJDKC5CQC2 S3S6S2H3H7H8D6D8DTDQCK S4S7STSJSKH5HJHADAC6CJ 
%00041%change_cards%  40HADAEE 13J3EE 04H4C3EE 31S3EE
%00041%play%  1S3EE 2C5EE 0C7EE 4CJEE 3CKEE 1KxEE 2C2EE 0KxEE 4KxEE 3KxEE 2KxEE 3KxEE 3H3EE 1D4EE 2H6EE 0C8EE 0C4EE 4H5EE 3S6EE 1D7EE 2S8EE 2H9EE 0CTEE 4SJEE 3DQEE 1KxEE 2DKEE 0DAEE 4KxEE 3KxEE 2KxEE 0D2EE 0KxEE 0D5EE 4C6EE 3H7EE 1S9EE 2DJEE 0HKEE 4KxEE 3S2EE 1KxEE 2KxEE 0KxEE 3KxEE 3D6EE 1D9EE 2KxEE 0KxEE 4KxEE 3DTEE 1KxEE 3KxEE 3H8EE 3D8EE 1D3EE 2SQEE 0SAEE 4KxEE 1KxEE 2KxEE 0KxEE 0HAEE 4KxEE 1KxEE 2H2EE 0KxEE 2KxEE 2CQEE 0CAEE 4KxEE 1KxEE 4C3EE 1S5EE 4S7EE 1KxEE 4STEE 4SKEE 4KxEE 4S4EE 1C9EE 4HJEE 1HQEE 4KxEE 1KxEE 1HTEE
%00041%result% 32014
%00041%points% 96 126 125 151 132
%00042%mibun% 23104
%00042%seat% 04123
%00042%palyer_cards% S3S6S9STSKHTD3D9DTC9CA S5D6DJDQDKC5C8CTCQJ3 SAS2H4HJHKD4D5D7C4CK S4S8SQH3H7H8HAD8DAD2C7 S7SJH5H6H9HQH2C3C6CJC2 
%00042%change_cards%  43H2C2EE 12J3EE 34S4H3EE 21H4EE
%00042%play%  0S3EE 4S4EE 1S5EE 2SAEE 3KxEE 0KxEE 4KxEE 1KxEE 2S2EE 2KxEE 2KxEE 2D4EE 3H7EE 0S9EE 4SJEE 1KxEE 2KxEE 3SQEE 0SKEE 4KxEE 3KxEE 0KxEE 0D3EE 4H5EE 1D6EE 2D7EE 3D8EE 3C7EE 0D9EE 4CJEE 1DQEE 2HKEE 3HAEE 0KxEE 4KxEE 1KxEE 2KxEE 3H2EE 3KxEE 3S8EE 3H8EE 3DAEE 0KxEE 4KxEE 1KxEE 2KxEE 3D2EE 3KxEE 3C2EE 0KxEE 4KxEE 1KxEE 2KxEE 0S6EE 4S7EE 1KxEE 2KxEE 0STEE 4KxEE 0KxEE 0C9EE 4HQEE 1DKEE 2KxEE 0CAEE 4KxEE 1KxEE 0KxEE 0HTEE 4KxEE 1DJEE 2CKEE 0KxEE 1KxEE 2KxEE 2C4EE 0DTEE 4KxEE 1CQEE 2KxEE 1KxEE 1H4EE 2D5EE 4H6EE 1C8EE 1C5EE 2HJEE 4KxEE 1KxEE 4H3EE 1CTEE
%00042%result% 30214
%00042%points% 100 128 128 156 133
%00043%mibun% 13204
%00043%seat% 04123
%00043%palyer_cards% S3S6SKH3H5H8DQDKC6C7CT S4SAHTHJHQH2D7DJC9C2 S2H6H7HKD3D5D6DTC3C8 S5S8SJSQD9D2C5CJCKCAJ3 S7S9STH4H9HAD4D8DAC4CQ 
%00043%change_cards%  43HADAEE 10H2EE 34S5C5EE 01S3EE
%00043%play%  2D3EE 3S8EE 3D9EE 0CTEE 4CQEE 1C2EE 2KxEE 3KxEE 0KxEE 4KxEE 1KxEE 3KxEE 3SJEE 0DQEE 4KxEE 1SAEE 2S2EE 3KxEE 0KxEE 1KxEE 2KxEE 2C3EE 3CJEE 0KxEE 4KxEE 1KxEE 2KxEE 3CKEE 3CAEE 3KxEE 3SQEE 0SKEE 4KxEE 1KxEE 2KxEE 3KxEE 0KxEE 0H3EE 4H4EE 1HTEE 2HKEE 3HAEE 0H2EE 4KxEE 1KxEE 2KxEE 3KxEE 0KxEE 0H5EE 4S7EE 1C9EE 2DTEE 3DAEE 0KxEE 4KxEE 1KxEE 2KxEE 3D2EE 0S6EE 4D8EE 4D4EE 1D7EE 2KxEE 0DKEE 4KxEE 1KxEE 0KxEE 0C6EE 4S9EE 1HJEE 2KxEE 0KxEE 4KxEE 1HQEE 1KxEE 1S3EE 2D5EE 0C7EE 4H9EE 1DJEE 2KxEE 0KxEE 4KxEE 1KxEE 1S4EE 2H6EE 0H8EE 4C4EE 2D6EE 4STEE 2KxEE 4KxEE 4S5EE 2H7EE 4KxEE 2C8EE
%00043%result% 31024
%00043%points% 103 132 130 161 134
%00044%mibun% 21304
%00044%seat% 04123
%00044%palyer_cards% S3S4S5S8SQHJD6D7DJDKCQ SKSAH5D3D4D9DQDAC7C8 S7S9S2H3H4H2D5DTC3C4 S6STSJHTHKHAC6C9CJC2J3 H6H7H8H9HQD8D2C5CTCKCA 
%00044%change_cards%  43D2CAEE 21S2EE 34S6C6EE 12D3EE
%00044%play%  2H3EE 3C9EE 0HJEE 4HQEE 1KxEE 2H2EE 3KxEE 0KxEE 4KxEE 2KxEE 3KxEE 3STEE 0DJEE 4CKEE 1SAEE 2KxEE 3D2EE 0KxEE 4KxEE 1KxEE 3KxEE 3HTEE 0SQEE 4KxEE 1SKEE 2KxEE 3KxEE 0KxEE 1S2EE 1KxEE 1D4EE 2D5EE 3KxEE 0D6EE 4D8EE 4C5EE 1C7EE 2KxEE 3CJEE 0CQEE 4KxEE 1KxEE 3CAEE 0KxEE 3C2EE 3KxEE 3SJEE 0DKEE 4KxEE 1DAEE 2KxEE 3KxEE 0KxEE 1KxEE 1H5EE 2S7EE 3HKEE 0KxEE 4KxEE 1KxEE 2KxEE 3HAEE 0S3EE 4S6EE 1KxEE 2S9EE 0KxEE 4KxEE 2KxEE 2D3EE 0S4EE 4H6EE 1C8EE 1D9EE 2DTEE 0KxEE 4KxEE 1DQEE 2KxEE 2C3EE 0S5EE 4C6EE 2KxEE 0D7EE 4H8EE 4H7EE 2KxEE 0S8EE 4H9EE 2KxEE 4CTEE
%00044%result% 31042
%00044%points% 106 136 131 166 136
%00045%mibun% 21403
%00045%seat% 21304
%00045%palyer_cards% S6S9S2H6H9HJD7DAC7CKC2 S8H3H4H5H8HQDJC3C5CA S7SJSQHTD3D8D9DTC8CQ STSKSAH7HKHAH2D5D6DQCJ S3S4S5D4DKD2C4C6C9CTJ3 
%00045%change_cards%  23SQCQEE 41J3EE 32D5D6EE 14H3EE
%00045%play%  2D3EE 1H4EE 3H7EE 0H9EE 4KxEE 2HTEE 1HQEE 3HKEE 0KxEE 2KxEE 1KxEE 3KxEE 1KxEE 1C3EE 3STEE 0HJEE 4DKEE 2KxEE 1CAEE 3H2EE 0KxEE 4KxEE 1KxEE 3KxEE 3CJEE 0CKEE 4KxEE 2KxEE 1KxEE 3KxEE 0C2EE 0KxEE 0S6EE 4C9EE 2DTEE 1DJEE 3DQEE 0DAEE 4D2EE 2KxEE 1KxEE 3KxEE 0KxEE 4KxEE 4S3EE 2D5EE 1S8EE 1H5EE 3SQEE 0S2EE 4KxEE 2KxEE 1KxEE 3KxEE 0KxEE 0H6EE 4CTEE 2SJEE 1KxEE 3CQEE 0KxEE 4KxEE 2KxEE 3SKEE 3SAEE 3KxEE 3HAEE 0KxEE 4KxEE 2KxEE 1KxEE 0D7EE 4KxEE 2D8EE 2D6EE 1H8EE 1C5EE 0C7EE 4KxEE 2C8EE 2S7EE 0S9EE 4KxEE 2KxEE 4H3EE 2D9EE
%00045%result% 31024
%00045%points% 109 140 133 171 137
%00046%mibun% 21304
%00046%seat% 21304
%00046%palyer_cards% S4S5H7H8HQHKD6D8DJC4CK S3S6S9STSAH2DKD2CAJ3 SJSQSKH5H9HJD9DAC6C2 S7S2H4HAD4D5DTC3C8C9CT S8H3H6HTD3D7DQC5C7CJCQ 
%00046%change_cards%  43DQCQEE 21C2EE 34H4C3EE 12S3EE
%00046%play%  4H3EE 2H5EE 1H2EE 3KxEE 0KxEE 4KxEE 2KxEE 1KxEE 1KxEE 1S6EE 3S7EE 0KxEE 4S8EE 4D3EE 2C6EE 1S9EE 3DTEE 0DJEE 4KxEE 2DAEE 1D2EE 3KxEE 0KxEE 2KxEE 1KxEE 1STEE 3DQEE 0HKEE 4KxEE 2KxEE 1SAEE 3S2EE 0KxEE 1KxEE 3KxEE 3D4EE 0S5EE 4H6EE 2H9EE 1KxEE 3HAEE 0KxEE 4KxEE 2KxEE 3KxEE 3D5EE 0D6EE 4D7EE 2D9EE 1DKEE 3KxEE 0KxEE 4KxEE 2KxEE 1KxEE 1CAEE 3KxEE 0KxEE 4KxEE 2KxEE 1C2EE 3C8EE 3C9EE 0HQEE 4KxEE 2SKEE 3KxEE 0KxEE 2KxEE 2S3EE 3CTEE 0CKEE 4KxEE 2KxEE 3KxEE 0KxEE 0S4EE 4C5EE 2SJEE 3CQEE 0KxEE 4KxEE 2KxEE 0C4EE 4C7EE 2KxEE 0KxEE 4CJEE 4KxEE 4C3EE 2HJEE 0KxEE 4KxEE 2SQEE 0H7EE 4HTEE 0KxEE 4KxEE 4H4EE
%00046%result% 13240
%00046%points% 110 145 136 175 139
%00047%mibun% 40213
%00047%seat% 21304
%00047%palyer_cards% S5SAH3H4HTHJHAD5D9DTCT S6S7S8S9STH5HQH2D6CKC2 S3H7D4DJDQD2C3C4C9CA S4SKH9HKD7D8DAC6C7C8J3 SJSQS2H6H8D3DKC5CJCQ 
%00047%change_cards%  01SAHAEE 43S2EE 10S6H5EE 34S4EE
%00047%play%  4D3EE 2D4EE 1D6EE 3D7EE 0D9EE 4DKEE 2D2EE 1KxEE 3KxEE 0KxEE 4KxEE 2KxEE 3KxEE 3C6EE 0HTEE 4SJEE 2DQEE 1CKEE 3DAEE 0KxEE 4KxEE 2KxEE 1H2EE 3KxEE 1KxEE 1S7EE 3D8EE 3C7EE 0DTEE 4CJEE 2CAEE 1C2EE 3KxEE 0KxEE 4KxEE 2KxEE 1KxEE 1S8EE 1S9EE 3SKEE 0KxEE 4KxEE 2KxEE 1SAEE 3S2EE 1KxEE 3KxEE 3C8EE 3H9EE 0CTEE 4SQEE 2KxEE 1HAEE 3KxEE 0KxEE 4KxEE 1KxEE 1STEE 3HKEE 0KxEE 4KxEE 2KxEE 1KxEE 0H3EE 4S4EE 2H7EE 1HQEE 0KxEE 4KxEE 2KxEE 0H4EE 4C5EE 2C9EE 0KxEE 4CQEE 2KxEE 4KxEE 4H6EE 2DJEE 0KxEE 4KxEE 2KxEE 2S3EE 0S5EE 4KxEE 2KxEE 0S6EE 0KxEE 0H5EE 4H8EE 2C3EE 0D5EE 2KxEE 0HJEE
%00047%result% 31402
%00047%points% 112 149 137 180 142
%00048%mibun% 31402
%00048%seat% 14032
%00048%palyer_cards% S5SAH3H6H9HTD3D8C6C2 S9STSKH4H5H7HQD5DKC4C8 S3S4S8SJS2H2D7D9DTCTJ3 SQHJHAD4DQD2C3CJCQCKCA S6S7H8HKD6DJDAC5C7C9 
%00048%change_cards%  23S2J3EE 01C2EE 32D4C3EE 10H4EE
%00048%play%  0H3EE 3HJEE 2H2EE 1KxEE 4KxEE 0KxEE 3KxEE 2KxEE 3KxEE 3CJEE 2KxEE 1HQEE 4HKEE 0KxEE 3HAEE 1KxEE 4KxEE 3KxEE 3SQEE 2KxEE 1SKEE 4KxEE 0SAEE 3S2EE 1KxEE 0KxEE 3KxEE 3DQEE 2KxEE 1DKEE 4DAEE 0KxEE 3D2EE 1KxEE 4KxEE 3KxEE 3CQEE 2KxEE 1C2EE 4KxEE 0KxEE 3KxEE 1KxEE 1C4EE 4C5EE 0C6EE 3CKEE 2KxEE 1KxEE 4KxEE 0KxEE 3CAEE 2S3EE 1H5EE 4S6EE 0D8EE 0D3EE 2S4EE 1D5EE 4D6EE 0KxEE 2D7EE 1KxEE 4DJEE 2KxEE 4KxEE 4S7EE 0H9EE 2DTEE 1KxEE 4KxEE 0KxEE 2SJEE 2KxEE 2C3EE 1H7EE 4H8EE 4C7EE 0HTEE 2KxEE 1KxEE 4KxEE 0KxEE 0H4EE 2S8EE 2D4EE 1C8EE 1S9EE 4KxEE 0KxEE 2CTEE 1KxEE 2KxEE 2D9EE 1STEE 4KxEE 0KxEE 4C9EE
%00048%result% 32140
%00048%points% 113 152 141 185 144
