This file contains any messages produced by compilers while
running configure, to aid debugging if configure makes a mistake.

It was created by tndhms configure 0.09, which was
generated by GNU Autoconf 2.69.  Invocation command line was

  $ ./configure 

## --------- ##
## Platform. ##
## --------- ##

hostname = b77
uname -m = x86_64
uname -r = 5.11.22
uname -s = Linux
uname -v = #18 SMP Thu Feb 24 18:28:14 CST 2022

/usr/bin/uname -p = x86_64
/bin/uname -X     = unknown

/bin/arch              = x86_64
/usr/bin/arch -k       = unknown
/usr/convex/getsysinfo = unknown
/usr/bin/hostinfo      = unknown
/bin/machine           = unknown
/usr/bin/oslevel       = unknown
/bin/universe          = unknown

PATH: /usr/local/anaconda3/bin
PATH: /usr/local/bin
PATH: /usr/bin
PATH: /bin
PATH: /usr/lib/jvm/java-1.11.0-openjdk-amd64
PATH: /usr/local/sbin
PATH: /usr/local/bin
PATH: /usr/sbin
PATH: /usr/bin
PATH: /sbin
PATH: /bin
PATH: /usr/games
PATH: /usr/local/games
PATH: /snap/bin


## ----------- ##
## Core tests. ##
## ----------- ##

configure:2203: checking for a BSD-compatible install
configure:2271: result: /usr/bin/install -c
configure:2282: checking whether build environment is sane
configure:2337: result: yes
configure:2486: checking for a thread-safe mkdir -p
configure:2525: result: /usr/bin/mkdir -p
configure:2532: checking for gawk
configure:2562: result: no
configure:2532: checking for mawk
configure:2548: found /usr/bin/mawk
configure:2559: result: mawk
configure:2570: checking whether make sets $(MAKE)
configure:2592: result: yes
configure:2621: checking whether make supports nested variables
configure:2638: result: yes
configure:2816: checking for gcc
configure:2832: found /usr/bin/gcc
configure:2843: result: gcc
configure:3072: checking for C compiler version
configure:3081: gcc --version >&5
gcc (Ubuntu 9.4.0-1ubuntu1~20.04.2) 9.4.0
Copyright (C) 2019 Free Software Foundation, Inc.
This is free software; see the source for copying conditions.  There is NO
warranty; not even for MERCHANTABILITY or FITNESS FOR A PARTICULAR PURPOSE.

configure:3092: $? = 0
configure:3081: gcc -v >&5
Using built-in specs.
COLLECT_GCC=gcc
COLLECT_LTO_WRAPPER=/usr/lib/gcc/x86_64-linux-gnu/9/lto-wrapper
OFFLOAD_TARGET_NAMES=nvptx-none:hsa
OFFLOAD_TARGET_DEFAULT=1
Target: x86_64-linux-gnu
Configured with: ../src/configure -v --with-pkgversion='Ubuntu 9.4.0-1ubuntu1~20.04.2' --with-bugurl=file:///usr/share/doc/gcc-9/README.Bugs --enable-languages=c,ada,c++,go,brig,d,fortran,objc,obj-c++,gm2 --prefix=/usr --with-gcc-major-version-only --program-suffix=-9 --program-prefix=x86_64-linux-gnu- --enable-shared --enable-linker-build-id --libexecdir=/usr/lib --without-included-gettext --enable-threads=posix --libdir=/usr/lib --enable-nls --enable-clocale=gnu --enable-libstdcxx-debug --enable-libstdcxx-time=yes --with-default-libstdcxx-abi=new --enable-gnu-unique-object --disable-vtable-verify --enable-plugin --enable-default-pie --with-system-zlib --with-target-system-zlib=auto --enable-objc-gc=auto --enable-multiarch --disable-werror --with-arch-32=i686 --with-abi=m64 --with-multilib-list=m32,m64,mx32 --enable-multilib --with-tune=generic --enable-offload-targets=nvptx-none=/build/gcc-9-9QDOt0/gcc-9-9.4.0/debian/tmp-nvptx/usr,hsa --without-cuda-driver --enable-checking=release --build=x86_64-linux-gnu --host=x86_64-linux-gnu --target=x86_64-linux-gnu
Thread model: posix
gcc version 9.4.0 (Ubuntu 9.4.0-1ubuntu1~20.04.2) 
configure:3092: $? = 0
configure:3081: gcc -V >&5
gcc: error: unrecognized command line option '-V'
gcc: fatal error: no input files
compilation terminated.
configure:3092: $? = 1
configure:3081: gcc -qversion >&5
gcc: error: unrecognized command line option '-qversion'; did you mean '--version'?
gcc: fatal error: no input files
compilation terminated.
configure:3092: $? = 1
configure:3112: checking whether the C compiler works
configure:3134: gcc    conftest.c  >&5
configure:3138: $? = 0
configure:3186: result: yes
configure:3189: checking for C compiler default output file name
configure:3191: result: a.out
configure:3197: checking for suffix of executables
configure:3204: gcc -o conftest    conftest.c  >&5
configure:3208: $? = 0
configure:3230: result: 
configure:3252: checking whether we are cross compiling
configure:3260: gcc -o conftest    conftest.c  >&5
configure:3264: $? = 0
configure:3271: ./conftest
configure:3275: $? = 0
configure:3263: result: no
configure:3268: checking for suffix of object files
configure:3290: gcc -c   conftest.c >&5
configure:3294: $? = 0
configure:3315: result: o
configure:3319: checking whether we are using the GNU C compiler
configure:3338: gcc -c   conftest.c >&5
configure:3338: $? = 0
configure:3347: result: yes
configure:3356: checking whether gcc accepts -g
configure:3376: gcc -c -g  conftest.c >&5
configure:3376: $? = 0
configure:3417: result: yes
configure:3434: checking for gcc option to accept ISO C89
configure:3497: gcc  -c -g -O2  conftest.c >&5
configure:3497: $? = 0
configure:3510: result: none needed
configure:3535: checking whether gcc understands -c and -o together
configure:3557: gcc -c conftest.c -o conftest2.o
configure:3560: $? = 0
configure:3557: gcc -c conftest.c -o conftest2.o
configure:3560: $? = 0
configure:3572: result: yes
configure:3600: checking for style of include used by make
configure:3628: result: GNU
configure:3654: checking dependency style of gcc
configure:3765: result: gcc3
configure:3789: checking how to run the C preprocessor
configure:3820: gcc -E  conftest.c
configure:3820: $? = 0
configure:3834: gcc -E  conftest.c
conftest.c:11:10: fatal error: ac_nonexistent.h: No such file or directory
   11 | #include <ac_nonexistent.h>
      |          ^~~~~~~~~~~~~~~~~~
compilation terminated.
configure:3834: $? = 1
configure: failed program was:
| /* confdefs.h */
| #define PACKAGE_NAME "tndhms"
| #define PACKAGE_TARNAME "tndhms"
| #define PACKAGE_VERSION "0.09"
| #define PACKAGE_STRING "tndhms 0.09"
| #define PACKAGE_BUGREPORT "daihinmin@ice.uec.ac.jp"
| #define PACKAGE_URL ""
| #define PACKAGE "tndhms"
| #define VERSION "0.09"
| /* end confdefs.h.  */
| #include <ac_nonexistent.h>
configure:3859: result: gcc -E
configure:3879: gcc -E  conftest.c
configure:3879: $? = 0
configure:3893: gcc -E  conftest.c
conftest.c:11:10: fatal error: ac_nonexistent.h: No such file or directory
   11 | #include <ac_nonexistent.h>
      |          ^~~~~~~~~~~~~~~~~~
compilation terminated.
configure:3893: $? = 1
configure: failed program was:
| /* confdefs.h */
| #define PACKAGE_NAME "tndhms"
| #define PACKAGE_TARNAME "tndhms"
| #define PACKAGE_VERSION "0.09"
| #define PACKAGE_STRING "tndhms 0.09"
| #define PACKAGE_BUGREPORT "daihinmin@ice.uec.ac.jp"
| #define PACKAGE_URL ""
| #define PACKAGE "tndhms"
| #define VERSION "0.09"
| /* end confdefs.h.  */
| #include <ac_nonexistent.h>
configure:3922: checking for X
configure:4030: gcc -E  conftest.c
configure:4030: $? = 0
configure:4061: gcc -o conftest -g -O2   conftest.c -lX11  >&5
configure:4061: $? = 0
configure:4111: result: libraries , headers 
configure:4210: gcc -o conftest -g -O2   conftest.c   -lX11 >&5
configure:4210: $? = 0
configure:4308: checking for gethostbyname
configure:4308: gcc -o conftest -g -O2   conftest.c  >&5
configure:4308: $? = 0
configure:4308: result: yes
configure:4405: checking for connect
configure:4405: gcc -o conftest -g -O2   conftest.c  >&5
configure:4405: $? = 0
configure:4405: result: yes
configure:4454: checking for remove
configure:4454: gcc -o conftest -g -O2   conftest.c  >&5
configure:4454: $? = 0
configure:4454: result: yes
configure:4503: checking for shmat
configure:4503: gcc -o conftest -g -O2   conftest.c  >&5
configure:4503: $? = 0
configure:4503: result: yes
configure:4561: checking for IceConnectionNumber in -lICE
configure:4586: gcc -o conftest -g -O2   conftest.c -lICE   >&5
configure:4586: $? = 0
configure:4595: result: yes
configure:4613: checking for library containing gethostbyname
configure:4644: gcc -o conftest -g -O2   conftest.c  >&5
configure:4644: $? = 0
configure:4661: result: none required
configure:4669: checking for library containing socket
configure:4700: gcc -o conftest -g -O2   conftest.c  >&5
configure:4700: $? = 0
configure:4717: result: none required
configure:4771: checking for XmbDrawString in -lX11
configure:4796: gcc -o conftest -g -O2    conftest.c -lX11   >&5
configure:4796: $? = 0
configure:4805: result: yes
configure:4816: checking for XpmCreatePixmapFromData in -lXpm
configure:4841: gcc -o conftest -g -O2    conftest.c -lXpm  -lX11  >&5
configure:4841: $? = 0
configure:4850: result: yes
configure:4866: checking for grep that handles long lines and -e
configure:4924: result: /usr/bin/grep
configure:4929: checking for egrep
configure:4991: result: /usr/bin/grep -E
configure:4996: checking for ANSI C header files
configure:5016: gcc -c -g -O2  conftest.c >&5
configure:5016: $? = 0
configure:5089: gcc -o conftest -g -O2    conftest.c -lXpm -lX11  >&5
configure:5089: $? = 0
configure:5089: ./conftest
configure:5089: $? = 0
configure:5100: result: yes
configure:5113: checking for sys/types.h
configure:5113: gcc -c -g -O2  conftest.c >&5
configure:5113: $? = 0
configure:5113: result: yes
configure:5113: checking for sys/stat.h
configure:5113: gcc -c -g -O2  conftest.c >&5
configure:5113: $? = 0
configure:5113: result: yes
configure:5113: checking for stdlib.h
configure:5113: gcc -c -g -O2  conftest.c >&5
configure:5113: $? = 0
configure:5113: result: yes
configure:5113: checking for string.h
configure:5113: gcc -c -g -O2  conftest.c >&5
configure:5113: $? = 0
configure:5113: result: yes
configure:5113: checking for memory.h
configure:5113: gcc -c -g -O2  conftest.c >&5
configure:5113: $? = 0
configure:5113: result: yes
configure:5113: checking for strings.h
configure:5113: gcc -c -g -O2  conftest.c >&5
configure:5113: $? = 0
configure:5113: result: yes
configure:5113: checking for inttypes.h
configure:5113: gcc -c -g -O2  conftest.c >&5
configure:5113: $? = 0
configure:5113: result: yes
configure:5113: checking for stdint.h
configure:5113: gcc -c -g -O2  conftest.c >&5
configure:5113: $? = 0
configure:5113: result: yes
configure:5113: checking for unistd.h
configure:5113: gcc -c -g -O2  conftest.c >&5
configure:5113: $? = 0
configure:5113: result: yes
configure:5128: checking arpa/inet.h usability
configure:5128: gcc -c -g -O2  conftest.c >&5
configure:5128: $? = 0
configure:5128: result: yes
configure:5128: checking arpa/inet.h presence
configure:5128: gcc -E  conftest.c
configure:5128: $? = 0
configure:5128: result: yes
configure:5128: checking for arpa/inet.h
configure:5128: result: yes
configure:5128: checking for inttypes.h
configure:5128: result: yes
configure:5128: checking netdb.h usability
configure:5128: gcc -c -g -O2  conftest.c >&5
configure:5128: $? = 0
configure:5128: result: yes
configure:5128: checking netdb.h presence
configure:5128: gcc -E  conftest.c
configure:5128: $? = 0
configure:5128: result: yes
configure:5128: checking for netdb.h
configure:5128: result: yes
configure:5128: checking netinet/in.h usability
configure:5128: gcc -c -g -O2  conftest.c >&5
configure:5128: $? = 0
configure:5128: result: yes
configure:5128: checking netinet/in.h presence
configure:5128: gcc -E  conftest.c
configure:5128: $? = 0
configure:5128: result: yes
configure:5128: checking for netinet/in.h
configure:5128: result: yes
configure:5128: checking for stdlib.h
configure:5128: result: yes
configure:5128: checking for string.h
configure:5128: result: yes
configure:5128: checking for strings.h
configure:5128: result: yes
configure:5128: checking sys/param.h usability
configure:5128: gcc -c -g -O2  conftest.c >&5
configure:5128: $? = 0
configure:5128: result: yes
configure:5128: checking sys/param.h presence
configure:5128: gcc -E  conftest.c
configure:5128: $? = 0
configure:5128: result: yes
configure:5128: checking for sys/param.h
configure:5128: result: yes
configure:5128: checking sys/socket.h usability
configure:5128: gcc -c -g -O2  conftest.c >&5
configure:5128: $? = 0
configure:5128: result: yes
configure:5128: checking sys/socket.h presence
configure:5128: gcc -E  conftest.c
configure:5128: $? = 0
configure:5128: result: yes
configure:5128: checking for sys/socket.h
configure:5128: result: yes
configure:5128: checking for unistd.h
configure:5128: result: yes
configure:5147: checking for bzero
configure:5147: gcc -o conftest -g -O2    conftest.c -lXpm -lX11  >&5
conftest.c:56:6: warning: conflicting types for built-in function 'bzero'; expected 'void(void *, long unsigned int)' [-Wbuiltin-declaration-mismatch]
   56 | char bzero ();
      |      ^~~~~
configure:5147: $? = 0
configure:5147: result: yes
configure:5147: checking for inet_ntoa
configure:5147: gcc -o conftest -g -O2    conftest.c -lXpm -lX11  >&5
configure:5147: $? = 0
configure:5147: result: yes
configure:5147: checking for memset
configure:5147: gcc -o conftest -g -O2    conftest.c -lXpm -lX11  >&5
conftest.c:58:6: warning: conflicting types for built-in function 'memset'; expected 'void *(void *, int,  long unsigned int)' [-Wbuiltin-declaration-mismatch]
   58 | char memset ();
      |      ^~~~~~
conftest.c:46:1: note: 'memset' is declared in header '<string.h>'
   45 | # include <limits.h>
   46 | #else
configure:5147: $? = 0
configure:5147: result: yes
configure:5147: checking for socket
configure:5147: gcc -o conftest -g -O2    conftest.c -lXpm -lX11  >&5
configure:5147: $? = 0
configure:5147: result: yes
configure:5147: checking for XCopyArea
configure:5147: gcc -o conftest -g -O2    conftest.c -lXpm -lX11  >&5
configure:5147: $? = 0
configure:5147: result: yes
configure:5147: checking for XpmReadFileToPixmap
configure:5147: gcc -o conftest -g -O2    conftest.c -lXpm -lX11  >&5
configure:5147: $? = 0
configure:5147: result: yes
configure:5278: checking that generated files are newer than configure
configure:5284: result: done
configure:5307: creating ./config.status

## ---------------------- ##
## Running config.status. ##
## ---------------------- ##

This file was extended by tndhms config.status 0.09, which was
generated by GNU Autoconf 2.69.  Invocation command line was

  CONFIG_FILES    = 
  CONFIG_HEADERS  = 
  CONFIG_LINKS    = 
  CONFIG_COMMANDS = 
  $ ./config.status 

on b77

config.status:872: creating Makefile
config.status:872: creating src/Makefile
config.status:872: creating src/config.h
config.status:1053: src/config.h is unchanged
config.status:1101: executing depfiles commands

## ---------------- ##
## Cache variables. ##
## ---------------- ##

ac_cv_c_compiler_gnu=yes
ac_cv_env_CC_set=
ac_cv_env_CC_value=
ac_cv_env_CFLAGS_set=
ac_cv_env_CFLAGS_value=
ac_cv_env_CPPFLAGS_set=
ac_cv_env_CPPFLAGS_value=
ac_cv_env_CPP_set=
ac_cv_env_CPP_value=
ac_cv_env_LDFLAGS_set=
ac_cv_env_LDFLAGS_value=
ac_cv_env_LIBS_set=
ac_cv_env_LIBS_value=
ac_cv_env_XMKMF_set=
ac_cv_env_XMKMF_value=
ac_cv_env_build_alias_set=
ac_cv_env_build_alias_value=
ac_cv_env_host_alias_set=
ac_cv_env_host_alias_value=
ac_cv_env_target_alias_set=
ac_cv_env_target_alias_value=
ac_cv_func_XCopyArea=yes
ac_cv_func_XpmReadFileToPixmap=yes
ac_cv_func_bzero=yes
ac_cv_func_connect=yes
ac_cv_func_gethostbyname=yes
ac_cv_func_inet_ntoa=yes
ac_cv_func_memset=yes
ac_cv_func_remove=yes
ac_cv_func_shmat=yes
ac_cv_func_socket=yes
ac_cv_have_x='have_x=yes	ac_x_includes='\'''\''	ac_x_libraries='\'''\'''
ac_cv_header_arpa_inet_h=yes
ac_cv_header_inttypes_h=yes
ac_cv_header_memory_h=yes
ac_cv_header_netdb_h=yes
ac_cv_header_netinet_in_h=yes
ac_cv_header_stdc=yes
ac_cv_header_stdint_h=yes
ac_cv_header_stdlib_h=yes
ac_cv_header_string_h=yes
ac_cv_header_strings_h=yes
ac_cv_header_sys_param_h=yes
ac_cv_header_sys_socket_h=yes
ac_cv_header_sys_stat_h=yes
ac_cv_header_sys_types_h=yes
ac_cv_header_unistd_h=yes
ac_cv_lib_ICE_IceConnectionNumber=yes
ac_cv_lib_X11_XmbDrawString=yes
ac_cv_lib_Xpm_XpmCreatePixmapFromData=yes
ac_cv_objext=o
ac_cv_path_EGREP='/usr/bin/grep -E'
ac_cv_path_GREP=/usr/bin/grep
ac_cv_path_install='/usr/bin/install -c'
ac_cv_path_mkdir=/usr/bin/mkdir
ac_cv_prog_AWK=mawk
ac_cv_prog_CPP='gcc -E'
ac_cv_prog_ac_ct_CC=gcc
ac_cv_prog_cc_c89=
ac_cv_prog_cc_g=yes
ac_cv_prog_make_make_set=yes
ac_cv_search_gethostbyname='none required'
ac_cv_search_socket='none required'
am_cv_CC_dependencies_compiler_type=gcc3
am_cv_make_support_nested_variables=yes
am_cv_prog_cc_c_o=yes

## ----------------- ##
## Output variables. ##
## ----------------- ##

ACLOCAL='${SHELL} /home1/y2021/f2110548/uecda/tndhm_devkit_c-20180826/server/missing aclocal-1.14'
AMDEPBACKSLASH='\'
AMDEP_FALSE='#'
AMDEP_TRUE=''
AMTAR='$${TAR-tar}'
AM_BACKSLASH='\'
AM_DEFAULT_V='$(AM_DEFAULT_VERBOSITY)'
AM_DEFAULT_VERBOSITY='1'
AM_V='$(V)'
AUTOCONF='${SHELL} /home1/y2021/f2110548/uecda/tndhm_devkit_c-20180826/server/missing autoconf'
AUTOHEADER='${SHELL} /home1/y2021/f2110548/uecda/tndhm_devkit_c-20180826/server/missing autoheader'
AUTOMAKE='${SHELL} /home1/y2021/f2110548/uecda/tndhm_devkit_c-20180826/server/missing automake-1.14'
AWK='mawk'
CC='gcc'
CCDEPMODE='depmode=gcc3'
CFLAGS='-g -O2'
CPP='gcc -E'
CPPFLAGS=''
CYGPATH_W='echo'
DEFS='-DHAVE_CONFIG_H'
DEPDIR='.deps'
ECHO_C=''
ECHO_N='-n'
ECHO_T=''
EGREP='/usr/bin/grep -E'
EXEEXT=''
GREP='/usr/bin/grep'
INSTALL_DATA='${INSTALL} -m 644'
INSTALL_PROGRAM='${INSTALL}'
INSTALL_SCRIPT='${INSTALL}'
INSTALL_STRIP_PROGRAM='$(install_sh) -c -s'
LDFLAGS=' '
LIBOBJS=''
LIBS='-lXpm -lX11 '
LTLIBOBJS=''
MAKEINFO='${SHELL} /home1/y2021/f2110548/uecda/tndhm_devkit_c-20180826/server/missing makeinfo'
MKDIR_P='/usr/bin/mkdir -p'
OBJEXT='o'
PACKAGE='tndhms'
PACKAGE_BUGREPORT='daihinmin@ice.uec.ac.jp'
PACKAGE_NAME='tndhms'
PACKAGE_STRING='tndhms 0.09'
PACKAGE_TARNAME='tndhms'
PACKAGE_URL=''
PACKAGE_VERSION='0.09'
PATH_SEPARATOR=':'
SET_MAKE=''
SHELL='/bin/bash'
STRIP=''
VERSION='0.09'
XMKMF=''
X_CFLAGS=''
X_EXTRA_LIBS=''
X_LIBS=''
X_PRE_LIBS=' -lSM -lICE'
ac_ct_CC='gcc'
am__EXEEXT_FALSE=''
am__EXEEXT_TRUE='#'
am__fastdepCC_FALSE='#'
am__fastdepCC_TRUE=''
am__include='include'
am__isrc=''
am__leading_dot='.'
am__nodep='_no'
am__quote=''
am__tar='$${TAR-tar} chof - "$$tardir"'
am__untar='$${TAR-tar} xf -'
bindir='${exec_prefix}/bin'
build_alias=''
datadir='${datarootdir}'
datarootdir='${prefix}/share'
docdir='${datarootdir}/doc/${PACKAGE_TARNAME}'
dvidir='${docdir}'
exec_prefix='${prefix}'
host_alias=''
htmldir='${docdir}'
includedir='${prefix}/include'
infodir='${datarootdir}/info'
install_sh='${SHELL} /home1/y2021/f2110548/uecda/tndhm_devkit_c-20180826/server/install-sh'
libdir='${exec_prefix}/lib'
libexecdir='${exec_prefix}/libexec'
localedir='${datarootdir}/locale'
localstatedir='${prefix}/var'
mandir='${datarootdir}/man'
mkdir_p='$(MKDIR_P)'
oldincludedir='/usr/include'
pdfdir='${docdir}'
prefix='/usr/local'
program_transform_name='s,x,x,'
psdir='${docdir}'
sbindir='${exec_prefix}/sbin'
sharedstatedir='${prefix}/com'
sysconfdir='${prefix}/etc'
target_alias=''

## ----------- ##
## confdefs.h. ##
## ----------- ##

/* confdefs.h */
#define PACKAGE_NAME "tndhms"
#define PACKAGE_TARNAME "tndhms"
#define PACKAGE_VERSION "0.09"
#define PACKAGE_STRING "tndhms 0.09"
#define PACKAGE_BUGREPORT "daihinmin@ice.uec.ac.jp"
#define PACKAGE_URL ""
#define PACKAGE "tndhms"
#define VERSION "0.09"
#define HAVE_LIBX11 1
#define HAVE_LIBXPM 1
#define STDC_HEADERS 1
#define HAVE_SYS_TYPES_H 1
#define HAVE_SYS_STAT_H 1
#define HAVE_STDLIB_H 1
#define HAVE_STRING_H 1
#define HAVE_MEMORY_H 1
#define HAVE_STRINGS_H 1
#define HAVE_INTTYPES_H 1
#define HAVE_STDINT_H 1
#define HAVE_UNISTD_H 1
#define HAVE_ARPA_INET_H 1
#define HAVE_INTTYPES_H 1
#define HAVE_NETDB_H 1
#define HAVE_NETINET_IN_H 1
#define HAVE_STDLIB_H 1
#define HAVE_STRING_H 1
#define HAVE_STRINGS_H 1
#define HAVE_SYS_PARAM_H 1
#define HAVE_SYS_SOCKET_H 1
#define HAVE_UNISTD_H 1
#define HAVE_BZERO 1
#define HAVE_INET_NTOA 1
#define HAVE_MEMSET 1
#define HAVE_SOCKET 1
#define HAVE_XCOPYAREA 1
#define HAVE_XPMREADFILETOPIXMAP 1

configure: exit 0
