This file contains any messages produced by compilers while
running configure, to aid debugging if configure makes a mistake.

It was created by FULL-PACKAGE-NAME configure VERSION, which was
generated by GNU Autoconf 2.61.  Invocation command line was

  $ ./configure 

## --------- ##
## Platform. ##
## --------- ##

hostname = b78
uname -m = x86_64
uname -r = 5.11.22
uname -s = Linux
uname -v = #18 SMP Thu Feb 24 18:28:14 CST 2022

/usr/bin/uname -p = x86_64
/bin/uname -X     = unknown

/bin/arch              = x86_64
/usr/bin/arch -k       = unknown
/usr/convex/getsysinfo = unknown
/usr/bin/hostinfo      = unknown
/bin/machine           = unknown
/usr/bin/oslevel       = unknown
/bin/universe          = unknown

PATH: /usr/local/anaconda3/bin
PATH: /usr/local/bin
PATH: /usr/bin
PATH: /bin
PATH: /usr/lib/jvm/java-1.11.0-openjdk-amd64
PATH: /usr/local/sbin
PATH: /usr/local/bin
PATH: /usr/sbin
PATH: /usr/bin
PATH: /sbin
PATH: /bin
PATH: /usr/games
PATH: /usr/local/games
PATH: /snap/bin


## ----------- ##
## Core tests. ##
## ----------- ##

configure:1732: checking for gcc
configure:1748: found /usr/bin/gcc
configure:1759: result: gcc
configure:1997: checking for C compiler version
configure:2004: gcc --version >&5
gcc (Ubuntu 9.4.0-1ubuntu1~20.04.2) 9.4.0
Copyright (C) 2019 Free Software Foundation, Inc.
This is free software; see the source for copying conditions.  There is NO
warranty; not even for MERCHANTABILITY or FITNESS FOR A PARTICULAR PURPOSE.

configure:2007: $? = 0
configure:2014: gcc -v >&5
Using built-in specs.
COLLECT_GCC=gcc
COLLECT_LTO_WRAPPER=/usr/lib/gcc/x86_64-linux-gnu/9/lto-wrapper
OFFLOAD_TARGET_NAMES=nvptx-none:hsa
OFFLOAD_TARGET_DEFAULT=1
Target: x86_64-linux-gnu
Configured with: ../src/configure -v --with-pkgversion='Ubuntu 9.4.0-1ubuntu1~20.04.2' --with-bugurl=file:///usr/share/doc/gcc-9/README.Bugs --enable-languages=c,ada,c++,go,brig,d,fortran,objc,obj-c++,gm2 --prefix=/usr --with-gcc-major-version-only --program-suffix=-9 --program-prefix=x86_64-linux-gnu- --enable-shared --enable-linker-build-id --libexecdir=/usr/lib --without-included-gettext --enable-threads=posix --libdir=/usr/lib --enable-nls --enable-clocale=gnu --enable-libstdcxx-debug --enable-libstdcxx-time=yes --with-default-libstdcxx-abi=new --enable-gnu-unique-object --disable-vtable-verify --enable-plugin --enable-default-pie --with-system-zlib --with-target-system-zlib=auto --enable-objc-gc=auto --enable-multiarch --disable-werror --with-arch-32=i686 --with-abi=m64 --with-multilib-list=m32,m64,mx32 --enable-multilib --with-tune=generic --enable-offload-targets=nvptx-none=/build/gcc-9-9QDOt0/gcc-9-9.4.0/debian/tmp-nvptx/usr,hsa --without-cuda-driver --enable-checking=release --build=x86_64-linux-gnu --host=x86_64-linux-gnu --target=x86_64-linux-gnu
Thread model: posix
gcc version 9.4.0 (Ubuntu 9.4.0-1ubuntu1~20.04.2) 
configure:2017: $? = 0
configure:2024: gcc -V >&5
gcc: error: unrecognized command line option '-V'
gcc: fatal error: no input files
compilation terminated.
configure:2027: $? = 1
configure:2050: checking for C compiler default output file name
configure:2077: gcc    conftest.c  >&5
configure:2080: $? = 0
configure:2118: result: a.out
configure:2135: checking whether the C compiler works
configure:2145: ./a.out
configure:2148: $? = 0
configure:2165: result: yes
configure:2172: checking whether we are cross compiling
configure:2174: result: no
configure:2177: checking for suffix of executables
configure:2184: gcc -o conftest    conftest.c  >&5
configure:2187: $? = 0
configure:2211: result: 
configure:2217: checking for suffix of object files
configure:2243: gcc -c   conftest.c >&5
configure:2246: $? = 0
configure:2269: result: o
configure:2273: checking whether we are using the GNU C compiler
configure:2302: gcc -c   conftest.c >&5
configure:2308: $? = 0
configure:2325: result: yes
configure:2330: checking whether gcc accepts -g
configure:2360: gcc -c -g  conftest.c >&5
configure:2366: $? = 0
configure:2465: result: yes
configure:2482: checking for gcc option to accept ISO C89
configure:2556: gcc  -c -g -O2  conftest.c >&5
configure:2562: $? = 0
configure:2585: result: none needed
configure:2610: checking for inet_addr in -lnsl
configure:2645: gcc -o conftest -g -O2   conftest.c -lnsl   >&5
configure:2651: $? = 0
configure:2669: result: yes
configure:2682: checking for socket in -lsocket
configure:2717: gcc -o conftest -g -O2   conftest.c -lsocket  -lnsl  >&5
/usr/bin/ld: cannot find -lsocket
collect2: error: ld returned 1 exit status
configure:2723: $? = 1
configure: failed program was:
| /* confdefs.h.  */
| #define PACKAGE_NAME "FULL-PACKAGE-NAME"
| #define PACKAGE_TARNAME "full-package-name"
| #define PACKAGE_VERSION "VERSION"
| #define PACKAGE_STRING "FULL-PACKAGE-NAME VERSION"
| #define PACKAGE_BUGREPORT "BUG-REPORT-ADDRESS"
| #define HAVE_LIBNSL 1
| /* end confdefs.h.  */
| 
| /* Override any GCC internal prototype to avoid an error.
|    Use char because int might match the return type of a GCC
|    builtin and then its argument prototype would still apply.  */
| #ifdef __cplusplus
| extern "C"
| #endif
| char socket ();
| int
| main ()
| {
| return socket ();
|   ;
|   return 0;
| }
configure:2741: result: no
configure:2759: checking how to run the C preprocessor
configure:2799: gcc -E  conftest.c
configure:2805: $? = 0
configure:2836: gcc -E  conftest.c
conftest.c:9:10: fatal error: ac_nonexistent.h: No such file or directory
    9 | #include <ac_nonexistent.h>
      |          ^~~~~~~~~~~~~~~~~~
compilation terminated.
configure:2842: $? = 1
configure: failed program was:
| /* confdefs.h.  */
| #define PACKAGE_NAME "FULL-PACKAGE-NAME"
| #define PACKAGE_TARNAME "full-package-name"
| #define PACKAGE_VERSION "VERSION"
| #define PACKAGE_STRING "FULL-PACKAGE-NAME VERSION"
| #define PACKAGE_BUGREPORT "BUG-REPORT-ADDRESS"
| #define HAVE_LIBNSL 1
| /* end confdefs.h.  */
| #include <ac_nonexistent.h>
configure:2875: result: gcc -E
configure:2904: gcc -E  conftest.c
configure:2910: $? = 0
configure:2941: gcc -E  conftest.c
conftest.c:9:10: fatal error: ac_nonexistent.h: No such file or directory
    9 | #include <ac_nonexistent.h>
      |          ^~~~~~~~~~~~~~~~~~
compilation terminated.
configure:2947: $? = 1
configure: failed program was:
| /* confdefs.h.  */
| #define PACKAGE_NAME "FULL-PACKAGE-NAME"
| #define PACKAGE_TARNAME "full-package-name"
| #define PACKAGE_VERSION "VERSION"
| #define PACKAGE_STRING "FULL-PACKAGE-NAME VERSION"
| #define PACKAGE_BUGREPORT "BUG-REPORT-ADDRESS"
| #define HAVE_LIBNSL 1
| /* end confdefs.h.  */
| #include <ac_nonexistent.h>
configure:2985: checking for grep that handles long lines and -e
configure:3059: result: /usr/bin/grep
configure:3064: checking for egrep
configure:3142: result: /usr/bin/grep -E
configure:3147: checking for ANSI C header files
configure:3177: gcc -c -g -O2  conftest.c >&5
configure:3183: $? = 0
configure:3282: gcc -o conftest -g -O2   conftest.c -lnsl  >&5
configure:3285: $? = 0
configure:3291: ./conftest
configure:3294: $? = 0
configure:3311: result: yes
configure:3335: checking for sys/types.h
configure:3356: gcc -c -g -O2  conftest.c >&5
configure:3362: $? = 0
configure:3378: result: yes
configure:3335: checking for sys/stat.h
configure:3356: gcc -c -g -O2  conftest.c >&5
configure:3362: $? = 0
configure:3378: result: yes
configure:3335: checking for stdlib.h
configure:3356: gcc -c -g -O2  conftest.c >&5
configure:3362: $? = 0
configure:3378: result: yes
configure:3335: checking for string.h
configure:3356: gcc -c -g -O2  conftest.c >&5
configure:3362: $? = 0
configure:3378: result: yes
configure:3335: checking for memory.h
configure:3356: gcc -c -g -O2  conftest.c >&5
configure:3362: $? = 0
configure:3378: result: yes
configure:3335: checking for strings.h
configure:3356: gcc -c -g -O2  conftest.c >&5
configure:3362: $? = 0
configure:3378: result: yes
configure:3335: checking for inttypes.h
configure:3356: gcc -c -g -O2  conftest.c >&5
configure:3362: $? = 0
configure:3378: result: yes
configure:3335: checking for stdint.h
configure:3356: gcc -c -g -O2  conftest.c >&5
configure:3362: $? = 0
configure:3378: result: yes
configure:3335: checking for unistd.h
configure:3356: gcc -c -g -O2  conftest.c >&5
configure:3362: $? = 0
configure:3378: result: yes
configure:3411: checking arpa/inet.h usability
configure:3428: gcc -c -g -O2  conftest.c >&5
configure:3434: $? = 0
configure:3448: result: yes
configure:3452: checking arpa/inet.h presence
configure:3467: gcc -E  conftest.c
configure:3473: $? = 0
configure:3487: result: yes
configure:3520: checking for arpa/inet.h
configure:3528: result: yes
configure:3411: checking netdb.h usability
configure:3428: gcc -c -g -O2  conftest.c >&5
configure:3434: $? = 0
configure:3448: result: yes
configure:3452: checking netdb.h presence
configure:3467: gcc -E  conftest.c
configure:3473: $? = 0
configure:3487: result: yes
configure:3520: checking for netdb.h
configure:3528: result: yes
configure:3411: checking netinet/in.h usability
configure:3428: gcc -c -g -O2  conftest.c >&5
configure:3434: $? = 0
configure:3448: result: yes
configure:3452: checking netinet/in.h presence
configure:3467: gcc -E  conftest.c
configure:3473: $? = 0
configure:3487: result: yes
configure:3520: checking for netinet/in.h
configure:3528: result: yes
configure:3401: checking for stdlib.h
configure:3407: result: yes
configure:3401: checking for string.h
configure:3407: result: yes
configure:3411: checking sys/socket.h usability
configure:3428: gcc -c -g -O2  conftest.c >&5
configure:3434: $? = 0
configure:3448: result: yes
configure:3452: checking sys/socket.h presence
configure:3467: gcc -E  conftest.c
configure:3473: $? = 0
configure:3487: result: yes
configure:3520: checking for sys/socket.h
configure:3528: result: yes
configure:3401: checking for unistd.h
configure:3407: result: yes
configure:3543: checking for an ANSI C-conforming const
configure:3618: gcc -c -g -O2  conftest.c >&5
configure:3624: $? = 0
configure:3639: result: yes
configure:3650: checking for uint16_t
configure:3681: gcc -c -g -O2  conftest.c >&5
configure:3687: $? = 0
configure:3708: result: yes
configure:3722: checking for uint32_t
configure:3753: gcc -c -g -O2  conftest.c >&5
configure:3759: $? = 0
configure:3780: result: yes
configure:3805: checking for bzero
configure:3861: gcc -o conftest -g -O2   conftest.c -lnsl  >&5
conftest.c:49:6: warning: conflicting types for built-in function 'bzero'; expected 'void(void *, long unsigned int)' [-Wbuiltin-declaration-mismatch]
   49 | char bzero ();
      |      ^~~~~
configure:3867: $? = 0
configure:3885: result: yes
configure:3805: checking for gethostbyname
configure:3861: gcc -o conftest -g -O2   conftest.c -lnsl  >&5
configure:3867: $? = 0
configure:3885: result: yes
configure:3805: checking for socket
configure:3861: gcc -o conftest -g -O2   conftest.c -lnsl  >&5
configure:3867: $? = 0
configure:3885: result: yes
configure:4021: creating ./config.status

## ---------------------- ##
## Running config.status. ##
## ---------------------- ##

This file was extended by FULL-PACKAGE-NAME config.status VERSION, which was
generated by GNU Autoconf 2.61.  Invocation command line was

  CONFIG_FILES    = 
  CONFIG_HEADERS  = 
  CONFIG_LINKS    = 
  CONFIG_COMMANDS = 
  $ ./config.status 

on b78

config.status:574: creating Makefile

## ---------------- ##
## Cache variables. ##
## ---------------- ##

ac_cv_c_compiler_gnu=yes
ac_cv_c_const=yes
ac_cv_c_uint16_t=yes
ac_cv_c_uint32_t=yes
ac_cv_env_CC_set=
ac_cv_env_CC_value=
ac_cv_env_CFLAGS_set=
ac_cv_env_CFLAGS_value=
ac_cv_env_CPPFLAGS_set=
ac_cv_env_CPPFLAGS_value=
ac_cv_env_CPP_set=
ac_cv_env_CPP_value=
ac_cv_env_LDFLAGS_set=
ac_cv_env_LDFLAGS_value=
ac_cv_env_LIBS_set=
ac_cv_env_LIBS_value=
ac_cv_env_build_alias_set=
ac_cv_env_build_alias_value=
ac_cv_env_host_alias_set=
ac_cv_env_host_alias_value=
ac_cv_env_target_alias_set=
ac_cv_env_target_alias_value=
ac_cv_func_bzero=yes
ac_cv_func_gethostbyname=yes
ac_cv_func_socket=yes
ac_cv_header_arpa_inet_h=yes
ac_cv_header_inttypes_h=yes
ac_cv_header_memory_h=yes
ac_cv_header_netdb_h=yes
ac_cv_header_netinet_in_h=yes
ac_cv_header_stdc=yes
ac_cv_header_stdint_h=yes
ac_cv_header_stdlib_h=yes
ac_cv_header_string_h=yes
ac_cv_header_strings_h=yes
ac_cv_header_sys_socket_h=yes
ac_cv_header_sys_stat_h=yes
ac_cv_header_sys_types_h=yes
ac_cv_header_unistd_h=yes
ac_cv_lib_nsl_inet_addr=yes
ac_cv_lib_socket_socket=no
ac_cv_objext=o
ac_cv_path_EGREP='/usr/bin/grep -E'
ac_cv_path_GREP=/usr/bin/grep
ac_cv_prog_CPP='gcc -E'
ac_cv_prog_ac_ct_CC=gcc
ac_cv_prog_cc_c89=
ac_cv_prog_cc_g=yes

## ----------------- ##
## Output variables. ##
## ----------------- ##

CC='gcc'
CFLAGS='-g -O2'
CPP='gcc -E'
CPPFLAGS=''
DEFS='-DPACKAGE_NAME=\"FULL-PACKAGE-NAME\" -DPACKAGE_TARNAME=\"full-package-name\" -DPACKAGE_VERSION=\"VERSION\" -DPACKAGE_STRING=\"FULL-PACKAGE-NAME\ VERSION\" -DPACKAGE_BUGREPORT=\"BUG-REPORT-ADDRESS\" -DHAVE_LIBNSL=1 -DSTDC_HEADERS=1 -DHAVE_SYS_TYPES_H=1 -DHAVE_SYS_STAT_H=1 -DHAVE_STDLIB_H=1 -DHAVE_STRING_H=1 -DHAVE_MEMORY_H=1 -DHAVE_STRINGS_H=1 -DHAVE_INTTYPES_H=1 -DHAVE_STDINT_H=1 -DHAVE_UNISTD_H=1 -DHAVE_ARPA_INET_H=1 -DHAVE_NETDB_H=1 -DHAVE_NETINET_IN_H=1 -DHAVE_STDLIB_H=1 -DHAVE_STRING_H=1 -DHAVE_SYS_SOCKET_H=1 -DHAVE_UNISTD_H=1 -DHAVE_BZERO=1 -DHAVE_GETHOSTBYNAME=1 -DHAVE_SOCKET=1'
ECHO_C=''
ECHO_N='-n'
ECHO_T=''
EGREP='/usr/bin/grep -E'
EXEEXT=''
GREP='/usr/bin/grep'
LDFLAGS=''
LIBOBJS=''
LIBS='-lnsl '
LTLIBOBJS=''
OBJEXT='o'
PACKAGE_BUGREPORT='BUG-REPORT-ADDRESS'
PACKAGE_NAME='FULL-PACKAGE-NAME'
PACKAGE_STRING='FULL-PACKAGE-NAME VERSION'
PACKAGE_TARNAME='full-package-name'
PACKAGE_VERSION='VERSION'
PATH_SEPARATOR=':'
SHELL='/bin/bash'
ac_ct_CC='gcc'
bindir='${exec_prefix}/bin'
build_alias=''
datadir='${datarootdir}'
datarootdir='${prefix}/share'
docdir='${datarootdir}/doc/${PACKAGE_TARNAME}'
dvidir='${docdir}'
exec_prefix='${prefix}'
host_alias=''
htmldir='${docdir}'
includedir='${prefix}/include'
infodir='${datarootdir}/info'
libdir='${exec_prefix}/lib'
libexecdir='${exec_prefix}/libexec'
localedir='${datarootdir}/locale'
localstatedir='${prefix}/var'
mandir='${datarootdir}/man'
oldincludedir='/usr/include'
pdfdir='${docdir}'
prefix='/usr/local'
program_transform_name='s,x,x,'
psdir='${docdir}'
sbindir='${exec_prefix}/sbin'
sharedstatedir='${prefix}/com'
sysconfdir='${prefix}/etc'
target_alias=''

## ----------- ##
## confdefs.h. ##
## ----------- ##

#define PACKAGE_NAME "FULL-PACKAGE-NAME"
#define PACKAGE_TARNAME "full-package-name"
#define PACKAGE_VERSION "VERSION"
#define PACKAGE_STRING "FULL-PACKAGE-NAME VERSION"
#define PACKAGE_BUGREPORT "BUG-REPORT-ADDRESS"
#define HAVE_LIBNSL 1
#define STDC_HEADERS 1
#define HAVE_SYS_TYPES_H 1
#define HAVE_SYS_STAT_H 1
#define HAVE_STDLIB_H 1
#define HAVE_STRING_H 1
#define HAVE_MEMORY_H 1
#define HAVE_STRINGS_H 1
#define HAVE_INTTYPES_H 1
#define HAVE_STDINT_H 1
#define HAVE_UNISTD_H 1
#define HAVE_ARPA_INET_H 1
#define HAVE_NETDB_H 1
#define HAVE_NETINET_IN_H 1
#define HAVE_STDLIB_H 1
#define HAVE_STRING_H 1
#define HAVE_SYS_SOCKET_H 1
#define HAVE_UNISTD_H 1
#define HAVE_BZERO 1
#define HAVE_GETHOSTBYNAME 1
#define HAVE_SOCKET 1

configure: exit 0
