%-----%hostname% b78
%-----%TIME_START% 2024/04/22 11:26:49
%-----%palyer_name% default default default default default
%-----%WINDOW_TYPE% ALICE
%-----%GRAPH_WINDOW% YES
%-----%RAND_TYPE% 1
%-----%RULE_KAKUMEI% YES
%-----%RULE_SHIBARI% YES
%-----%RULE_KINSOKU% NO
%-----%RULE_KAIDAN% YES
%-----%RULE_CHANGE% YES
%-----%RULE_5TOBI% NO
%-----%RULE_6REVERS% NO
%-----%RULE_8GIRI% YES
%-----%RULE_11BACK% NO
%-----%RULE_SEKIGAE% YES
%-----%RULE_SEKIGAE_NUM% 3
%-----%GAME_NUMBER% 200
%-----%FLASH_MIBUN_NUMBER% 100
%-----%GAME_PORT% 51548
%-----%RANDOM_SEED% 1713752796
%00000%mibun% 22222
%00000%seat% 10324
%00000%palyer_cards% S4S2H3HJD8D2C3CQCKCA S7S8S9STSJSKH7H8D4DJC2 S3H5H6HQHAD3D5D7C7CJJ3 S5SQHTDTDKDAC4C6C9CT S6SAH4H9HKH2D6D9DQC5C8 
%00000%change_cards% NULL
%00000%play%  2D3M4D5EE 4EE 1S9STSJEE 0CQCKCAEE 3EE 2EE 1EE 0EE 0H3C3EE 3EE 2D7C7EE 4H9D9EE 1EE 0S2D2EE 2EE 4EE 0EE 0S4EE 3S5EE 2EE 4SAEE 1EE 0EE 3EE 4EE 4S6D6EE 1S7H7EE 0EE 3EE 2EE 4EE 1S8H8EE 1D4EE 0D8EE 0HJEE 3SQEE 2HAEE 4H2EE 1EE 3EE 2EE 4EE 4H4EE 1DJEE 3DKEE 2EE 4EE 1EE 3DAEE 3EE 3HTDTCTEE 2EE 4EE 1EE 3EE 3C4EE 2H5EE 4C8EE 4C5EE 1SKEE 3EE 2EE 4EE 1C2EE 3C6EE 2CJEE 4EE 3EE 2EE 2S3EE 4DQEE 3EE 2EE 4HKEE 3C9EE
%00000%result% 01432
%00000%points% 5 4 1 2 3
%00001%mibun% 01432
%00001%seat% 10324
%00001%palyer_cards% S8H9HJHQDQDAC3C5C7C8CK S9SQSAH3H6D6D8D9DJCJ S6SJH5HAH2DTD2C4C6CTJ3 S5S7SKS2H7H8D4D7CQCAC2 S3S4STH4HTHKD3D5DKC9 
%00001%change_cards%  20H2J3EE 31S2EE 02C3C5EE 13H3EE
%00001%play%  4S3D3EE 1H6D6EE 0S8C8EE 0H9LTHJHQEE 3EE 2EE 4EE 1EE 0EE 0C7EE 3H8EE 3S7H7D7EE 2EE 4EE 1EE 0EE 3EE 3H3EE 2SJEE 4EE 1SQEE 0EE 3SKEE 2EE 1SAEE 3EE 1S2EE 1EE 1S9D9EE 0EE 3EE 2DTCTEE 4HKDKEE 1EE 2EE 4EE 4S4H4EE 1DJCJEE 0EE 3EE 2EE 4EE 1EE 1D8EE 0DQEE 3CAEE 2D2EE 4EE 0EE 3EE 2EE 2C3C4C5C6EE 4EE 0EE 3EE 2EE 2H5EE 4C9EE 0CKEE 3C2EE 2EE 4EE 0EE 3EE 3D4EE 2S6EE 4EE 0DAEE 3EE 2EE 0H2EE 3S5EE 2HAEE 4EE 3EE 4STHTEE 3EE 4EE 4D5EE
%00001%result% 10243
%00001%points% 9 9 4 3 5
%00002%mibun% 10243
%00002%seat% 10324
%00002%palyer_cards% S6SJSKH5H6H8D4DQD2C3C4 S3S7STSQH4H9HADJC5C8CJ H7HTHKD6D8D9DTC9CQJ3 S4SAS2H3HJH2D3DKC7CAC2 S5S8S9HQD5D7DAC6CTCK 
%00002%change_cards%  31S2H2EE 40DAEE 13S3H4EE 04C3EE
%00002%play%  3S3H3D3EE 2K9D9C9EE 4EE 1EE 0EE 3EE 2EE 2HTDTEE 4EE 1DJCJEE 0EE 3SACAEE 2EE 1S2H2EE 3EE 1EE 1C5EE 0H8EE 0D4C4EE 3EE 2EE 4S5D5EE 1EE 0S6H6EE 4EE 0EE 0H5EE 3C7EE 2D8EE 2D6EE 4D7EE 1EE 0DQEE 3DKEE 2EE 4EE 0DAEE 3EE 0D2EE 0EE 0SJEE 3C2EE 2EE 4EE 1EE 0EE 3EE 3S4H4EE 2EE 4EE 1EE 0EE 3EE 3HJEE 2CQEE 4CKEE 1EE 0EE 2EE 4EE 4C3EE 1S7EE 0SKEE 2EE 4EE 1EE 2H7EE 4S8EE 4C6EE 1C8EE 1H9EE 2HKEE 4EE 1HAEE 1EE 1STEE 4HQEE 1EE 4EE 4S9EE 1SQEE
%00002%result% 30214
%00002%points% 13 11 7 8 6
%00003%mibun% 13204
%00003%seat% 02341
%00003%palyer_cards% S3S7SQH7HQDTDKC9CKJ3 SJH4H9HKH2D4DAC4CJCQCA S6S8SAH3H8D6D8C3C5C6 S5S9STS2H5HJD3D7C7CTC2 S4SKH6HTHAD5D9DJDQD2C8 
%00003%change_cards%  43HAD2EE 10H2EE 34S5D3EE 01S3EE
%00003%play%  4S5D5EE 1SJCJEE 0SQHQEE 2EE 3EE 4EE 1DACAEE 0K2H2EE 1EE 0EE 0S7H7EE 2EE 3STCTEE 4EE 1EE 0DKCKEE 3EE 0EE 0C9EE 2SAEE 3EE 4EE 1EE 0EE 2EE 2S6D6C6EE 3S2D2C2EE 4EE 1EE 0EE 2EE 3EE 3D7C7EE 4EE 1EE 0EE 2EE 3EE 3H5EE 4H6EE 1H9EE 0EE 2EE 3HJEE 4EE 1HKEE 3HAEE 1EE 3EE 3S9EE 4HTEE 1CQEE 0EE 2EE 4SKEE 1EE 4EE 4D3EE 1EE 0DTEE 2EE 4DJEE 4DQEE 4EE 4S4EE 1EE 2C5EE 4C8EE 4D9EE 1EE 2EE 1H4D4C4EE 2S8H8D8EE 2H3C3EE
%00003%result% 30421
%00003%points% 17 12 9 13 9
%00004%mibun% 14302
%00004%seat% 02341
%00004%palyer_cards% S4H3H6H7D5D6D7C7CTCK S5SQH5HQHKD3D4DJC3CJC2 S6S8S2H4HAH2D8D9DQD2 S3S9STSJDTDAC4C5C8CQCA S7SKSAH8H9HTHJDKC6C9J3 
%00004%change_cards%  13HKC2EE 20S2EE 31S3C4EE 02H3EE
%00004%play%  1S3D3C3EE 0H7D7C7EE 2EE 3EE 4K9H9C9EE 1EE 0EE 4EE 4SKDKEE 1EE 0EE 2H2D2EE 3EE 4EE 2EE 2S8D8EE 2H3EE 3C5EE 4C6EE 1EE 0CTEE 2EE 3CQEE 4EE 0CKEE 3C2EE 0EE 3EE 3S9STSJEE 4EE 1EE 0EE 2EE 3EE 3DACAEE 4EE 1EE 0EE 2EE 3EE 3C8EE 3DTEE 4HJEE 1EE 0S2EE 2EE 3EE 4EE 0EE 0H6D6EE 2EE 3EE 4EE 1DJCJEE 0EE 1SQHQEE 1EE 1D4C4EE 0EE 2EE 3EE 4EE 1S5H5EE 0S4EE 2S6EE 3EE 4S7EE 0EE 2EE 4SAEE 4EE 4H8EE 4HTEE 0EE 2DQEE 3HKEE 2HAEE 2EE 2H4EE 0D5EE
%00004%result% 14302
%00004%points% 19 17 10 16 13
%00005%mibun% 30421
%00005%seat% 02341
%00005%palyer_cards% H3H4H8HQD5D6D7D8DQC8C9 S3S6S7S8STS2HTH2C4C6CK S9SKH6H9HKHAD3D9DJD2C3 S5SJH5HJD4DTCJCQCAJ3 S4SQSAH7DKDAC5C7CTC2 
%00005%change_cards%  21HAD2EE 04HQEE 12S3C4EE 40S4EE
%00005%play%  2S3D3C3EE 3SJHJCJEE 4EE 1S2H2D2EE 0EE 2EE 3EE 1EE 1S6S7S8EE 1STHTEE 0EE 2SKHKEE 3EE 4EE 1EE 2EE 2S9H9D9EE 3EE 4EE 1EE 0EE 2EE 2C4EE 3DTEE 4DKEE 1EE 0EE 2EE 3KxEE 4EE 3EE 3S5H5EE 4H7C7EE 1EE 0EE 2EE 3EE 4SQHQEE 4SADAEE 4EE 4C5EE 1C6EE 0C9EE 2EE 3CQEE 4C2EE 1EE 0EE 3EE 4EE 4CTEE 1CKEE 0EE 2EE 3CAEE 1EE 3EE 3D4EE 1HAEE 0EE 2EE 0D5D6D7D8EE 0S4H4EE 2EE 0H8C8EE 0H3EE 2H6EE 0EE 2EE 2DJEE
%00005%result% 43120
%00005%points% 20 20 12 20 18
%00006%mibun% 42310
%00006%seat% 01423
%00006%palyer_cards% S6HAD7D9DJDKC3C5CJCK S3S4S8H3H7HJH2D2C4CQ SQSKSAH4H5H8HKD8DACTCA S7S9STH9HQD5C7C8C9C2J3 S5SJS2H6HTD3D4D6DTDQC6 
%00006%change_cards%  04HADKEE 23SAEE 40D3D4EE 32D5EE
%00006%play%  0D3C3EE 1S4C4EE 4HTDTEE 2SKHKEE 3SALAEE 0EE 1EE 4EE 2EE 3EE 3C7C8C9EE 3S9H9EE 0DJCJEE 1H2D2EE 4EE 2EE 3EE 0EE 1EE 1S3H3EE 4EE 2H5D5EE 3EE 0EE 1EE 2H8D8EE 2DACAEE 3EE 0EE 1EE 4EE 2EE 2H4EE 3S7EE 0D9EE 1HJEE 4DQEE 2EE 3C2EE 0EE 1EE 4EE 3EE 3STEE 0CKEE 1EE 4HAEE 2EE 3EE 0EE 4S2EE 4EE 4H6D6C6EE 2EE 3EE 0EE 1EE 4EE 4S5EE 2CTEE 3HQEE 0EE 1EE 4DKEE 2EE 4EE 4SJEE 2SQEE 0EE 1EE 0D4EE 1H7EE 0EE 1S8EE 1CQEE
%00006%result% 34210
%00006%points% 21 22 15 25 22
%00007%mibun% 43201
%00007%seat% 01423
%00007%palyer_cards% S4S5S8H5H7HJHKHADKC6C7 S9SKS2D5D8DJD2C4C9CTCK S7STH3H6H9HQH2D4DQCQ S3SJSQH4HTD3DACJCAC2J3 S6SAH8D6D7D9DTC3C5C8 
%00007%change_cards%  03HKHAEE 14S2EE 30S3D3EE 41C3EE
%00007%play%  0S3S4S5EE 1EE 4EE 2EE 3KTSJSQEE 0EE 3EE 3HADACAEE 0EE 1EE 4EE 2EE 3EE 3H4EE 0H5EE 1EE 4EE 2H6EE 3HTEE 0HJEE 2H2EE 3EE 0EE 2EE 2HQDQCQEE 3EE 0EE 1EE 4EE 2EE 2H3EE 3CJEE 0DKEE 1D2EE 4EE 2EE 3EE 0EE 1EE 1S9C9EE 4EE 2EE 3EE 0EE 1SKCKEE 1EE 1C3EE 4C5EE 2EE 3C2EE 0EE 1EE 4EE 3EE 3HKEE 0EE 1EE 4SAEE 2EE 4S2EE 4EE 4S6D6EE 2EE 0H7C7EE 1EE 4H8C8EE 4D7EE 2H9EE 0EE 1CTEE 4EE 2EE 1DJEE 1EE 1C4EE 4D9EE 2STEE 0EE 1EE 4EE 2EE 2D4EE 0C6EE 1D8EE 1D5EE 4DTEE 2EE 0EE 2S7EE
%00007%result% 31420
%00007%points% 22 26 17 30 25
%00008%mibun% 41302
%00008%seat% 01423
%00008%palyer_cards% S3SAH3H9D4DTC5C6C7CJCK S7S9SJSKH7HKHAD5DQCTC2 S8H4D6D7D9DKD2C8CAJ3 S4S6STH6H8H2D3DAC3C4C9 S5SQS2H5HTHJHQD8DJCQ 
%00008%change_cards%  03SACKEE 21J3EE 30D3C3EE 12D5EE
%00008%play%  0C5C6C7EE 1S9KTSJEE 4EE 2EE 3EE 0EE 1EE 1S7H7EE 4HJDJEE 2EE 3SADAEE 0EE 1EE 4EE 3EE 3S4C4EE 0EE 1SKHKEE 4EE 2EE 3EE 1EE 1CTEE 4S2EE 2EE 3EE 0EE 1EE 4EE 4SQHQCQEE 2EE 3EE 0EE 1EE 4EE 4S5H5EE 2S8C8EE 2D5D6D7EE 3EE 0EE 1EE 4EE 2EE 2H4EE 3H8EE 3S6H6EE 0EE 1EE 4EE 2EE 3EE 3C9EE 0DTEE 1DQEE 4EE 2DKEE 3EE 0EE 1EE 2D2EE 2EE 2D9EE 3STEE 0CJEE 1HAEE 4EE 2EE 3H2EE 0EE 1EE 3EE 3CKEE 0EE 1C2EE 4EE 2EE 4D8EE 4HTEE 2CAEE
%00008%result% 31420
%00008%points% 23 30 19 35 28
%00009%mibun% 41302
%00009%seat% 13420
%00009%palyer_cards% S3S5HJD3D7DQDKDAC4C7 S6SQH4H5HTHAD8D9DJCQ S7STSKSAS2HQD4D5DTC9CT H6HKH2D2C3C5C6CJCAC2J3 S4S8S9SJH3H7H8H9D6C8CK 
%00009%change_cards%  03DKDAEE 21S2EE 30C3C5EE 12H4EE
%00009%play%  0C3C4C5EE 1EE 3DKDAD2EE 4EE 2EE 0EE 3EE 3HKLAH2EE 4EE 2EE 0EE 1EE 3EE 3H6C6EE 4S9H9EE 2EE 0EE 1SQCQEE 3EE 4EE 1EE 1H5EE 3CJEE 4CKEE 2EE 0EE 1EE 3CAEE 4EE 3C2EE 4S8H8C8EE 4H3EE 2D5EE 0HJEE 1HAEE 4EE 2EE 0EE 1EE 1S6EE 4H7EE 2C9EE 0DQEE 1S2EE 4EE 2EE 0EE 1EE 1D8EE 1D9EE 4SJEE 2HQEE 0EE 1EE 4EE 2SKEE 2SAEE 2EE 2STDTCTEE 0EE 1EE 4EE 2EE 2H4D4EE 0D7C7EE 1EE 4EE 2EE 0EE 0S3D3EE 1EE 4EE 2EE 0EE 0S5EE 1HTEE 4EE 2EE 1DJEE 4S4EE 2S7EE
%00009%result% 30124
%00009%points% 27 33 21 40 29
%00010%mibun% 12304
%00010%seat% 13420
%00010%palyer_cards% S6S9STH5H9HJD7C5C6J3 S3S8SJH3H6H8HKD6D8C2 S4S5S2H7HTD9DTDAC8CQCA SQH4HQHAD5DJDQD2C9CTCJ S7SKSAH2D3D4DKC3C4C7CK 
%00010%change_cards%  43SAH2EE 20S2EE 34H4D5EE 02H5EE
%00010%play%  4D3D4D5EE 2EE 0K8S9STEE 0S6C6EE 1EE 3DJCJEE 4EE 2DACAEE 0EE 3EE 2EE 2S5H5EE 0EE 1H6D6EE 3SAHAEE 4EE 2EE 1EE 3H2D2EE 3EE 3SQHQDQEE 4SKDKCKEE 2EE 0EE 1EE 3EE 4EE 4H4C4EE 2HTDTEE 0EE 1EE 3EE 4EE 2EE 2S4EE 0C5EE 1SJEE 3EE 4EE 2CQEE 0S2EE 1EE 2EE 0EE 0D7EE 1HKEE 3EE 4EE 2EE 0EE 1C2EE 1EE 1S8H8D8EE 1S3H3EE 3EE 4S7C7EE 2EE 0EE 4EE 4C3EE 2H7EE 0H9EE 3EE 2EE 0HJEE 3C9EE 2EE 3CTEE
%00010%result% 14032
%00010%points% 30 38 22 42 33
%00011%mibun% 20431
%00011%seat% 13420
%00011%palyer_cards% S4S6S7HKH2D8DTC6C9C2 STSQH4H6H7HTD6DKC3CQCA S9SJSKS2H3H5HQD4DJC4 S8H8H9HJD5DQD2C5C8CJCK S3S5SAHAD3D7D9DAC7CTJ3 
%00011%change_cards%  21SKS2EE 34D2EE 12H4C3EE 43S3EE
%00011%play%  4D7M8D9EE 4SAHADAEE 2EE 0EE 1EE 3EE 4EE 4D3EE 2S9EE 0DTEE 1CAEE 3EE 4D2EE 2EE 0EE 1EE 4EE 4S5EE 2HQEE 0HKEE 1EE 3EE 4EE 2EE 0EE 0S6C6EE 1STHTEE 3HJCJEE 4EE 2EE 0H2C2EE 1EE 3EE 0EE 0S4EE 1H7EE 3H9EE 4EE 2EE 0EE 1EE 3EE 3S8H8C8EE 3D5C5EE 4EE 2SJDJEE 0EE 1SQCQEE 3EE 2EE 1SKDKEE 1EE 1H6D6EE 3EE 4EE 2EE 0EE 1EE 1S2EE 3EE 4EE 2EE 0EE 3S3EE 4C7EE 2EE 0D8EE 0S7EE 3DQEE 4EE 2EE 0EE 3CKEE 4CTEE 2EE 0EE 2H3H4H5EE 0EE 2EE 2D4C4EE 0EE 2EE 2C3EE
%00011%result% 13420
%00011%points% 31 43 24 46 36
%00012%mibun% 40312
%00012%seat% 12430
%00012%palyer_cards% SAH8H2D6D7D8C7C8CTC2 S3S6SJSKH6HQHKD5DQCKCA S4S5S2H4H7HTD3DTDJC3C5 STH3H5H9HJHAD9DKD2C4 S7S8S9SQD4DAC6C9CJCQJ3 
%00012%change_cards%  01H2C2EE 23S2EE 10S3D5EE 32H3EE
%00012%play%  2H3D3C3EE 4S9L9C9EE 3EE 0EE 1SKHKCKEE 2EE 4EE 1EE 1S6H6EE 2HTDTEE 4SQCQEE 3S2D2EE 0EE 1EE 2EE 4EE 3EE 3H9D9EE 0EE 1HQDQEE 2EE 4EE 3EE 1EE 1H2C2EE 2EE 4EE 3EE 0EE 1EE 1SJEE 2EE 4DAEE 3EE 0EE 1EE 4EE 4D4EE 3H5EE 0CTEE 1CAEE 2EE 4EE 3EE 0EE 2S4H4EE 4EE 3EE 0D7C7EE 2EE 0EE 0H8D8C8EE 0S3EE 2H7EE 4S8EE 4C6EE 3STEE 0SAEE 2EE 4EE 3EE 0EE 0D5EE 2DJEE 4EE 3DKEE 0EE 2EE 3EE 3C4EE 0D6EE 2EE 4S7EE 3HJEE 4EE 3HAEE 2S5C5EE
%00012%result% 10324
%00012%points% 35 48 26 49 37
%00013%mibun% 10324
%00013%seat% 12430
%00013%palyer_cards% H5H7HTD3D5D8DJDKDAC2 S3STSQSKS2H4HJC4CQCKJ3 S6S7SJH3H6D4D7D9D2C5CJ S4S5H9D6DQC6C7C9CTCA S8S9SAH8HQHKHAH2DTC3C8 
%00013%change_cards%  41SAH2EE 20D2EE 14S3H4EE 02D3EE
%00013%play%  2H3D3EE 4EE 3D6C6EE 0D2C2EE 1EE 2EE 3EE 0EE 0H5D5EE 1SQCQEE 2EE 4EE 3EE 0EE 1SKCKEE 1SANAEE 1EE 1S2H2EE 2EE 4EE 3EE 0EE 1EE 1C4EE 2C5EE 4EE 3C7EE 0EE 1EE 2EE 3CTEE 3CAEE 3EE 3H9C9EE 0EE 1EE 2SJCJEE 4EE 3EE 2EE 2S6H6EE 4EE 3EE 0EE 1EE 2S7D7EE 2EE 2D4EE 4S9EE 3DQEE 0DKEE 1EE 2EE 4EE 3EE 0DAEE 0EE 0H7EE 1STEE 2EE 4EE 3EE 0DJEE 1EE 0EE 0D8EE 0HTEE 1HJEE 2EE 4EE 3EE 2D9EE 4DTEE 3EE 4EE 4HQHKHAEE 3EE 4EE 4S8H8C8EE 4S3C3EE 3EE 4EE 4H4EE
%00013%result% 01243
%00013%points% 40 52 29 50 39
%00014%mibun% 01243
%00014%seat% 12430
%00014%palyer_cards% S6SQH3H4HJHKHAD5C5C2J3 S3S7STSJS2HTDTD2C6C7C9 S8SAH8HQH2D6D9DKC3CTCA S4S5SKH6D7DAC8CJCQCK S9H5H7H9D3D4D8DJDQC4 
%00014%change_cards%  30SKDAEE 41DQEE 03H3H4EE 14S3EE
%00014%play%  4S3D3EE 3S4H4EE 0D5C5EE 1S7C7EE 2S8H8EE 2SACAEE 4EE 3EE 0K2C2EE 1EE 2EE 0EE 0SKHKEE 1S2D2EE 2EE 4EE 3EE 0EE 1EE 1STHTDTEE 2EE 4EE 3EE 0EE 1EE 1C6EE 2D9EE 4DJEE 3EE 0EE 1DQEE 2DKEE 4EE 1EE 2EE 2C3EE 4H5EE 3H6EE 0HJEE 1EE 2HQEE 4EE 3EE 0EE 2H2EE 2EE 2D6EE 4H7EE 3C8EE 3CJCQCKEE 0EE 1EE 2EE 4EE 3EE 3H3EE 0S6EE 1C9EE 2CTEE 4EE 3EE 0EE 1EE 4D4C4EE 3EE 0HADAEE 1EE 4EE 0EE 0SQEE 1EE 4EE 3EE 1SJEE 4EE 3EE 4S9H9EE 3EE 4EE 4D8EE
%00014%result% 20143
%00014%points% 44 55 34 51 41
%00015%mibun% 12043
%00015%seat% 42310
%00015%palyer_cards% SKSAS2HQHKHADAC3C8CA H3HTD3D5D7DTDQDKC5CQC2 H6HJH2D4D6D9C4C7CTCJJ3 S3S7S8STH4H5H7H9DJC9CK S4S5S6S9SJSQH8D8D2C6 
%00015%change_cards%  32DJCKEE 40D2EE 23D4C4EE 04C3EE
%00015%play%  1H3D3EE 0SKHKEE 4EE 2K2H2EE 3EE 1EE 0EE 2EE 2HJDJCJEE 3EE 1EE 0EE 4EE 2EE 2H6D6EE 3S7H7EE 1HTDTEE 0S2D2EE 4EE 2EE 3EE 1EE 0EE 0SAHADACAEE 4EE 2EE 3EE 1EE 0EE 0HQEE 4SJEE 2CTEE 3S8EE 3H4D4C4EE 1EE 0EE 4EE 2EE 3EE 3H9C9EE 1D5C5EE 0EE 4EE 2EE 3EE 1EE 1DQCQEE 0EE 4H8D8EE 4S4S5S6EE 2EE 3EE 1EE 0EE 4EE 4SQEE 2D9EE 3H5EE 1EE 0EE 4C3EE 2EE 3EE 4EE 4S9EE 2C7EE 3S3EE 1EE 0EE 4EE 2EE 3EE 3STEE 1D7EE 0EE 4C6EE 2EE 1EE 2CKEE 1EE 0C8EE
%00015%result% 34201
%00015%points% 46 56 37 56 45
%00016%mibun% 34201
%00016%seat% 42310
%00016%palyer_cards% S4S5S8H5H7H2D6D7DJDAD2 STSKH4H8HTDTC5C7C9CQJ3 S6HQHAD5DQC3C4CTCKC2 S3S7S9SQS2H3H6H9D3D4C6 SJSAHJHKD8D9DKC8CJCA 
%00016%change_cards%  13SKJ3EE 04H2EE 31S3H3EE 40D8EE
%00016%play%  3SQSKKAS2EE 1EE 0EE 4EE 2EE 3EE 3H6C6EE 1EE 0H7D7EE 4HKDKEE 2EE 3EE 0EE 4EE 4SJHJCJEE 2EE 3EE 1EE 0EE 4EE 4SACAEE 2EE 3EE 1EE 0EE 4EE 4C8EE 4D9EE 2CTEE 3EE 1CQEE 0EE 4EE 2CKEE 1EE 2C2EE 2EE 2HQDQEE 3EE 1EE 0EE 4EE 2EE 2C3EE 3D4EE 1C5EE 0D6EE 4H2EE 2EE 3EE 1EE 0EE 2C4EE 3S7EE 1H8EE 1STHTDTEE 0EE 2EE 3EE 1EE 1S3H3EE 0S5H5EE 2EE 3S9H9EE 1EE 0EE 3EE 3D3EE 1H4EE 0DJEE 2HAEE 1EE 0D2EE 2EE 0EE 0S8D8EE 0S4EE 2D5EE 1C7EE 0DAEE 2EE 1EE 2S6EE
%00016%result% 43021
%00016%points% 49 57 39 60 50
%00017%mibun% 24310
%00017%seat% 42310
%00017%palyer_cards% S3S4S5S6HQD4D8DQDAC3 SJSAS2HJHKD6D9DTDJC5 S8S9SKH7H9HAD5D7D2C7J3 H3H4H5H6H8HTC9CJCQCKCA S7STSQH2D3DKC4C6C8CTC2 
%00017%change_cards%  14SAS2EE 23J3EE 41D3C4EE 32H3EE
%00017%play%  1D9DTDJEE 0EE 4EE 2EE 3CQCKCAEE 1EE 3EE 3H4H5H6L7H8EE 3CJEE 1D6EE 0EE 4EE 2D5EE 3EE 1D3EE 2EE 1EE 1SJHJEE 0S4D4EE 4EE 2EE 3EE 1EE 0S3C3EE 0EE 0HQDQEE 4STCTEE 2S9H9EE 3EE 1EE 0EE 4EE 2EE 2H7D7C7EE 3EE 1EE 0EE 4EE 2EE 2D2EE 3HTEE 1C5EE 0EE 4EE 2H3EE 3EE 1EE 2EE 2HAEE 3C9EE 1C4EE 0EE 4EE 2EE 1EE 1HKEE 0D8EE 0DAEE 4DKEE 2EE 0EE 4EE 4S2H2C2EE 2EE 0EE 4EE 4SAEE 2SKEE 0S6EE 4EE 2EE 0S5EE 4SQEE 2S8EE
%00017%result% 31024
%00017%points% 52 61 41 65 51
%00018%mibun% 21304
%00018%seat% 12430
%00018%palyer_cards% S3SAH3H4HKD5D9DAD2C4J3 S8H9HTHAD3DJDQC3CTCQC2 S5S7S9STH5H6HQH2DKC6 S6SJH7D7D8DTC5C7C8CJCA S4SQSKS2H8HJD4D6C9CK 
%00018%change_cards%  43SKS2EE 21H2EE 34S6C5EE 12D3EE
%00018%play%  2S5H5EE 4S6D6EE 3D8C8EE 3H7D7C7EE 0SALADAEE 1EE 2EE 4EE 3EE 0EE 0S3H3EE 1HTCTEE 2EE 4EE 3SJCJEE 0EE 1DQCQEE 3EE 1H2C2EE 1EE 1C3EE 2S7EE 4H8EE 4S4D4EE 3EE 0EE 1EE 2H6C6EE 4EE 2EE 2D3EE 4C5EE 3DTEE 0HKEE 1HAEE 2EE 4EE 3EE 0EE 1EE 1S8EE 1H9EE 2STEE 4HJEE 3SKEE 0D2EE 1EE 2EE 4EE 3EE 0EE 0H4C4EE 1EE 2EE 4EE 3EE 0EE 0D5EE 1DJEE 2DKEE 4EE 3EE 0EE 2EE 2S9EE 4SQEE 3S2EE 0EE 2EE 4EE 3EE 3CAEE 0EE 2EE 4EE 0D9EE 2HQEE
%00018%result% 13024
%00018%points% 55 66 43 69 52
%00019%mibun% 20314
%00019%seat% 12430
%00019%palyer_cards% S6H4H8HJD6C4C6CTCJJ3 S4SJH7HTD4DTDJDQC7C9CK S7S9STH3H5H6H2D5D9DAC3 S3S5S8SKSAHQHKHAD7D2 SQS2H9D3D8DKC5C8CQCAC2 
%00019%change_cards%  41S2C2EE 23H2EE 14S4D4EE 32S3EE
%00019%play%  4S4D4EE 3SKHKEE 0EE 1S2C2EE 2EE 4EE 3EE 1EE 1DTDJDQEE 2EE 4EE 3EE 0EE 1EE 1H7C7EE 2S9D9EE 4SQCQEE 3SAHAEE 0EE 1EE 2EE 4EE 3H2D2EE 3EE 3S5EE 0H8EE 0C4N5C6EE 1EE 2EE 4EE 3EE 0EE 0S6D6EE 1EE 2EE 4D8C8EE 4D3EE 3D7EE 0EE 1EE 2DAEE 4EE 3EE 2EE 2S3H3C3EE 4EE 3EE 0EE 1EE 2EE 2H5D5EE 4EE 3EE 0HJCJEE 1EE 2EE 0EE 0H4EE 1C9EE 2STEE 4DKEE 3EE 0EE 1EE 2EE 4CAEE 4EE 4C5EE 3S8EE 3HQEE 0EE 1CKEE 2EE 4EE 1EE 1HTEE 2EE 4EE 0EE 1SJEE 2H6EE 4H9EE 0EE 2EE 0CTEE
%00019%result% 31402
%00019%points% 57 70 44 74 55
%00020%mibun% 31402
%00020%seat% 12430
%00020%palyer_cards% S6S9SKH3H4H6HJD8C6C8CQ S4STS2HQHAD4D6DTD2C9CA H8H9HKD3D9DJC4C5CKC2 S5S7SQH7H2D5D7DKDACTJ3 S3S8SJSAH5HTDQC3C7CJ 
%00020%change_cards%  23HKC2EE 01SKEE 32S5D5EE 10S4EE
%00020%play%  2S5D5C5EE 4EE 3S7H7D7EE 0EE 1EE 2EE 3KKHKDKEE 3EE 3H2C2EE 0EE 1EE 2EE 4EE 3EE 3CTEE 0HJEE 1HQEE 2EE 4EE 3EE 0EE 1EE 1STDTEE 2EE 4SJCJEE 3EE 0EE 1HACAEE 4EE 1S2D2EE 1EE 1D4EE 2H8EE 2H9D9EE 4EE 3EE 0EE 1EE 2EE 2D3EE 4H5EE 3SQEE 0EE 1SKEE 2EE 4SAEE 3EE 1EE 4EE 4S3C3EE 3EE 0S4H4EE 1EE 2EE 4EE 0D8C8EE 0S6H6C6EE 1EE 2EE 4EE 3EE 0EE 0H3EE 1D6EE 2DJEE 4DQEE 3DAEE 0EE 1EE 2EE 4EE 0S9EE 1EE 2CKEE 4EE 0EE 2EE 2C4EE 4C7EE 0CQEE 1EE 4EE 1C9EE
%00020%result% 32014
%00020%points% 60 72 48 79 56
%00021%mibun% 23104
%00021%seat% 10324
%00021%palyer_cards% H6H8H2D7D9DJDKC5CKCA S7S9H7D3DQC6C9CQC2J3 SQSKH3H4HTD6D8C3C4C7CJ S8STSAS2H9HJHKD5DTDACT S3S4S5S6SJH5HQHAD4D2C8 
%00021%change_cards%  43HAD2EE 12J3EE 34S8D5EE 21H3EE
%00021%play%  1H3D3EE 0DKCKEE 3S2D2EE 2EE 4EE 1EE 0EE 3EE 3STDTCTEE 2EE 4EE 1EE 0EE 3SAHADAEE 3EE 3H9EE 2HTEE 4HQEE 1EE 0H2EE 3EE 2KxEE 4EE 0EE 2EE 2H4C4EE 4S8C8EE 4S3S4S5S6EE 1EE 0EE 3EE 2EE 4EE 4H5D5EE 1S7H7EE 0EE 3EE 2EE 4EE 1S9C9EE 1DQCQEE 1EE 1C6EE 0D7EE 3HJEE 2SQEE 4EE 1C2EE 0EE 3EE 2EE 0C5EE 3HKEE 2EE 4EE 0CAEE 0EE 0H6EE 2C7EE 4SJEE 0EE 2SKEE 4EE 2EE 2C3EE 4D4EE 0H8EE 0D9EE 2CJEE 0EE 2EE 2D6EE 0DJEE
%00021%result% 13402
%00021%points% 62 77 49 83 59
%00022%mibun% 30412
%00022%seat% 10324
%00022%palyer_cards% S4S7SJH8D4D5DJCTCJCQCK S3STS2H4H6D7DKDAC4C6C2 SQSAH5H9HJHKHADTC9CA S6SKH7HQH2D9DQD2C3C5C7 S5S8S9H3HTD3D6D8C8J3 
%00022%change_cards%  21SAHAEE 03CKEE 12S3H4EE 30C3EE
%00022%play%  4D6M7D8EE 4H3D3EE 1H6C6EE 0EE 3H7C7EE 2H9C9EE 4EE 1EE 3EE 2EE 2S3EE 4S5EE 1STEE 0EE 3EE 2SQEE 4EE 1EE 2EE 2H4EE 4S9EE 1DKEE 0EE 3EE 2CAEE 4EE 1EE 2EE 2H5EE 4HTEE 1EE 0EE 3EE 2HJEE 4EE 2HKEE 2EE 2DTEE 4EE 1EE 0EE 3EE 4S8C8EE 1SAHADAEE 0EE 3EE 1EE 1S2C2EE 0EE 3EE 1EE 1C4EE 0D5EE 3S6EE 1D7EE 0H8EE 0CTCJCQEE 3EE 0EE 0S4D4EE 3HQDQEE 0EE 3SKCKEE 3H2D2EE 3EE 3C5EE 0S7EE 3D9EE
%00022%result% 24130
%00022%points% 63 80 54 85 63
%00023%mibun% 42031
%00023%seat% 10324
%00023%palyer_cards% S6H4H9D3D7DQC4C6C8CQ S3S9STSQHAD4D8D2C3C5C9 S5S7SKH7HTHJD6D9C7CTJ3 SJH3H5H6H2DJDACJCKCA S4S8SAS2H8HQHKD5DTDKC2 
%00023%change_cards%  02DQCQEE 34H2EE 20S5D6EE 43S4EE
%00023%play%  0S6D6C6EE 3SJDJCJEE 2KQDQCQEE 4EE 1EE 0EE 3EE 2EE 2S7H7C7EE 4S2H2C2EE 1EE 0EE 3EE 2EE 4EE 4S8H8EE 4HKDKEE 1EE 0EE 3DACAEE 2EE 4EE 3EE 3H3EE 2D9EE 4DTEE 1D2EE 0EE 3EE 2EE 4EE 1EE 1S3C3EE 0H4C4EE 3EE 2HTCTEE 4EE 1EE 0EE 2EE 2HJEE 4HQEE 1HAEE 0EE 3EE 2EE 4EE 1EE 1S9C9EE 0EE 3EE 2EE 4EE 1EE 1D4EE 0S5EE 3H6EE 2SKEE 4SAEE 1EE 0EE 3EE 4EE 4D5EE 1D8EE 1C5EE 0D7EE 3CKEE 1EE 0EE 3EE 3S4EE 1STEE 0EE 3EE 1SQEE 0D3EE 3H5EE
%00023%result% 24130
%00023%points% 64 83 59 87 67
%00024%mibun% 42031
%00024%seat% 12043
%00024%palyer_cards% SAH6H8HTD5D7DJD2C4C9CK S4S8SJSQH9D6DAC3C8J3 S5S6S7STH3HAH2D4D8DQCJ S3S9S2H5H7HJHQD3DKCQ SKH4HKD9DTC5C6C7CTCAC2 
%00024%change_cards%  02SAD2EE 34S2EE 20H3D4EE 43H4EE
%00024%play%  3S3D3EE 1S8C8EE 1KTSJSQEE 2EE 0EE 4EE 3EE 1EE 1C3EE 2D8EE 2S5S6S7EE 0EE 4EE 3EE 1EE 2EE 2SAHAEE 0EE 4S2C2EE 3EE 1EE 2EE 4EE 4C5C6C7EE 3EE 1EE 2EE 0EE 4EE 4DTCTEE 3HQCQEE 1EE 2H2D2EE 0EE 4EE 3EE 2EE 2STEE 0DJEE 4CAEE 3EE 1EE 2EE 0EE 4EE 4SKHKEE 3EE 1EE 2EE 0EE 4EE 4D9EE 3HJEE 1DAEE 2EE 0EE 3EE 1EE 1S4EE 2CJEE 0CKEE 3EE 1EE 2EE 0EE 0D4C4EE 3EE 1EE 2EE 0EE 0H3EE 3H4EE 1H9EE 2EE 0HTEE 3EE 1EE 0EE 0D5EE 3H7EE 1EE 2DQEE 0EE 3DKEE 3EE 3H5EE 1D6EE 0D7EE 3EE 0EE 0H6EE 3S9EE
%00024%result% 42130
%00024%points% 65 86 63 89 72
%00025%mibun% 42130
%00025%seat% 12043
%00025%palyer_cards% S9SAHQHAD7D9C3CJCAJ3 S3S8SQS2H9HTD5DAC5C9CQ S4S6H4H2D6DTDJD2C6CK S5S7H5H7H8HJHKD3D4C4C8 STSJSKH3H6D8DQDKC7CTC2 
%00025%change_cards%  04SAJ3EE 32HKEE 40H3H6EE 23S4EE
%00025%play%  3S4D4C4EE 1EE 2S6D6C6EE 0EE 4STMTCTEE 3EE 2EE 4EE 4SKDKEE 3EE 1EE 2H2D2EE 0EE 4EE 2EE 2HKCKEE 0HACAEE 4EE 3EE 1EE 2EE 0EE 0H3C3EE 4EE 3S5H5EE 1H9C9EE 2EE 0EE 3EE 1SQCQEE 1EE 1D5C5EE 2EE 0S9D9EE 4EE 3EE 1EE 0EE 0H6EE 4C7EE 3HJEE 1DAEE 2EE 0EE 4C2EE 3EE 1EE 4EE 4D8EE 4SJEE 3EE 1S2EE 2EE 0EE 4EE 1EE 1S3EE 2H4EE 0D7EE 4DQEE 3EE 1EE 2EE 0EE 4EE 4SAEE 3EE 1EE 2EE 0EE 3S7H7EE 1EE 2EE 0EE 3H8C8EE 3D3EE 1S8EE 1HTEE 2DJEE 0HQEE 2EE 0EE 0CJEE
%00025%result% 43102
%00025%points% 67 89 64 93 77
%00026%mibun% 32410
%00026%seat% 12043
%00026%palyer_cards% S4S6SJSAH7H9D7C6C7CJ S5S7S2HJHAH2D9C8CKCAC2 S9SQH6HKD4D8DJC3C9J3 STSKHQD3D6DTDQDAD2C4C5 S3S8H3H4H5H8HTD5DKCTCQ 
%00026%change_cards%  24HKJ3EE 03SAEE 42S3H3EE 30D3EE
%00026%play%  0H7D7C7EE 4S8H8M8EE 4H5D5EE 3STDTEE 1HACAEE 2EE 0EE 4EE 3EE 1EE 1S2H2C2EE 2EE 0EE 4EE 3EE 1EE 1S5EE 2H6EE 0H9EE 4EE 3EE 1HJEE 2EE 0EE 1EE 1S7EE 2D8EE 2S3H3C3EE 0EE 4EE 3EE 1EE 2EE 2S9C9EE 0SJCJEE 4EE 3EE 1EE 2EE 0EE 0S6C6EE 4HTCTEE 3HQDQEE 1EE 2EE 0EE 4HKDKEE 3EE 4EE 4H4EE 3C5EE 1C8EE 1D9EE 2DJEE 0EE 4EE 3D2EE 1EE 2EE 3EE 3SADAEE 1EE 2EE 0EE 4EE 3EE 3C4EE 1CKEE 2EE 0EE 4EE 3EE 2D4EE 0EE 4CQEE 3SKEE 2EE 3EE 3D6EE 2SQEE
%00026%result% 14320
%00026%points% 68 94 66 96 81
%00027%mibun% 40321
%00027%seat% 14023
%00027%palyer_cards% S4S5S9STH7D5DQDAC3C7CK S7SAH6HQHAD9DTDJC5C6CT S8H3H9D4D6C4C8C9C2J3 S3S6SQSKS2H8D7D8CJCA SJH4H5HTHJHKH2D3DKD2CQ 
%00027%change_cards%  01DACKEE 24J3EE 10H6C5EE 42D3EE
%00027%play%  2H3D3EE 3H8D8EE 3S3EE 1C6EE 4HTEE 0DQEE 2C2EE 3EE 1EE 4KxEE 0EE 2EE 4EE 4SJHJEE 0EE 2EE 3EE 1EE 4HKDKEE 4H2D2EE 4EE 4H4EE 0H6EE 2EE 3EE 1HQEE 4EE 0EE 1EE 1D9DTDJEE 4EE 0EE 2EE 3EE 1EE 1SAHADAEE 4EE 0EE 2EE 3EE 1EE 1S7EE 4CQEE 0EE 2EE 3SKEE 1EE 4EE 3CAEE 3S2EE 3EE 3S6EE 1CTEE 4EE 0EE 2EE 3CJEE 1CKEE 3EE 4H5EE 0S9EE 2EE 3SQEE 0EE 3EE 3D7EE 0STEE 2EE 0EE 0S5D5C5EE 2EE 0EE 0H7C7EE 2S8C8EE 2D4C4EE 0EE 2H9C9EE 2EE 2D6EE
%00027%result% 14320
%00027%points% 69 99 68 99 85
%00028%mibun% 40321
%00028%seat% 14023
%00028%palyer_cards% S3SJS2H4HKD6DKC4C7C9CJ S6S9SAH3H9H2D4D8DQC6C8 S7S8H8HTHJHADAC3CTCA S5SKH6HQD5D9DTDJC5J3 S4STSQH5H7D3D7D2CQCKC2 
%00028%change_cards%  01S2HKEE 24HAEE 10H3D4EE 42D3EE
%00028%play%  2D3C3EE 3K6H6EE 1D8C8EE 1S6C6EE 4H7D7EE 0SJCJEE 2DACAEE 3EE 1S2H2EE 4EE 0EE 2EE 1EE 1S9H9EE 4SQCQEE 0EE 2EE 3EE 1EE 4D2C2EE 4EE 4S4EE 0D6EE 2S7EE 3HQEE 1HKEE 4HAEE 0EE 2EE 3EE 1EE 4EE 4H5EE 0C7EE 2HJEE 3SKEE 1SAEE 4EE 0EE 2EE 3EE 1EE 1DQEE 4CKEE 0EE 2EE 3EE 4EE 4STEE 0DKEE 2EE 3EE 0EE 0H4D4C4EE 2EE 3S5D5C5EE 0EE 3EE 3D9DTDJEE 0EE 2EE 0S3H3EE 2S8H8EE 2HTCTEE
%00028%result% 14320
%00028%points% 70 104 70 102 89
%00029%mibun% 40321
%00029%seat% 14023
%00029%palyer_cards% S4S6STH2D6D8DQC7CJCQC2 S5S2H8H9HTHJHQHKD4DKDA S3S8SJH6D3D2C4C8C9CT S7SQSKSAHAD7D9DJCAJ3 S9H3H4H5H7D5DTC3C5C6CK 
%00029%change_cards%  01H2C2EE 24D2EE 10S5D4EE 42H3EE
%00029%play%  2C8C9CTEE 2S3H3D3EE 3SAHACAEE 1S2H2C2EE 4EE 0EE 2EE 3EE 1EE 1H8H9HTHJHQHKEE 1DAEE 4CKEE 0CJEE 2C4EE 3KxEE 1EE 4EE 0EE 2EE 3EE 3S7D7EE 1EE 4EE 0S6D6EE 2EE 3EE 0S4D4EE 0EE 0DQCQEE 2EE 3EE 1EE 4EE 0EE 0STEE 2S8EE 2SJEE 3D9EE 1EE 4H7EE 0S5EE 2EE 3EE 4H4EE 0EE 4C3EE 4EE 4H5D5C5EE 0EE 2EE 3EE 1EE 4EE 4D2EE 0D8EE 0C7EE 2H6EE 3EE 1EE 4EE 3SKEE 1EE 4DTEE 3EE 4S9EE 4C6EE 3SQEE 1EE 3DJEE
%00029%result% 02431
%00029%points% 75 105 74 104 92
%00030%mibun% 04132
%00030%seat% 02341
%00030%palyer_cards% S3S4STSAH7H9D6D2C5C7CA SQS2HTH2D3D4DQDKC4J3 S6S7S8H3H5HKD8DTDAC3C2 S9SKH4H6HQHADJC6CTCQCK S5SJH8HJD5D7D9C8C9CJ 
%00030%change_cards%  10S2J3EE 32HAEE 01S3S4EE 23H3EE
%00030%play%  1S4D4C4EE 0K7H7C7EE 2EE 3EE 4SJHJCJEE 1EE 0EE 4EE 4S5D5EE 1SQDQEE 0S2D2EE 2EE 3EE 4EE 1EE 0EE 0SACAEE 2EE 3EE 4EE 1EE 0EE 0C5EE 2DTEE 3DJEE 4EE 1DKEE 0EE 2EE 3EE 1EE 1S3D3EE 0EE 2S8D8EE 2HADAEE 3EE 4EE 1EE 0EE 2EE 2C3EE 3H4EE 4D7EE 1HTEE 0EE 2HKEE 3EE 4EE 1H2EE 2EE 0D6EE 2S7EE 3S9EE 4EE 0STEE 2EE 3EE 0EE 0H9EE 2C2EE 3EE 4EE 2EE 2H5EE 3CTEE 4EE 2EE 3EE 3H6C6EE 4H8C8EE 4D9C9EE 2EE 3HQCQEE 3SKCKEE 3EE 3H3EE
%00030%result% 10432
%00030%points% 79 110 75 106 95
%00031%mibun% 10432
%00031%seat% 02341
%00031%palyer_cards% STS2H7D3D9DAC3C8C9CQJ3 S7SKH3H4H2D5D8DTCJCKC2 S6S9SJSQH6HJHAD7D2C6C7 S4H5HQHKD6DJDQDKC4CA S3S5S8SAH8H9HTD4C5CT 
%00031%change_cards%  21HAD2EE 30CAEE 12H3H4EE 03D3EE
%00031%play%  3DJDQDKEE 4EE 1EE 0EE 2EE 3EE 3S4C4EE 4S5C5EE 1SKCKEE 0KACAEE 2EE 3EE 4EE 1EE 0EE 0D9C9EE 2SJHJEE 3EE 4EE 1EE 0EE 2EE 2S6H6C6EE 3EE 4EE 1H2D2C2EE 0EE 2EE 1EE 1D5EE 0H7EE 2S9EE 3HQEE 4SAEE 1EE 0S2EE 2EE 3EE 4EE 0EE 0C3EE 2H4EE 3H5EE 4EE 1HAEE 0EE 2EE 3EE 1EE 1S7EE 0C8EE 0STEE 2SQEE 3EE 4EE 1EE 0EE 2EE 2D7C7EE 3EE 4S8H8EE 4HTCTEE 1EE 0EE 2EE 3EE 4EE 4S3EE 1D8EE 1DTEE 0CQEE 2EE 3HKEE 4EE 1EE 0DAEE 3EE 2H3EE 3D6EE 4H9EE 1CJEE 3EE 4EE 3D3EE
%00031%result% 02134
%00031%points% 84 113 79 108 96
%00032%mibun% 02134
%00032%seat% 02341
%00032%palyer_cards% SAHTHQD7DQDKC4C6C9CTCK S8S9SQS2H3H6H8D8C5CJ S4S5S7H4HKD3D5D9DTDAJ3 STSJH5H7HAH2D4DJD2CQC2 S3S6SKH9HJD6C3C7C8CA 
%00032%change_cards%  40SKCAEE 32H2EE 04C4C6EE 23D3EE
%00032%play%  3SJDJEE 4EE 1EE 0HQDQEE 2KKHKEE 3D2C2EE 0EE 2EE 3EE 3D3EE 4C4EE 1C5EE 0C9EE 2EE 3CQEE 4EE 1EE 0EE 3EE 3D4EE 4H9EE 1CJEE 0EE 2DAEE 3EE 4EE 1S2EE 2EE 1EE 1S8H8D8EE 1H3EE 0D7EE 2D9EE 3EE 4EE 1EE 0EE 2DTEE 2EE 2S4H4EE 3EE 4EE 1EE 0HTCTEE 2EE 0SACAEE 0EE 0SKDKCKEE 2EE 3EE 4EE 1EE 2S5D5EE 3EE 4EE 1EE 2EE 2S7EE 3STEE 4EE 1SQEE 2EE 3EE 1EE 1H6EE 2H2EE 3EE 4EE 1EE 3H5EE 4HJEE 1EE 3HAEE 4EE 3EE 3H7EE 4EE 1S9EE
%00032%result% 02314
%00032%points% 89 115 83 111 97
%00033%mibun% 03124
%00033%seat% 31042
%00033%palyer_cards% S6S8STH4H6HTDKC3C4CKC2 S4H5H7HJHKD5D7DAC9CQ S3SJSQSAH9D3DQD2CJCAJ3 S9SKS2H3D4D9DTC6C7C8 S5S7H8HQHAH2D6D8DJC5CT 
%00033%change_cards%  40HAH2EE 12DAEE 04H4C3EE 21S3EE
%00033%play%  2SJSQKKSAEE 3EE 1EE 0EE 4EE 2EE 2DACAEE 3EE 1EE 0H2C2EE 4EE 2EE 0EE 0S6H6EE 4H8D8EE 4S5C5EE 2EE 3S9D9EE 1EE 0STHTEE 4EE 3EE 0DKCKEE 0EE 0C4EE 4D6EE 2H9EE 3DTEE 1HJEE 0HAEE 4EE 2EE 3EE 1EE 0EE 0S8EE 4C3EE 2CJEE 3EE 1CQEE 4EE 2EE 1EE 1H5D5EE 4EE 2EE 3EE 1H7D7EE 1EE 1S3EE 4H4EE 2DQEE 3SKEE 1EE 4EE 2D2EE 3EE 2EE 2D3EE 3D4EE 1EE 4DJEE 3EE 4EE 4S7EE 3S2EE 1EE 4EE 3EE 3C6C7C8EE 3H3EE 1S4EE 4CTEE 1HKEE 4EE 1EE 1C9EE
%00033%result% 02314
%00033%points% 94 117 87 114 98
%00034%mibun% 03124
%00034%seat% 31042
%00034%palyer_cards% S7S8SJSKSAH9HQD3D4CTCA STH3H7H8HAD5D6DQC8CJ S3S9HKH2D9DJDAC4C9CQC2 S6SQH4H5HJDTDKD2C6CK S4S5S2H6HTD7D8C3C5C7J3 
%00034%change_cards%  40S2J3EE 12HAEE 04D3D4EE 21S3EE
%00034%play%  4D3C3EE 2HADAEE 3EE 1EE 0S2L2EE 4EE 2EE 0EE 0SACAEE 4EE 2H2C2EE 3EE 1EE 0EE 2EE 2S9D9C9EE 3EE 1EE 0EE 4EE 2EE 2C4EE 3H5EE 1D6EE 0S7EE 4D8EE 4S4D4EE 2EE 3S6C6EE 1H8C8EE 1S3H3EE 0EE 4S5C5EE 2EE 3DKCKEE 1EE 4EE 3EE 3H4EE 1D5EE 0S8EE 0H9EE 4HTEE 2HKEE 3EE 1EE 0EE 4EE 2EE 2DJEE 3SQEE 1EE 0SKEE 4EE 2EE 3EE 0EE 0CTEE 4EE 2CQEE 3EE 1EE 0EE 3DTEE 1CJEE 0HQEE 4EE 3D2EE 1EE 0EE 3EE 3HJEE 1DQEE 0EE 4EE 1EE 1H7EE 0SJEE 4EE 1EE 4D7C7EE 1EE 4EE 4H6EE
%00034%result% 23041
%00034%points% 97 118 92 118 100
%00035%mibun% 24013
%00035%seat% 31042
%00035%palyer_cards% S6SQSKHJHKD9C4C9CTCQ S9STSAH4H5HTHQHAD3DAJ3 S3S7H3H7D4D5D7DJD2CAC2 SJS2H8H2D6D8DQC6C7C8CJ S4S5S8H6H9DTDKC3C5CK 
%00035%change_cards%  12SAJ3EE 43DKEE 21S3H3EE 34D6EE
%00035%play%  1H3H4H5EE 0EE 4EE 2NKCAC2EE 3EE 1EE 2EE 2S7H7D7EE 3H8D8C8EE 3SJCJEE 1HADAEE 0EE 4EE 2EE 3S2H2EE 1EE 3EE 3C6EE 1S9EE 0CTEE 4CKEE 2EE 3EE 1EE 0EE 4EE 4S5C5EE 2EE 3EE 1STHTEE 0SQCQEE 4EE 1EE 0SKHKEE 0EE 0D9C9EE 4EE 2EE 3EE 1EE 0EE 0C4EE 4S8EE 4H6D6EE 2EE 3EE 1EE 0EE 4EE 4C3EE 2D4EE 3C7EE 1HQEE 0EE 4EE 2SAEE 3EE 1EE 2D2EE 2EE 2D5EE 3DQEE 1EE 0EE 4EE 2EE 3DKEE 1S3D3EE 0EE 4EE 2EE 0S6EE 4H9EE 2DJEE 0EE 4EE 0HJEE
%00035%result% 31204
%00035%points% 99 122 95 123 101
%00036%mibun% 31204
%00036%seat% 20413
%00036%palyer_cards% S6S9H3D3D8DJD2C6CTCQCA S3S5SQH7D9DTC4C9CJJ3 S8S2H4H8D4D5DQDAC5C8C2 STSAH5HJHQHKH2D6D7C3CK S4S7SJSKH6H9HTHADKC7 
%00036%change_cards%  43SKHAEE 01D2EE 34H5C3EE 10S3EE
%00036%play%  0S3H3D3EE 4EE 1K9D9C9EE 3SKHKCKEE 2EE 0EE 1EE 3EE 3SAHAEE 2S2C2EE 0EE 4EE 1EE 3EE 2EE 2S8H8C8EE 2H4D4EE 0S6C6EE 4S7C7EE 1EE 3EE 2EE 0EE 4EE 4C3EE 1C4EE 3EE 2EE 0CTEE 4EE 1CJEE 0CQEE 1EE 0CAEE 0EE 0D8EE 0S9EE 4HTEE 1SQEE 3H2EE 2EE 0EE 4EE 1EE 3EE 3D6EE 2DQEE 0EE 4DKEE 1D2EE 3EE 2EE 4EE 1EE 1S5EE 3D7EE 2DAEE 0EE 4EE 1EE 3EE 2EE 2D5C5EE 0EE 4EE 1EE 3EE 0DJEE 4EE 1EE 3HQEE 3EE 3STEE 4SJEE 1EE 3EE 4EE 4S4EE 1H7EE 3HJEE 4EE 1EE 4H5EE 1DTEE
%00036%result% 20314
%00036%points% 103 124 100 126 102
%00037%mibun% 13024
%00037%seat% 20413
%00037%palyer_cards% S7S8S9H5H8HJH2D5CTCAJ3 S3STSJSAS2H3H6HQD2C4 S4S5S6SQHAD6D9C5C8CKC2 H4HTHKD3D4D8DJC3C7C9 SKH7H9D7DTDQDKDAC6CJCQ 
%00037%change_cards%  42SKDAEE 10S2EE 24S4S5EE 01H5EE
%00037%play%  3D3C3EE 2S6D6EE 0S8H8EE 0S7K8S9EE 0S2H2EE 4EE 1EE 3EE 2EE 0EE 0D5EE 4C6EE 1STEE 3DJEE 2SQEE 0CAEE 4EE 1D2EE 3EE 2EE 0EE 1EE 1S3H3EE 3H4D4EE 2SKCKEE 0EE 4EE 1EE 3EE 2HADAEE 2EE 2C5EE 0CTEE 4CJEE 1EE 3EE 2C2EE 0EE 4EE 2EE 2C8EE 2D9EE 0HJEE 4DKEE 1SAEE 3EE 4EE 1EE 1C4EE 3C7EE 4EE 1EE 3C9EE 3EE 3D8EE 3HTEE 4EE 1SJEE 3HKEE 1EE 4H7D7EE 1EE 4DQCQEE 4EE 4S4EE 1H5EE 4H9EE 1HQEE 4EE 1EE 1H6EE
%00037%result% 20314
%00037%points% 107 126 105 129 103
%00038%mibun% 13024
%00038%seat% 20413
%00038%palyer_cards% S4S2H7H2D4D9DKC7CJCAC2 S8H3H6H8HQD5C4C9CTCK STSKH5HTHJD6D7D8DJC3C5 S5S7SJH4H9HADQDAD2J3 S3S6S9SQSAHKD3DTC6C8CQ 
%00038%change_cards%  42SAHKEE 10CKEE 24H5C3EE 01S4EE
%00038%play%  4S3D3C3EE 1EE 3KAHADAEE 2EE 0S2H2C2EE 4EE 3EE 0EE 0H7C7EE 4SQCQEE 1EE 3EE 2SKHKEE 0EE 4EE 2EE 2D6D7D8EE 2STHTEE 0DKCKEE 4EE 1EE 3EE 2EE 0EE 0D4EE 4H5EE 1H6EE 3H9EE 2EE 0EE 4EE 1HQEE 3EE 1EE 1S4C4EE 3EE 2HJDJEE 0EE 4EE 1EE 2EE 2C5EE 0D9EE 4DTEE 1EE 3DQEE 2EE 0EE 4EE 3D2EE 3EE 3H4EE 2SAEE 0EE 4EE 1EE 3EE 0CJEE 4EE 1EE 3EE 0CAEE 4S6C6EE 1S8H8EE 1H3EE 3S5EE 4C8EE 4S9EE 1CTEE 3SJEE 1EE 3EE 3S7EE
%00038%result% 20431
%00038%points% 111 127 110 131 106
%00039%mibun% 14032
%00039%seat% 41320
%00039%palyer_cards% S7S9SKSAHJD4C4C6C8C2J3 S8H4H7H8D6DJDQC3C5CA S3S4SJSQS2H9HAH2D3DTC7 S6H3H5HQD5D7D9DACJCK S5STH6HTHKD8DKD2C9CTCQ 
%00039%change_cards%  12DQCAEE 30DAEE 21S3D3EE 03D4EE
%00039%play%  1S3D3C3EE 3EE 2EE 0SALADAEE 4EE 1EE 0EE 0C4EE 4S5EE 1D6EE 3D7EE 2DTEE 0EE 4D2EE 1EE 3EE 2EE 4EE 4STHTCTEE 1EE 3EE 2EE 0EE 4EE 4HKDKEE 1EE 3EE 2HACAEE 0EE 4EE 2S2H2EE 2EE 2SQDQEE 0EE 4EE 1EE 3EE 2EE 2S4EE 0C6EE 4D8EE 4H6EE 1H7EE 3HQEE 2EE 0EE 4EE 1EE 3EE 3H5D5EE 2EE 0EE 4EE 1S8H8EE 1H4EE 3S6EE 2C7EE 0C8EE 0S7EE 4C9EE 1DJEE 3CKEE 2EE 0C2EE 4EE 1EE 3EE 0EE 0S9EE 4CQEE 1EE 3EE 2EE 0SKEE 0EE 0HJEE 1EE 3EE 2EE 1C5EE 3D9EE 2SJEE 3EE 2EE 2H9EE
%00039%result% 40123
%00039%points% 115 130 112 132 111
%00040%mibun% 12340
%00040%seat% 41320
%00040%palyer_cards% S3S5S7SJSKH7HTD6DQC9 SQH8H9HJD3D9DTD2CJCQCK S6S9H5HQH2D5C3C6C2J3 S8SAH4H6HAD4D8C5C8CTCA S4STS2H3HKD7DJDKDAC4C7 
%00040%change_cards%  34SAHAEE 20J3EE 43S4H3EE 02S3EE
%00040%play%  1CJCQCKEE 3EE 2EE 0EE 4EE 1EE 1H9D9EE 3EE 2H2C2EE 0EE 4EE 1EE 2EE 2S3C3EE 0S7H7EE 4HKDKEE 1EE 3EE 2EE 0EE 4EE 4SAHADAEE 1EE 3EE 2EE 0EE 4EE 4D7C7EE 1EE 3EE 2EE 0K9C9EE 4EE 0EE 0S5EE 4STEE 1SQEE 3EE 2EE 0SKEE 4S2EE 1EE 0EE 4EE 4C4EE 1H8EE 1D3EE 3C5EE 2S9EE 0HTEE 4DJEE 1D2EE 3EE 2EE 0EE 1EE 1DTEE 3CAEE 2EE 0EE 1EE 3EE 3S4H4D4EE 2EE 0EE 1EE 3S8D8C8EE 3H3EE 2HQEE 0EE 1EE 3EE 2EE 2H5D5EE 0EE 1EE 3EE 2S6C6EE 0D6EE 1HJEE 3EE 0DQEE 0EE 0SJEE
%00040%result% 42103
%00040%points% 117 133 116 133 116
%00041%mibun% 32140
%00041%seat% 41320
%00041%palyer_cards% S8SAH3H5H8D3D4D5DQC4 S3S2H4HQHKH2C6C8CJCQCK S5S6SJSQSKD6D8D2C9J3 S4H6H7H9HTD9DTDAC3C7C2 S7S9STHJHAD7DJDKC5CTCA 
%00041%change_cards%  34DAC2EE 02SAEE 43S7C5EE 20S5EE
%00041%play%  0D3D4D5EE 4EE 1CJCQCKEE 3EE 2EE 0EE 1EE 1S2H2EE 3EE 2EE 0EE 4EE 1EE 1S3EE 3S4EE 2KxEE 0EE 4EE 1EE 3EE 2EE 2SJSQSKSAEE 0EE 4EE 1EE 3EE 2EE 2S6D6EE 0S8H8EE 0S5H5EE 4STCTEE 1EE 3EE 2EE 0EE 4HJDJEE 4EE 4HADACAEE 1EE 3EE 2EE 0EE 4EE 4D7EE 1C8EE 1H4EE 3C5EE 2D8EE 2C9EE 0DQEE 4DKEE 1EE 3EE 2D2EE 0EE 4EE 0H3EE 4S9EE 1HQEE 3EE 0EE 4C2EE 1EE 1C6EE 3EE 0EE 1HKEE 3S7H7C7EE 0EE 3EE 3H9D9EE 0EE 3HTDTEE 3EE 3C3EE 0C4EE
%00041%result% 24103
%00041%points% 119 136 121 134 120
%00042%mibun% 32041
%00042%seat% 31420
%00042%palyer_cards% S6S8STSQH5HTHJD9D2C6C7 S2H7D6D8DJDQDKDAC8CJ S3S5S9SAHKD4D7C9CKCAC2 S7SJSKH4H8H9HQD3DTCTJ3 S4H3H6HAH2D5C3C4C5CQ 
%00042%change_cards%  32SKJ3EE 04D2EE 23S3D4EE 40H3EE
%00042%play%  3S3D3EE 1D8C8EE 1DJDQDKDAEE 4EE 2EE 0EE 3EE 1EE 1D6EE 4CQEE 2KxEE 0EE 3EE 1EE 4EE 2EE 2CKCAC2EE 0EE 3EE 1EE 4EE 2EE 2S9C9EE 0STHTEE 3EE 1EE 4H2D2EE 2EE 0EE 4EE 4C3C4C5EE 2EE 0EE 3EE 1EE 4EE 4S4EE 2S5EE 0S8EE 0S6C6EE 3DTCTEE 1EE 4EE 2SKHKEE 0EE 3EE 2EE 2D7EE 0D9EE 3EE 1EE 4EE 2EE 0EE 0H3EE 3S7EE 1CJEE 4HAEE 2EE 0EE 3EE 1S2EE 4EE 1EE 1H7EE 4EE 2SAEE 0EE 3EE 0H5EE 3H8EE 3H4D4EE 4EE 0EE 3EE 3H9EE 4EE 0HJEE 3HQEE 0EE 3EE 3SJEE 4EE 0SQEE 0EE 0C7EE
%00042%result% 12304
%00042%points% 121 141 125 137 121
%00043%mibun% 30124
%00043%seat% 31420
%00043%palyer_cards% S4S8SKSAH6H7D3D4D8CT SJH3H9HAH2DQDAC5C7C8CQ S6SQH5H8HKD2C3C4CJCAC2 S3STH4HTD5D7DTDJC6C9 S5S7S9S2HJHQD6D9DKCKJ3 
%00043%change_cards%  41S2J3EE 02SAEE 14H3C5EE 20C3EE
%00043%play%  0D3C3EE 3EE 1DQCQEE 4DKCKEE 2D2C2EE 0EE 1EE 4EE 2EE 2SACAEE 0EE 3EE 1S2H2EE 4EE 2EE 1EE 1N6C7C8EE 1HADAEE 4EE 2EE 0EE 3EE 1EE 1H9EE 4HJEE 2HKEE 0EE 3EE 1EE 4EE 2EE 2C4EE 0H6EE 3D7EE 1SJEE 4HQEE 2EE 0SKEE 3EE 4EE 0EE 0S4D4EE 3EE 4S5C5EE 2EE 0S8D8EE 0H7EE 3C9EE 4EE 2CJEE 0EE 3EE 2EE 2H5EE 0CTEE 3DJEE 4EE 2SQEE 3EE 2EE 2S6EE 3EE 4S7EE 2EE 4EE 4S9D9EE 2EE 3EE 4EE 4H3EE 2H8EE 3STHTDTEE 4EE 3EE 3S3EE 4D6EE
%00043%result% 10243
%00043%points% 125 146 128 138 123
%00044%mibun% 10243
%00044%seat% 31420
%00044%palyer_cards% S4S2H9HAD4DTD2C5C7CT S9SJSQH5D3D8DAC6CKCAC2 S6H3HKD6D7DQDKC3C8CQJ3 S5H6H7H8HTHJD9DJC4C9 S3S7S8STSKSAH4HQH2D5CJ 
%00044%change_cards%  31HJDJEE 40H2EE 13H5D3EE 04S4EE
%00044%play%  3H5H6H7H8EE 3D9C9EE 1DACAEE 4EE 2EE 0EE 3EE 1EE 1SJHJDJEE 4EE 2KQDQCQEE 0S2H2D2EE 3EE 1EE 2EE 0EE 0DTCTEE 3EE 1EE 4EE 2HKDKEE 0EE 2EE 2H3C3EE 0EE 3EE 1EE 4S4H4EE 2S6D6EE 4EE 2EE 2D7EE 0H9EE 3HTEE 1EE 4HQEE 2EE 0HAEE 3EE 4EE 0EE 0D4EE 3S5EE 1C6EE 4S7EE 2C8EE 0C5EE 3EE 1D8EE 1S9EE 4STEE 0EE 3EE 1SQEE 4SKEE 1EE 4SAEE 4EE 4S3EE 0C7EE 3EE 1CKEE 4EE 1C2EE 4D5EE 3EE 4S8EE 4CJEE
%00044%result% 20143
%00044%points% 129 149 133 139 125
%00045%mibun% 12043
%00045%seat% 23140
%00045%palyer_cards% S5S2H7H9HKD7D8C5C8CQ S4S9SAH5H8DTDKC3C9CTCK STH6HTHQHAD3DAC7CJCAJ3 S8SKH3HJH2D4D6D9DJDQD2 S3S6S7SJSQH4D5C4C6C2 
%00045%change_cards%  32H2D2EE 40C2EE 23H6D3EE 04S5EE
%00045%play%  3H3D3EE 1S9C9EE 4EE 0S2C2EE 2EE 3EE 1EE 0EE 0H7D7EE 2STHTEE 3HJDJEE 1DKCKEE 4EE 0EE 2H2D2EE 3EE 1EE 2EE 2HQLKHAEE 3EE 1EE 4EE 0EE 2EE 2DACAEE 3EE 1EE 4EE 0EE 2EE 2C7EE 3S8EE 3H6D6EE 1DTCTEE 4EE 0EE 2EE 3EE 1EE 1C3EE 4SJEE 0CQEE 2EE 3SKEE 1SAEE 4EE 0EE 3EE 1EE 1S4EE 4SQEE 0EE 2EE 3EE 1EE 4EE 4S5S6S7EE 0EE 2EE 3EE 1EE 4EE 4H4C4EE 0D8C8EE 0C5EE 2CJEE 3EE 1EE 4EE 0EE 3D4EE 1H5EE 4C6EE 0H9EE 3DQEE 1EE 4EE 0HKEE 3EE 3D9EE 1EE 4EE 1H8EE
%00045%result% 20314
%00045%points% 133 151 138 142 126
%00046%mibun% 13024
%00046%seat% 23140
%00046%palyer_cards% S7SKSAH3H6HQD7DJDQC2 S3SQH4H8HTD3DTDKDAD2C6 S4S6H5HAD4D6D9C8CTCAJ3 S5S8S2H9HJH2D5C3C4C5C9 S9STSJH7HKD8C7CJCQCK 
%00046%change_cards%  42HKCKEE 10D2EE 24S4D4EE 01H3EE
%00046%play%  1S3H3D3EE 4EE 0EE 2S6L6D6EE 3EE 1EE 2EE 2HKCKEE 3S2H2EE 1EE 4EE 0EE 2EE 3EE 3C3C4C5EE 1EE 4S9STSJEE 0EE 2EE 3EE 4EE 4S4D4EE 0S7D7EE 2EE 3EE 1EE 4EE 0EE 0HQDQEE 2HACAEE 3EE 1EE 4EE 0D2C2EE 2EE 0EE 0H6EE 2C8EE 2H5EE 3S8EE 3S5D5EE 1HTDTEE 4EE 0EE 2EE 3EE 1EE 1H4EE 4D8EE 4H7C7EE 0EE 2EE 3H9C9EE 1EE 4EE 3EE 3HJEE 1SQEE 4EE 0SKEE 2EE 1EE 0SAEE 0EE 0DJEE 2EE 1DKEE 4EE 1DAEE 1EE 1C6EE 4CJEE 2EE 1EE 4CQEE 2D9EE 1EE 2CTEE
%00046%result% 30421
%00046%points% 137 152 140 147 129
%00047%mibun% 14302
%00047%seat% 23140
%00047%palyer_cards% S6S7S9HKH2D5DTDJDACT S4S8STSAHQD3D7D8D9C7CK SJSKH3H4HTD6C3CJCAC2 S5H7HJHAD4DQC4C5C6C9J3 S3SQS2H5H6H8H9DKD2C8CQ 
%00047%change_cards%  13SACKEE 20C2EE 31D4C4EE 02D5EE
%00047%play%  1D7D8D9EE 1S4D4C4EE 4EE 0EE 2EE 3S5L5C5EE 1EE 3EE 3SAHAEE 1EE 4S2D2EE 0EE 2EE 3EE 4EE 4H8C8EE 4SQCQEE 0H2C2EE 2EE 3EE 1EE 4EE 0EE 0DTCTEE 2SJCJEE 3EE 1EE 4EE 0EE 2EE 2H3C3EE 3EE 1EE 4EE 0EE 2EE 2H4EE 3C6EE 1C7EE 4EE 0EE 2CAEE 3EE 1EE 2EE 2D5EE 3H7EE 1S8EE 1D3EE 4H5EE 0S6EE 2HTEE 3HJEE 1HQEE 4EE 0HKEE 2EE 3EE 1EE 0EE 0S7EE 2SKEE 3EE 1EE 4EE 0EE 2EE 2D6EE 3C9EE 1STEE 4DKEE 0DAEE 3EE 4EE 0EE 0S9EE 3DQEE 4EE 0EE 3CKEE 4S3EE 0DJEE
%00047%result% 21304
%00047%points% 139 156 145 150 130
%00048%mibun% 31024
%00048%seat% 20341
%00048%palyer_cards% S9SJH6HTHJD3D9C4C6C7CA S3S7SQS2H3H7H8HKH2J3 H5D7DTDJDQDKD2C9CTCQC2 S6S8SKH4H9D4D5DAC3C5C8 S4S5STSAHQHAD6D8CJCK 
%00048%change_cards%  42SAHAEE 01CAEE 24H5D7EE 10S3EE
%00048%play%  0S3D3EE 3H4D4EE 4S5H5EE 1S7H7EE 2SAHAEE 0EE 3EE 4EE 1S2H2EE 2EE 1EE 1K3H3EE 2DTCTEE 0SJHJEE 3EE 4EE 1EE 2DQCQEE 0EE 2D2C2EE 2EE 2C9EE 0HTEE 3SKEE 4EE 1CAEE 2EE 0EE 3EE 1EE 1H8EE 1SQEE 2DKEE 0EE 3DAEE 4EE 1EE 2EE 3EE 3D5C5EE 4EE 1EE 2EE 0H6C6EE 3S8C8EE 3C3EE 4S4EE 1HKEE 2EE 0EE 3EE 4EE 2DJEE 0EE 3EE 4HQEE 4CKEE 4EE 4D6D7D8EE 4STEE 0EE 3EE 4CJEE 0S9D9EE 3EE 0EE 0C4EE 3S6EE 0C7EE
%00048%result% 12403
%00048%points% 141 161 149 151 133
%00049%mibun% 30142
%00049%seat% 20341
%00049%palyer_cards% S5SQSKS2H9HAD3DTDJDQD2 S4S7SJH5HQHKD9DKC3C6C9 S8S9H4H7HTD6D7C5CQC2J3 S6STSAHJH2D5DAC8CJCA S3H3H6H8D4D8C4C7CTCK 
%00049%change_cards%  31SAH2EE 02S2EE 13S4C3EE 20H4EE
%00049%play%  0DTDJDQEE 3EE 4EE 1EE 2EE 0EE 0D3EE 3S4EE 4H6EE 1S7EE 2S8EE 2M5D6D7EE 0EE 3EE 4EE 1EE 2EE 2S2C2EE 0EE 3EE 4EE 1EE 2EE 2C5EE 0H9EE 3STEE 4CKEE 1SAEE 2EE 0D2EE 3EE 4EE 1EE 0EE 0H4EE 3D5EE 4C7EE 1SJEE 2CQEE 0SKEE 3EE 4EE 1H2EE 2EE 0EE 1EE 1D9C9EE 2EE 0EE 3HJCJEE 4EE 1HKDKEE 3DACAEE 1EE 3EE 3C3EE 4CTEE 1EE 2EE 0EE 3EE 4EE 4S3H3EE 1EE 2EE 0EE 3EE 4D4C4EE 4H8D8EE 1H5EE 2H7EE 0HAEE 3EE 1EE 2EE 0EE 0S5EE 3S6EE 1EE 2S9EE 0SQEE 3EE 2EE 3C8EE 1C6EE 2HTEE
%00049%result% 40321
%00049%points% 145 162 151 154 138
%00050%mibun% 14320
%00050%seat% 20341
%00050%palyer_cards% S3STH5HTHAD4C4CJCQCA S4S5S6S8SQSKH8D6D8C9CT S9H3H6HJHKD7D9DKC3C5J3 SJSAH7D3DTDJDAC8CKC2 S7S2H4H9HQH2D5DQD2C6C7 
%00050%change_cards%  14SQSKEE 20J3EE 41H4D5EE 02S3EE
%00050%play%  3SJDJEE 4EE 1EE 2HKDKEE 0HACAEE 3EE 2EE 0EE 0NTCJCQEE 3EE 4EE 1EE 2EE 0EE 0D4C4EE 3SADAEE 4EE 1EE 2EE 0EE 3EE 3D3EE 4C6EE 1C9EE 2EE 0EE 3CKEE 4EE 1EE 3C2EE 3EE 3H7EE 4H9EE 1EE 2HJEE 0EE 3EE 4EE 2EE 2S3H3C3EE 0EE 3EE 4SQHQDQEE 1EE 2EE 4S2H2D2EE 4EE 4S7C7EE 1EE 2S9D9EE 0STHTEE 3EE 4EE 2EE 0EE 0H5EE 3C8EE 3DTEE 4SKEE 1EE 2EE 1S4S5S6EE 2EE 1EE 1S8H8D8EE 1H4EE 2C5EE 1D6EE 2D7EE 1EE 2EE 2H6EE
%00050%result% 03421
%00050%points% 150 163 153 158 141
%00051%mibun% 04312
%00051%seat% 32014
%00051%palyer_cards% S5S8STH3H6H9D6DJDQD2CQ S3S4S9SKHQD3D5C4CTCJCA SJSAH5H7HJHKD7DKC6C2 SQH4H8HTH2D4D8C3C9CK S6S7S2HAD9DTDAC5C7C8J3 
%00051%change_cards%  10SKCAEE 23C2EE 01S5H3EE 32C3EE
%00051%play%  1S3S4S5EE 4K5S6S7EE 3EE 2EE 0EE 1EE 1H3D3EE 4S7C7EE 3H8D8EE 3H4D4EE 2H7D7EE 0EE 1EE 4HADAEE 3EE 2EE 4EE 4M8D9DTEE 4C5EE 3C9EE 2EE 0CAEE 1EE 4EE 3EE 0EE 0H6D6EE 1EE 4EE 3H2C2EE 2EE 0EE 3EE 3HTEE 2SAEE 0D2EE 1EE 4EE 3EE 2EE 0EE 0DQCQEE 1EE 4EE 3EE 2HKDKEE 0EE 2EE 2SJHJEE 0EE 1EE 4EE 3EE 2EE 2C3EE 0S8EE 0H9EE 1CTEE 4S2EE 3EE 2EE 0EE 1EE 4EE 4S6EE 3SQEE 2EE 0SKEE 1EE 4EE 3EE 0EE 0STEE 1CJEE 4EE 3CKEE 2EE 0EE 1EE 2H5EE 0DJEE 1HQEE 4EE 2EE 1EE 1C4EE 4C8EE 2C6EE
%00051%result% 30421
%00051%points% 154 164 155 163 144
%00052%mibun% 14302
%00052%seat% 32014
%00052%palyer_cards% S3S4S5S6S8SJH3H5C9CQCA H7H9HTHJHADJDAD2C3C6 S9SQSKH6D3D5D6DTDQCTC2 S7S2D4D7D8DKC5C7C8CKJ3 STSAH4H8HQHKH2D9C4CJ 
%00052%change_cards%  13HAD2EE 20C2EE 31D4C5EE 02S3EE
%00052%play%  2S3D3EE 0S5H5EE 1HJDJEE 4EE 3DKCKEE 2EE 0EE 1EE 3S2D2EE 3EE 3M6D7D8EE 3S7C7EE 2DTCTEE 0EE 1EE 4EE 3EE 2SQDQEE 2EE 2H6D6EE 0EE 1EE 4EE 3EE 2EE 2D5EE 0S6EE 1H7EE 4H8EE 4H4C4EE 3EE 2EE 0EE 1EE 4EE 4D9EE 3HAEE 2EE 0C2EE 1EE 4EE 3EE 0EE 0H3EE 1D4EE 4STEE 3EE 2SKEE 0EE 1EE 4SAEE 2EE 4EE 4CJEE 3EE 2EE 0CQEE 1EE 4EE 0CAEE 0EE 0S4EE 1C5EE 4HQEE 3EE 2EE 0EE 1DAEE 4H2EE 1EE 4EE 4HKEE 3EE 2EE 0EE 1EE 3C8EE 2S9EE 0SJEE 1EE 0EE 0S8EE 0C9EE
%00052%result% 43201
%00052%points% 156 165 158 167 149
%00053%mibun% 34210
%00053%seat% 32014
%00053%palyer_cards% S6STH4H5H7DTDJC5CTC2 SJSAH3HJHQH2D5D6C6CJ S5S2H9D3D4DKDAC3C4C8C9 S4S8S9SKH8HAD7DQC7CQJ3 S3S7SQH6HTHKD8D9D2CKCA 
%00053%change_cards%  14SAH2EE 03C2EE 41S3H6EE 30S4EE
%00053%play%  2D3C3EE 0S4H4EE 1EE 4HKCKEE 3KAHAEE 2EE 0EE 4H2D2EE 3EE 4EE 4SACAEE 3EE 2EE 0EE 1EE 4EE 4S7EE 3S9EE 2S2EE 0EE 1EE 4EE 3EE 2EE 2D4C4EE 0H5C5EE 1EE 4EE 3D7C7EE 2H9C9EE 0EE 3DQCQEE 2EE 3EE 3S8H8EE 3SKEE 2DAEE 0EE 1EE 4EE 3C2EE 2EE 2S5EE 0S6EE 1EE 4SQEE 2EE 0EE 4EE 4D8EE 4D9EE 2DKEE 0EE 1EE 4EE 2EE 2C8EE 0STDTCTEE 1SJHJCJEE 4EE 0EE 1EE 1H6D6C6EE 4EE 0EE 1EE 1S3H3EE 4EE 0EE 1EE 1D5EE 4HTEE 0DJEE 1HQEE
%00053%result% 32410
%00053%points% 157 167 162 172 152
%00054%mibun% 43102
%00054%seat% 23041
%00054%palyer_cards% S6SQSAH6HTD7D9D2C5C8C2 S8S9H7D6DQDKC3C4C7J3 S3S4STH8HJHQD3D5C6CQ S5SKH3H5HKHAH2D4C9CJCK S7SJS2H4H9D8DTDJDACTCA 
%00054%change_cards%  03D2C2EE 12J3EE 30H3D4EE 21S3EE
%00054%play%  2D3M4D5EE 3HKHAH2EE 0EE 4EE 1EE 2EE 3EE 3S5H5EE 0S6H6EE 4EE 1EE 2EE 3EE 0EE 0H3EE 4H4EE 1EE 2H8EE 2HQCQEE 3SKCKEE 0EE 4DACAEE 1EE 2EE 3D2C2EE 4EE 3EE 3C9EE 0HTEE 4S2EE 1EE 2EE 3EE 0EE 4EE 4DTCTEE 1EE 2EE 3EE 0EE 4SJDJEE 4EE 4S7EE 1S8EE 1S3C3EE 2EE 3EE 0EE 4EE 1H7C7EE 1EE 1C4EE 2C6EE 3CJEE 0EE 4EE 1EE 2EE 0D4EE 4D8EE 4H9EE 1DQEE 2EE 0SAEE 1EE 0EE 0C5EE 1D6EE 2STEE 0SQEE 1EE 2EE 0EE 0D7EE 1S9EE 2HJEE 0EE 1DKEE 2EE 2S4EE
%00054%result% 34120
%00054%points% 158 170 164 177 156
%00055%mibun% 42301
%00055%seat% 23041
%00055%palyer_cards% S3S4S6S9SQH5H9HAD6DTC2 S5HKD3D7D8DJC6C7C8CA SKSAH3H4D4DAC9CJCQCK S7STS2H6H7HQH2D5DKCTJ3 S8SJH8HTHJD9DQD2C3C4C5 
%00055%change_cards%  03HAC2EE 24SAEE 30H6D5EE 42C3EE
%00055%play%  1C6C7C8EE 1D3EE 2C9EE 3HQEE 0EE 4SAEE 1EE 2EE 3KxEE 4EE 3EE 3S2H2C2EE 0EE 4EE 1EE 2EE 3EE 3S7H7EE 0S9H9EE 4SJHJEE 1EE 2EE 3EE 0EE 4EE 4S8H8EE 4C4EE 1S5EE 2DAEE 3EE 0EE 4D2EE 1EE 2EE 4EE 4C5EE 1D7EE 2EE 3DKEE 0EE 4EE 1EE 3EE 3STCTEE 0EE 4EE 1EE 2SKCKEE 3EE 2EE 2H3C3EE 3EE 0H5D5EE 4EE 1EE 2EE 0EE 0S6H6D6EE 4EE 1EE 2EE 3EE 0EE 0S3EE 4D9EE 1DJEE 2EE 3EE 0EE 4DQEE 1EE 4EE 4HTEE 1HKEE 2EE 3HAEE 0EE 1EE 0S4EE 1D8EE 1CAEE 2EE 0EE 2H4D4EE 0EE 2EE 2CJEE 0SQEE 2EE 0EE 0DTEE
%00055%result% 43102
%00055%points% 160 173 165 181 161
%00056%mibun% 32410
%00056%seat% 23041
%00056%palyer_cards% HTHJHKD5D6D8D2CJCKCA S4S6S8SJSKH5HAD7DKC4C9 S5H7H9HQDTDQDAC5C6C8J3 S3S9S2H4H6H2D4DJC7C2 S7STSQSAH3H8D3D9C3CTCQ 
%00056%change_cards%  24DAJ3EE 03D2EE 42H3D3EE 30S3EE
%00056%play%  2H3D3EE 3H4D4EE 0EE 4H8M8EE 4STCTEE 1SKDKEE 2EE 3EE 0EE 4SADAEE 1EE 4EE 4SQCQEE 1EE 2EE 3EE 0HKCKEE 4EE 0EE 0HJCJEE 4EE 1EE 2HQDQEE 3EE 0EE 2EE 2S5C5EE 3EE 0EE 4EE 1EE 2EE 2C6EE 3C7EE 0CAEE 4EE 1EE 2EE 3EE 0EE 0S3EE 4S7EE 1S8EE 1S4C4EE 2EE 3EE 0EE 4EE 1EE 1H5EE 2H7EE 3EE 0HTEE 4EE 1HAEE 2EE 0EE 1EE 1S6EE 2C8EE 2H9EE 3DJEE 0EE 4EE 1EE 2EE 3EE 3S2H2D2C2EE 0EE 4EE 1EE 2EE 3EE 3S9EE 0D8EE 0D6EE 4C3EE 1EE 2EE 3EE 0EE 