%-----%hostname% b77
%-----%TIME_START% 2024/05/13 11:25:14
%-----%palyer_name% Normal Normal Normal Normal Normal
%-----%WINDOW_TYPE% ALICE
%-----%GRAPH_WINDOW% YES
%-----%RAND_TYPE% 1
%-----%RULE_KAKUMEI% YES
%-----%RULE_SHIBARI% YES
%-----%RULE_KINSOKU% NO
%-----%RULE_KAIDAN% YES
%-----%RULE_CHANGE% YES
%-----%RULE_5TOBI% NO
%-----%RULE_6REVERS% NO
%-----%RULE_8GIRI% YES
%-----%RULE_11BACK% NO
%-----%RULE_SEKIGAE% YES
%-----%RULE_SEKIGAE_NUM% 3
%-----%GAME_NUMBER% 200
%-----%FLASH_MIBUN_NUMBER% 100
%-----%GAME_PORT% 51548
%-----%RANDOM_SEED% 1715567095
%00000%mibun% 22222
%00000%seat% 32140
%00000%palyer_cards% S4S9STHKHAD4D6DKDAC6 S7SKH8HTHJHQD7D8DQC7C2 S8S2H4D3D5D9DJCJCQCKJ3 S3S5S6SQH5H9DTC5C8C9 SJSAH3H6H7H2D2C3C4CTCA 
%00000%change_cards% NULL
%00000%play%  2CJCQCKEE 1EE 4EE 0EE 3EE 2EE 2D3EE 1S7EE 4CTEE 0HKEE 3KxEE 2S2EE 1KxEE 4KxEE 0KxEE 2KxEE 2KxEE 2H4EE 1D7EE 4SJEE 0DKEE 3KxEE 2KxEE 1C2EE 4KxEE 0KxEE 1KxEE 1HTHJHQEE 4EE 0EE 3EE 2EE 1EE 1H8D8EE 1C7EE 4SAEE 0KxEE 3KxEE 2KxEE 1KxEE 4H2EE 4KxEE 4H3C3EE 0EE 3EE 2EE 1EE 4EE 4C4EE 0D6EE 3C8EE 3S5H5C5EE 2EE 1EE 4EE 0EE 3EE 3H9C9EE 2EE 1EE 4EE 0EE 3EE 3S3EE 2D5EE 1DQEE 4D2EE 0KxEE 3KxEE 2KxEE 1KxEE 4KxEE 4H6EE 0S9EE 3DTEE 2DJEE 1KxEE 4KxEE 0DAEE 3KxEE 2KxEE 0KxEE 0S4D4EE 3EE 2EE 1EE 4EE 0EE 0C6EE 3SQEE 2KxEE 1SKEE 4KxEE 0KxEE 3KxEE 4H7EE 0STEE 3KxEE 2KxEE 4CAEE 0KxEE 0HAEE 3KxEE 2KxEE 3S6EE
%00000%result% 14032
%00000%points% 3 5 1 2 4
%00001%mibun% 20431
%00001%seat% 32140
%00001%palyer_cards% SAH3H6HQHAD5D8DTDJDQC6 S5S7SJH2D7DAD2C4C7C8CA S3S6H4H9HTD4D6DKCTCQ S4S9STSQSKS2H8HJC3C2 S8H5H7HKD3D9C5C9CJCKJ3 
%00001%change_cards%  21DKCQEE 34S2EE 12S5C4EE 43D3EE
%00001%play%  3D3C3EE 2EE 1EE 4EE 0EE 3EE 3S4EE 2S5EE 1S7EE 4S8EE 4H5C5EE 0EE 3EE 2EE 1EE 4EE 4D9C9EE 0EE 3EE 2EE 1EE 4EE 4HKCKEE 0EE 3EE 2EE 1EE 4EE 4H7EE 0D8EE 0DTDJDQEE 3EE 2EE 1EE 4EE 0EE 0H6C6EE 3EE 2EE 1EE 4EE 0EE 0SAHAEE 3EE 2EE 1EE 4EE 0EE 0H3EE 3H8EE 3S9EE 2HTEE 1SJEE 4S2EE 0KxEE 3KxEE 2KxEE 1KxEE 4KxEE 4KxEE 4CJEE 0HQEE 3SKEE 2KxEE 1DAEE 0KxEE 3C2EE 1KxEE 3KxEE 3STEE 2KxEE 1CQEE 0KxEE 3KxEE 1DKEE 1CAEE 1H2EE 1KxEE 1D7C7EE 0EE 3EE 2EE 1EE 1C8EE 1D2EE 0KxEE 3KxEE 2KxEE 0D5EE 3HJEE 2KxEE 3SQEE
%00001%result% 41032
%00001%points% 6 9 2 4 9
%00002%mibun% 21430
%00002%seat% 32140
%00002%palyer_cards% S5S9STH4H6H7DTDKC9CJJ3 SJH3H8HJD3D6C3C4CKC2 SQH5HQHAH2D8DQDAC7C8 S6S8SKHTD4D7D9DJD2C6CT S3S4S7SAS2H9HKD5C5CQCA 
%00002%change_cards%  24HAH2EE 31D2EE 42S3S4EE 13H3EE
%00002%play%  1D3C3EE 4EE 0EE 3EE 2EE 1EE 1SJHJEE 4EE 0EE 3EE 2EE 1EE 1D2C2EE 4EE 0EE 3EE 2EE 1EE 1C4EE 4D5EE 0H6EE 3D7EE 2D8EE 2SQHQDQEE 1EE 4EE 0EE 3EE 2EE 2S3EE 1D6EE 4S7EE 0S9EE 3SKEE 2KxEE 1KxEE 4SAEE 0KxEE 3KxEE 4KxEE 0KxEE 0STDTEE 3EE 2EE 1EE 4EE 0EE 0H4EE 3S6EE 2C7EE 1H8EE 1CKEE 4HAEE 0KxEE 3KxEE 2KxEE 4S2EE 4KxEE 4C5EE 0H7EE 3S8EE 3HTCTEE 2EE 4EE 0EE 3EE 3H3EE 2S4EE 4H9EE 0CJEE 3KxEE 2DAEE 4H2EE 0KxEE 2KxEE 4KxEE 4CQEE 0DKEE 3KxEE 2KxEE 4CAEE 0KxEE 4KxEE 4HKEE 0KxEE 3KxEE 2KxEE 0S5EE 3C6EE 2C8EE 2H5EE 0C9EE
%00002%result% 14203
%00002%points% 8 14 5 5 13
%00003%mibun% 30241
%00003%seat% 43120
%00003%palyer_cards% S3H3HTHQHAH2D4DQC5C9CJ SKSAH4H5H6D9DTDKD2C8J3 S4S5S6S9STS2HJD6DJCTCK H8H9HKD3D5D7C4C7CAC2 S7S8SJSQH7D8DAC3C6CQ 
%00003%change_cards%  31CAC2EE 04H2EE 13H4H5EE 40C3EE
%00003%play%  3H4C4EE 1EE 2EE 0EE 4EE 3EE 3H5D5EE 1EE 2EE 0EE 4EE 3EE 3D7C7EE 1EE 2EE 0EE 4EE 3EE 3D3EE 1H6EE 2S9EE 0HTEE 4SJEE 3HKEE 1SAEE 2S2EE 0KxEE 4KxEE 3KxEE 1KxEE 2KxEE 1KxEE 1SKDKEE 2EE 0EE 4EE 3EE 1EE 1D2C2EE 2EE 0EE 4EE 3EE 1EE 1C8EE 1D9EE 2STEE 0CJEE 4SQEE 3KxEE 1CAEE 2KxEE 0KxEE 4H2EE 1KxEE 4KxEE 4S7H7EE 3EE 1EE 2EE 0EE 4EE 4S8D8EE 4C6EE 3H8EE 3H9EE 1DTEE 2HJEE 0HQEE 4KxEE 2KxEE 0HAEE 0KxEE 0S3H3C3EE 4EE 2EE 0EE 0D4EE 4CQEE 2CKEE 0KxEE 4KxEE 2KxEE 2S4S5S6EE 0EE 4EE 2EE 2D6EE 0C9EE 4DAEE 2KxEE 0KxEE 2CTEE 0DQEE 2KxEE 0KxEE 0C5EE
%00003%result% 31402
%00003%points% 10 18 6 10 16
%00004%mibun% 31402
%00004%seat% 43120
%00004%palyer_cards% S6S9H6H8HTD6C6C8CJCA H4H9HQD4D5D9DJDAD2C9CT S3S5S8SJSAD7D8DQDKC4C7 S7SQSKS2H5H7HJH2D3DTCK S4STH3HKHAC3C5CQC2J3 
%00004%change_cards%  23SADKEE 01CAEE 32H5D3EE 10H4EE
%00004%play%  2S3D3EE 0EE 4EE 3EE 1EE 2EE 2S5H5EE 0EE 4EE 3EE 1EE 2EE 2D7C7EE 0EE 4EE 3EE 1EE 2EE 2S8D8EE 2C4EE 0S6EE 4STEE 3SQEE 1KxEE 2KxEE 0KxEE 4KxEE 3KxEE 4KxEE 4H3C3EE 3EE 1EE 2EE 0EE 4EE 4S4EE 3S7EE 1KxEE 2SJEE 0KxEE 4KxEE 3SKEE 2KxEE 3SAEE 3S2EE 3KxEE 3DKCKEE 1EE 2EE 0EE 4EE 3EE 3H7EE 1H9EE 2KxEE 0HTEE 4HKEE 3H2EE 1KxEE 0KxEE 4KxEE 3KxEE 3DTEE 1DJEE 2DQEE 0KxEE 4KxEE 3KxEE 1DAEE 1D2EE 1KxEE 1D9C9EE 0EE 4EE 3EE 1EE 1D4EE 0H6EE 4CQEE 3KxEE 1CAEE 0KxEE 4C2EE 1KxEE 4KxEE 4C5EE 3HJEE 1HQEE 0KxEE 4HAEE 1KxEE 1D5EE 0D6EE 1KxEE 0KxEE 0H8C8EE 0H4EE 1CTEE
%00004%result% 23410
%00004%points% 11 20 11 14 19
%00005%mibun% 43012
%00005%seat% 43120
%00005%palyer_cards% H4HQHKHAD4D5D6D2C6CJCA S6S8S9H3H7D8C7C9CQC2 S7SJSQSAH5H6DQDAC3CKJ3 STS2H9HTD3D7DKC4C5C8 S3S4S5SKH8HJH2D9DTDJCT 
%00005%change_cards%  02HAD2EE 13C2EE 20H5C3EE 31D3EE
%00005%play%  1H3D3EE 2EE 0EE 4EE 3EE 1EE 1H7C7EE 2EE 0EE 4EE 3EE 1EE 1S8D8EE 1S9C9EE 2EE 0EE 4EE 3EE 1EE 1S6EE 2S7EE 0KxEE 4SKEE 3S2EE 1KxEE 2KxEE 4KxEE 3KxEE 2KxEE 2SQDQEE 0EE 4EE 3EE 1EE 2EE 2SAHADAEE 0EE 4EE 3EE 1EE 2EE 2H6EE 0CJEE 4H2EE 3KxEE 1KxEE 2KxEE 0KxEE 4KxEE 4S3S4S5EE 3EE 1EE 2EE 0EE 4EE 4D9DTDJEE 3EE 1EE 2EE 0EE 4EE 4H8EE 4CTEE 3DKEE 1KxEE 2D2EE 0KxEE 4KxEE 3KxEE 2KxEE 2SJEE 0HQEE 4KxEE 3C2EE 1KxEE 2KxEE 0KxEE 3KxEE 3STHTEE 1EE 2EE 0EE 4EE 3EE 3C4EE 1CQEE 2CKEE 0CAEE 4KxEE 3KxEE 0KxEE 0D4D5D6EE 4EE 3EE 0EE 0C3EE 4HJEE 3KxEE 0HKEE 0KxEE 0H4EE 3C5EE 0C6EE 3C8EE 3D7EE 0KxEE 3H9EE
%00005%result% 12430
%00005%points% 12 25 15 16 22
%00006%mibun% 40132
%00006%seat% 34210
%00006%palyer_cards% S7S9SQH5H7H8HTD3D7DQC7 S6H6HJHAD5DAC6CJCQCKJ3 STSAS2H4H9HQD8D9DJC2 S5S8SKHKD6D2C3C4C5CTCA S3S4SJH3H2D4DTDKC8C9 
%00006%change_cards%  01SQDQEE 32D2EE 10S6D5EE 23H4EE
%00006%play%  0H5D5EE 3EE 4EE 2EE 1EE 0EE 0S7H7D7C7EE 3EE 4EE 2EE 1EE 0EE 0EE 3EE 4EE 2EE 1EE 0EE 3EE 4EE 2EE 1EE 0EE 3EE 4EE 2EE 1EE
%00006%result% 10324
%00006%points% 16 30 17 19 23
%00007%mibun% 10324
%00007%seat% 34210
%00007%palyer_cards% S6S8SJH5H8H9D8DKC3CTCQ S3HTHJHAD7D2C5C7C8CJCK SKSAS2H3H2DTDJDQDAC6 S7S9SQHQD4D5D6C4C9CAJ3 S4S5STH4H6H7HKD3D9C2 
%00007%change_cards%  41HKC2EE 20S2EE 14S3C5EE 02C3EE
%00007%play%  4S3S4S5EE 2EE 1EE 0EE 3EE 4EE 4D3EE 2C6EE 1D7EE 0S8EE 0H8D8EE 0H5EE 3D6EE 4H7EE 2DTEE 1HJEE 0CQEE 3CAEE 4KxEE 2KxEE 1C2EE 0KxEE 3KxEE 1KxEE 3KxEE 3D4C4EE 4EE 2EE 1EE 0EE 3EE 3S9C9EE 4EE 2EE 1EE 0EE 3EE 3SQHQEE 4EE 2EE 1EE 0EE 3EE 3D5EE 4H6EE 2DJEE 1HKEE 0S2EE 3KxEE 4KxEE 2KxEE 1KxEE 0KxEE 0S6EE 3S7EE 4STEE 2SKEE 1KxEE 0KxEE 4KxEE 2SAEE 2KxEE 2H3C3EE 1EE 0EE 4EE 2EE 2DQEE 1CKEE 0KxEE 4KxEE 2DAEE 1D2EE 2KxEE 1KxEE 1C7EE 0H9EE 4KxEE 2H2EE 1KxEE 0KxEE 1C8EE 1HTEE 0SJEE 4KxEE 1HAEE 0KxEE 1KxEE 1CJEE 0DKEE 4KxEE 0KxEE 0CTEE
%00007%result% 32104
%00007%points% 18 33 21 24 24
%00008%mibun% 32104
%00008%seat% 34210
%00008%palyer_cards% S6S7SKSAH3H5H8D8DKC7 S5S9HTD6D9DJC3C5CAJ3 S8STH4HKD7DTDAC4C6C9C2 S3S2H6H9HQHAD5DQCTCQCK S4SJSQH7HJH2D3D4D2C8CJ 
%00008%change_cards%  43H2D2EE 02SAEE 34S3D5EE 20H4EE
%00008%play%  4D3D4D5EE 2EE 1EE 0EE 3EE 4EE 4SJHJCJEE 2EE 1EE 0EE 3EE 4EE 4S3EE 2C4EE 1S5EE 0S6EE 3S2EE 4KxEE 2KxEE 1KxEE 0KxEE 3KxEE 1KxEE 1S9D9EE 0EE 3EE 4EE 2EE 1EE 1C3EE 0H4EE 3H6EE 4H7EE 2HKEE 1KxEE 0KxEE 3HAEE 4KxEE 2KxEE 3H2EE 3KxEE 3HQDQCQEE 4EE 2EE 1EE 0EE 3EE 3H9EE 4SQEE 2SAEE 1KxEE 0KxEE 3KxEE 4KxEE 2KxEE 2STDTEE 1EE 0EE 3EE 4EE 2EE 2C6EE 1HTEE 0SKEE 3D2EE 4KxEE 2KxEE 1KxEE 0KxEE 3KxEE 3CTEE 4KxEE 2DAEE 1KxEE 0KxEE 3KxEE 2C2EE 2KxEE 2D7EE 1DJEE 0DKEE 3KxEE 4KxEE 2KxEE 1KxEE 0KxEE 0S7C7EE 3EE 4EE 2EE 1EE 0EE 0H8D8EE 0H3EE 3CKEE 4KxEE 2KxEE 1CAEE 0KxEE 1KxEE 1C5EE 0KxEE 4C8EE 4S4EE 2S8EE 2C9EE 1KxEE 0KxEE 1D6EE
%00008%result% 34210
%00008%points% 19 35 24 29 28
%00009%mibun% 43201
%00009%seat% 42130
%00009%palyer_cards% S7S9SQS2H3H4H8DQDKC7C2 S4SJH5HTHJHQHKDTDAC3 S3S5S6S8STH6H7D2C4CA SKSAH9H2D3D5D8DJC5CQJ3 HAD4D6D7D9C6C8C9CTCJCK 
%00009%change_cards%  03S2C2EE 14DAEE 30D3D5EE 41D4EE
%00009%play%  0H3D3EE 4EE 2EE 1EE 3EE 0EE 0S7C7EE 4EE 2EE 1EE 3EE 0EE 0SQDQEE 4EE 2EE 1EE 3EE 0EE 0H4EE 4D6EE 2H7EE 1HTEE 3H2EE 0KxEE 4KxEE 2KxEE 1KxEE 3KxEE 3KxEE 3SKSAS2EE 0EE 4EE 2EE 1EE 3EE 3C5EE 0H8EE 0D5EE 4C6EE 2S8EE 2S6H6EE 1EE 3EE 0EE 4EE 2EE 2S3EE 1S4EE 3KxEE 0S9EE 4KxEE 2STEE 1SJEE 0KxEE 2KxEE 1KxEE 1HJHQHKEE 3EE 0EE 4EE 2EE 1EE 1C3EE 3D8EE 3H9EE 0DKEE 4HAEE 2D2EE 1KxEE 3KxEE 4KxEE 2KxEE 2C4EE 1H5EE 3DJEE 4CKEE 2CAEE 1KxEE 3C2EE 4KxEE 2KxEE 3KxEE 3CQEE 4DAEE 2KxEE 1KxEE 4KxEE 4C8C9CTCJEE 4D7EE 2KxEE 1DTEE 4KxEE 1KxEE 1D4EE 4D9EE
%00009%result% 03142
%00009%points% 24 38 25 33 30
%00010%mibun% 02413
%00010%seat% 42130
%00010%palyer_cards% S3S9SJSQH6HTHAD9DKC3C5 S8SAH4H5H7H8D7D8CTC2 S5S6S2HKD3D4D5DQC7C9CA S4S7STSKH3HJH2D6C8CK H9HQDTDJDAD2C4C6CJCQJ3 
%00010%change_cards%  20S2CAEE 43J3EE 02S3C3EE 34H3EE
%00010%play%  2D3D4D5EE 1EE 3EE 0EE 4EE 2EE 2S3C3EE 1EE 3EE 0EE 4EE 2EE 2S5EE 1H7EE 3C8EE 3SKCKEE 0EE 4EE 2EE 1EE 3EE 3S4EE 0C5EE 4C6EE 2C7EE 1CTEE 3KxEE 0KxEE 4KxEE 2KxEE 1KxEE 3KxEE 3D6EE 0S9EE 4DTEE 2DQEE 1KxEE 3KxEE 0DKEE 4DAEE 2KxEE 0KxEE 4D2EE 4KxEE 4DJCJEE 2EE 1EE 3EE 0EE 4EE 4HQCQEE 2EE 1EE 3EE 0EE 4EE 4H3EE 2S6EE 1D7EE 3STEE 0SJEE 4KxEE 2KxEE 1SAEE 3KxEE 0S2EE 1KxEE 0KxEE 0HACAEE 4EE 2EE 1EE 3EE 0EE 0H6EE 4H9EE 2HKEE 1KxEE 3H2EE 0KxEE 4KxEE 2KxEE 3KxEE 3S7EE 0D9EE 4KxEE 2KxEE 1C2EE 3KxEE 0KxEE 1KxEE 1S8H8D8EE 1H4EE 3HJEE 0KxEE 4KxEE 2KxEE 1KxEE 0HTEE 4KxEE 2KxEE 1KxEE 0SQEE 4C4EE 2C9EE
%00010%result% 30421
%00010%points% 28 39 27 38 33
%00011%mibun% 14302
%00011%seat% 42130
%00011%palyer_cards% S4S6SJH3HQD6DJDAD2C5C7 S3S2H7D5D9C3C4C9CKCA S7SKSAH4H8H9HJD4CQC2 S8STSQH6D3D7D8DTC6CTCJ S5S9H5HTHKHAH2DQDKC8J3 
%00011%change_cards%  13S2CAEE 20C2EE 31H6D3EE 02H3EE
%00011%play%  1S3D3C3EE 3EE 0EE 4EE 2EE 1EE 1D9C9EE 3EE 0EE 4EE 2EE 1EE 1C4EE 3C6EE 0C7EE 4C8EE 4HKHAH2EE 2EE 1EE 3EE 0EE 4EE 4S5H5EE 2EE 1EE 3EE 0EE 4EE 4S9EE 2HJEE 1CKEE 3CAEE 0C2EE 4KxEE 2KxEE 1KxEE 3KxEE 0KxEE 4KxEE 4HTEE 2CQEE 1KxEE 3S2EE 0KxEE 4KxEE 2KxEE 3KxEE 3S8D8EE 3STDTCTEE 0EE 4EE 2EE 1EE 3EE 3D7EE 0SJEE 4DQEE 2SKEE 1KxEE 3KxEE 0DAEE 4KxEE 2KxEE 0D2EE 0KxEE 0S6D6EE 4EE 2EE 1EE 3EE 0EE 0S4EE 4DKEE 2SAEE 1KxEE 3KxEE 0KxEE 2KxEE 2H4D4EE 1EE 3EE 0EE 2EE 2H3EE 1D5EE 3CJEE 0HQEE 2KxEE 1KxEE 3KxEE 0KxEE 0C5EE 2S7EE 1KxEE 3SQEE 0KxEE 2KxEE 0DJEE 2KxEE 1KxEE 2H8EE 2H9EE
%00011%result% 43021
%00011%points% 31 40 29 42 38
%00012%mibun% 24310
%00012%seat% 43021
%00012%palyer_cards% SJSQH3D3D4DQDKD2C4CTCK S6SAH5H8HTHKH2D9C6C9 S3SKH4H9HJD8DTC5CJJ3 S4S5S7S9STS2HQD5DAC3C2 S8H6H7HAD6D7DJC7C8CQCA 
%00012%change_cards%  14SAH2EE 23J3EE 41H6D6EE 32C3EE
%00012%play%  0H3D3EE 2EE 1EE 4EE 3EE 0EE 0D4C4EE 2EE 1EE 4EE 3EE 0EE 0SQDQEE 2EE 1EE 4EE 3EE 0EE 0DKCKEE 2EE 1EE 4EE 3EE 0EE 0CTEE 2HJEE 1HKEE 4HAEE 3KxEE 0KxEE 2KxEE 1KxEE 4KxEE 3KxEE 3S5D5EE 0EE 2EE 1EE 4EE 3EE 3S2C2EE 0EE 2EE 1EE 4EE 3EE 3S4EE 0SJEE 2SKEE 1KxEE 4SAEE 3KxEE 0KxEE 2KxEE 4KxEE 4H7D7C7EE 3EE 0EE 2EE 1EE 4EE 4S8C8EE 4DJEE 3HQEE 0D2EE 2KxEE 1KxEE 4KxEE 3KxEE 2S3C3EE 1EE 4EE 3EE 2EE 2H4EE 1H5EE 4H2EE 3KxEE 2KxEE 1KxEE 4KxEE 4CQEE 3DAEE 2KxEE 1KxEE 4KxEE 3KxEE 3S7EE 2D8EE 2C5EE 1S6EE 4CAEE 3KxEE 2KxEE 1KxEE 3S9EE 2DTEE 1KxEE 3KxEE 2CJEE 2KxEE 2H9EE 1HTEE 3KxEE 1KxEE 1H6D6C6EE 3EE 1EE 1D9C9EE 3EE 1EE 1H8EE
%00012%result% 04213
%00012%points% 36 42 32 43 42
%00013%mibun% 03241
%00013%seat% 43021
%00013%palyer_cards% S4S6SAH6H9HTD3D5DACJCQ S9SJS2H4H5H7D4DQC6C9C2 S7SQHJD8DJD2C3C7C8CTJ3 S3S5S8STHQHAD6C4C5CA SKH3H8HKH2D7D9DTDKCK 
%00013%change_cards%  30HACAEE 14S2EE 03S4D3EE 41H3EE
%00013%play%  3S3S4S5EE 0EE 2EE 1EE 4EE 3EE 3D3EE 0D5EE 2D8EE 2S7C7EE 1EE 4EE 3EE 0EE 2EE 2HJDJEE 1EE 4EE 3EE 0EE 2EE 2C3EE 1H4EE 4D7EE 3S8EE 3C4EE 0S6EE 2C8EE 2CTEE 1SJEE 4SKEE 3KxEE 0SAEE 2KxEE 1KxEE 4KxEE 0KxEE 2KxEE 2SQEE 1C2EE 4KxEE 3KxEE 0KxEE 2KxEE 1KxEE 1S9C9EE 4EE 3EE 0EE 2EE 1EE 1H3EE 4H8EE 4HKDKCKEE 3EE 0EE 2EE 1EE 4EE 4S2H2EE 3EE 0EE 2EE 1EE 4EE 4D9EE 3STEE 0CJEE 2D2EE 1KxEE 4KxEE 3KxEE 0KxEE 1D4EE 4DTEE 3KxEE 0DAEE 1KxEE 0KxEE 0HACAEE 1EE 3EE 0EE 0H6EE 1H7EE 3HQEE 0KxEE 1KxEE 3KxEE 3C5EE 0H9EE 1DQEE 3KxEE 0KxEE 1KxEE 1H5EE 3D6EE 0HTEE 1KxEE 0CQEE
%00013%result% 24301
%00013%points% 38 43 37 46 46
%00014%mibun% 34021
%00014%seat% 43021
%00014%palyer_cards% STSQS2H4D5D7C3CTCQC2 S7S8SJH3HJDQDKC8C9CKCA S3S4S5SKH5HAD6D9C4C5CJ S6SAHQHKH2D8DAD2C6C7 S9H6H7H8H9HTD3D4DTDJJ3 
%00014%change_cards%  12DKCAEE 04S2EE 21S3S4EE 40D3EE
%00014%play%  0D3C3EE 2EE 1EE 4EE 3EE 0EE 0STCTEE 2EE 1EE 4EE 3EE 0EE 0SQCQEE 2EE 1EE 4EE 3EE 0EE 0H4EE 2S5EE 1S7EE 4S9EE 3SAEE 0KxEE 2KxEE 1KxEE 4S2EE 3KxEE 4KxEE 4KxEE 4H6H7H8H9HTEE 4EE 3EE 0EE 2EE 1EE 4EE 3EE 0EE 2EE 1EE 4EE 3EE 0EE 2EE 1EE 4EE 3EE 0EE 2EE 1EE
%00014%result% 43102
%00014%points% 40 46 38 50 51
%00015%mibun% 32410
%00015%seat% 24031
%00015%palyer_cards% S9H6H8HTHKD5D6C6C9CKCA S3S4S7S8STH7HAC8CQJ3 SJSKH9HQD9DTDJDAC4C5 S5H3H4H5H2D3D8C3CTCJC2 S6SQSAS2HJD4D7DQDKD2C7 
%00015%change_cards%  24SKDAEE 03CAEE 42S6D4EE 30H3EE
%00015%play%  3D3C3EE 1EE 2EE 4EE 0EE 3EE 3S5H5EE 1EE 2EE 4EE 0EE 3EE 3H2C2EE 1EE 2EE 4EE 0EE 3EE 3H4EE 1S7EE 2H9EE 4HJEE 0HKEE 3KxEE 1HAEE 2KxEE 4KxEE 0KxEE 1KxEE 1KxEE 1S8C8EE 1S3EE 2D4EE 4D7EE 0KxEE 3D8EE 3CTEE 1CQEE 2KxEE 4KxEE 0CKEE 3CAEE 1KxEE 0KxEE 3KxEE 3CJEE 1KxEE 2HQEE 4SKEE 0KxEE 2KxEE 4SAEE 4S2EE 4KxEE 4DQDKDAD2EE 0EE 1EE 2EE 4EE 4C7EE 0H8EE 0H6D6C6EE 1EE 2EE 4EE 0EE 0S9C9EE 1EE 2EE 4EE 0EE 0H3EE 1S4EE 2C5EE 4SQEE 0KxEE 1KxEE 2KxEE 0D5EE 1H7EE 2D9EE 0HTEE 1KxEE 2SJEE 2KxEE 2C4EE 1STEE
%00015%result% 34012
%00015%points% 43 48 39 55 55
%00016%mibun% 23401
%00016%seat% 24031
%00016%palyer_cards% S8H4D6D7DKD2C4C5C6CQ S4S5STSJHTHAH2D5DJC7CA S3SKH5H7HQD4D9C3CTCKJ3 S6S7SAHJHKD8DTDQC8C9C2 S9SQS2H3H6H8H9D3DACJ 
%00016%change_cards%  23SKJ3EE 14H2EE 32S6S7EE 41H3EE
%00016%play%  4S9H9EE 0EE 3EE 1EE 2EE 4EE 4S2H2EE 0EE 3EE 1EE 2EE 4EE 4D3EE 0H4EE 3D8EE 3SKHKEE 1EE 2EE 4EE 0EE 3EE 3C8EE 3C9EE 1STEE 2HQEE 4DAEE 0D2EE 3KxEE 1KxEE 2KxEE 4KxEE 0KxEE 3KxEE 3DTEE 1SJEE 2CKEE 4KxEE 0KxEE 3SAEE 1KxEE 2KxEE 3C2EE 3KxEE 3HJEE 1HAEE 2KxEE 4KxEE 0KxEE 3KxEE 1KxEE 1S5D5EE 2EE 4EE 0EE 3EE 1EE 1H3EE 2D4EE 4H6EE 0D7EE 3DQEE 1KxEE 2KxEE 4KxEE 0DKEE 0KxEE 0C4C5C6EE 1EE 2EE 4EE 0EE 0D6EE 1C7EE 2D9EE 4CJEE 0CQEE 1CAEE 2KxEE 4KxEE 0KxEE 1KxEE 1S4EE 2H5EE 4H8EE 4SQEE 0KxEE 1KxEE 2KxEE 0S8EE 1HTEE 2KxEE 1DJEE
%00016%result% 34012
%00016%points% 46 50 40 60 59
%00017%mibun% 23401
%00017%seat% 24031
%00017%palyer_cards% HQHAD3DQDKC3C4C7CJCA S4S5S7S8SJH9D6DTC5C8C2 S6S9STH3H5H6H7HJD8CKJ3 SKS2HTHKH2DJDAD2C9CTCQ S3SQSAH4H8D4D5D7D9C6 
%00017%change_cards%  23CKJ3EE 14C2EE 32HTC9EE 41S3EE
%00017%play%  0D3C3EE 3EE 1EE 2EE 4EE 0EE 0HQDQEE 3EE 1EE 2EE 4EE 0EE 0HACAEE 3EE 1EE 2EE 4EE 0EE 0C4EE 3CTEE 1KxEE 2KxEE 4C2EE 0KxEE 3KxEE 4KxEE 3KxEE 3SKHKCKEE 1EE 2EE 4EE 0EE 3EE 3S2H2D2EE 1EE 2EE 4EE 0EE 3EE 3DJEE 1KxEE 2KxEE 4SQEE 0DKEE 3DAEE 4KxEE 0KxEE 3KxEE 3CQEE 1KxEE 2KxEE 4SAEE 0KxEE 4KxEE 4H4D4EE 0EE 1EE 2EE 4EE 4D5EE 0C7EE 1S8EE 1S3S4S5EE 2EE 4EE 0EE 1EE 1C5EE 2S6EE 4D7EE 0CJEE 1KxEE 2KxEE 4KxEE 1D6EE 2H7EE 4H8EE 4C6EE 1S7EE 2D8EE 2S9C9EE 4EE 1EE 2EE 2STHTEE 4EE 1EE 2EE 2H3EE 4D9EE 1DTEE 2KxEE 1KxEE 1C8EE 1H9EE 2HJEE 1KxEE 2KxEE 2H5EE 1SJEE
%00017%result% 30412
%00017%points% 50 52 41 65 62
%00018%mibun% 13402
%00018%seat% 24301
%00018%palyer_cards% S7SKHJD3D5D9DTD2C4C7CK S4STSQSAH3H4H6H7H8H2J3 S8S2H9HTD4DQDKDAC3C6 S3S9SJHKD7C5C9CTCJCAC2 S5S6H5HQHAD6D8DJC8CQ 
%00018%change_cards%  23S2DAEE 10J3EE 32S3C5EE 01D3EE
%00018%play%  1H6H7H8EE 1H3D3EE 2EE 4EE 3EE 0EE 1EE 1S4H4EE 2EE 4EE 3EE 0EE 1EE 1STEE 2DQEE 4HAEE 3S2EE 0KxEE 1KxEE 2KxEE 4KxEE 3KxEE 0KxEE 0S7C7EE 1EE 2EE 4EE 3EE 0EE 0SKCKEE 1EE 2EE 4EE 3EE 0EE 0C4EE 1SQEE 2DKEE 4KxEE 3DAEE 0D2EE 1KxEE 2KxEE 3KxEE 0KxEE 0D5EE 1SAEE 2KxEE 4KxEE 3C2EE 0KxEE 1KxEE 3KxEE 3C9CTCJEE 0EE 1EE 2EE 4EE 3EE 3D7EE 0D9EE 1KxEE 2KxEE 4DJEE 3KxEE 0KxEE 4KxEE 4S5H5EE 3EE 0EE 1EE 2EE 4EE 4S6D6EE 3EE 0EE 1EE 2EE 4EE 4D8C8EE 4HQCQEE 3EE 0EE 1EE 2EE 3S9EE 0DTEE 1H2EE 2KxEE 3KxEE 0KxEE 2S3C3EE 3EE 0EE 2EE 2D4EE 3SJEE 0KxEE 2KxEE 3HKEE 3CAEE 0HJEE
%00018%result% 41302
%00018%points% 52 56 42 68 67
%00019%mibun% 31420
%00019%seat% 24301
%00019%palyer_cards% SKH9HTHJHAD5D6D7C3C7J3 S4S8S9H4H5H6D3DAC6C9 STS2H7H8HKD8DTDQD2C2 S3S5S6SJSQH3D9DJDKC5CQ S7SAHQH2D4C4C8CTCJCKCA 
%00019%change_cards%  24S2D2EE 01J3EE 42D4C4EE 10D3EE
%00019%play%  0D5D6D7EE 1EE 2EE 4EE 3EE 0EE 0H9HTHJEE 1EE 2EE 4EE 3EE 0EE 0D3C3EE 1EE 2EE 4EE 3EE 0EE 0C7EE 1S8EE 1H4H5H6EE 2EE 4EE 3EE 0EE 1EE 1S9C9EE 2EE 4EE 3EE 0EE 1EE 1S4EE 2H7EE 4C8EE 4SACAEE 3EE 0EE 1EE 2EE 4EE 4S2H2D2EE 3EE 0EE 1EE 2EE 4EE 4S7EE 3D9EE 0SKEE 1DAEE 2C2EE 4KxEE 3KxEE 0KxEE 1KxEE 2KxEE 1KxEE 1C6EE 2H8EE 2D4C4EE 4EE 3EE 0EE 2EE 2STDTEE 4EE 3EE 0EE 2EE 2D8EE 2DQEE 4CKEE 3KxEE 0HAEE 2KxEE 4KxEE 2HKEE 4KxEE 3KxEE 4CTEE 3SJEE 4HQEE 3DKEE 4KxEE 3KxEE 3S3H3EE 4EE 3EE 3S5C5EE 4EE 3EE 3SQCQEE 4EE 3EE 3S6EE 4CJEE
%00019%result% 10243
%00019%points% 56 61 45 69 69
%00020%mibun% 10243
%00020%seat% 24301
%00020%palyer_cards% SJH3H7H9HTD4DKC5C7J3 S6S7STHQH2D3D7DTDJCTCA S4SAH6H8D6D8DAD2C6CKC2 SQH5HJHKD9DQC4C9CJCQ S3S5S8S9SKS2H4HAD5C3C8 
%00020%change_cards%  31SQHKEE 40S2EE 13S6D3EE 04H3EE
%00020%play%  3D9C9EE 0EE 1EE 2EE 4EE 3EE 3HJCJEE 0EE 1EE 2EE 4EE 3EE 3DQCQEE 0EE 1EE 2EE 4EE 3EE 3D3EE 0D4EE 1D7EE 2D8EE 2H6D6C6EE 4EE 3EE 0EE 1EE 2EE 2SADAEE 4EE 3EE 0EE 1EE 2EE 2D2C2EE 4EE 3EE 0EE 1EE 2EE 2S4EE 4S5EE 3S6EE 0SJEE 1SQEE 2KxEE 4SKEE 3KxEE 0S2EE 1KxEE 4KxEE 0KxEE 0KxEE 0H7C7EE 1EE 2EE 4EE 3EE 0EE 0C5EE 1S7EE 2H8EE 2CKEE 4HAEE 3KxEE 0KxEE 1H2EE 4KxEE 1KxEE 1STDTCTEE 4EE 3EE 0EE 1EE 1DJEE 4KxEE 3KxEE 0DKEE 1KxEE 0KxEE 0H9EE 1HQEE 4KxEE 3KxEE 0KxEE 1HKEE 1KxEE 1CAEE 4KxEE 3KxEE 0KxEE 4S3H3C3EE 3EE 0EE 4EE 4S8C8EE 4H4EE 3H5EE 0HTEE 4KxEE 3KxEE 4D5EE 3KxEE 4S9EE
%00020%result% 21043
%00020%points% 59 65 50 70 71
%00021%mibun% 21043
%00021%seat% 21403
%00021%palyer_cards% S5S7HQHKHADQDACTCAJ3 STSJSKSAH5H9HTHJD4D8C4 S3S9H3D7D9DTDKC5C6CQC2 S4S2H6H7H8H2D3D6C8CK S6S8SQH4D5DJD2C3C7C9CJ 
%00021%change_cards%  32S2H2EE 41D2EE 23S3H3EE 14D4EE
%00021%play%  3H6H7H8EE 3S3H3D3EE 2EE 1EE 4EE 0EE 3EE 3S4EE 2C5EE 1D8EE 1H9HTHJEE 4EE 0EE 3EE 2EE 1EE 1C4EE 4D5EE 0S7EE 3C8EE 3D6EE 2D7EE 1D2EE 4KxEE 0KxEE 3KxEE 2KxEE 1KxEE 0KxEE 0HQHKHAEE 3EE 2EE 1EE 4EE 0EE 0DACAEE 3EE 2EE 1EE 4EE 0EE 0S5EE 3CKEE 2S2EE 1KxEE 4KxEE 0KxEE 2KxEE 2S9D9EE 1EE 4EE 0EE 2EE 2H2C2EE 1EE 4EE 0EE 2EE 2C6EE 1STEE 4DJEE 0DQEE 2DKEE 1KxEE 4KxEE 0KxEE 2KxEE 2DTEE 1SJEE 4SQEE 0KxEE 2KxEE 1SKEE 4KxEE 1SAEE 1KxEE 1H5EE 4S6EE 0CTEE 2CQEE
%00021%result% 31024
%00021%points% 62 69 52 75 72
%00022%mibun% 21304
%00022%seat% 21403
%00022%palyer_cards% S3S9STHKD9D2C3C4C8CQ H3H4H6H7H8HJHAC6C9CKJ3 S7SJSQSKSAHTHQD7C5C7CT S6S8S2H5H2D4D5D6DTDAC2 S4S5H9D3D8DJDQDKCJCA 
%00022%change_cards%  43DKCAEE 21SAEE 34H5D4EE 12H3EE
%00022%play%  4S4D4EE 0EE 3EE 2EE 1EE 4EE 4S5H5EE 0EE 3EE 2EE 1EE 4EE 4DJCJEE 0EE 3EE 2EE 1EE 4EE 4D3EE 0C4EE 3D5EE 2S7EE 1H8EE 1H6C6EE 4EE 0EE 3EE 2EE 1EE 1SAHAEE 4EE 0EE 3EE 2EE 1EE 1H4EE 4D8EE 4H9EE 0STEE 3DKEE 2KxEE 1KxEE 4KxEE 0KxEE 3KxEE 1KxEE 1H7EE 4DQEE 0HKEE 3DAEE 2KxEE 1KxEE 0D2EE 3KxEE 0KxEE 0S3C3EE 3EE 2EE 1EE 0EE 0S9D9EE 3EE 2EE 1EE 0EE 0C8EE 0CQEE 3CAEE 2KxEE 1KxEE 3C2EE 3KxEE 3S6D6EE 2EE 1EE 3EE 3S2H2EE 2EE 1EE 3EE 3S8EE 3DTEE 2SJEE 1CKEE 2KxEE 1KxEE 1C9EE 2HTEE 1HJEE
%00022%result% 40312
%00022%points% 66 71 53 78 77
%00023%mibun% 13420
%00023%seat% 21403
%00023%palyer_cards% SKH3HKD3D6D7D8DTD2C6CQ S2H9HJH2DJC5C8C9CAC2 S4S5S6SAH5H8D9DQCTCK S8S9STSJSQH7HTHAD4C4CJ S3S7H4H6HQD5DKDAC3C7J3 
%00023%change_cards%  24SACKEE 10S2EE 42S3C3EE 01H3EE
%00023%play%  0D6D7D8EE 0SKHKEE 3EE 2EE 1EE 4EE 0EE 0S2D2EE 3EE 2EE 1EE 4EE 0EE 0D3EE 3D4EE 2D9EE 1DJEE 4DKEE 0KxEE 3KxEE 2KxEE 1KxEE 4DAEE 4KxEE 4KxEE 4S7C7EE 0EE 3EE 2EE 1EE 4EE 4H4EE 0C6EE 3H7EE 2H8EE 2S3S4S5S6EE 1EE 4EE 0EE 3EE 2EE 2C3EE 1C5EE 4CKEE 0KxEE 3KxEE 2KxEE 1CAEE 4KxEE 1C2EE 1KxEE 1H9C9EE 4EE 0EE 3EE 2EE 1EE 1H3EE 4D5EE 0DTEE 3KxEE 2DQEE 1KxEE 4KxEE 0KxEE 2KxEE 2H5EE 1C8EE 1HJEE 4HQEE 0KxEE 3HAEE 2KxEE 1H2EE 4KxEE 3KxEE 4H6EE 0CQEE 3KxEE 2KxEE 4SAEE 3S8S9STSJSQEE 3EE 2EE 3EE 2EE 3EE 2EE 3EE 2EE 3EE 2EE 3EE 2EE 3EE 2EE 3EE 2EE 3EE 2EE 3EE 2EE
%00023%result% 10432
%00023%points% 70 76 54 80 80
%00024%mibun% 10432
%00024%seat% 30412
%00024%palyer_cards% S9H6H9HQD7DJDAC6C2J3 S4S7S8H3HKH2D8DTDKD2CQ STS2H8HTD9DQC7C8CTCKCA S3S5S6SJSKH5D3D4D5C4C9 SQSAH4H7HJHAD6C3C5CJ 
%00024%change_cards%  21S2CAEE 30SKEE 12S4H3EE 03H6EE
%00024%play%  3D3D4D5EE 0EE 4EE 1EE 2EE 3EE 3S5H5EE 0EE 4EE 1EE 2EE 3EE 3S6H6EE 0EE 4EE 1EE 2EE 3EE 3S3EE 0C6EE 4H7EE 1S8EE 1HKDKEE 2EE 3EE 0EE 4EE 1EE 1S2H2D2EE 2EE 3EE 0EE 4EE 1EE 1S7EE 2H8EE 2STHTCTEE 3EE 0EE 4EE 1EE 2EE 2H3EE 3C4EE 0D7EE 4HJEE 1CQEE 2CKEE 3KxEE 0C2EE 4KxEE 1KxEE 2KxEE 0KxEE 0KxEE 0S9H9EE 4EE 1EE 2EE 3EE 0EE 0DJEE 4SQEE 1CAEE 2KxEE 3KxEE 0KxEE 4KxEE 1KxEE 1D8EE 1DTEE 2DQEE 3KxEE 0DAEE 4KxEE 2KxEE 0KxEE 0HQEE 4SAEE 2KxEE 3KxEE 0KxEE 4KxEE 4C3EE 2S4EE 3C9EE 0SKEE 4HAEE 2KxEE 3KxEE 4KxEE 4H4EE 2C7EE 3SJEE 4KxEE 2KxEE 4C5EE 2C8EE 2D9EE
%00024%result% 10324
%00024%points% 74 81 56 83 81
%00025%mibun% 10324
%00025%seat% 30412
%00025%palyer_cards% STSKH7H8H9D3DJDAC9CQ S4S8SJSQSAH6HQHADKC8C2 S3S5S7S9H4HJD6D7DQC5CK H5HKH2D4D5D8D9DTD2C4CJ S6S2H3HTC3C6C7CTCAJ3 
%00025%change_cards%  41S2J3EE 20CKEE 14S4H6EE 02D3EE
%00025%play%  2S3D3EE 3EE 0EE 4EE 1EE 2EE 2S5C5EE 3EE 0EE 4EE 1EE 2EE 2S7D7EE 3EE 0EE 4EE 1EE 2EE 2H4EE 3H5EE 0H7EE 4HTEE 1HQEE 2KxEE 3HKEE 0KxEE 4KxEE 1HAEE 3H2EE 1KxEE 3KxEE 1KxEE 1S8C8EE 1S2C2EE 2EE 3EE 0EE 4EE 1EE 1SJEE 2DQEE 3D2EE 0KxEE 4KxEE 1KxEE 2KxEE 3KxEE 3D8D9DTEE 3D4C4EE 0EE 4EE 1EE 2EE 3EE 3D5EE 0H8EE 0H9C9EE 4EE 1EE 2EE 3EE 0EE 0SKCKEE 4EE 1EE 2EE 3EE 0EE 0STEE 4CAEE 1KxEE 2KxEE 3KxEE 0KxEE 4KxEE 4H3C3EE 1EE 2EE 3EE 0EE 4EE 4S6H6C6EE 1EE 2EE 3EE 0EE 4EE 4S4EE 1SQEE 2KxEE 3KxEE 0KxEE 4KxEE 1SAEE 1KxEE 1DKEE 2KxEE 3KxEE 0DAEE 4KxEE 0KxEE 0DJEE 4KxEE 2KxEE 3KxEE 0CQEE 4C7EE 2S9EE 3CJEE 4KxEE 2KxEE 4CTEE
%00025%result% 10342
%00025%points% 78 86 57 86 83
%00026%mibun% 10423
%00026%seat% 30412
%00026%palyer_cards% S4S8H4H7H9HJD2C6C7CQ S6STSAH5D4D6D9C3C8CJC2 S3S7S9S2H8HTD3D8DQDKC4 SQSKHAH2D7DJDAC9CTCAJ3 S5SJH3H6HQHKD5DTC5CK 
%00026%change_cards%  21S2DKEE 40HKEE 12D4C3EE 04S4EE
%00026%play%  2S3D3C3EE 3EE 0EE 4EE 1EE 2EE 2D4C4EE 3EE 0EE 4EE 1EE 2EE 2H8D8EE 2S7EE 3C9EE 0HJEE 4HQEE 1KxEE 2KxEE 3HAEE 0KxEE 4KxEE 3H2EE 3KxEE 3KxEE 3DACAEE 0EE 4EE 1EE 2EE 3EE 3D7EE 0S8EE 0H7C7EE 4EE 1EE 2EE 3EE 0EE 0H4EE 4S5EE 1S6EE 2S9EE 3SQEE 0KxEE 4KxEE 1SAEE 2KxEE 3KxEE 1S2EE 1KxEE 1H5EE 2HTEE 3KxEE 0HKEE 4KxEE 1KxEE 2KxEE 0KxEE 0C6EE 4DTEE 1CJEE 2DQEE 3SKEE 0D2EE 4KxEE 1KxEE 3KxEE 0KxEE 0H9EE 4SJEE 1DKEE 3KxEE 0KxEE 4KxEE 1C2EE 1KxEE 1D6EE 3CTEE 0CQEE 4CKEE 1KxEE 3KxEE 4KxEE 4D5C5EE 1EE 3EE 4EE 4H3EE 1C8EE 1D9EE 3DJEE 4KxEE 1KxEE 4S4EE 1STEE
%00026%result% 20314
%00026%points% 82 88 62 89 84
%00027%mibun% 13024
%00027%seat% 43021
%00027%palyer_cards% S8SKH7H9D4D8DTDJC9C2 S3S7STSJH4HAD7D9D2C5CQ S5S6H3H5HTDQDKC4C6C8CT S9SQSAH6H8HQD5D6CKCA S4S2HJHKH2D3DAC3C7CJJ3 
%00027%change_cards%  42S2J3EE 10D2EE 24H3C4EE 01D4EE
%00027%play%  4H3D3C3EE 3EE 0EE 2EE 1EE 4EE 4S4C4EE 3EE 0EE 2EE 1EE 4EE 4HJCJEE 3EE 0EE 2EE 1EE 4EE 4C7EE 3H8EE 3H6D6EE 0EE 2EE 1EE 4EE 3EE 3SQHQEE 0EE 2EE 1EE 4EE 3EE 3SACAEE 0EE 2EE 1EE 4EE 3EE 3D5EE 0H7EE 2C8EE 2S5H5EE 1EE 4EE 3EE 0EE 2EE 2S6C6EE 1EE 4EE 3EE 0EE 2EE 2HTCTEE 1EE 4EE 3EE 0EE 2EE 2DQEE 1HAEE 4H2EE 3KxEE 0KxEE 2KxEE 1KxEE 4KxEE 2KxEE 2DKEE 1KxEE 4DAEE 3KxEE 0D2EE 2KxEE 4KxEE 0KxEE 0S8D8EE 0H9C9EE 2EE 1EE 4EE 3EE 0EE 0DTEE 2S2EE 1KxEE 4KxEE 3KxEE 0KxEE 1H4D4EE 4EE 3EE 0EE 1EE 1S7D7EE 4EE 3EE 0EE 1EE 1S3EE 4HKEE 3KxEE 0C2EE 1KxEE 0KxEE 0DJEE 1CQEE 3CKEE 0KxEE 1KxEE 3KxEE 3S9EE 0SKEE
%00027%result% 24301
%00027%points% 84 89 67 92 88
%00028%mibun% 34021
%00028%seat% 43021
%00028%palyer_cards% S8SAH4HTHJDTC4C5CJCA S5SQS2H3HAD5D6D8D9DQDA H6H7HKDJD2C3C6C7C9CQJ3 S3S4S7S9SJH5H9D4DKCT S6STSKH8HQH2D3D7C8CKC2 
%00028%change_cards%  12S2HAEE 04SAEE 21H6C3EE 40D3EE
%00028%play%  0H4C4EE 2EE 1EE 4EE 3EE 0EE 0HTDTEE 2EE 1EE 4EE 3EE 0EE 0HJCJEE 2EE 1EE 4EE 3EE 0EE 0D3EE 2C6EE 1D8EE 1H3C3EE 4EE 3EE 0EE 2EE 1EE 1S5D5EE 4EE 3EE 0EE 2EE 1EE 1H6D6EE 4EE 3EE 0EE 2EE 1EE 1SQDQEE 4EE 3EE 0EE 2EE 1EE 1D9EE 4STEE 3SJEE 0KxEE 2S2EE 1KxEE 4KxEE 3KxEE 2KxEE 2KxEE 2H7C7EE 1EE 4EE 3EE 0EE 2EE 2C9EE 1DAEE 4H2EE 3KxEE 0KxEE 2KxEE 4KxEE 4H8C8EE 4SKCKEE 3EE 0EE 2EE 4EE 4S6EE 3S7EE 0S8EE 0C5EE 2DJEE 4HQEE 3DKEE 0CAEE 2D2EE 4KxEE 3KxEE 2KxEE 2CQEE 4SAEE 3KxEE 2KxEE 4C2EE 4KxEE 4D7EE 3S9EE 2HKEE 3KxEE 2HAEE
%00028%result% 10423
%00028%points% 88 94 69 93 91
%00029%mibun% 10342
%00029%seat% 43021
%00029%palyer_cards% SJSKHJHQH2D5D7DTDAC8 S6S7SQS2H3H4H9HAD3C7C9 S3S9H5HTD4D8D2C3C5C2 STH6H7H8HKDJC6CJCQCKJ3 S4S5S8SAD6D9DQDKC4CTCA 
%00029%change_cards%  31HKJ3EE 20D2EE 13H3D3EE 02D5EE
%00029%play%  3H6H7H8EE 3CJCQCKEE 0EE 2EE 1EE 4EE 3EE 3H3D3EE 0EE 2EE 1EE 4EE 3EE 3C6EE 0D7EE 2D8EE 2S3C3EE 1EE 4EE 3EE 0EE 2EE 2H5D5C5EE 1EE 4EE 3EE 0EE 2EE 2D4EE 1S6EE 4S8EE 4S4C4EE 3EE 0EE 2EE 1EE 4EE 4SACAEE 3EE 0EE 2EE 1EE 4EE 4S5EE 3STEE 0SJEE 2KxEE 1SQEE 4KxEE 3KxEE 0SKEE 1S2EE 0KxEE 1KxEE 1KxEE 1S7C7EE 4EE 3EE 0EE 2EE 1EE 1H9C9EE 4EE 3EE 0EE 2EE 1EE 1H4EE 4D6EE 3DJEE 0DAEE 2KxEE 1KxEE 4KxEE 0D2EE 0KxEE 0C8EE 0DTEE 2C2EE 1KxEE 4KxEE 0KxEE 2KxEE 2S9EE 1HKEE 4KxEE 0H2EE 2KxEE 1KxEE 0KxEE 0HJEE 2KxEE 1HAEE 4KxEE 0KxEE 4D9EE 0HQEE 2KxEE 4DKEE 4KxEE 4CTEE 2KxEE 4DQEE
%00029%result% 31042
%00029%points% 91 98 70 98 93
%00030%mibun% 21403
%00030%seat% 04321
%00030%palyer_cards% S5SQSAH4HJHKD7DAD2CT S2DKC3C5C6C7C8C9CKC2J3 S4SKH3H5H8H9HQD6D8DTDJ S3S6SJHTHAH2D4D5D9DQCQ S7S8S9STH6H7D3C4CJCA 
%00030%change_cards%  23SKHQEE 41CAEE 32S3D4EE 14C3EE
%00030%play%  4S7S8S9STEE 4D3C3EE 3EE 2EE 1EE 0EE 4EE 4C4EE 3D5EE 2D6EE 1DKEE 0DAEE 4KxEE 3KxEE 2KxEE 1KxEE 0KxEE 1KxEE 1C5C6C7C8C9EE 1EE 0EE 4EE 3EE 2EE 1EE 0EE 4EE 3EE 2EE 1EE 0EE 4EE 3EE 2EE 1EE 0EE 4EE 3EE 2EE
%00030%result% 24013
%00030%points% 94 100 75 99 97
%00031%mibun% 23041
%00031%seat% 04321
%00031%palyer_cards% H3HJD6D7D8D9C4CTCKC2J3 SKSAH8HAD3DTDQC3C7C8CQ S4STH4H5HKH2D5DKC5C6CA S3S6S7S9SJSQH6HQD4D2 S5S8S2H7H9HTDJDAC9CJ 
%00031%change_cards%  32SQD2EE 14SAEE 23S4H4EE 41S5EE
%00031%play%  1D3C3EE 0EE 4EE 3EE 2EE 1EE 1H8C8EE 1DQCQEE 0EE 4EE 3EE 2EE 1EE 1S5EE 0D6EE 4H7EE 3S9EE 2STEE 1SKEE 0KxEE 4KxEE 3KxEE 2KxEE 1KxEE 0KxEE 0D7D8D9EE 0H3EE 4S8EE 4H9C9EE 3EE 2EE 1EE 0EE 4EE 4DJCJEE 3EE 2EE 1EE 0EE 4EE 4SADAEE 3EE 2EE 1EE 0EE 4EE 4HTEE 3SJEE 2SQEE 1KxEE 0KxEE 4S2EE 3KxEE 2KxEE 3S4H4D4EE 2EE 1EE 0EE 3EE 3S6H6EE 2EE 1EE 0EE 3EE 3S3EE 2H5EE 1C7EE 0CTEE 3KxEE 2CAEE 1KxEE 0C2EE 2KxEE 0KxEE 0C4EE 3S7EE 2HKEE 1HAEE 0KxEE 3KxEE 2H2EE 1KxEE 2KxEE 2D5C5EE 1EE 0EE 3EE 2EE 2C6EE 1DTEE 0HJEE 3HQEE 2KxEE 0KxEE 2DKEE 0KxEE 2D2EE
%00031%result% 41320
%00031%points% 95 104 77 102 102
%00032%mibun% 41320
%00032%seat% 04321
%00032%palyer_cards% S3S4S7S8S2H7H8D9C8CJ SQH6H9HTHQHKH2D6D7D8 S5S6SAHAD4DTDKC3C4C6C9 STH3H4HJD5DQDAD2C5CTCK S9SJSKH5D3DJC7CQCAC2J3 
%00032%change_cards%  04S2CJEE 21SAEE 40H5D3EE 12H6EE
%00032%play%  0S3D3EE 4EE 3EE 2EE 1EE 0EE 0S7H7EE 4EE 3EE 2EE 1EE 0EE 0S8H8C8EE 0S4EE 4C7EE 3STEE 2DKEE 1SAEE 0KxEE 4S2EE 3KxEE 2KxEE 1KxEE 4KxEE 4KxEE 4SJDJCJEE 3EE 2EE 1EE 0EE 4EE 4S9EE 3CTEE 2HAEE 1H2EE 0KxEE 4KxEE 3KxEE 2KxEE 1KxEE 1D6D7D8EE 1SQHQEE 0EE 4EE 3EE 2EE 1EE 1H9EE 0KxEE 4CQEE 3CKEE 2KxEE 1KxEE 4CAEE 3KxEE 4C2EE 4KxEE 4SKEE 3DAEE 2KxEE 1KxEE 0KxEE 3D2EE 3KxEE 3D5C5EE 2EE 1EE 0EE 3EE 3H3EE 2D4EE 1HTEE 0KxEE 3HJEE 2KxEE 1HKEE 3KxEE 0H5EE 3DQEE 2KxEE 0KxEE 3KxEE 3H4EE 2S5EE 0D9EE
%00032%result% 41302
%00032%points% 97 108 78 105 107
%00033%mibun% 31420
%00033%seat% 43012
%00033%palyer_cards% S7S9H7DTDJC3C4C6C7C8C2 S6H4HTH2D5D6D9DQDKCJ S4S5SKH3H9HJC9CQCKJ3 S3S8SJSQSAH5HKD4D8C5CT STS2H6H8HQHAD3D7DAD2CA 
%00033%change_cards%  24SKJ3EE 01C2EE 42H6D3EE 10H4EE
%00033%play%  2H3D3EE 4EE 3EE 0EE 1EE 2EE 2H9C9EE 4EE 3EE 0EE 1EE 2EE 2S4EE 4D7EE 3S8EE 3H5C5EE 0EE 1EE 2EE 4EE 3EE 3S3EE 0H4EE 1D5EE 2H6EE 4H8EE 4HADACAEE 3EE 0EE 1EE 2EE 4EE 4S2D2EE 3EE 0EE 1EE 2EE 4EE 4STEE 3SJEE 0KxEE 1KxEE 2KxEE 4SKEE 3SAEE 4KxEE 3KxEE 4KxEE 4HQEE 3HKEE 0KxEE 1H2EE 2KxEE 3KxEE 1KxEE 1S6D6EE 2EE 3EE 0EE 1EE 1D9EE 2HJEE 3SQEE 0KxEE 1DKEE 2KxEE 3KxEE 1C2EE 1KxEE 1HTEE 2CQEE 3KxEE 0KxEE 1KxEE 2CKEE 2KxEE 2S5EE 3D8EE 3D4EE 0C6EE 1CJEE 3KxEE 0KxEE 1KxEE 1DQEE 3KxEE 0KxEE 3CTEE
%00033%result% 42130
%00033%points% 98 111 82 107 112
%00034%mibun% 42130
%00034%seat% 43012
%00034%palyer_cards% S4STH6H9HQHKD6DAC8C2J3 SQSAH4H2D4D5D7C4CTCK S3S8SJSKS2H5H7HTHAC3 S6S9H3H8D9DTDJDQDKC7C9 S5S7HJD3D8D2C5C6CJCQCA 
%00034%change_cards%  04C2J3EE 32DKEE 40S5D3EE 23S3EE
%00034%play%  0H6D6EE 1EE 2EE 4EE 3EE 0EE 0D3EE 1H4EE 2H5EE 4HJEE 3KxEE 0HQEE 1H2EE 2KxEE 4KxEE 0KxEE 1KxEE 4KxEE 4D2C2EE 3EE 0EE 1EE 2EE 4EE 4C5EE 3S6EE 0C8EE 0S4EE 1D5EE 2H7EE 4D8EE 4C6EE 3C7EE 0KxEE 1CTEE 2KxEE 4CJEE 3KxEE 1CKEE 4CAEE 1KxEE 4KxEE 4S7EE 3H8EE 3D9DTDJDQEE 0EE 1EE 2EE 4EE 3EE 3S3H3EE 0EE 1EE 2EE 4EE 3EE 3S9C9EE 0EE 1EE 2EE 4EE 0S5EE 1D7EE 2S8EE 2SKDKEE 4EE 0EE 1EE 2EE 2C3EE 4CQEE 0KxEE 1KxEE 2KxEE 0H9EE 1SQEE 2HAEE 0KxEE 1KxEE 2S2EE 2KxEE 2HTEE 0HKEE 1KxEE 2KxEE 0KxEE 0STEE 1SAEE 2KxEE 0KxEE 1KxEE 1D4C4EE 2EE 0EE 2SJEE
%00034%result% 34120
%00034%points% 99 114 84 112 116
%00035%mibun% 42301
%00035%seat% 43012
%00035%palyer_cards% S5S9H4H9HKD3D9C4C6CKJ3 S3S4S7SJH3H8D5D6C8CJCQ S6SQS2HJH2D4D7DTC9CA S8SKSAH6HQD8DKC3C5C7CT STH5H7HTHADJDQDAD2C2 
%00035%change_cards%  03HKJ3EE 24S2EE 30C3C5EE 42H5EE
%00035%play%  0C3C4C5C6EE 1EE 2EE 4EE 3EE 0EE 0S9H9D9EE 1EE 2EE 4EE 3EE 0EE 0D3EE 1S4EE 2H5EE 4H7EE 3HQEE 0KxEE 1KxEE 2H2EE 4KxEE 3KxEE 2KxEE 3KxEE 3S8D8EE 3SKHKDKEE 0EE 1EE 2EE 4EE 3EE 3H6EE 0CKEE 1KxEE 2CAEE 4C2EE 3KxEE 0KxEE 2KxEE 4KxEE 4STHTEE 3EE 0EE 1EE 2EE 4EE 4HADAEE 3EE 0EE 1EE 2EE 4EE 4S2D2EE 3EE 0EE 1EE 2EE 4EE 4DJEE 3SAEE 0KxEE 1KxEE 2KxEE 4KxEE 3KxEE 3C7EE 0KxEE 1H8EE 1S3H3EE 2EE 4EE 3EE 0EE 1EE 1SJCJEE 2EE 4EE 3EE 0EE 1EE 1D5EE 2S6EE 4DQEE 3KxEE 0KxEE 1KxEE 2KxEE 3CTEE 0KxEE 1CQEE 2KxEE 1KxEE 1D6EE 2D7EE 0KxEE 1KxEE 2DTEE 2KxEE 2D4EE 0S5EE 1S7EE 2SQEE 0KxEE 1KxEE 2KxEE 2C9EE 0KxEE 1KxEE 2HJEE 0H4EE
%00035%result% 43201
%00035%points% 101 115 87 116 121
%00036%mibun% 34210
%00036%seat% 23104
%00036%palyer_cards% S4S7S8SKH7H9HQH2D9J3 S5S9H8HTHKD5DAC6CTCJ STSQSAH3H4D7DJD2C4CKCA SJS2HJHAD4DTDQDKC7CQC2 S3S6H5H6D3D6D8C3C5C8C9 
%00036%change_cards%  14HKDAEE 03J3EE 41S3D3EE 30D4EE
%00036%play%  1S3D3EE 0EE 4EE 2EE 3EE 1EE 1S5D5EE 0EE 4EE 2EE 3EE 1EE 1HTCTEE 0EE 4EE 2EE 3EE 1EE 1C6EE 0S7EE 4D8EE 4H5C5EE 2EE 3EE 1EE 0EE 4EE 4S6H6D6EE 2EE 3EE 1EE 0EE 4EE 4C3EE 2H4EE 3C7EE 1H8EE 1S9EE 0HQEE 4HKEE 2KxEE 3HAEE 1KxEE 0H2EE 4KxEE 3KxEE 0KxEE 3KxEE 3SJHJEE 1EE 0EE 4EE 2EE 3EE 3DQCQEE 1EE 0EE 4EE 2EE 3EE 3S2C2EE 1EE 0EE 4EE 2EE 3EE 3DTEE 1CJEE 0SKEE 4DAEE 2D2EE 3KxEE 0KxEE 4KxEE 2KxEE 2SACAEE 3EE 0EE 4EE 2EE 2H3EE 3DKEE 0KxEE 4KxEE 2KxEE 0S4D4EE 4EE 2EE 0EE 0H9D9EE 4EE 2EE 0EE 0H7EE 4C8EE 4C9EE 2STEE 0KxEE 2DJEE 2SQEE 2CKEE 2KxEE 2C4EE 0S8EE
%00036%result% 13402
%00036%points% 103 120 88 120 124
%00037%mibun% 30412
%00037%seat% 23104
%00037%palyer_cards% S4S6H4H5H7H9D5D6D7DTC4 S8S2H6HAD3DQC3C9CTCKCA S9STH3H8H2D8C6C7C2J3 S3S5S7SJSKHTHQHKD9C5 SQSAHJD4DJDKDAD2C8CJCQ 
%00037%change_cards%  21H2J3EE 03DTEE 12D3C3EE 30S3EE
%00037%play%  2H3D3C3EE 3EE 1EE 0EE 4EE 2EE 2H8D8EE 2C6EE 3S7EE 1S8EE 1HACAEE 0EE 4EE 2EE 3EE 1EE 1S2H2EE 0EE 4EE 2EE 3EE 1EE 1H6EE 0H7EE 4HJEE 2KxEE 3HQEE 1KxEE 0KxEE 4KxEE 3KxEE 1KxEE 1C9EE 0KxEE 4DJEE 2C2EE 3KxEE 1KxEE 4KxEE 2KxEE 2C7EE 3D9EE 1CTEE 0KxEE 4CJEE 2KxEE 3KxEE 1CKEE 4KxEE 1KxEE 1DQEE 0KxEE 4DKEE 2KxEE 3KxEE 4DAEE 4D2EE 4KxEE 4SQCQEE 2EE 3EE 0EE 4EE 4D4EE 2S9EE 3HTEE 0KxEE 4SAEE 2KxEE 3KxEE 4KxEE 4C8EE 2STEE 3SJEE 0KxEE 3SKEE 3KxEE 3S5C5EE 0EE 3EE 3DTEE 0KxEE 3HKEE
%00037%result% 14230
%00037%points% 104 125 91 122 128
%00038%mibun% 40231
%00038%seat% 23104
%00038%palyer_cards% S8SKSAH3H4HQHKD5D8DTJ3 STSQH5H6H2D6DJC3C4C8CA S3S4S6H7HAD9DKD2C5C9 S5S9H8H9D7C6C7CJCKC2 S7SJS2HTHJD3D4DQDACTCQ 
%00038%change_cards%  01SAJ3EE 34C2EE 10C3C4EE 43D3EE
%00038%play%  3D7C7EE 1EE 0EE 4EE 2EE 3EE 3S9H9EE 1EE 0EE 4EE 2EE 3EE 3D3EE 1H5EE 0S8EE 0H3C3EE 4EE 2EE 3EE 1EE 0EE 0H4C4EE 4EE 2EE 3EE 1EE 0EE 0SKHKEE 4EE 2EE 3EE 1EE 0EE 0D5EE 4S7EE 2D9EE 3CJEE 1SQEE 0KxEE 4DAEE 2D2EE 3KxEE 1KxEE 4KxEE 2KxEE 1KxEE 1H6D6EE 0EE 4EE 2EE 3EE 1EE 1SACAEE 0EE 4EE 2EE 3EE 1EE 1C8EE 1STEE 0HQEE 4S2EE 2KxEE 3KxEE 1KxEE 0KxEE 4KxEE 4HTCTEE 2EE 3EE 1EE 0EE 4EE 4SJHJEE 2EE 3EE 1EE 0EE 4EE 4DQCQEE 2EE 3EE 1EE 0EE 4EE 4D4EE 2C5EE 3C6EE 1KxEE 0KxEE 4C2EE 2KxEE 3KxEE 2S3EE 3S5EE 1KxEE 0KxEE 2S6EE 3KxEE 2KxEE 2S4EE 3H8EE 3CKEE 1H2EE 0KxEE 2KxEE 1KxEE 1DJEE 0KxEE 2DKEE 2KxEE 2H7EE 0D8EE 0DTEE
%00038%result% 43102
%00038%points% 106 128 92 126 133
%00039%mibun% 32410
%00039%seat% 13024
%00039%palyer_cards% S4SJSQH5D4D5DKC7C9CA H3H9DJDQDAD2C5C8CTCJJ3 S3S5S8HQHKHAH2C3CQCK S9SAS2H6HTD3D6D7D9DTC2 S6S7STSKH4H7H8HJD8C4C6 
%00039%change_cards%  24HAH2EE 03CAEE 42H4C4EE 30D3EE
%00039%play%  0D3D4D5EE 2EE 4EE 1EE 3EE 0EE 0S4EE 2S5EE 4S6EE 1KxEE 3KxEE 0KxEE 2KxEE 4KxEE 1KxEE 1DJCJEE 3EE 0EE 2EE 4EE 1EE 1H3EE 3H6EE 0KxEE 2HQEE 4HAEE 1KxEE 3KxEE 2KxEE 4H2EE 4KxEE 4S7H7EE 1EE 3EE 0EE 2EE 4EE 4H8D8EE 4C6EE 1C8EE 1C5EE 3D6EE 0C7EE 2S8EE 2S3C3EE 4EE 1EE 3EE 0EE 2EE 2H4C4EE 4EE 1EE 3EE 0EE 2EE 2HKCKEE 4EE 1EE 3EE 0EE 2EE 2CQEE 4SKEE 1DAEE 3S2EE 0KxEE 4KxEE 1KxEE 3KxEE 3S9D9EE 0EE 4EE 1EE 3EE 3HTDTEE 0EE 4EE 1EE 3EE 3SACAEE 0EE 4EE 1EE 3EE 3D7EE 0C9EE 4STEE 1DQEE 3C2EE 0KxEE 4KxEE 1KxEE 0H5EE 4HJEE 1KxEE 0KxEE 1H9EE 0SJEE 1D2EE 0KxEE 1KxEE 1CTEE
%00039%result% 23410
%00039%points% 107 130 97 130 136
%00040%mibun% 43012
%00040%seat% 13024
%00040%palyer_cards% S4STSJH3HKHAD4D2C8CJ S7S8S2H6H7HTHJD5D9C9CK S9SKH4H9HQD6DQC3C5CAJ3 S3SAH8H2D3D7D8C4C6C2 S5S6SQH5DTDJDKDAC7CTCQ 
%00040%change_cards%  02HAD2EE 13S2EE 20H4C3EE 31S3EE
%00040%play%  3H8D8EE 3S2H2C2EE 0EE 2EE 4EE 1EE 3EE 3D3EE 0S4EE 2C5EE 4S6EE 1S7EE 3SAEE 0KxEE 2KxEE 4KxEE 1KxEE 3KxEE 2KxEE 2S9H9EE 4EE 1EE 3EE 0EE 2EE 2HQDQEE 4EE 1EE 3EE 0EE 2EE 2HACAEE 4EE 1EE 3EE 0EE 2EE 2D6EE 4C7EE 1S8EE 1D9C9EE 3EE 0EE 2EE 4EE 1EE 1S3EE 3C4EE 0C8EE 0H3C3EE 2EE 4EE 1EE 3EE 0EE 0H4D4EE 2EE 4EE 1EE 3EE 0EE 0SJCJEE 2EE 4EE 1EE 3EE 0EE 0STEE 2SKEE 4KxEE 1KxEE 3KxEE 0KxEE 2KxEE 2D2EE 4KxEE 1KxEE 3KxEE 0KxEE 4S5H5EE 1EE 3EE 0EE 4EE 4DTCTEE 1EE 3EE 0EE 4EE 4SQCQEE 1EE 3EE 0EE 4EE 4DJEE 1CKEE 3KxEE 0KxEE 4DAEE 1KxEE 4KxEE 4DKEE 1KxEE 3KxEE 0KxEE 1D5EE 3C6EE 0HKEE 1KxEE 3KxEE 1H6EE 3D7EE
%00040%result% 24031
%00040%points% 110 131 102 132 140
%00041%mibun% 24031
%00041%seat% 13024
%00041%palyer_cards% STH9HJHQHKDJDQD2CAJ3 S4S9SQH4H5H7D5D6D8DKDA S3S5S6S8H3H6HAD9C3C4CT S7SJSKSAS2H8C5C7C9CK HTH2D3D4D7DTC6C8CJCQC2 
%00041%change_cards%  12DKDAEE 34S2EE 21S3H3EE 43D3EE
%00041%play%  3S7C7EE 0EE 2EE 4EE 1EE 3EE 3SKCKEE 0EE 2EE 4EE 1EE 3EE 3D3EE 0H9EE 2CTEE 4CJEE 1KxEE 3KxEE 0CAEE 2KxEE 4C2EE 0KxEE 4KxEE 0KxEE 0HJHQHKEE 2EE 4EE 1EE 3EE 0EE 0STEE 2DKEE 4S2EE 1KxEE 3KxEE 0KxEE 2KxEE 4KxEE 4HTDTEE 1EE 3EE 0EE 2EE 4EE 4D4EE 1H5EE 3H8EE 3C5EE 0DJEE 2HAEE 4H2EE 1KxEE 3KxEE 0KxEE 2KxEE 4KxEE 4C6EE 1H7EE 3C9EE 0DQEE 2DAEE 4KxEE 1KxEE 3KxEE 0D2EE 2KxEE 2S6H6EE 4EE 1EE 3EE 2EE 2C3EE 4D7EE 1D8EE 1S3H3EE 3EE 2EE 4EE 1EE 1S4H4EE 3EE 2EE 4EE 1EE 1D5EE 3SJEE 2KxEE 4CQEE 1KxEE 3SAEE 4KxEE 2C4EE 4C8EE 1D6EE 2S8EE 2S5EE 1S9EE 2KxEE 1SQEE
%00041%result% 03412
%00041%points% 115 133 103 136 143
%00042%mibun% 03412
%00042%seat% 02413
%00042%palyer_cards% S4S6H4HAD9DAC4C5C7CQJ3 S3S8S2H8HJHKD5DTC8C2 SJSKH3H6H7HTD6DQDKD2C9 S5S7S9SQSAH5HQD7D8CK STH9H2D3D4DJC3C6CTCJCA 
%00042%change_cards%  20SKD2EE 13S2EE 02S4H4EE 31S5EE
%00042%play%  4D3C3EE 1EE 3EE 0EE 2EE 4EE 4STCTEE 1EE 3EE 0EE 2EE 4EE 4DJCJEE 1EE 3EE 0EE 2EE 4EE 4D4EE 1S5EE 3S7EE 0SKEE 2KxEE 4KxEE 1KxEE 3SAEE 0KxEE 3KxEE 0KxEE 0HADAEE 2EE 4EE 1EE 3EE 0EE 0C4EE 2H6EE 4H9EE 1HJEE 3HQEE 0KxEE 2KxEE 4H2EE 1KxEE 3KxEE 4KxEE 4C6EE 1S8EE 1H8C8EE 1S3EE 3H5EE 0S6EE 2H7EE 4CAEE 1C2EE 3KxEE 0KxEE 2KxEE 1KxEE 1D5EE 3D7EE 0D9EE 2DQEE 1KxEE 3KxEE 0D2EE 2KxEE 0KxEE 0C5EE 2D6EE 1DTEE 3KxEE 0KxEE 2DKEE 1KxEE 2KxEE 2S4H4EE 1EE 3EE 0EE 2EE 2H3EE 1HKEE 3KxEE 0KxEE 2KxEE 3D8EE 3S9EE 0CQEE 2KxEE 3CKEE 0KxEE 3KxEE 3SQEE 0KxEE 2KxEE 3S2EE 0C7EE
%00042%result% 41302
%00042%points% 117 137 104 139 148
%00043%mibun% 31420
%00043%seat% 02413
%00043%palyer_cards% S3S8H3H5HJD4DTDQC7CJ SQSKSAH9HKH2D5D8C3CQCA S5SJH4H6D6D9D2C5CTJ3 S4STS2H8HTD7DJDKC4C6CK S6S7S9H7HQHAD3DAC8C9C2 
%00043%change_cards%  24D2J3EE 01DQEE 42S6D3EE 10C3EE
%00043%play%  2S5C5EE 4EE 1EE 3EE 0EE 2EE 2S6H6D6EE 4EE 1EE 3EE 0EE 2EE 2D3EE 4S7EE 1D8EE 1SQSKSAEE 3EE 0EE 2EE 4EE 1EE 1DQCQEE 3EE 0EE 2EE 4EE 1EE 1D5EE 3C6EE 0C7EE 2CTEE 4C2EE 1KxEE 3KxEE 0KxEE 2KxEE 4KxEE 4KxEE 4S9C9EE 1EE 3EE 0EE 2EE 4EE 4HADAEE 1EE 3EE 0EE 2EE 4EE 4H7EE 1H9EE 3HTEE 0HJEE 2KxEE 4HQEE 1HKEE 3KxEE 0KxEE 4KxEE 1H2EE 1KxEE 1CAEE 3S2EE 0KxEE 2KxEE 4KxEE 3KxEE 3S4C4EE 0EE 2EE 4EE 3EE 3DKCKEE 0EE 2EE 4EE 3EE 3D7EE 0S8EE 0S3H3C3EE 2EE 4EE 3EE 0EE 0D4EE 2D9EE 4D2EE 3KxEE 0KxEE 2KxEE 4KxEE 4C8EE 3H8EE 3STEE 0CJEE 2KxEE 3KxEE 0KxEE 0H5EE 2SJEE 3KxEE 0KxEE 2KxEE 2H4EE 3DJEE
%00043%result% 14230
%00043%points% 118 142 107 141 152
%00044%mibun% 40231
%00044%seat% 02413
%00044%palyer_cards% S3STSQS2D3D9DJDACJCQCA S5S6S8S9H8HQHKD4D2C8C9 SKHTD6D7D8DTDQC4C7C2 S4S7SJH9HJH2DKC3C6CKJ3 SAH3H4H5H6H7HAD5C5CT 
%00044%change_cards%  01S2DAEE 34J3EE 10S5D4EE 43H3EE
%00044%play%  0S3D3EE 2EE 4EE 1EE 3EE 0EE 0DJCJEE 2EE 4EE 1EE 3EE 0EE 0SQCQEE 2EE 4EE 1EE 3EE 0EE 0D4EE 2D6EE 4KxEE 1KxEE 3KxEE 0KxEE 2KxEE 4KxEE 4H4H5H6H7EE 1EE 3EE 0EE 2EE 4EE 4D5C5EE 1EE 3EE 0EE 2EE 4EE 4SAHAEE 1EE 3EE 0EE 2EE 4EE 4CTEE 1HQEE 3DKEE 0CAEE 2C2EE 1KxEE 3KxEE 0KxEE 2KxEE 2D7C7EE 1EE 3EE 0EE 2EE 2HTDTEE 1EE 3EE 0EE 2EE 2C4EE 1S6EE 3S7EE 0STEE 2SKEE 1S2EE 3KxEE 0KxEE 2KxEE 1KxEE 1S8H8C8EE 1S9C9EE 3EE 0EE 2EE 1EE 1HKEE 3H2EE 0KxEE 2KxEE 1KxEE 3KxEE 3H3C3EE 0EE 2EE 1EE 3EE 3SJHJEE 0EE 2EE 1EE 3EE 3S4EE 0S5EE 2KxEE 1KxEE 3KxEE 0KxEE 0D9EE 2DQEE 1DAEE 3KxEE 2KxEE 1D2EE 3C6EE 2D8EE
%00044%result% 40123
%00044%points% 122 145 109 142 157
%00045%mibun% 12340
%00045%seat% 13042
%00045%palyer_cards% S4S6S7SAD6DAC6C7CTC2 S9H7H8HTHAD9D2C3C8C9CJ S3STSJSQS2H3H4H5HKH2D4 S5HJD8DTDJDQC4C5CAJ3 S8SKH6H9HQD3D5D7DKCQCK 
%00045%change_cards%  34CAJ3EE 20S2EE 43D3D5EE 02S4EE
%00045%play%  3DTDJDQEE 0EE 4EE 2EE 1EE 3EE 3S5D5C5EE 0EE 4EE 2EE 1EE 3EE 3D3EE 0S6EE 4D7EE 2STEE 1CJEE 3KxEE 0SAEE 4KxEE 2KxEE 1KxEE 0KxEE 4KxEE 4CQCKCAEE 2EE 1EE 3EE 0EE 4EE 4SKDKEE 2EE 1EE 3EE 0EE 4EE 4H6EE 2SJEE 1HAEE 3KxEE 0S2EE 4KxEE 2KxEE 1KxEE 0KxEE 0D6C6EE 4EE 2EE 1EE 3EE 0EE 0S7C7EE 4EE 2EE 1EE 3EE 0EE 0CTEE 4HQEE 2HKEE 1KxEE 3KxEE 0KxEE 4KxEE 2H2EE 2KxEE 2H3H4H5EE 1EE 3EE 0EE 4EE 2EE 2S4D4EE 1EE 3EE 0EE 4EE 2EE 2S3EE 1H7EE 3D8EE 3C4EE 0DAEE 4KxEE 2KxEE 1D2EE 3KxEE 0KxEE 1KxEE 1H8C8EE 1S9D9C9EE 3EE 0EE 4EE 2EE 1EE 1C3EE 3HJEE 0C2EE 4KxEE 2KxEE 1KxEE 4S8EE 4H9EE 2SQEE
%00045%result% 30421
%00045%points% 126 146 111 147 160
%00046%mibun% 14302
%00046%seat% 13042
%00046%palyer_cards% S3S6S8H9HAD3D9D2CQCKCA S9SQH6H7HTD6DAC8CJC2 S4S2H2D4D7DQC3C4C6CT SAH5HQHKD5DTDJDKC5C9J3 S5S7STSJSKH3H4H8HJD8C7 
%00046%change_cards%  13DAC2EE 20S2EE 31H5D5EE 02S3EE
%00046%play%  0CQCKCAEE 4EE 2EE 1EE 3EE 0EE 0H9D9EE 4EE 2EE 1EE 3EE 0EE 0S2D2EE 4EE 2EE 1EE 3EE 0EE 0D3EE 4H4EE 2C6EE 1H7EE 3C9EE 0HAEE 4KxEE 2H2EE 1KxEE 3KxEE 0KxEE 2KxEE 3KxEE 3HKDKEE 0EE 4EE 2EE 1EE 3EE 3SADAEE 0EE 4EE 2EE 1EE 3EE 3C5EE 0S6EE 4S7EE 2KxEE 1S9EE 3KxEE 0KxEE 4STEE 1SQEE 4SKEE 1KxEE 4KxEE 4H8D8EE 4SJHJEE 2EE 1EE 3EE 0EE 4EE 4H3EE 2S4EE 1H5EE 3DTEE 0KxEE 4KxEE 2DQEE 1KxEE 3KxEE 2KxEE 2S3C3EE 1EE 3EE 0EE 4EE 2EE 2D4C4EE 1EE 3EE 0EE 4EE 2EE 2D7EE 1C8EE 1H6D6EE 3EE 0EE 4EE 2EE 1EE 1D5EE 3DJEE 0KxEE 4KxEE 2KxEE 1KxEE 3KxEE 3HQEE 0KxEE 4KxEE 2KxEE 1KxEE 3C2EE 0S8EE 4S5EE 2CTEE 1CJEE 4KxEE 1KxEE 1HTEE
%00046%result% 30214
%00046%points% 130 148 114 152 161
%00047%mibun% 13204
%00047%seat% 13042
%00047%palyer_cards% S5S9H8H9HAD5D6D8DJDACJ H3H4H5HJD3DKC3C4CQJ3 SQH6H7HTH2D4D7D2C7CT S6S7SJSAHQHKD9DQC5C6CK S3S4S8STSKS2DTC8C9CAC2 
%00047%change_cards%  43S2C2EE 10J3EE 34S6C5EE 01S5EE
%00047%play%  1H3H4H5EE 3EE 0EE 4EE 2EE 1EE 1D3C3EE 3EE 0EE 4EE 2EE 1EE 1C4EE 3C6EE 0CJEE 4CAEE 2KxEE 1KxEE 3C2EE 0KxEE 4KxEE 3KxEE 0KxEE 0H8D8EE 0S9H9EE 4EE 2EE 1EE 3EE 0EE 0HADAEE 4EE 2EE 1EE 3EE 0EE 0D5EE 4S6EE 2H7EE 1HJEE 3HQEE 0KxEE 4KxEE 2H2EE 1KxEE 3KxEE 2KxEE 2D7C7EE 1EE 3EE 0EE 4EE 2EE 2HTCTEE 1EE 3EE 0EE 4EE 2EE 2D4EE 1S5EE 3S7EE 0KxEE 4S8EE 4STDTEE 2EE 1EE 3EE 0EE 4EE 4S3EE 2H6EE 1CQEE 3HKEE 0KxEE 4KxEE 2D2EE 1KxEE 3KxEE 2KxEE 2SQEE 1DKEE 3SAEE 0KxEE 4KxEE 3S2EE 3KxEE 3D9EE 0DJEE 4KxEE 3DQEE 0KxEE 3KxEE 3SJEE 0KxEE 4SKEE 3KxEE 4KxEE 4S4EE 3CKEE 0KxEE 4KxEE 0D6EE
%00047%result% 21304
%00047%points% 132 152 119 155 162
%00048%mibun% 31024
%00048%seat% 23041
%00048%palyer_cards% SJS2H4H6H7H9D3D4D7D8DQ S6S7HQD5DJC4C5CJCQC2 S4S8SQSKH8HTHKHADTC8C9 S9STH5HJH2DKD2C3C6CKCA S3S5SAH3D6D9DAC7CTJ3 
%00048%change_cards%  42SAJ3EE 01S2EE 24S4S8EE 10C4EE
%00048%play%  0H4D4C4EE 4EE 1EE 2EE 3EE 0EE 0H7D7EE 4EE 1EE 2EE 3EE 0EE 0D3EE 4S4EE 1D5EE 2H8EE 2SQSKSAEE 3EE 0EE 4EE 1EE 2EE 2HTDTEE 3EE 0EE 4EE 1EE 2EE 2C8EE 2C9EE 3STEE 0SJEE 4KxEE 1S2EE 2KxEE 3KxEE 0KxEE 1KxEE 2KxEE 2HKEE 3CAEE 0KxEE 4KxEE 1C2EE 2KxEE 3KxEE 1KxEE 1DJCJEE 2EE 3EE 0EE 4EE 1EE 1HQCQEE 2EE 3EE 0EE 4EE 1EE 1C5EE 2HAEE 3H2EE 0KxEE 4KxEE 1KxEE 3KxEE 3DKCKEE 0EE 4EE 1EE 3EE 3C3EE 0H6EE 4C7EE 1KxEE 3S9EE 0DQEE 4DAEE 3D2EE 0KxEE 4KxEE 3KxEE 3H5EE 0D8EE 0H9EE 4CTEE 1KxEE 3HJEE 4KxEE 3KxEE 3C6EE 4S8EE 4S3H3EE 1EE 4EE 4S5EE 1S6EE 4KxEE 1S7EE
%00048%result% 20314
%00048%points% 136 154 124 158 163
%00049%mibun% 13024
%00049%seat% 23041
%00049%palyer_cards% S3S7S9H7HTHKD6DKD2C7C8 S6S8SQH3H4DJDQC3CJJ3 S4S5S2H6H8HQD5D7C4C9CK SAH9H2D3D4D9DAC5CQCAC2 STSJSKH5HJHAD8DTC6CT 
%00049%change_cards%  42SKHAEE 10J3EE 24S4C4EE 01S3EE
%00049%play%  3H9D9EE 0EE 4EE 1EE 2EE 3EE 3SADACAEE 0EE 4EE 1EE 2EE 3EE 3H2C2EE 0EE 4EE 1EE 2EE 3EE 3D3EE 0D6EE 4D8EE 4S4C4EE 1EE 2EE 3EE 0EE 4EE 4STDTCTEE 1EE 2EE 3EE 0EE 4EE 4SJHJEE 1EE 2EE 3EE 0EE 4EE 4H5EE 1S6EE 2D7EE 3CQEE 0HKEE 4KxEE 1KxEE 2HAEE 3KxEE 0KxEE 2KxEE 0KxEE 0S7H7C7EE 4EE 1EE 2EE 3EE 0EE 0C8EE 0S9EE 4KxEE 1DJEE 2HQEE 3KxEE 0DKEE 1KxEE 2S2EE 0KxEE 2KxEE 2S5D5EE 3EE 0EE 4EE 1EE 2EE 2SKCKEE 3EE 0EE 4EE 1EE 2EE 2H6EE 3KxEE 0HTEE 4KxEE 1KxEE 2KxEE 0KxEE 0D2EE 4KxEE 1KxEE 2KxEE 3KxEE 4C6EE 1S8EE 1S3H3C3EE 2EE 3EE 1EE 1SQDQEE 2EE 3EE 1EE 1H4EE 2H8EE 2C9EE 3KxEE 1CJEE
%00049%result% 04213
%00049%points% 141 156 127 159 167
%00050%mibun% 03241
%00050%seat% 23041
%00050%palyer_cards% S4H9HTHQH2D4D8C8CQCAC2 S5S9SKS2H3D9DQC3C5C9CJ S3S6S8SJSAH5H7HJHAD5 STH4HKD3DJDKC4C6C7CT S7SQH6H8D6D7DTDAD2CKJ3 
%00050%change_cards%  30HKDKEE 14S2EE 03S4D4EE 41H6EE
%00050%play%  3S4H4D4C4EE 0EE 4EE 1EE 2EE 3EE 3EE 0EE 4EE 1EE 2EE 3EE 0EE 4EE 1EE 2EE 3EE 0EE 4EE 1EE 2EE
%00050%result% 23401
%00050%points% 143 157 132 163 170
%00051%mibun% 34012
%00051%seat% 14203
%00051%palyer_cards% STH3HTH2D6D7C3C8CQCKC2 S9S2H4H9D4D8DTDJD2CA H8HJHQHKD3D5D9DQDAC6C9 S4S5S8SJSQSAH5HAC4C5CT S3S6S7SKH6H7DKC7CJJ3 
%00051%change_cards%  12S2D2EE 03H2EE 21D3D5EE 30S4EE
%00051%play%  1D3D4D5EE 4EE 2EE 0EE 3EE 1EE 1S9H9EE 4EE 2EE 0EE 3EE 1EE 1H4EE 4S6EE 2H8EE 2HJHQHKEE 0EE 3EE 1EE 4EE 2EE 2D9C9EE 0EE 3EE 1EE 4EE 2EE 2S2D2EE 0EE 3EE 1EE 4EE 2EE 2C6EE 0D7EE 3S8EE 3S5H5C5EE 1EE 4EE 2EE 0EE 3EE 3SAHAEE 1EE 4EE 2EE 0EE 3EE 3C4EE 1D8EE 1DTEE 4CJEE 2DQEE 0CKEE 3H2EE 1KxEE 4KxEE 2KxEE 0KxEE 3KxEE 4KxEE 4S7H7C7EE 2EE 0EE 3EE 1EE 4EE 4SKDKEE 2EE 0EE 3EE 1EE 4EE 4S3EE 2DAEE 0C2EE 3KxEE 1KxEE 4KxEE 0KxEE 0H3C3EE 3EE 1EE 4EE 0EE 0STHTEE 3EE 1EE 4EE 0EE 0S4EE 3CTEE 1DJEE 4KxEE 0CQEE 3KxEE 1CAEE 0KxEE 4H6EE 0C8EE 0D6EE
%00051%result% 21403
%00051%points% 145 161 137 164 173
%00052%mibun% 31042
%00052%seat% 14203
%00052%palyer_cards% S4SKS2H3HJD5DJDQC9CTCQ S9H5H6H9H2D3C5C7CAC2 S8SJH8HKD4D2C4C8CJCKJ3 S3S6S7STH4HQHAD6DKDAC3 S5SQSAH7HTD7D8D9DTC6 
%00052%change_cards%  32HADAEE 01S2EE 23D4C4EE 10D3EE
%00052%play%  0H3D3EE 3EE 1EE 4EE 2EE 0EE 0HJDJEE 3EE 1EE 4EE 2EE 0EE 0DQCQEE 3EE 1EE 4EE 2EE 0EE 0S4EE 3S6EE 1S9EE 4SQEE 2KxEE 0KxEE 3KxEE 1KxEE 4KxEE 2KxEE 2S8H8C8EE 2SJCJEE 0EE 3EE 1EE 4EE 2EE 2HKCKEE 0EE 3EE 1EE 4EE 2EE 2HADAEE 0EE 3EE 1EE 4EE 2EE 2D2EE 0KxEE 3KxEE 1KxEE 4KxEE 0D5EE 3D6EE 1KxEE 4D7EE 0KxEE 3DKEE 4KxEE 3KxEE 3S3C3EE 1EE 4EE 0EE 3EE 3H4D4C4EE 1EE 4EE 0EE 3EE 3S7EE 1H9EE 4HTEE 0KxEE 3HQEE 1H2EE 4KxEE 3KxEE 1KxEE 1H5C5EE 4EE 0EE 3EE 1EE 1S2C2EE 4EE 0EE 3EE 1EE 1H6EE 4H7EE 0KxEE 3KxEE 1KxEE 4KxEE 4D8D9DTEE 4S5EE 0C9EE 3STEE 1CAEE 4KxEE 0KxEE 1KxEE 1C7EE 4SAEE 0KxEE 4KxEE 4C6EE
%00052%result% 23140
%00052%points% 146 164 142 168 175
%00053%mibun% 42013
%00053%seat% 14203
%00053%palyer_cards% S3S4H4H8H9D7DKD2C3CQJ3 SAS2D3D4D9DJDAC7C8C9 S5S9STSKH6H7D5C5CJCAC2 S6S7S8SJH5HJHAD6C6CTCK SQH3HTHQHKH2D8DTDQC4 
%00053%change_cards%  02D2J3EE 43H2EE 20S5D5EE 34H5EE
%00053%play%  1C7C8C9EE 1SADAEE 4EE 2EE 0EE 3EE 1EE 1D3EE 4C4EE 2C5EE 0CQEE 3CKEE 1KxEE 4KxEE 2CAEE 0KxEE 3KxEE 2C2EE 2KxEE 2KxEE 2H6EE 0D7EE 3S8EE 3S6D6C6EE 1EE 4EE 2EE 0EE 3EE 3SJHJEE 1EE 4EE 2EE 0EE 3EE 3S7EE 1D9EE 4HTEE 2CJEE 0DKEE 3HAEE 1S2EE 4KxEE 2KxEE 0KxEE 3KxEE 1KxEE 1D4EE 4H5EE 2H7EE 0H8EE 0S3S4S5EE 3EE 1EE 4EE 2EE 0EE 0C3EE 3CTEE 1KxEE 4KxEE 2KxEE 0KxEE 3KxEE 3H2EE 1KxEE 4KxEE 2KxEE 0KxEE 1DJEE 4SQEE 2SKEE 0KxEE 4KxEE 2KxEE 2S9EE 0KxEE 4DTEE 2D2EE 4KxEE 2KxEE 2STEE 0KxEE 4HQEE 4HKEE 4KxEE 4H3EE 0H4EE 4KxEE 0H9EE 0KxEE 0D5EE
%00053%result% 31204
%00053%points% 148 168 145 173 176
%00054%mibun% 31204
%00054%seat% 13042
%00054%palyer_cards% S4H6H8HTD3D4D8DQCTCJCA S7S9STH7DJDAD2C3C5C9 S5S6SQH3H4H5H9H2D6C2 S8SJSKHJHAD7D9DTC4C6J3 S3SAS2HQHKD5DKC7C8CQCK 
%00054%change_cards%  43SAS2EE 01CAEE 34C4C6EE 10C3EE
%00054%play%  0D3C3EE 4EE 2EE 1EE 3EE 0EE 0S4D4EE 4EE 2EE 1EE 3EE 0EE 0H8D8EE 0HTCTEE 4EE 2EE 1EE 3EE 0EE 0H6EE 4C7EE 2H9EE 1STEE 3SJEE 0KxEE 4KxEE 2SQEE 1KxEE 3SKEE 2KxEE 3SAEE 3S2EE 3KxEE 3KxEE 3D7EE 0CJEE 4HQEE 2H2EE 1KxEE 3KxEE 0KxEE 4KxEE 2KxEE 2H3H4H5EE 1EE 3EE 0EE 4EE 2EE 2S6D6EE 1EE 3EE 0EE 4EE 2EE 2S5EE 1S7EE 3S8EE 3D9EE 0DQEE 4DKEE 2KxEE 1DAEE 3KxEE 4KxEE 1D2EE 1KxEE 1S9C9EE 3EE 4EE 2EE 1EE 1C5EE 3DTEE 4CQEE 2C2EE 1KxEE 3KxEE 4KxEE 1H7EE 3HJEE 4HKEE 1KxEE 3HAEE 4KxEE 4S3EE 1DJEE 4CKEE 1CAEE
%00054%result% 02314
%00054%points% 153 170 149 176 177
%00055%mibun% 03124
%00055%seat% 13042
%00055%palyer_cards% S8S9STH3H4D5D8DKD2C8CQ S5S6SQHQH2D3DJC5C9J3 S4SAS2H7H8HJHKD4D6D7DT S3S7SJSKH5H6HAC3CTCK H9HTD9DQDAC4C6C7CJCAC2 
%00055%change_cards%  40DAC2EE 12J3EE 04H3H4EE 21S4EE
%00055%play%  1S4S5S6EE 3EE 0EE 4EE 2EE 1EE 1SQHQEE 3EE 0EE 4EE 2EE 1EE 1D3EE 3H5EE 0S8EE 0DKDAD2EE 4EE 2EE 1EE 3EE 0EE 0D8C8EE 0D5EE 4C6EE 2H7EE 1C9EE 3CTEE 0CQEE 4CAEE 2KxEE 1KxEE 3KxEE 0KxEE 4KxEE 2KxEE 2D4EE 1C5EE 3H6EE 0S9EE 4HTEE 2HJEE 1H2EE 3KxEE 0KxEE 4KxEE 2KxEE 1KxEE 1DJEE 3SKEE 0C2EE 4KxEE 2KxEE 3KxEE 0KxEE 0STEE 4CJEE 2HKEE 3HAEE 4KxEE 2KxEE 3KxEE 3S3C3EE 4EE 2EE 3EE 3S7EE 4H9EE 2DTEE 3SJEE 4DQEE 2SAEE 3KxEE 4KxEE 2S2EE 2KxEE 2D6EE 3CKEE 4KxEE 2KxEE 4H4C4EE 2EE 4EE 4H3EE 2D7EE 4D9EE 2KxEE 4KxEE 4C7EE
%00055%result% 10342
%00055%points% 157 175 150 179 179
%00056%mibun% 10423
%00056%seat% 13042
%00056%palyer_cards% S7H4H6HKHAH2D4D7D9DTC3 S6S8STH7HQD5D8DJC4C9C2 S3S9H3H5H8H9HJD3DAC6 S4S5SKHTDQD2C8CQCKCAJ3 SJSQSAS2D6DKC5C7CTCJ 
%00056%change_cards%  21HJDAEE 40S2EE 12D5C4EE 04C3EE
%00056%play%  2S3H3D3EE 1EE 3EE 0EE 4EE 2EE 2H5D5EE 1EE 3EE 0EE 4EE 2EE 2S9H9EE 1EE 3EE 0EE 4EE 2EE 2C4EE 1S6EE 3C8EE 3CQCKCAEE 0EE 4EE 2EE 1EE 3EE 3S4EE 0H6EE 4C7EE 2H8EE 2C6EE 1H7EE 3HTEE 0HKEE 4KxEE 1KxEE 3KxEE 0KxEE 3KxEE 3S5EE 0S7EE 4SJEE 1KxEE 3SKEE 0S2EE 4KxEE 3KxEE 0KxEE 0H4D4EE 4EE 1EE 3EE 0EE 0D7EE 4CTEE 1HJEE 3DQEE 0HAEE 4KxEE 1C2EE 3KxEE 0KxEE 1KxEE 1S8D8EE 1C9EE 3D2EE 0KxEE 4KxEE 1KxEE 0D9EE 4CJEE 1HQEE 0H2EE 4KxEE 1KxEE 0KxEE 0DTEE 4SQEE 1DAEE 4KxEE 1KxEE 1STEE 4DKEE 1KxEE 4SAEE 4KxEE 4C3EE 1DJEE
%00056%result% 23014
%00056%points% 160 177 155 183 180
%00057%mibun% 23014
%00057%seat% 23104
%00057%palyer_cards% SKSAH5HTHJD4D6C3C8CT S3S7S9H9D8DJDQD2C7CAJ3 S6H4H8D3D5D9DTDKC4C9CK S5STSJSQS2H6HQHKHAD7C2 S4S8H3H7H2DAC5C6CJCQ 
%00057%change_cards%  42H2DAEE 13J3EE 24H4D3EE 31S5EE
%00057%play%  4H3D3EE 2EE 3EE 1EE 0EE 4EE 4S4H4EE 2EE 3EE 1EE 0EE 4EE 4C5EE 2S6EE 3D7EE 1D8EE 1S7C7EE 0EE 4EE 2EE 3EE 1EE 1S9H9EE 0EE 4EE 2EE 3EE 1EE 1S3EE 0D4EE 4C6EE 2H8EE 2D9C9EE 3EE 1EE 0EE 4EE 2EE 2DKCKEE 3EE 1EE 0EE 4EE 2EE 2C4EE 3H6EE 1DJEE 0SKEE 4KxEE 2DAEE 3S2EE 1KxEE 0KxEE 2KxEE 3KxEE 3KxEE 3STSJSQEE 1EE 0EE 4EE 2EE 3EE 3HQHKHAEE 1EE 0EE 4EE 2EE 3EE 3C2EE 1KxEE 0KxEE 4KxEE 2KxEE 1S5EE 0D6EE 4H7EE 2DTEE 1DQEE 0KxEE 4KxEE 2KxEE 1D2EE 1KxEE 1CAEE 0KxEE 4KxEE 2H2EE 2KxEE 2D5EE 0C8EE 0HTCTEE 4EE 0EE 0C3EE 4S8EE 4CJEE 0SAEE 4KxEE 0KxEE 0H5EE 4CQEE
%00057%result% 31240
%00057%points% 161 181 158 188 182
%00058%mibun% 41203
%00058%seat% 23104
%00058%palyer_cards% S9STSJS2H3H4H9D3DTC9J3 S6S8SQD5D8DJDQDKC4C7CJ S5H7H8HTHJD7DAC6C8C2 S3S4SAHQHKHAH2D4D9C3CA S7SKH5H6D6D2C5CTCQCK 
%00058%change_cards%  03S2J3EE 41D2EE 30S3C3EE 14C4EE
%00058%play%  0S9STSJEE 4EE 2EE 3EE 1EE 0EE 0S3H3D3C3EE 4EE 2EE 3EE 1EE 0EE 0EE 4EE 2EE 3EE 1EE 0EE 4EE 2EE 3EE 1EE 0EE 4EE 2EE 3EE 1EE
%00058%result% 32140
%00058%points% 162 184 162 193 184
%00059%mibun% 42103
%00059%seat% 23104
%00059%palyer_cards% S5S9S2H4H9H2D5D9C5CQCA S6S7SAHQD3DTDJDQD2CTJ3 S4SQSKH7D4D8DKC3C6C8 S3S8SJH3H5H6HTHJC4CKC2 STH8HKHAD6D7DAC7C9CJ 
%00059%change_cards%  03S2H2EE 42HAEE 30S3H3EE 24C3EE
%00059%play%  1DTDJDQEE 0EE 4EE 2EE 3EE 1EE 1D3EE 0H4EE 4D6EE 2H7EE 3S8EE 3SJHJEE 1EE 0EE 4EE 2EE 3EE 3S2H2C2EE 1EE 0EE 4EE 2EE 3EE 3C4EE 1S6EE 0S9EE 4STEE 2SQEE 3KxEE 1SAEE 0KxEE 4KxEE 2KxEE 1KxEE 1KxEE 1S7EE 0H9EE 4CJEE 2SKEE 3KxEE 1D2EE 0KxEE 4KxEE 2KxEE 1KxEE 1CTEE 0CQEE 4KxEE 2KxEE 3CKEE 1KxEE 0CAEE 3KxEE 0KxEE 0S3H3EE 4EE 2EE 3EE 1EE 0EE 0S5D5C5EE 4EE 2EE 3EE 1EE 0EE 0D9EE 4HKEE 2HAEE 3KxEE 1KxEE 4KxEE 2KxEE 2S4D4EE 3EE 1EE 4EE 2EE 2D8C8EE 2C6EE 3HTEE 1HQEE 4KxEE 2KxEE 3KxEE 4D7C7EE 2EE 3EE 4EE 4C3EE 2DKEE 3KxEE 4DAEE 4KxEE 4H8EE 4C9EE
%00059%result% 01243
%00059%points% 167 188 165 194 186
%00060%mibun% 01243
%00060%seat% 24031
%00060%palyer_cards% S3S9STSQH8HJC3C9CQC2J3 S5H3H4HQHAH2D6D8DKD2CA SJHKD4D9DTC5C6CTCJCK S4S6S7SAH5H7H9HTD7DAC4 S8SKS2H6D3D5DJDQC7C8 
%00060%change_cards%  30SADAEE 41S2EE 03S3C3EE 14H3EE
%00060%play%  4H3D3EE 0EE 3EE 1EE 2EE 4EE 4S8C8EE 4D5EE 0H8EE 0S9C9EE 3EE 1EE 2EE 4EE 0EE 0SQCQEE 3EE 1EE 2EE 4EE 0EE 0SADAEE 3EE 1EE 2EE 4EE 0EE 0STEE 3KxEE 1HQEE 2HKEE 4KxEE 0KxEE 1KxEE 2KxEE 0KxEE 0HJEE 3KxEE 1DKEE 2KxEE 4KxEE 0C2EE 1KxEE 3S3C3EE 1EE 2EE 4EE 3EE 3S4C4EE 1EE 2EE 4EE 3EE 3S7H7D7EE 1EE 2EE 4EE 3EE 3H5EE 1D6EE 2D9EE 4DJEE 3KxEE 1D2EE 2KxEE 4KxEE 1KxEE 1HACAEE 2EE 4EE 3EE 1EE 1S2H2EE 2EE 4EE 3EE 1EE 1H4EE 2C5EE 4H6EE 3H9EE 1KxEE 2KxEE 4KxEE 3HTEE 3KxEE 3S6EE 1D8EE 1S5EE 2C6EE 4C7EE 2CTEE 4KxEE 2CJEE 2CKEE 2KxEE 2D4EE 4DQEE 2KxEE 4KxEE 4SKEE
%00060%result% 03142
%00060%points% 172 191 166 198 188
%00061%mibun% 02413
%00061%seat% 24031
%00061%palyer_cards% S6H5H9D7DTC4C6CTCJCKC2 S7STSAS2HQD3D6D8C7C9CA S9SJH7H8HAD4D5DACQJ3 S4SQSKH3H4H6HKD9DJDQC3 S3S5S8HTHJH2DKD2C5C8 
%00061%change_cards%  20HAJ3EE 43H2EE 02H5C4EE 34H3EE
%00061%play%  1S7C7EE 2EE 4EE 0EE 3EE 1EE 1SACAEE 2EE 4EE 0EE 3EE 1EE 1D3EE 2D4EE 4DKEE 0KxEE 3KxEE 1KxEE 2KxEE 4KxEE 0KxEE 0S6C6EE 3EE 1EE 2EE 4EE 0EE 0DTCTEE 3EE 1EE 2EE 4EE 0EE 0D7EE 3D9EE 1KxEE 2DAEE 4D2EE 0KxEE 3KxEE 2KxEE 4KxEE 4S3H3EE 0EE 3EE 1EE 2EE 4EE 4S5C5EE 0EE 3EE 1EE 2EE 4EE 4S8C8EE 4HTEE 0CJEE 3SQEE 1S2EE 2KxEE 4KxEE 0KxEE 3KxEE 1KxEE 1D6EE 2H7EE 4HJEE 0HAEE 3H2EE 1KxEE 2KxEE 0KxEE 3KxEE 3S4H4EE 1EE 2EE 0EE 3EE 3SKHKEE 1EE 2EE 0EE 3EE 3C3EE 1D8EE 1C9EE 2SJEE 0CKEE 3KxEE 1KxEE 2KxEE 0C2EE 0KxEE 0H9EE 3DJEE 1HQEE 2KxEE 3KxEE 1KxEE 1STEE 2CQEE 3KxEE 2KxEE 2H5D5EE 3EE 2EE 2C4EE 3H6EE 2H8EE 2S9EE
%00061%result% 40123
%00061%points% 176 194 168 199 193
%00062%mibun% 12340
%00062%seat% 24031
%00062%palyer_cards% S3S4STSQS2HKD3D8DJDQCA S6S7SAH9D9DKC7C8C9CT S9SKH3HQD6D2C4CJCQJ3 S5SJH4H5H7HJH2D7C3C6C2 S8H6H8HTHAD4D5DTDAC5CK 
%00062%change_cards%  34H2C2EE 20J3EE 43D4D5EE 02S3EE
%00062%play%  0SQDQEE 3EE 1EE 2EE 4EE 0EE 0D3EE 3H4EE 1S6EE 2S9EE 4KxEE 0STEE 3SJEE 1SAEE 2KxEE 0S2EE 3KxEE 1KxEE 0KxEE 0KxEE 0S4EE 3S5EE 1S7EE 2SKEE 4KxEE 0KxEE 3KxEE 1KxEE 2KxEE 2S3H3EE 4EE 0EE 3EE 1EE 2EE 2HQCQEE 4EE 0EE 3EE 1EE 2EE 2C4EE 4C5EE 0CAEE 3KxEE 1KxEE 2KxEE 4C2EE 0KxEE 4KxEE 4S8H8EE 4HTDTEE 0EE 3EE 1EE 2EE 4EE 4HADAEE 0EE 3EE 1EE 2EE 4EE 4H6EE 0D8EE 0DJEE 3KxEE 1DKEE 2D2EE 4KxEE 0KxEE 1KxEE 2KxEE 2D6EE 4CKEE 0KxEE 3KxEE 1KxEE 2KxEE 4H2EE 0HKEE 3KxEE 1KxEE 2KxEE 3H5D5EE 1EE 2EE 3EE 3H7D7EE 1EE 2EE 3EE 3C3EE 1C7EE 2CJEE 3KxEE 1KxEE 3D4EE 1C8EE 1H9D9C9EE 3EE 1EE 1CTEE
%00062%result% 40213
%00062%points% 180 196 171 200 198
%00063%mibun% 13240
%00063%seat% 40123
%00063%palyer_cards% S5S6STSKSAH5HTD6DTDAJ3 S4S2H4HJHADJD2C6CJCQCA S3S8S9H8HKDKC4C8CKC2 SJH3H6H7HQD3D5D8D9DQ S7SQH9H2D4D7C3C5C7C9CT 
%00063%change_cards%  34HQDQEE 10S2EE 43D4C3EE 01S5EE
%00063%play%  3D3D4D5EE 4EE 0EE 1EE 2EE 3EE 3H3C3EE 4EE 0EE 1EE 2EE 3EE 3H6EE 4S7EE 0STEE 1KxEE 2KxEE 3SJEE 4SQEE 0SKEE 3KxEE 4KxEE 0SAEE 0S2EE 0KxEE 0KxEE 0S6D6EE 1EE 2EE 3EE 4EE 0EE 0HTDTEE 1EE 2EE 3EE 4EE 0EE 0H5EE 1C6EE 2S8EE 2H8C8EE 2HKDKCKEE 3EE 4EE 0EE 1EE 2EE 2S3EE 3H7EE 4H9EE 0KxEE 1HJEE 2KxEE 3KxEE 4HQEE 1HAEE 4H2EE 1KxEE 4KxEE 4D7C7EE 0EE 1EE 2EE 3EE 4EE 4C5EE 0DAEE 1D2EE 2KxEE 3KxEE 4KxEE 1KxEE 1S4H4EE 2EE 3EE 4EE 1EE 1DJCJEE 2EE 3EE 4EE 1EE 1S5EE 2S9EE 3KxEE 4KxEE 1KxEE 2KxEE 2C4EE 3D8EE 3D9EE 4CTEE 1CQEE 2C2EE 4KxEE 1KxEE 4C9EE 1CAEE
%00063%result% 03214
%00063%points% 185 198 174 204 199
%00064%mibun% 03214
%00064%seat% 40123
%00064%palyer_cards% SJSAS2H9HKD3D7DQDAC4CT S5S9H3HTD6D9C6C7C9CJJ3 S4S6STSKH6HAD5DTD2C3C2 S8H4H7H8HJHQD4DJC8CQ S3S7SQH5H2D8DKC5CKCA 
%00064%change_cards%  40H2CAEE 13J3EE 04D3C4EE 31H4EE
%00064%play%  4S3D3EE 0EE 1EE 2EE 3EE 4EE 4H5C5EE 0EE 1EE 2EE 3EE 4EE 4DKCKEE 0EE 1EE 2EE 3EE 4EE 4C4EE 0D7EE 1S9EE 2STEE 3KxEE 4KxEE 0KxEE 1KxEE 2KxEE 3KxEE 3S8H8C8EE 3HJDJEE 4EE 0EE 1EE 2EE 3EE 3HQCQEE 4EE 0EE 1EE 2EE 3EE 3D4EE 4S7EE 0H9EE 1HTEE 2HAEE 3KxEE 4KxEE 0H2EE 1KxEE 2KxEE 0KxEE 0SADACAEE 1EE 2EE 3EE 4EE 0EE 0CTEE 1CJEE 2C2EE 3KxEE 4KxEE 0KxEE 1KxEE 2KxEE 2S6H6EE 3EE 4EE 0EE 1EE 2EE 2C3EE 3H7EE 4D8EE 4SQEE 0HKEE 1KxEE 2D2EE 0KxEE 2KxEE 2S4EE 0SJEE 1KxEE 2SKEE 0S2EE 2KxEE 0KxEE 0DQEE 1KxEE 2KxEE 1D6C6EE 2EE 1EE 1D9C9EE 2EE 1EE 1H3EE 2D5EE 1C7EE 2DTEE
%00064%result% 34021
%00064%points% 188 199 176 209 203
%00065%mibun% 24301
%00065%seat% 40123
%00065%palyer_cards% S4S5SJH5H6HQHKHADTC3C4 SAH3HJDQD2C5C6CKC2J3 S9H4H2D4DKDAC7CTCQCA S3S7STS2H7HTD7DJC8C9CJ S6S8SQSKH8H9D3D5D6D8D9 
%00065%change_cards%  13D2J3EE 24H2EE 31S3S7EE 42D3EE
%00065%play%  2H4D4EE 3EE 4EE 0EE 1EE 2EE 2DACAEE 3EE 4EE 0EE 1EE 2EE 2D3EE 3H7EE 4S8EE 4S6D6EE 0EE 1EE 2EE 3EE 4EE 4H8D8EE 4H9D9EE 0EE 1EE 2EE 3EE 4EE 4D5EE 0H6EE 1S7EE 2S9EE 3STEE 4SQEE 0KxEE 1SAEE 2KxEE 3S2EE 4KxEE 1KxEE 3KxEE 3KxEE 3DJCJEE 4EE 0EE 1EE 2EE 3EE 3D7EE 4SKEE 0HAEE 1C2EE 2KxEE 3KxEE 4KxEE 0KxEE 1KxEE 1S3H3EE 2EE 3EE 4EE 0EE 1EE 1C5EE 2C7EE 3C8EE 3C9EE 4H2EE 0KxEE 1KxEE 2KxEE 3KxEE 0S4C4EE 1EE 2EE 3EE 0EE 0S5H5EE 1EE 2EE 3EE 0EE 0C3EE 1C6EE 2CTEE 3KxEE 0KxEE 1CKEE 2KxEE 1KxEE 1HJEE 2CQEE 3D2EE 0KxEE 1KxEE 2KxEE 3KxEE 3HTEE 0SJEE 1DQEE 2DKEE
%00065%result% 43120
%00065%points% 189 202 178 213 208
%00066%mibun% 42310
%00066%seat% 24013
%00066%palyer_cards% S3SKS2H4H6H9D6D7D2C8CA S6S8S9H5H7H2C5C6CTCKJ3 S4S5S7STSJSAHQDJDKC2 H3H8HAD4D8DAC3C4C9CQ SQHTHJHKD3D5D9DTDQC7CJ 
%00066%change_cards%  04S2D2EE 23C2EE 40D3D5EE 32H3EE
%00066%play%  0D5D6D7EE 1EE 3EE 2EE 4EE 0EE 0S3D3EE 1EE 3EE 2EE 4EE 0EE 0H4EE 1H5EE 3H8EE 3D4C4EE 2EE 4EE 0EE 1EE 3EE 3HADAEE 2EE 4EE 0EE 1EE 3EE 3C3EE 2S4EE 4C7EE 0C8EE 0H6EE 1H7EE 3KxEE 2HQEE 4HKEE 0KxEE 1H2EE 2KxEE 4KxEE 1KxEE 1KxEE 1S6C6EE 3EE 2EE 4EE 0EE 1EE 1C5EE 3D8EE 3C9EE 2STEE 4HJEE 0SKEE 1KxEE 3C2EE 2KxEE 4KxEE 0KxEE 3KxEE 3CQEE 2DKEE 4S2EE 0KxEE 1KxEE 2KxEE 4KxEE 4HTDTEE 0EE 1EE 2EE 4EE 4SQDQEE 0EE 1EE 2EE 4EE 4D9EE 0CAEE 1KxEE 2KxEE 4D2EE 0KxEE 4KxEE 4CJEE 0KxEE 1CKEE 2KxEE 1KxEE 1S8EE 1S9EE 2SJEE 0KxEE 1KxEE 2SAEE 2KxEE 2H3EE 0H9EE 1KxEE 2KxEE 1CTEE
%00066%result% 34012
%00066%points% 192 204 179 218 212
%00067%mibun% 23401
%00067%seat% 24013
%00067%palyer_cards% S7S8SJSQDJDQC5CJCAJ3 S4H4H6H9HJD4D6D7CQC2 S5S9SAH5HAH2D5DAC6C7C9 H3H7H8HTD3D8D9DTDKC4CK S3S6STSKS2HQHKD2C3C8CT 
%00067%change_cards%  23SAH2EE 14C2EE 32H3D3EE 41S3EE
%00067%play%  2H3D3EE 4EE 0EE 1EE 3EE 2EE 2S5H5D5EE 4EE 0EE 1EE 3EE 2EE 2S9C9EE 4EE 0EE 1EE 3EE 2EE 2HADAEE 4EE 0EE 1EE 3EE 2EE 2C6EE 4C8EE 4STCTEE 0EE 1EE 3EE 2EE 4EE 4SKHKEE 0EE 1EE 3EE 2EE 4EE 4S2D2C2EE 0EE 1EE 3EE 2EE 4EE 4C3EE 0C5EE 1CQEE 3CKEE 2KxEE 4KxEE 0CAEE 1KxEE 3KxEE 0KxEE 0KxEE 0SJDJCJEE 1EE 3EE 2EE 4EE 0EE 0SQDQEE 1EE 3EE 2EE 4EE 0EE 0S7EE 1H9EE 3HTEE 2KxEE 4HQEE 0KxEE 1KxEE 3H2EE 4KxEE 3KxEE 3D8D9DTEE 3C4EE 2C7EE 4KxEE 0KxEE 1KxEE 3KxEE 4S6EE 0S8EE 1S4H4D4EE 3EE 1EE 1H6D6EE 3EE 1EE 1S3EE 3H7EE 1HJEE 3KxEE 1KxEE 1D7EE
%00067%result% 24013
%00067%points% 195 206 184 219 216
%00068%mibun% 23041
%00068%seat% 24013
%00068%palyer_cards% SAS2H3HJD5DJC3C6C7C9CT S5S6S9H5H9HQD3DACQCK S4S8STSJH6D6D9DTDKD2CJ S7SQSKH4H7D4DQC5C8J3 S3H8HTHKHAH2D7D8C4CAC2 
%00068%change_cards%  32SKJ3EE 14DAEE 23S4H6EE 41S3EE
%00068%play%  1S3D3EE 3EE 2EE 4EE 0EE 1EE 1S5H5EE 3EE 2EE 4EE 0EE 1EE 1S9H9EE 3EE 2EE 4EE 0EE 1EE 1HQCQEE 3EE 2EE 4EE 0EE 1EE 1S6EE 3S7EE 2S8EE 2STDTEE 4EE 0EE 1EE 3EE 2EE 2SJCJEE 4EE 0EE 1EE 3EE 2EE 2SKDKEE 4EE 0EE 1EE 3EE 2EE 2D6EE 4D7EE 0DJEE 1KxEE 3DQEE 2D2EE 4KxEE 0KxEE 3KxEE 2KxEE 2KxEE 2D9EE 4HTEE 0HJEE 1KxEE 3KxEE 4HKEE 0KxEE 4HAEE 4H2EE 4KxEE 4H8D8EE 4DACAEE 0EE 1EE 3EE 4EE 4C4EE 0D5EE 1CKEE 3KxEE 4C2EE 0KxEE 0H3C3EE 3EE 0EE 0C6EE 3H7EE 0C9EE 3SQEE 0SAEE 3KxEE 0S2EE 0KxEE 0C7EE 3C8EE 3S4H4D4EE 0EE 3EE 3C5EE 0CTEE
%00068%result% 21403
%00068%points% 197 210 189 220 219
%00069%mibun% 31042
%00069%seat% 30124
%00069%palyer_cards% S7SJHJH2D9DJDQDAC4J3 S3HTD6D7DTDKC8CTCQCA S4S6S9STH3H4H5H6H9D8C7 SKH7HKHAD3D4D5C3CJCKC2 S5S8SQSAS2H8HQD2C5C6C9 
%00069%change_cards%  32HAC2EE 01J3EE 23S4H3EE 10S3EE
%00069%play%  3D3D4D5EE 0EE 1EE 2EE 4EE 3EE 3H3C3EE 0EE 1EE 2EE 4EE 3EE 3SKHKCKEE 0EE 1EE 2EE 4EE 3EE 3S4EE 0S7EE 1KxEE 2KxEE 4KxEE 3KxEE 0KxEE 1KxEE 1HTDTCTEE 2EE 4EE 3EE 0EE 1EE 1D6EE 2C7EE 4S8EE 4S5C5EE 3EE 0EE 1EE 2EE 4EE 4SQHQEE 3EE 0EE 1EE 2EE 4EE 4S2D2EE 3EE 0EE 1EE 2EE 4EE 4C6EE 3H7EE 0D9EE 1CQEE 2HAEE 4KxEE 3KxEE 0H2EE 1KxEE 2KxEE 0KxEE 0SJHJDJEE 1EE 2EE 4EE 3EE 0EE 0S3EE 1D7EE 2D8EE 2H4H5H6EE 4EE 3EE 0EE 1EE 2EE 2S9H9EE 4EE 3EE 0EE 1EE 2EE 2S6EE 4H8EE 4C9EE 3CJEE 0KxEE 1CAEE 2C2EE 4KxEE 1KxEE 2KxEE 2STEE 4SAEE 0KxEE 1KxEE 0C4EE 1C8EE 1DKEE
%00069%result% 32410
%00069%points% 198 212 193 225 222
%00070%mibun% 43102
%00070%seat% 30124
%00070%palyer_cards% SAHQHKHAH2D4D9DKD2C4C7 S3SKH5HTD8DJC9CTCQC2J3 S5S7SQH7HJD5C3C6C8CK S4S8S9STH3H6D7DTDAC5CA S6SJS2H4H8H9D3D6DQCJ 
%00070%change_cards%  03H2D2EE 12J3EE 30S4H3EE 21C3EE
%00070%play%  4S6D6EE 3EE 0EE 1EE 2EE 4EE 4SJCJEE 3EE 0EE 1EE 2EE 4EE 4D3EE 3C5EE 0C7EE 1C9EE 2CKEE 4KxEE 3CAEE 0KxEE 1C2EE 2KxEE 3KxEE 1KxEE 2KxEE 2S5D5EE 4EE 3EE 0EE 1EE 2EE 2S7H7EE 4EE 3EE 0EE 1EE 2EE 2C6EE 4H8EE 4H4EE 3H6EE 0HQEE 1KxEE 2KxEE 4KxEE 3H2EE 0KxEE 3KxEE 3S8S9STEE 3D7EE 0D9EE 1DJEE 2KxEE 4DQEE 3DAEE 0KxEE 1KxEE 4KxEE 3D2EE 3KxEE 3DTEE 0HKEE 1KxEE 2KxEE 4S2EE 0KxEE 4KxEE 4H9EE 0DKEE 1KxEE 2KxEE 0SAEE 0KxEE 0S4D4C4EE 1EE 2EE 0EE 0H3EE 1H5EE 2HJEE 0HAEE 1KxEE 2KxEE 1S3C3EE 2EE 1EE 1HTCTEE 2EE 1EE 1D8EE 1CQEE 2KxEE 1SKEE
%00070%result% 34012
%00070%points% 201 214 194 230 226
%00071%mibun% 23401
%00071%seat% 30124
%00071%palyer_cards% S5S6H9HAD3D4DTC5C6C9CT S9SQSKH3HTHQH2DQD2C4C7 S4H8HKD5D6D7DKC8CKC2 S7S8SJSAS2H5HJC3CJCAJ3 S3STH4H6H7D8D9DJDACQ 
%00071%change_cards%  23HKC2EE 14H2EE 32H5C3EE 41S3EE
%00071%play%  0S5C5EE 1EE 2EE 4EE 3EE 0EE 0S6C6EE 1EE 2EE 4EE 3EE 0EE 0H9C9EE 1EE 2EE 4EE 3EE 0EE 0DTCTEE 1EE 2EE 4EE 3EE 0EE 0D3EE 1C4EE 2H5EE 4H6EE 3HJEE 0HAEE 1KxEE 2KxEE 4H2EE 3KxEE 0KxEE 4KxEE 3KxEE 3SJCJEE 0EE 1EE 2EE 4EE 3EE 3SACAEE 0EE 1EE 2EE 4EE 3EE 3S2C2EE 0EE 1EE 2EE 4EE 3EE 3S7EE 0KxEE 1S9EE 2KxEE 4STEE 3KxEE 1SQEE 4KxEE 1SKEE 1KxEE 1S3H3EE 2EE 4EE 3EE 0EE 1EE 1HQDQEE 2EE 4EE 3EE 0EE 1EE 1C7EE 2H8EE 2D5D6D7EE 4EE 3EE 0EE 1EE 2EE 2DKCKEE 4EE 3EE 0EE 1EE 2EE 2C3EE 4H4EE 3S8EE 3HKEE 0KxEE 1D2EE 2KxEE 4KxEE 1KxEE 1HTEE 2KxEE 4DJEE 0KxEE 4CQEE 4DAEE 4KxEE 4H7EE 0KxEE 2C8EE 2S4EE 4D8EE 4D9EE
%00071%result% 31240
%00071%points% 202 218 197 235 228
%00072%mibun% 41203
%00072%seat% 20134
%00072%palyer_cards% SAH9HAD6C4C5C7C8CTJ3 S3S6SKH7H8HJHQDTC3CA S8S9S2H3H6HTD8DKD2CJCQ S5S7STH2D3D5D7DJDQCKC2 S4SJSQH4H5HKD4D9DAC6C9 
%00072%change_cards%  03SAJ3EE 41DAEE 30S5D3EE 14S3EE
%00072%play%  0S5C5EE 1EE 3EE 4EE 2EE 0EE 0D3EE 1S6EE 3S7EE 4SJEE 2S2EE 0KxEE 1KxEE 3KxEE 4KxEE 2KxEE 3KxEE 3H2C2EE 4EE 2EE 0EE 1EE 3EE 3D5EE 4C6EE 2S8EE 2H3EE 0C4EE 1H7EE 3STEE 4SQEE 2KxEE 0KxEE 1SKEE 3SAEE 4KxEE 1KxEE 3KxEE 3D7EE 4D9EE 2DKEE 0KxEE 1DAEE 3KxEE 4KxEE 2D2EE 1KxEE 2KxEE 2H6EE 0C7EE 1H8EE 1C3EE 3DJEE 4HKEE 2KxEE 0HAEE 1KxEE 3KxEE 4KxEE 0KxEE 0D6EE 1DTEE 3DQEE 4KxEE 2KxEE 0KxEE 1KxEE 3KxEE 3CKEE 4KxEE 2KxEE 0KxEE 1CAEE 1KxEE 1HJEE 4KxEE 2CQEE 0KxEE 1KxEE 2KxEE 2D8EE 2S9EE 0CTEE 1HQEE 4KxEE 2KxEE 0KxEE 4S4H4D4EE 2EE 0EE 4EE 4S3EE 2HTEE 0KxEE 4KxEE 2CJEE 0C8EE 0H9EE
%00072%result% 31204
%00072%points% 204 222 200 240 229
%00073%mibun% 31204
%00073%seat% 20134
%00073%palyer_cards% STH4H6HAH2D9CJCKCAC2 S3H3H7H9HKD3D7DAD2CT S9SKSAD6DJDQC4C5C6C8J3 S5S6S8HTHJD4D5DKC3C9CQ S4S7SJSQS2H5H8HQD8DTC7 
%00073%change_cards%  43SQS2EE 01H2EE 34D4C3EE 10S3EE
%00073%play%  1H3D3EE 3EE 4EE 2EE 0EE 1EE 1H7D7EE 3EE 4EE 2EE 0EE 1EE 1H2D2EE 3EE 4EE 2EE 0EE 1EE 1H9EE 3HTEE 4HQEE 2KxEE 0KxEE 1KxEE 3KxEE 4KxEE 2KxEE 2C4C5C6EE 0EE 1EE 3EE 4EE 2EE 2D6EE 0D9EE 1DAEE 3KxEE 4KxEE 2KxEE 0KxEE 1KxEE 1CTEE 3HJEE 4KxEE 2DQEE 0CKEE 1KxEE 3S2EE 2KxEE 0KxEE 3KxEE 3S5D5EE 4EE 2EE 0EE 1EE 3EE 3SQCQEE 4EE 2EE 0EE 1EE 3EE 3S6EE 4S7EE 2S9EE 0STEE 1KxEE 3KxEE 4SJEE 2SKEE 0KxEE 4KxEE 2SAEE 2KxEE 2C8EE 2DJEE 0HAEE 1KxEE 3KxEE 4KxEE 0C2EE 0KxEE 0S3EE 1HKEE 3KxEE 4KxEE 0CAEE 0KxEE 0H4EE 3S8EE 3C9EE 4DTEE 0CJEE 3DKEE 4KxEE 0KxEE 4S4D4EE 0EE 4EE 4H8D8EE 4C3EE 0H6EE
%00073%result% 21304
%00073%points% 206 226 205 243 230
%00074%mibun% 31024
%00074%seat% 20134
%00074%palyer_cards% S3S7H5HJHQHKH2DAC3C6C7 S5S6SAH7D4D6D7DTDJC8C9 S8SJH4H6D3DQD2C4CQCAJ3 S4STSQSKS2H3H9D5DKCJ S9H8HTHAD8D9C5CTCKC2 
%00074%change_cards%  42HAC2EE 01H2EE 24H4D3EE 10D4EE
%00074%play%  4H8D8EE 4S9D9EE 2EE 0EE 1EE 3EE 4EE 4HTCTEE 2EE 0EE 1EE 3EE 4EE 4D3EE 2C4EE 0H5EE 1S6EE 3H9EE 4CKEE 2HAEE 0KxEE 1H2EE 3KxEE 4KxEE 2KxEE 1KxEE 2KxEE 2DQCQEE 0EE 1EE 3EE 4EE 2EE 2D2C2EE 0EE 1EE 3EE 4EE 2EE 2H6EE 0S7EE 1C8EE 1H7D7EE 3EE 4EE 2EE 0EE 1EE 1S5EE 3STEE 4KxEE 2SJEE 0KxEE 1SAEE 3S2EE 2KxEE 1KxEE 3KxEE 3SKDKEE 4EE 2EE 0EE 1EE 3EE 3H3EE 4H4EE 2KxEE 0HJEE 1KxEE 3KxEE 4KxEE 0HQEE 0HKEE 0KxEE 0S3C3EE 1EE 3EE 4EE 2EE 0EE 0D4EE 1D6EE 3KxEE 4KxEE 2KxEE 0DAEE 1KxEE 0KxEE 0C6EE 1C9EE 3CJEE 4KxEE 2CAEE 0KxEE 1KxEE 3KxEE 2KxEE 2S8EE 0C7EE 1DTEE 3SQEE 4KxEE 1KxEE 3KxEE 3S4EE 4C5EE 1DJEE
%00074%result% 20413
%00074%points% 210 228 210 244 233
%00075%mibun% 13042
%00075%seat% 21304
%00075%palyer_cards% S5STS2H4H7HKC6C8CTJ3 S6SQH6H8HQD4D9D2C3C9C2 S3S7SJSAH5H2D3D8DKC5CK S4S8S9SKHJD5D6DTDAC4CQ H3H9HTHAD7DJDQC7CJCA 
%00075%change_cards%  32SKDAEE 10D2EE 23S3D3EE 01H4EE
%00075%play%  3S3D3EE 0EE 4EE 2EE 1EE 3EE 3S4C4EE 0EE 4EE 2EE 1EE 3EE 3D5EE 0C6EE 4D7EE 2D8EE 2H5C5EE 1EE 3EE 0EE 4EE 2EE 2SKDKCKEE 1EE 3EE 0EE 4EE 2EE 2SADAEE 1EE 3EE 0EE 4EE 2EE 2S7EE 1H8EE 1H4D4EE 3EE 0EE 4EE 2EE 1EE 1S6H6EE 3EE 0EE 4EE 2EE 1EE 1D9C9EE 3EE 0EE 4EE 2EE 1EE 1SQHQEE 3EE 0EE 4EE 2EE 1EE 1C3EE 3D6EE 0H7EE 4H9EE 2H2EE 1KxEE 3KxEE 0KxEE 4KxEE 2KxEE 0KxEE 0STCTEE 4EE 2EE 1EE 3EE 0EE 0S2D2EE 4EE 2EE 1EE 3EE 0EE 0S5EE 4C7EE 2SJEE 1C2EE 3KxEE 0KxEE 4KxEE 3S8EE 3S9EE 0HKEE 4HAEE 3KxEE 0KxEE 4KxEE 4DJCJEE 3EE 0EE 4EE 4H3EE 3DTEE 0KxEE 4DQEE 3KxEE 4KxEE 4HTEE 3HJEE 0KxEE 4KxEE 3KxEE 3CQEE 0KxEE 4CAEE
%00075%result% 21340
%00075%points% 211 232 215 247 235
%00076%mibun% 41023
%00076%seat% 21304
%00076%palyer_cards% S7S9S2H3HAD4D8C4C7C8 S4SKH6D7DTDJDQDAC5C6CJ STH4H8HJH2D5DKD2CQCAJ3 S5S6SJSAH7H9HQD9C9CTC2 S3S8SQH5HTHKD3D6C3CK 
%00076%change_cards%  02S2HAEE 41HKEE 20H4D5EE 14S4EE
%00076%play%  4S3D3C3EE 2EE 1EE 3EE 0EE 4EE 4S4EE 2H8EE 2HACAEE 1EE 3EE 0EE 4EE 2EE 2S2H2D2EE 1EE 3EE 0EE 4EE 2EE 2STEE 1DJEE 3HQEE 0KxEE 4CKEE 2KxEE 1KxEE 3KxEE 4KxEE 2KxEE 2HJEE 1DQEE 3SAEE 0KxEE 4KxEE 2KxEE 1KxEE 3C2EE 3KxEE 3H9D9C9EE 0EE 4EE 2EE 1EE 3EE 3S5EE 0S7EE 4S8EE 4H5EE 2CQEE 1SKEE 3KxEE 0KxEE 4KxEE 2KxEE 1DAEE 1KxEE 1H6C6EE 3EE 0EE 4EE 2EE 1EE 1C5EE 3S6EE 0C7EE 4HTEE 2DKEE 1KxEE 3KxEE 0KxEE 4KxEE 1D7EE 3CTEE 0KxEE 4SQEE 1HKEE 3KxEE 4KxEE 1KxEE 1DTEE 3SJEE 0KxEE 4KxEE 1KxEE 3KxEE 3H7EE 0D8EE 0H4D4C4EE 4EE 1EE 0EE 0H3EE 4D6EE 1CJEE
%00076%result% 23410
%00076%points% 212 234 220 251 238
%00077%mibun% 43012
%00077%seat% 21304
%00077%palyer_cards% S4S8SJH8H2D9DJC4C7CA S3S5STSAS2HJHKDQC3C6C8 S6S7S9SQSKH7D4D7DKDAD2 H3H9HQHAD3D5D8CJCKC2J3 H4H5H6HTD6DTC5C9CTCQ 
%00077%change_cards%  02H2CAEE 13S2EE 20S6D4EE 31H3EE
%00077%play%  3S2C2EE 0EE 4EE 2EE 1EE 3EE 3D3EE 0S4EE 4H5EE 2S7EE 1C8EE 1S3H3C3EE 3EE 0EE 4EE 2EE 1EE 1S5EE 3D8EE 3D5EE 0S6EE 4C9EE 2SQEE 1HKEE 3HAEE 0KxEE 4KxEE 2H2EE 1KxEE 3KxEE 2KxEE 3KxEE 3H9EE 0SJEE 4CQEE 2SKEE 1SAEE 3KxEE 0KxEE 4KxEE 2KxEE 1KxEE 1C6EE 3CJEE 0KxEE 4KxEE 2CAEE 1KxEE 3KxEE 2KxEE 2DKDAD2EE 1EE 3EE 0EE 4EE 2EE 2H7D7EE 1EE 3EE 0EE 4EE 2EE 2S9EE 1STEE 3KxEE 0KxEE 4KxEE 1KxEE 1HJEE 3HQEE 0KxEE 4KxEE 1KxEE 3KxEE 3CKEE 0KxEE 4KxEE 1KxEE 0D4C4EE 4EE 1EE 0EE 0S8H8EE 0C7EE 4HTEE 1DQEE 0KxEE 4KxEE 0D9EE 4DTEE 0DJEE
%00077%result% 23104
%00077%points% 214 237 225 255 239
%00078%mibun% 32014
%00078%seat% 41032
%00078%palyer_cards% S4S9STS2H4H9D5D6C4C7 S5SJH5H7HTD4D9C3CTCAJ3 S7S8SQH3HAD8DQDAD2C9C2 S6SKH6H8HKD3DTC8CQCK S3SAHJHQH2D7DJDKC5C6CJ 
%00078%change_cards%  42SAH2EE 03S2EE 24S7H3EE 30D3EE
%00078%play%  0S4H4C4EE 3EE 2EE 4EE 1EE 0EE 0S9H9EE 3EE 2EE 4EE 1EE 0EE 0D3EE 3S6EE 2S8EE 2SQDQEE 4EE 1EE 0EE 3EE 2EE 2SAHADAEE 4EE 1EE 0EE 3EE 2EE 2H2D2C2EE 4EE 1EE 0EE 3EE 2EE 2D8EE 2C9EE 4HJEE 1CAEE 0KxEE 3S2EE 4KxEE 1KxEE 3KxEE 1KxEE 1S5H5EE 0EE 3EE 4EE 1EE 1HTCTEE 0EE 3EE 4EE 1EE 1C3EE 0D5EE 3H6EE 4S7EE 1D9EE 0STEE 3CQEE 4DKEE 1KxEE 0KxEE 3KxEE 4KxEE 4S3H3EE 1EE 0EE 3EE 4EE 4DJCJEE 1EE 0EE 3EE 4EE 4C5EE 1H7EE 0KxEE 3H8EE 3SKHKCKEE 4EE 1EE 0EE 3EE 3C8EE 3DTEE 4HQEE 1KxEE 0KxEE 4KxEE 4C6EE 1SJEE 0KxEE 4KxEE 1KxEE 1D4EE 0D6EE 4D7EE
%00078%result% 23140
%00078%points% 215 240 230 259 241
%00079%mibun% 42013
%00079%seat% 41032
%00079%palyer_cards% S3S6S7S2H6HTD3D2C6CA S9SQH3HJH2D6DJC3CQCKJ3 S5STSJSKSAHQC4C5C7CTC2 S4H4H5H7HAD5D9DTDQC8 S8H8H9HKD4D7D8DKDAC9CJ 
%00079%change_cards%  02S2D2EE 43DAEE 20S5C4EE 34S4EE
%00079%play%  0S5S6S7EE 3EE 2EE 4EE 1EE 0EE 0S3D3EE 3EE 2EE 4EE 1EE 0EE 0H6C6EE 3EE 2EE 4EE 1EE 0EE 0C4EE 3H5EE 2C7EE 4S8EE 4S4D4EE 1EE 0EE 3EE 2EE 4EE 4H8D8EE 4H9C9EE 1EE 0EE 3EE 2EE 4EE 4HKDKEE 1EE 0EE 3EE 2EE 4EE 4D7EE 1S9EE 0HTEE 3DQEE 2SKEE 4KxEE 1H2EE 0KxEE 3KxEE 2KxEE 1KxEE 1KxEE 1H3C3EE 0EE 3EE 2EE 4EE 1EE 1HJDJEE 0EE 3EE 2EE 4EE 1EE 1SQCQEE 0EE 3EE 2EE 4EE 1EE 1D6EE 0CAEE 3KxEE 2S2EE 4KxEE 1KxEE 2KxEE 2STCTEE 4EE 1EE 3EE 2EE 2D2C2EE 4EE 1EE 3EE 2EE 2C5EE 4CJEE 1CKEE 3KxEE 2KxEE 3HADAEE 2EE 3EE 3H4EE 2SJEE 3KxEE 2HQEE 2SAEE
%00079%result% 04123
%00079%points% 220 243 232 260 245
%00080%mibun% 02341
%00080%seat% 41032
%00080%palyer_cards% S7H3H6H2D3D6D9DKCJCKC2 S9SJH4H8HTD4D5DTC4C8 S3SKS2H5HJHKD8D2C6CQJ3 S4S5S8H9HQD7DJC5C9CTCA S6STSQSAH7HADQDAC3C7 
%00080%change_cards%  30HQCAEE 24J3EE 03H3D3EE 42C3EE
%00080%play%  3H3D3EE 2EE 4EE 1EE 0EE 3EE 3S5C5EE 2EE 4EE 1EE 0EE 3EE 3H9C9EE 2EE 4EE 1EE 0EE 3EE 3S4EE 2H5EE 4S6EE 1H8EE 1H4D4C4EE 0EE 3EE 2EE 4EE 1EE 1HTDTEE 0EE 3EE 2EE 4EE 1EE 1D5EE 0H6EE 3D7EE 2D8EE 2S3C3EE 4EE 1EE 0EE 3EE 2EE 2SKHKEE 4EE 1EE 0EE 3EE 2EE 2S2D2EE 4EE 1EE 0EE 3EE 2EE 2C6EE 4H7EE 1C8EE 1S9EE 0CJEE 3KxEE 2CQEE 4KxEE 1KxEE 0KxEE 2KxEE 4KxEE 4SQDQEE 1EE 0EE 3EE 2EE 4EE 4SAHADAEE 1EE 0EE 3EE 2EE 4EE 4C7EE 1SJEE 0HQEE 3KxEE 2KxEE 4KxEE 0DKEE 0CAEE 0H2EE 0KxEE 0D6EE 3S8EE 3CTEE 2HJEE 4KxEE 0CKEE 3KxEE 0C2EE 0KxEE 0S7EE 3DJEE 4KxEE 0KxEE 4STEE
%00080%result% 12340
%00080%points% 221 248 236 263 247
%00081%mibun% 40123
%00081%seat% 40231
%00081%palyer_cards% SQH3HAD6D7D2C5C7C8CKJ3 S5H6H9H2D9DQDKC4C6CAC2 S6H7HJHKD3D5D8DJDACQ S4S9SJH4HQD4DTC3CTCJ S3S7S8STSKSAS2H5H8HTC9 
%00081%change_cards%  01D2J3EE 42S2EE 10S5C4EE 24D3EE
%00081%play%  4S3D3EE 0EE 2EE 3EE 1EE 4EE 4S8H8EE 4STHTEE 0EE 2EE 3EE 1EE 4EE 4H5EE 0D6EE 2H7EE 3S9EE 1DQEE 4SKEE 0HAEE 2S2EE 3KxEE 1KxEE 4KxEE 0KxEE 2KxEE 1KxEE 1H6C6EE 4EE 0EE 2EE 3EE 1EE 1H9D9EE 4EE 0EE 2EE 3EE 1EE 1H2D2C2EE 4EE 0EE 2EE 3EE 1EE 1DKEE 4SAEE 0KxEE 2KxEE 3KxEE 1KxEE 4KxEE 4S7EE 0C8EE 0S5C5EE 2EE 3EE 1EE 4EE 0EE 0D7C7EE 2EE 3EE 1EE 4EE 0EE 0H3EE 2D5EE 3DTEE 1KxEE 4KxEE 0KxEE 2DJEE 3KxEE 2DAEE 2KxEE 2S6EE 3CTEE 1CAEE 4KxEE 0KxEE 2KxEE 3KxEE 4C9EE 0SQEE 2HKEE 3KxEE 0KxEE 2KxEE 2D8EE 2HJEE 3HQEE 0KxEE 2KxEE 3KxEE 3S4H4D4EE 0EE 2EE 3EE 3SJCJEE 0EE 2EE 3EE 3C3EE 0C4EE 2CQEE
%00081%result% 14320
%00081%points% 222 253 238 266 251
%00082%mibun% 40321
%00082%seat% 40231
%00082%palyer_cards% STSAH7DJDKDAC7C9CTCQCA SQSKH8HTHKD4D8D2C5C6J3 S4S5SJH4H6HQD7DQC3C4 S3S7S9HAH2D5D6D9C8CK S6S8S2H3H5H9HJD3DTCJC2 
%00082%change_cards%  01SADAEE 24HQEE 10D4C5EE 42H3EE
%00082%play%  4HJCJEE 0EE 2EE 3EE 1EE 4EE 4S2C2EE 0EE 2EE 3EE 1EE 4EE 4D3EE 0D4EE 2D7EE 3D9EE 1DAEE 4KxEE 0KxEE 2KxEE 3KxEE 1D2EE 1KxEE 1KxEE 1SQSKSAEE 4EE 0EE 2EE 3EE 1EE 1H8D8EE 1C6EE 4S8EE 4H5EE 0H7EE 2KxEE 3HAEE 1KxEE 4KxEE 0KxEE 3H2EE 3KxEE 3S3EE 1HTEE 4HQEE 0KxEE 2KxEE 3KxEE 1HKEE 4KxEE 4S6EE 0C7EE 2SJEE 3CKEE 4KxEE 0CAEE 2KxEE 3KxEE 0KxEE 0STCTEE 2EE 3EE 4EE 0EE 0C5EE 2H6EE 3S7EE 4H9EE 0DJEE 2DQEE 3KxEE 4KxEE 0DKEE 2KxEE 0KxEE 0C9EE 2KxEE 3KxEE 4DTEE 0CQEE 2H3C3EE 3EE 2EE 2S4H4C4EE 3EE 2EE 2S5EE
%00082%result% 14023
%00082%points% 225 258 240 267 255
%00083%mibun% 20341
%00083%seat% 40231
%00083%palyer_cards% S6STSJH5H9D3DQDKD2CAC2 S5S7SKS2H6D4DJC3C7CJCK S3S8SQH4D7DAC6CTCQJ3 S4H8HJH2D6D8D9C4C8C9 S9SAH3H7HTHQHKHAD5DTC5 
%00083%change_cards%  31HJH2EE 24J3EE 13D4C3EE 42H3EE
%00083%play%  0D2C2EE 2EE 3EE 1EE 4EE 0EE 0D3EE 2H4EE 3D6EE 1S7EE 4S9EE 0STEE 2SQEE 3KxEE 1SKEE 4SAEE 0KxEE 2KxEE 1S2EE 4KxEE 1KxEE 4KxEE 4HQHKHAEE 0EE 2EE 3EE 1EE 4EE 4D5C5EE 0EE 2EE 3EE 1EE 4EE 4HTDTEE 0EE 2EE 3EE 1EE 4EE 4H7EE 0H9EE 2KxEE 3KxEE 1HJEE 0KxEE 1H2EE 1KxEE 1DJCJEE 0EE 2EE 3EE 1EE 1S5EE 0S6EE 2S8EE 2S3H3EE 3EE 1EE 0EE 2EE 2C6EE 3H8EE 3S4D4C4EE 1EE 0EE 2EE 3EE 3D8C8EE 3D9C9EE 1EE 0EE 2EE 3EE 3C3EE 1H6EE 0SJEE 2CQEE 1CKEE 0CAEE 2KxEE 1KxEE 0KxEE 0H5EE 2D7EE 1KxEE 0DQEE 2DAEE 0KxEE 2KxEE 2CTEE 1KxEE 0DKEE
%00083%result% 43201
%00083%points% 227 259 243 271 260
%00084%mibun% 34210
%00084%seat% 03412
%00084%palyer_cards% S8SJH2D8DJD2C3C7C8C9 S3S5H6HJHKHAD9DQC4C6CA S2H7H8HQD3D4D7DTCQCKC2 S4S7S9SAH3H9D5C5CTJ3 S6STSQSKH4H5HTD6DKDACJ 
%00084%change_cards%  14HACAEE 03H2EE 41H4H5EE 30H3EE
%00084%play%  2H7D7EE 0EE 3EE 4EE 1EE 2EE 2HQCQEE 0EE 3EE 4EE 1EE 2EE 2S2C2EE 0EE 3EE 4EE 1EE 2EE 2D3EE 0C7EE 3S9EE 4STEE 1KxEE 2KxEE 0SJEE 3SAEE 4KxEE 0KxEE 3KxEE 3KxEE 3D5C5EE 4EE 1EE 2EE 0EE 3EE 3S4EE 4S6EE 1KxEE 2KxEE 0S8EE 0H3C3EE 3EE 4EE 1EE 2EE 0EE 0D8C8EE 0C9EE 3CTEE 4CJEE 1KxEE 2CKEE 0KxEE 3KxEE 4CAEE 2KxEE 4KxEE 4SKDKEE 1EE 2EE 0EE 3EE 4EE 4HADAEE 1EE 2EE 0EE 3EE 4EE 4D6EE 1D9EE 2DTEE 0DJEE 3KxEE 4KxEE 1DQEE 2KxEE 0D2EE 1KxEE 3S7EE 4HTEE 1HJEE 2KxEE 3H2EE 4KxEE 1KxEE 3KxEE 3H9EE 4SQEE 1HKEE 2KxEE 1KxEE 1H4H5H6EE 2EE 1EE 1S3EE 2D4EE 1S5EE 2H8EE
%00084%result% 03421
%00084%points% 232 260 245 275 263
%00085%mibun% 04312
%00085%seat% 03412
%00085%palyer_cards% S3S4S7H8HTD4D8C3C4C8CQ S8S9H4H5H6D9DJDACKC2 S6SJHAD5D6DTDKC5C7CT S5SQSKSAH3D7DQC6CJCAJ3 STS2H7H9HJHQHKH2D3D2C9 
%00085%change_cards%  10DAC2EE 23HAEE 01S3C3EE 32H3EE
%00085%play%  4HJHQHKEE 1EE 2EE 0EE 3EE 4EE 4H9C9EE 1EE 2EE 0EE 3EE 4EE 4S2H2D2EE 1EE 2EE 0EE 3EE 4EE 4D3EE 1H4EE 2D5EE 0S7EE 3CJEE 4KxEE 1CKEE 2KxEE 0C2EE 3KxEE 1KxEE 0KxEE 3KxEE 3SQSKSAEE 4EE 1EE 2EE 0EE 3EE 3HACAEE 4EE 1EE 2EE 0EE 3EE 3S5EE 4H7EE 1S8EE 1S3C3EE 2EE 0EE 3EE 4EE 1EE 1S9D9EE 2EE 0EE 3EE 4EE 1EE 1H5EE 2S6EE 0H8EE 0S4D4C4EE 3EE 4EE 1EE 2EE 0EE 0D8C8EE 0HTEE 3DQEE 4KxEE 1KxEE 2DKEE 0DAEE 3KxEE 2KxEE 0KxEE 0CQEE 3KxEE 4KxEE 1KxEE 2KxEE 3C6EE 4STEE 1DJEE 2KxEE 3KxEE 1KxEE 1H6EE 2C7EE 3KxEE 2DTEE 2SJEE 2KxEE 2H3EE 3D7EE
%00085%result% 04132
%00085%points% 237 263 246 277 267
%00086%mibun% 02431
%00086%seat% 03412
%00086%palyer_cards% S4S8H3H5HTHAH2D7DJDKCK S6S7SKSAD4D8DAC3C9J3 S3S5S2D3D9D2C4C7C8C2 SJH4H7H8H9HQDQC5CTCQCA S9STSQH6HJHKD5D6DTC6CJ 
%00086%change_cards%  20S2D2EE 34CAEE 02S4H3EE 43D5EE
%00086%play%  2S3S4S5EE 0EE 3EE 4EE 1EE 2EE 2H3D3EE 0EE 3EE 4EE 1EE 2EE 2C4EE 0H5EE 3H7EE 4HJEE 1KxEE 2KxEE 0KxEE 3KxEE 4KxEE 1KxEE 1SADAEE 2EE 0EE 3EE 4EE 1EE 1C3EE 2C7EE 0CKEE 3KxEE 4CAEE 1KxEE 2C2EE 0KxEE 4KxEE 2KxEE 2C8EE 2D9EE 0HTEE 3SJEE 4SQEE 1SKEE 0S2EE 3KxEE 4KxEE 1KxEE 0KxEE 0H2D2EE 3EE 4EE 1EE 0EE 0D7EE 3H8EE 3D5C5EE 4EE 1EE 0EE 3EE 3HQDQCQEE 4EE 1EE 0EE 3EE 3H4EE 4H6EE 1KxEE 0HAEE 3KxEE 4KxEE 0KxEE 0S8EE 0DJEE 3KxEE 4HKEE 1KxEE 0KxEE 4KxEE 4D6C6EE 1EE 0EE 3EE 4EE 4STDTEE 1EE 0EE 3EE 4EE 4S9EE 1KxEE 0DKEE 3KxEE 4KxEE 3H9EE 4CJEE 1KxEE 3KxEE 1D4EE 3CTEE
%00086%result% 20431
%00086%points% 241 264 251 279 270
%00087%mibun% 14032
%00087%seat% 41203
%00087%palyer_cards% S3S6S8STSAH8HKC8CQCAC2 S9SJSQS2HTD4D8DTC4C9 H3H7HJH2D3D5D6D7DJDKCJ S4S5S7SKH4H6HAD9C7CTCK H5H9HQDQDAD2C3C5C6J3 
%00087%change_cards%  12SQS2EE 30HAEE 21H3D3EE 03S3EE
%00087%play%  1H3D3EE 2EE 0EE 3EE 4EE 1EE 1D4C4EE 2EE 0EE 3EE 4EE 1EE 1S9C9EE 2EE 0EE 3EE 4EE 1EE 1HTDTEE 2EE 0EE 3EE 4EE 1EE 1D8EE 1SJEE 2SQEE 0SAEE 3KxEE 4KxEE 2KxEE 0KxEE 4KxEE 4H5C5EE 2EE 0EE 3EE 4EE 4HQDQEE 2EE 0EE 3EE 4EE 4C3EE 2D5EE 0S6EE 3S7EE 4KxEE 2S2EE 0KxEE 3KxEE 2KxEE 2H7D7EE 0EE 3EE 4EE 2EE 2HJDJCJEE 0EE 3EE 4EE 2EE 2D6EE 0S8EE 0H8C8EE 0HACAEE 3EE 4EE 2EE 0EE 0STEE 3SKEE 4KxEE 2KxEE 0KxEE 3KxEE 3S3S4S5EE 4EE 2EE 0EE 3EE 3H4EE 4C6EE 2DKEE 0C2EE 3KxEE 4KxEE 2KxEE 0KxEE 0CQEE 3CKEE 4KxEE 2KxEE 0KxEE 3KxEE 3H6EE 4H9EE 2H2EE 0KxEE 3KxEE 4KxEE 0HKEE 3KxEE 4DAEE 4D2EE
%00087%result% 12043
%00087%points% 244 269 255 280 272
%00088%mibun% 20143
%00088%seat% 41203
%00088%palyer_cards% S3S8S9STHAD6D9DQDKC4CT S4S5SJSAH7H9D5DAC3C8C2 S6S7SQSKH4H5H6H2D4C6CJ S2H3HTD3D7DTDJC7CQCK H8HJHQHKD8D2C5C9CAJ3 
%00088%change_cards%  31S2CKEE 42J3EE 13S4C3EE 24H4EE
%00088%play%  3H3D3C3EE 4EE 1EE 2EE 0EE 3EE 3D7C7EE 4EE 1EE 2EE 0EE 3EE 3HTDTEE 4EE 1EE 2EE 0EE 3EE 3S4EE 4C5EE 1H7EE 2CJEE 0DQEE 3KxEE 4HKEE 1SAEE 2H2EE 0KxEE 4KxEE 1KxEE 2KxEE 2KxEE 2S6H6C6EE 0EE 3EE 4EE 1EE 2EE 2D4EE 0D6EE 3DJEE 4D2EE 1KxEE 2KxEE 0KxEE 3KxEE 4KxEE 4H8D8EE 4H4EE 1S5EE 2S7EE 0S8EE 0S9D9EE 3EE 4EE 1EE 2EE 0EE 0STCTEE 3EE 4EE 1EE 2EE 0EE 0S3EE 3CQEE 4CAEE 1C2EE 2KxEE 0KxEE 4KxEE 1KxEE 1D5EE 2SQEE 0DKEE 4KxEE 1DAEE 2KxEE 0KxEE 1KxEE 1C8EE 1H9EE 2SKEE 0HAEE 4KxEE 1S2EE 2KxEE 0KxEE 1KxEE 1SJEE 2KxEE 0KxEE 4HQEE 1CKEE 4KxEE 2H5EE 0KxEE 4C9EE 4HJEE
%00088%result% 31240
%00088%points% 245 273 258 285 274
%00089%mibun% 41203
%00089%seat% 41203
%00089%palyer_cards% S9SJH3D6D8DQDKC7CTJ3 S7SQH7HTHQHKD3DJD2C8CJ SAH6H8HJHAD7DTDAC4CQ S5S8STH4H9D4D5D9C6C9C2 S3S4S6SKS2H5H2C3C5CKCA 
%00089%change_cards%  03DKJ3EE 41S2EE 30H4D4EE 14D3EE
%00089%play%  4S3D3C3EE 1EE 2EE 0EE 3EE 4EE 4H5C5EE 1EE 2EE 0EE 3EE 4EE 4SKCKEE 1EE 2EE 0EE 3EE 4EE 4S4EE 1S7EE 2SAEE 0KxEE 3KxEE 4KxEE 1KxEE 2KxEE 3KxEE 3S5D5EE 4EE 1EE 2EE 0EE 3EE 3H9D9C9EE 4EE 1EE 2EE 0EE 3EE 3C6EE 4CAEE 1KxEE 2KxEE 0KxEE 3C2EE 4KxEE 3KxEE 3S8EE 3STEE 4H2EE 1KxEE 2KxEE 0KxEE 3KxEE 4KxEE 4S6EE 1H7EE 2H8EE 2HADAEE 0EE 3EE 1EE 2EE 2C4EE 0D6EE 3DKEE 1D2EE 2KxEE 0KxEE 1KxEE 1DJCJEE 2EE 0EE 1EE 1SQHQEE 2EE 0EE 1EE 1C8EE 1HTEE 2HJEE 0KxEE 1HKEE 2KxEE 1KxEE 1S2EE 2KxEE 0KxEE 2H6EE 0C7EE 2DTEE 0SJEE 2CQEE 0KxEE 2KxEE 2D7EE
%00089%result% 43120
%00089%points% 246 276 260 289 279
%00090%mibun% 42310
%00090%seat% 03241
%00090%palyer_cards% S3SJSQS2HKD3D7C4C6CJC2 S6S8H4H6H7H8HQDQC5C8CT S9SAH3D5D6DJDKDAC3C7 S5S7STHJHAH2D4D8DTCK S4SKH5H9HTD9D2C9CQCAJ3 
%00090%change_cards%  04S2C2EE 23SAEE 40S4H5EE 32D4EE
%00090%play%  0S3D3EE 3EE 2EE 4EE 1EE 0EE 0S4C4EE 3EE 2EE 4EE 1EE 0EE 0SJCJEE 3EE 2EE 4EE 1EE 0EE 0H5EE 3S7EE 2S9EE 4SKEE 1KxEE 0KxEE 3SAEE 2KxEE 4S2EE 3KxEE 4KxEE 4KxEE 4H9D9C9EE 1EE 0EE 3EE 2EE 4EE 4D2C2EE 1EE 0EE 3EE 2EE 4EE 4HTEE 1HQEE 0HKEE 3HAEE 2KxEE 4KxEE 1KxEE 0KxEE 3H2EE 3KxEE 3STDTEE 2EE 4EE 1EE 0EE 3EE 3S5EE 2D6EE 4CQEE 1KxEE 0KxEE 3CKEE 2KxEE 4CAEE 3KxEE 1H6H7H8EE 1S8C8EE 1H4EE 0C6EE 3D8EE 3HJEE 2DKEE 1KxEE 0KxEE 2DAEE 2KxEE 2H3C3EE 1EE 0EE 2EE 2D4EE 1C5EE 0D7EE 2DJEE 1DQEE 0KxEE 2KxEE 1KxEE 1S6EE 0SQEE 2KxEE 1KxEE 2D5EE 1CTEE
%00090%result% 43012
%00090%points% 249 278 261 293 284
%00091%mibun% 23410
%00091%seat% 03241
%00091%palyer_cards% S4S5S7SJS2H7H8HAD4C9CA S3SQSKSAH6H2D3D8DTC6C2 S9H3H4D6D7DJDQDKD2C8 H9HTHJHQHKD9DAC5C7CK S6S8STH5D5C3C4CTCJCQJ3 
%00091%change_cards%  24DKD2EE 13H2EE 42C3C4EE 31C5EE
%00091%play%  1SQSKSAEE 0EE 3EE 2EE 4EE 1EE 1S3D3EE 0EE 3EE 2EE 4EE 1EE 1H6C6EE 0EE 3EE 2EE 4EE 1EE 1C5EE 0S7EE 3H9EE 2DJEE 4CQEE 1C2EE 0KxEE 3KxEE 2KxEE 4KxEE 1KxEE 4KxEE 4H5D5EE 1EE 0EE 3EE 2EE 4EE 4STCTEE 1EE 0EE 3EE 2EE 4EE 4S6EE 1D8EE 1DTEE 0SJEE 3HQEE 2KxEE 4DKEE 0HAEE 3H2EE 4KxEE 0KxEE 3KxEE 3HKCKEE 2EE 4EE 0EE 3EE 3C7EE 2C8EE 2H3C3EE 4EE 0EE 3EE 2EE 2H4C4EE 4EE 0EE 3EE 2EE 2D6EE 4S8EE 4CJEE 0CAEE 3KxEE 2KxEE 4KxEE 0KxEE 0S4D4EE 3EE 2EE 4EE 0EE 0S5EE 3D9EE 2DQEE 4D2EE 0KxEE 3KxEE 2KxEE 0H7EE 3HTEE 2KxEE 0KxEE 3HJEE 3KxEE 3DAEE 2KxEE 0S2EE 0KxEE 0H8EE 0C9EE
%00091%result% 14302
%00091%points% 251 283 262 296 288
%00092%mibun% 30421
%00092%seat% 03241
%00092%palyer_cards% SJSKSAHTD4D6D8D9D2CTCQ S4S7STH7D5D7DJDKC6C7J3 S9S2H3H5H8H2C3C5CJC2 S3S5S6SQH4HKD3DTDAC4CA S8H6H9HJHQHADQC8C9CK 
%00092%change_cards%  21S2H2EE 04D2EE 12S4D5EE 40H6EE
%00092%play%  3S3D3EE 2EE 4EE 1EE 0EE 3EE 3H4C4EE 2EE 4EE 1EE 0EE 3EE 3DACAEE 2EE 4EE 1EE 0EE 3EE 3S5EE 2H8EE 2H3C3EE 4EE 1EE 0EE 3EE 2EE 2H5D5C5EE 4EE 1EE 0EE 3EE 2EE 2S4EE 4S8EE 4H9C9EE 1EE 0EE 3EE 2EE 4EE 4HQDQEE 1EE 0EE 3EE 2EE 4EE 4C8EE 4HJEE 1DKEE 0SAEE 3KxEE 2C2EE 4KxEE 1KxEE 0KxEE 2KxEE 1KxEE 1S7H7D7C7EE 0EE 3EE 2EE 4EE 1EE 1EE 0EE 3EE 2EE 4EE 1EE 0EE 3EE 2EE 4EE 1EE 0EE 3EE 2EE 4EE
%00092%result% 32410
%00092%points% 252 285 266 301 291
%00093%mibun% 43102
%00093%seat% 42310
%00093%palyer_cards% S6S7SJSQSKSAHTD4DKC4CJ S8S2H4H9HJD5D9C3C9CKC2 S9H6HQHAD6D8DJC5C8CQ S3S4S5STH5H8D7D2C6CTCA H3H7HKH2D3DTDQDAC7J3 
%00093%change_cards%  03SKSAEE 12S2EE 30S3S4EE 21C5EE
%00093%play%  4H3D3EE 2EE 3EE 1EE 0EE 4EE 4H7C7EE 2EE 3EE 1EE 0EE 4EE 4DTEE 2DJEE 3D2EE 1KxEE 0KxEE 4KxEE 2KxEE 3KxEE 4KxEE 4DQEE 2HAEE 3KxEE 1C2EE 0KxEE 4KxEE 2KxEE 1KxEE 1D5C5EE 0EE 4EE 2EE 3EE 1EE 1H9D9C9EE 0EE 4EE 2EE 3EE 1EE 1C3EE 0S4EE 4HKEE 2S2EE 3KxEE 1KxEE 0KxEE 4KxEE 2KxEE 2H6D6EE 3EE 1EE 0EE 4EE 2EE 2D8C8EE 2HQCQEE 3EE 1EE 0EE 4EE 2EE 2S9EE 3STEE 1KxEE 0SJEE 4KxEE 3SKEE 0KxEE 3SAEE 3KxEE 3S5H5EE 1EE 0EE 4EE 3EE 3C6EE 1S8EE 1H4EE 0S6EE 4DAEE 3KxEE 1KxEE 0KxEE 4H2EE 3D7EE 1HJEE 0SQEE 3CAEE 1KxEE 0KxEE 3KxEE 3H8EE 3CTEE 1CKEE
%00093%result% 24310
%00093%points% 253 287 271 304 295
%00094%mibun% 43021
%00094%seat% 42310
%00094%palyer_cards% S9SKHTH2D7DTDJDAC7J3 S8SJH3D3D9DKC3C5C8CJCK S6S7STH4HJD8DQD2C9CTC2 S3S5SQS2H5H6D4D6C4C6CA S4SAH7H8H9HQHKHAD5CQ 
%00094%change_cards%  02H2J3EE 14DKEE 20S6H4EE 41S4EE
%00094%play%  1H3D3C3EE 0EE 4EE 2EE 3EE 1EE 1S8C8EE 1SJCJEE 0EE 4EE 2EE 3EE 1EE 1S4EE 0S6EE 4SAEE 2KxEE 3KxEE 1KxEE 0KxEE 4KxEE 2KxEE 2STCTEE 3EE 1EE 0EE 4EE 2EE 2H2D2C2EE 3EE 1EE 0EE 4EE 2EE 2S7EE 3SQEE 1KxEE 0SKEE 4KxEE 2KxEE 3S2EE 0KxEE 3KxEE 3D4C4EE 1EE 0EE 4EE 2EE 3EE 3S5H5EE 1EE 0EE 4EE 2EE 3EE 3H6D6C6EE 1EE 0EE 4EE 2EE 3EE 3S3EE 1C5EE 0D7EE 4H8EE 4HQHKHAEE 2EE 3EE 1EE 0EE 4EE 4D5EE 2D8EE 2C9EE 3CAEE 1KxEE 0KxEE 4KxEE 2KxEE 1D9EE 0HTEE 4CQEE 2KxEE 1CKEE 0KxEE 4KxEE 0H4EE 4H7EE 2HJEE 0KxEE 4KxEE 2KxEE 2DQEE 0DAEE 4KxEE 0KxEE 0C7EE 4H9EE 0DTEE 4DKEE
%00094%result% 31240
%00094%points% 254 291 274 309 297
%00095%mibun% 41203
%00095%seat% 42310
%00095%palyer_cards% S7H3H5HTHJD7D8C3C7CKC2 S5S9SKS2H7HKD3D5DAC5CA STSJSQH2D6DTDJC6CQJ3 S4S6SAH4H6H9D4D9DQC4CT S3S8H8HQHADKD2C8C9CJ 
%00095%change_cards%  03CKC2EE 41D2EE 30S4H4EE 14D3EE
%00095%play%  4S3D3EE 2EE 3EE 1EE 0EE 4EE 4S8H8C8EE 4C9EE 2STEE 3DQEE 1SKEE 0KxEE 4HAEE 2H2EE 3KxEE 1KxEE 4KxEE 2KxEE 2KxEE 2D6C6EE 3EE 1EE 0EE 4EE 2EE 2SJDJEE 3EE 1EE 0EE 4EE 2EE 2SQCQEE 3EE 1EE 0EE 4EE 2EE 2DTEE 3CKEE 1DAEE 0KxEE 4KxEE 3C2EE 1KxEE 3KxEE 3D4C4EE 1EE 0EE 4EE 3EE 3S6H6EE 1EE 0EE 4EE 3EE 3H9D9EE 1EE 0EE 4EE 3EE 3CTEE 1HKEE 0KxEE 4KxEE 3SAEE 1S2EE 1KxEE 1S5D5C5EE 0EE 4EE 1EE 1H7EE 0D8EE 0H3H4H5EE 4EE 1EE 0EE 0S7D7C7EE 4EE 1EE 0EE 0C3EE 4CJEE 1CAEE 0KxEE 4KxEE 1KxEE 1S9EE 0HTEE 4HQEE 1KxEE 0KxEE 4KxEE 4DKEE 1D2EE
%00095%result% 23410
%00095%points% 255 293 279 313 300
%00096%mibun% 43012
%00096%seat% 13042
%00096%palyer_cards% SKH5H6H7HAD8D9DQD2C8 S6STSJSAD5DJC3C5CTCJCK S4S9SQHTHJH2C4C6C7C9C2 S7S8S2H3HKD4D7DTDACQCA S3S5H4H8H9HQD3D6DKJ3 
%00096%change_cards%  02HAD2EE 13SAEE 20S4C4EE 31H3EE
%00096%play%  4S3D3EE 2EE 1EE 3EE 0EE 4EE 4H4EE 2C6EE 1STEE 3CQEE 0SKEE 4KxEE 2KxEE 1KxEE 3KxEE 0KxEE 4KxEE 4S5EE 2C7EE 1CTEE 3CAEE 0KxEE 4KxEE 2C2EE 1KxEE 3KxEE 2KxEE 2S9C9EE 1EE 3EE 0EE 4EE 2EE 2H2D2EE 1EE 3EE 0EE 4EE 2EE 2HTEE 1SJEE 3HKEE 0KxEE 4KxEE 2HAEE 1KxEE 3KxEE 2KxEE 2HJEE 1CKEE 3SAEE 0KxEE 4KxEE 2KxEE 1KxEE 3S2EE 3KxEE 3S7D7EE 0EE 4EE 2EE 1EE 3EE 3D4EE 0H5EE 4D6EE 2SQEE 1KxEE 3DAEE 0KxEE 4KxEE 3KxEE 3S8EE 3DTEE 0DQEE 4DKEE 1KxEE 0KxEE 4KxEE 4H8EE 4H9EE 1DJEE 0KxEE 4HQEE 1KxEE 1H3C3EE 0EE 1EE 1D5C5EE 0EE 1EE 1S6EE 0H7EE 1CJEE
%00096%result% 23410
%00096%points% 256 295 284 317 303
%00097%mibun% 43012
%00097%seat% 13042
%00097%palyer_cards% STSAH8HJH2D3D5DAD2C4 S6S9SKHAD4D6D9DKC5CJCA S3S4S7H3HTHQHKDTDJC8CT S5S8SQS2H6H7D7C7CKC2J3 SJH4H5H9D8DQC3C6C9CQ 
%00097%change_cards%  02H2D2EE 13HAEE 20S3H3EE 31S5EE
%00097%play%  0S3H3D3EE 4EE 2EE 1EE 3EE 0EE 0SADAEE 4EE 2EE 1EE 3EE 0EE 0C4EE 4H5EE 2S7EE 1S9EE 3SQEE 0KxEE 4KxEE 2KxEE 1SKEE 3S2EE 1KxEE 3KxEE 3KxEE 3H7D7C7EE 0EE 4EE 2EE 1EE 3EE 3H6EE 0H8EE 0D5EE 4C6EE 2C8EE 2HTDTCTEE 1EE 3EE 0EE 4EE 2EE 2H2D2EE 1EE 3EE 0EE 4EE 2EE 2S4EE 1S5EE 3S8EE 3CKEE 0KxEE 4KxEE 2KxEE 1CAEE 3C2EE 1KxEE 3KxEE 3HAEE 0KxEE 4KxEE 2KxEE 1KxEE 0STEE 4SJEE 2KxEE 1KxEE 0KxEE 4KxEE 4H9C9EE 2EE 1EE 0EE 4EE 4DQCQEE 2EE 1EE 0EE 4EE 4C3EE 2DJEE 1DKEE 0KxEE 4KxEE 2KxEE 1KxEE 1S6D6EE 0EE 4EE 2EE 1EE 1D4EE 0HJEE 4KxEE 2HQEE 1KxEE 2HKEE 1C5EE 4D8EE 4H4EE
%00097%result% 30241
%00097%points% 260 296 287 322 305
%00098%mibun% 14203
%00098%seat% 13042
%00098%palyer_cards% S5S6S8STSJSKH9D7DAC9CQ S7HTHQHKHAC4C5C6C2J3 H6H2D4DTDJDQDKD2CJCK S3S4SAS2H4H7H8D5D8D9C8 S9SQH3H5HJD3D6C3C7CTCA 
%00098%change_cards%  13C2J3EE 40CAEE 31S3S4EE 04S5EE
%00098%play%  4H3D3C3EE 2EE 1EE 3EE 0EE 4EE 4S5H5EE 2EE 1EE 3EE 0EE 4EE 4D6EE 2DTEE 1KxEE 3KxEE 0KxEE 4KxEE 2KxEE 3KxEE 3H8D8C8EE 3S2C2EE 0EE 4EE 2EE 1EE 3EE 3H4EE 0S6EE 4C7EE 2DJEE 1HQEE 3SAEE 0KxEE 4KxEE 2H2EE 1KxEE 3KxEE 2KxEE 2DKCKEE 1EE 3EE 0EE 4EE 2EE 2D4EE 1C5EE 3H7EE 0S8EE 0H9C9EE 4EE 2EE 1EE 3EE 0EE 0DACAEE 4EE 2EE 1EE 3EE 0EE 0D7EE 4S9EE 2CJEE 1HKEE 3KxEE 0KxEE 4KxEE 2D2EE 1KxEE 2KxEE 2H6EE 1S7EE 3D9EE 0STEE 4HJEE 2DQEE 1HAEE 3KxEE 0KxEE 4KxEE 1KxEE 1S4C4EE 3EE 0EE 4EE 1EE 1S3EE 3D5EE 0SJEE 4SQEE 1KxEE 0SKEE 4KxEE 0KxEE 0CQEE 4KxEE 1KxEE 4CTEE
%00098%result% 23041
%00098%points% 263 297 292 326 307
%00099%mibun% 24013
%00099%seat% 04231
%00099%palyer_cards% S4S5S2H9HTH2D5CJCQCA S9H4H5H6HKD3D4DTDQDAD2 S8SJSAHQD7DKC3C4C8CTC2 S6S7SKH7H8HAD6DJC6C7C9 S3STSQH3HJD8D9C5CKJ3 
%00099%change_cards%  12DAD2EE 43J3EE 21C3C4EE 34S6EE
%00099%play%  1H4H5H6EE 0EE 4EE 2EE 3EE 1EE 1D3C3EE 0EE 4EE 2EE 3EE 1EE 1D4C4EE 0EE 4EE 2EE 3EE 1EE 1S9EE 0HTEE 4HJEE 2HQEE 3HAEE 1KxEE 0H2EE 4KxEE 2KxEE 3KxEE 0KxEE 3KxEE 3D6C6EE 1EE 0EE 4EE 2EE 3EE 3S7H7C7EE 1EE 0EE 4EE 2EE 3EE 3H8EE 3C9EE 1DTEE 0CJEE 4SQEE 2DKEE 3KxEE 1KxEE 0CAEE 4KxEE 2D2EE 0KxEE 2KxEE 2S8C8EE 2SADAEE 3EE 1EE 0EE 4EE 2EE 2D7EE 3DJEE 1DQEE 0KxEE 4KxEE 2KxEE 3KxEE 1KxEE 1HKEE 0S2EE 4KxEE 2KxEE 3KxEE 0KxEE 0S5D5EE 4EE 2EE 3EE 0EE 0S4EE 4C5EE 2CTEE 3KxEE 0CQEE 4CKEE 2C2EE 0KxEE 4KxEE 2KxEE 2SJEE 3SKEE 0KxEE 4KxEE 0H9EE
%00099%result% 12304
%00099%points% 265 302 296 329 308
%00100%mibun% 22222
%00100%seat% 04231
%00100%palyer_cards% S5SQD4D8D9DQD2C4C7CJCQ S7S8STH7HQHAD7DJDAC6C2 S3S9SKH5H6HTD5DTC3J3 S4S6H4H8H9HJH2D6C9CK SJSAS2H3HKD3DKC5C8CTCA 
%00100%change_cards% NULL
%00100%play%  4H3D3EE 2EE 3EE 1EE 0EE 4EE 4HKDKEE 2EE 3EE 1EE 0EE 4EE 4SACAEE 2EE 3EE 1EE 0EE 4EE 4C5EE 2H6EE 3H8EE 3S4H4EE 1EE 0EE 4EE 2EE 3EE 3S6D6EE 1EE 0EE 4EE 2EE 3EE 3H9C9EE 1EE 0EE 4EE 2EE 3EE 3HJEE 1HQEE 0KxEE 4KxEE 2KxEE 3KxEE 1KxEE 2KxEE 2S3C3EE 3EE 1EE 0EE 4EE 2EE 2H5D5EE 3EE 1EE 0EE 4EE 2EE 2HTDTEE 3EE 1EE 0EE 4EE 2EE 2S9EE 3CKEE 1HAEE 0D2EE 4KxEE 2KxEE 3KxEE 1KxEE 0KxEE 0D4C4EE 4EE 2EE 3EE 1EE 0EE 0SQDQCQEE 4EE 2EE 3EE 1EE 0EE 0S5EE 4C8EE 4CTEE 2SKEE 3H2EE 1KxEE 0KxEE 4KxEE 1S7H7D7EE 0EE 4EE 1EE 1C6EE 0C7EE 4KxEE 1C2EE 0KxEE 1KxEE 1S8EE 1STEE 0CJEE 4S2EE 1KxEE 0KxEE 4KxEE 4SJEE 1DAEE 0KxEE 1KxEE 1DJEE
%00100%result% 23410
%00100%points% 266 304 301 333 311
%00101%mibun% 43012
%00101%seat% 04231
%00101%palyer_cards% S5SKH4H5H7H8HQD7C4CA S6S8STSAHTHJD4D8DTCKC2 S3S7H6H9D6D9DKD2C3C8CJ S9S2HKD5DJDQC5C7C9CQJ3 S4SJSQH3HAH2D3DAC6CT 
%00101%change_cards%  02SKCAEE 13C2EE 20S3C3EE 31D5EE
%00101%play%  4H3D3EE 2EE 3EE 1EE 0EE 4EE 4HADAEE 2EE 3EE 1EE 0EE 4EE 4S4EE 2H6EE 3C7EE 1S8EE 1STHTDTEE 0EE 4EE 2EE 3EE 1EE 1D4EE 0S5EE 4C6EE 2S7EE 3S9EE 1SAEE 0KxEE 4KxEE 2KxEE 3S2EE 1KxEE 3KxEE 3KxEE 3DQCQEE 1EE 0EE 4EE 2EE 3EE 3C5EE 1S6EE 0H7EE 4CTEE 2CJEE 3C2EE 1KxEE 0KxEE 4KxEE 2KxEE 3KxEE 3C9EE 1HJEE 0HQEE 4H2EE 2KxEE 3KxEE 1KxEE 0KxEE 4KxEE 4SJEE 2SKEE 3KxEE 1KxEE 0KxEE 4KxEE 2KxEE 2H9D9EE 3EE 1EE 0EE 4EE 2EE 2D6EE 3DJEE 1KxEE 0KxEE 4KxEE 2DKEE 3KxEE 2D2EE 2KxEE 2C8EE 2CAEE 3KxEE 1KxEE 0KxEE 4KxEE 3HKEE 1KxEE 0KxEE 4KxEE 1D5EE 0D7EE 4KxEE 1D8EE 1CKEE 0KxEE 4KxEE 0S3C3EE 4EE 0EE 0H4C4EE 4EE 0EE 0H5EE 4SQEE
%00101%result% 23140
%00101%points% 267 307 306 337 313
%00102%mibun% 42013
%00102%seat% 23410
%00102%palyer_cards% S3SJS2HKD4D8DQDAC7CA STSKH5D7D9D2C3C4CTJ3 S4S5SQSAHJH2D6C5C6C9CQ S6S7H7H8H9HTD3DKC8CKC2 S8S9H3H4H6HQHAD5DTDJCJ 
%00102%change_cards%  02S2DAEE 43HAEE 20S4S5EE 34D3EE
%00102%play%  4H3D3EE 1EE 0EE 2EE 3EE 4EE 4DJCJEE 1EE 0EE 2EE 3EE 4EE 4H4EE 1H5EE 0HKEE 2H2EE 3KxEE 4KxEE 1KxEE 0KxEE 2KxEE 1KxEE 1STCTEE 0EE 2EE 3EE 4EE 1EE 1C3EE 0S4EE 2C5EE 3S6EE 4S8EE 4D5EE 1D7EE 0D8EE 0S3EE 2D6EE 3S7EE 4S9EE 1SKEE 0KxEE 2SAEE 3KxEE 4KxEE 1KxEE 2S2EE 2KxEE 2SQCQEE 3EE 4EE 1EE 0EE 2EE 2C6EE 3H7EE 4DTEE 1D2EE 0KxEE 2KxEE 3KxEE 4KxEE 1KxEE 1C4EE 0S5EE 2C9EE 3HTEE 4HQEE 1KxEE 0KxEE 2KxEE 3HAEE 4KxEE 3KxEE 3H8C8EE 3DKCKEE 4EE 1EE 0EE 2EE 3EE 3H9EE 4KxEE 1KxEE 0SJEE 2DAEE 3C2EE 0KxEE 2KxEE 4H6EE 1D9EE 0DQEE 2KxEE 0KxEE 0D4EE 2HJEE
%00102%result% 34120
%00102%points% 268 310 308 342 317
%00103%mibun% 42301
%00103%seat% 23410
%00103%palyer_cards% S6S7S8STSQH8D4D8CTCA S9SJSKH9HQHAD3DJD2C5C2 S5SAHTD7DAC6C9CQCKJ3 S3S4S2H5HKH2DTDQC3C8CJ H3H4H6H7HJD5D6D9DKC4C7 
%00103%change_cards%  03SQCAEE 24J3EE 30S3C3EE 42H3EE
%00103%play%  1S9H9EE 0EE 2EE 3EE 4EE 1EE 1SJDJEE 0EE 2EE 3EE 4EE 1EE 1D2C2EE 0EE 2EE 3EE 4EE 1EE 1D3EE 0D4EE 2D7EE 3DTEE 4DKEE 1KxEE 0KxEE 2DAEE 3KxEE 4KxEE 2KxEE 4KxEE 4H4C4EE 1EE 0EE 2EE 3EE 4EE 4H6D6EE 1EE 0EE 2EE 3EE 4EE 4H7C7EE 1EE 0EE 2EE 3EE 4EE 4D5EE 1HQEE 0KxEE 2CKEE 3CAEE 4KxEE 1KxEE 2KxEE 3KxEE 3SQDQEE 4EE 1EE 0EE 2EE 3EE 3S2H2EE 4EE 1EE 0EE 2EE 3EE 3S4EE 4D9EE 1SKEE 0KxEE 2SAEE 3KxEE 4KxEE 1KxEE 2KxEE 2H3EE 3H5EE 4HJEE 1HAEE 0KxEE 2KxEE 3KxEE 1KxEE 1C5EE 0S6EE 2C9EE 3CJEE 0KxEE 2CQEE 3KxEE 2KxEE 2S5EE 3C8EE 3HKEE 0KxEE 2KxEE 0S3C3EE 2EE 0EE 0S8H8D8EE 0STCTEE 2EE 0EE 0S7EE
%00103%result% 41302
%00103%points% 270 314 309 345 322
%00104%mibun% 31420
%00104%seat% 23410
%00104%palyer_cards% S8H5H6H8D5DJDAD2C8CJCA S7SJSQSAH3HQHAD4DTCQC2 S3SKS2H4HJD3D6D8C5C9 S4S5H9HKH2DKC3C7CTCK S6S9STH7HTD7D9DQC4C6J3 
%00104%change_cards%  24SKS2EE 01D2EE 42S6C4EE 10H3EE
%00104%play%  2S3D3EE 3EE 4EE 1EE 0EE 2EE 2H4C4EE 3EE 4EE 1EE 0EE 2EE 2S6D6EE 3EE 4EE 1EE 0EE 2EE 2C5EE 3C7EE 4KxEE 1KxEE 0KxEE 2KxEE 3KxEE 4KxEE 4H7D7EE 1EE 0EE 2EE 3EE 4EE 4S9D9EE 1EE 0EE 2EE 3EE 4EE 4STHTEE 1EE 0EE 2EE 3EE 4EE 4C6EE 1S7EE 0S8EE 0H5D5EE 2EE 3EE 4EE 1EE 0EE 0H8C8EE 0DJCJEE 2EE 3EE 4EE 1EE 0EE 0DACAEE 2EE 3EE 4EE 1EE 0EE 0H3EE 2D8EE 2C9EE 3CTEE 4KxEE 1CQEE 0KxEE 2KxEE 3CKEE 1C2EE 3KxEE 1KxEE 1SQHQEE 0EE 2EE 3EE 4EE 1EE 1SAHAEE 0EE 2EE 3EE 4EE 1EE 1D4EE 0H6EE 2HJEE 3HKEE 4KxEE 1KxEE 3H2EE 3KxEE 3C3EE 4DQEE 1D2EE 3KxEE 4KxEE 1KxEE 1DTEE 3DKEE 4KxEE 1KxEE 3KxEE 3S4EE 4SKEE 1KxEE 3KxEE 4S2EE 1SJEE
%00104%result% 02413
%00104%points% 275 316 313 346 325
%00105%mibun% 03142
%00105%seat% 34210
%00105%palyer_cards% S8SQH3H8H9D3D6DTDQD2CK S9SJSAS2HJD5D7C4C6CA S5STH6HTHQDKC5C7CTCJ S4H7HKHAD4D8D9DAC8CQC2 S3S6S7SKH4H5H2DJC3C9J3 
%00105%change_cards%  30HAC2EE 12S2EE 03H3D3EE 21S5EE
%00105%play%  3H3D3EE 4EE 2EE 1EE 0EE 3EE 3S4D4EE 4EE 2EE 1EE 0EE 3EE 3D8C8EE 3H7EE 4C9EE 2STEE 1SJEE 0SQEE 3KxEE 4SKEE 2S2EE 1KxEE 0KxEE 4KxEE 2KxEE 4KxEE 4S3C3EE 2EE 1EE 0EE 3EE 4EE 4H4EE 2C5EE 1C6EE 0CKEE 3KxEE 4KxEE 2KxEE 1CAEE 0C2EE 1KxEE 0KxEE 0S8H8EE 0D6EE 3D9EE 4DJEE 2DKEE 1KxEE 0D2EE 3KxEE 4KxEE 2KxEE 0KxEE 0H9EE 3CQEE 4H2EE 2KxEE 1KxEE 0KxEE 3KxEE 4KxEE 4H5EE 2H6EE 1HJEE 0HAEE 3KxEE 4KxEE 2KxEE 1KxEE 0KxEE 0DTEE 3HKEE 4KxEE 2KxEE 1SAEE 0KxEE 3KxEE 1KxEE 1S5D5EE 0EE 3EE 4EE 2EE 1EE 1C4EE 0DQEE 3DAEE 4KxEE 2KxEE 1KxEE 4S6EE 2C7EE 1S9EE 4KxEE 2HTEE 1KxEE 2CJEE 2HQEE 2KxEE 2CTEE 1KxEE 4KxEE 1D7EE
%00105%result% 03214
%00105%points% 280 318 316 350 326
%00106%mibun% 03214
%00106%seat% 34210
%00106%palyer_cards% S4S5S9SJD5D6D2C4C9CJCQ SQSAHQH2D4D7DTDQC7C8 S3S8SKS2H3HTHKHAD3C3 S6S7STH4H6H9HJD9C5CAC2 H5H7H8D8DJDKDAC6CTCKJ3 
%00106%change_cards%  40DAJ3EE 13H2EE 04S4C4EE 31H4EE
%00106%play%  2S3H3D3C3EE 1EE 0EE 3EE 4EE 2EE 2EE 1EE 0EE 3EE 4EE 2EE 1EE 0EE 3EE 4EE 2EE 1EE 0EE 3EE 4EE
%00106%result% 04132
%00106%points% 285 321 317 352 330
%00107%mibun% 02431
%00107%seat% 34210
%00107%palyer_cards% S3H4H5HJHKD4DTDJC4C6CQ STSAS2H3H7H2D3DKCKCA S4S6S7SJSQHTHQDAC8J3 SKHAD6D8DQD2C5C7C9CTCJ S5S8S9H6H8H9D5D7D9C3C2 
%00107%change_cards%  20DAJ3EE 34D2EE 02S3H4EE 43C3EE
%00107%play%  1H3D3EE 0EE 3EE 4EE 2EE 1EE 1DKCKEE 0EE 3EE 4EE 2EE 1EE 1SACAEE 0EE 3EE 4EE 2EE 1EE 1S2H2EE 0EE 3EE 4EE 2EE 1EE 1H7EE 0DTEE 3CJEE 4D2EE 2KxEE 1KxEE 0KxEE 3KxEE 4KxEE 0KxEE 0D4C4EE 3EE 4EE 2EE 1EE 0EE 0HJDJEE 3EE 4EE 2EE 1EE 0EE 0H5EE 3D6EE 4D7EE 2KxEE 1KxEE 0DAEE 3KxEE 4KxEE 0KxEE 0C6EE 3C7EE 4C2EE 2KxEE 1KxEE 0KxEE 3KxEE 4KxEE 4S5D5EE 2EE 1EE 0EE 3EE 4EE 4S8H8EE 4S9H9D9EE 2EE 1EE 0EE 3EE 4EE 4H6EE 2S7EE 1STEE 0KxEE 3SKEE 2KxEE 3KxEE 3C3EE 2S4EE 0CQEE 3HAEE 2KxEE 0KxEE 3KxEE 3C5EE 2S6EE 0HKEE 3KxEE 2KxEE 3D8EE 3C9EE 2HTEE 3DQEE 2KxEE 3KxEE 3CTEE
%00107%result% 41032
%00107%points% 288 325 318 354 335
%00108%mibun% 21430
%00108%seat% 20413
%00108%palyer_cards% S5S9S2H3H7HQD3D6C7CA S4S8SQD4D5DTDKC3C4C6J3 S3S7SAH4HTD7D9C5C9CJ STSJSKH5H9HJHADJDAD2CK S6H6H8HKH2D8DQC8CTCQC2 
%00108%change_cards%  24SACJEE 31D2EE 42S6H6EE 13C3EE
%00108%play%  0H3D3EE 4EE 1EE 3EE 2EE 0EE 0H7C7EE 4EE 1EE 3EE 2EE 0EE 0S5EE 4H8EE 4CTCJCQEE 1EE 3EE 2EE 0EE 4EE 4D8C8EE 4H2C2EE 1EE 3EE 2EE 0EE 4EE 4DQEE 1DKEE 3DAEE 2KxEE 0KxEE 4KxEE 1D2EE 3KxEE 1KxEE 1KxEE 1S4D4C4EE 3EE 2EE 0EE 4EE 1EE 1D5EE 3H9EE 2HTEE 0HQEE 4HKEE 1KxEE 3HAEE 2KxEE 0KxEE 4KxEE 3KxEE 3SJHJDJEE 2EE 0EE 4EE 1EE 3EE 3SKCKEE 2EE 0EE 4EE 1EE 3EE 3C3EE 2H4EE 0D6EE 4SAEE 1KxEE 3KxEE 2KxEE 0S2EE 0KxEE 0S9EE 1DTEE 3KxEE 2KxEE 0CAEE 1KxEE 1C6EE 3STEE 2KxEE 1SQEE 3KxEE 1KxEE 1S8EE 3H5EE
%00108%result% 40132
%00108%points% 292 328 319 356 340
%00109%mibun% 12430
%00109%seat% 20413
%00109%palyer_cards% SJH4H9HTD3DAC7C8C9J3 SKSAH6H8D4D8DTC5CJCKCA STSQHQHKD7D9DJD2C4C6 S5S6S8S2H7HAH2D5D6C3CQ S3S4S7S9H3H5HJDQDKCTC2 
%00109%change_cards%  24HKD2EE 30S2EE 42S3H3EE 03D3EE
%00109%play%  3D3C3EE 2EE 0EE 4EE 1EE 3EE 3S5D5EE 2EE 0EE 4EE 1EE 3EE 3S6D6EE 2EE 0EE 4EE 1EE 3EE 3H7EE 2D9EE 0HTEE 4HJEE 1KxEE 3HAEE 2KxEE 0KxEE 4KxEE 3KxEE 0KxEE 0C7C8C9EE 0H4EE 4H5EE 1H6EE 3H2EE 2KxEE 0KxEE